[2021-08-11 10:44:16,321] {taskinstance.py:896} INFO - Dependencies all met for <TaskInstance: example_bash_operator.runme_0 2021-08-10T00:00:00+00:00 [queued]>
[2021-08-11 10:44:16,327] {taskinstance.py:896} INFO - Dependencies all met for <TaskInstance: example_bash_operator.runme_0 2021-08-10T00:00:00+00:00 [queued]>
[2021-08-11 10:44:16,328] {taskinstance.py:1087} INFO - 
--------------------------------------------------------------------------------
[2021-08-11 10:44:16,328] {taskinstance.py:1088} INFO - Starting attempt 1 of 1
[2021-08-11 10:44:16,328] {taskinstance.py:1089} INFO - 
--------------------------------------------------------------------------------
[2021-08-11 10:44:16,335] {taskinstance.py:1107} INFO - Executing <Task(BashOperator): runme_0> on 2021-08-10T00:00:00+00:00
[2021-08-11 10:44:16,337] {standard_task_runner.py:52} INFO - Started process 69408 to run task
[2021-08-11 10:44:16,344] {standard_task_runner.py:76} INFO - Running: ['airflow', 'tasks', 'run', 'example_bash_operator', 'runme_0', '2021-08-10T00:00:00+00:00', '--job-id', '7', '--pool', 'default_pool', '--raw', '--subdir', '/Users/Alex/.local/share/virtualenvs/airflow-1c5-bq0J/lib/python3.9/site-packages/airflow/example_dags/example_bash_operator.py', '--cfg-path', '/var/folders/t_/pcbjm7w572gbxhwznsq7tq8r0000gn/T/tmp16d92dxk', '--error-file', '/var/folders/t_/pcbjm7w572gbxhwznsq7tq8r0000gn/T/tmpy_uygg4x']
[2021-08-11 10:44:16,346] {standard_task_runner.py:77} INFO - Job 7: Subtask runme_0
[2021-08-11 10:44:16,381] {logging_mixin.py:104} INFO - Running <TaskInstance: example_bash_operator.runme_0 2021-08-10T00:00:00+00:00 [running]> on host 1.0.0.127.in-addr.arpa
[2021-08-11 10:44:16,408] {taskinstance.py:1300} INFO - Exporting the following env vars:
AIRFLOW_CTX_DAG_OWNER=airflow
AIRFLOW_CTX_DAG_ID=example_bash_operator
AIRFLOW_CTX_TASK_ID=runme_0
AIRFLOW_CTX_EXECUTION_DATE=2021-08-10T00:00:00+00:00
AIRFLOW_CTX_DAG_RUN_ID=scheduled__2021-08-10T00:00:00+00:00
[2021-08-11 10:44:16,409] {subprocess.py:52} INFO - Tmp dir root location: 
 /var/folders/t_/pcbjm7w572gbxhwznsq7tq8r0000gn/T
[2021-08-11 10:44:16,409] {subprocess.py:63} INFO - Running command: ['bash', '-c', 'echo "example_bash_operator__runme_0__20210810" && sleep 1']
[2021-08-11 10:44:16,414] {subprocess.py:74} INFO - Output:
[2021-08-11 10:44:16,417] {subprocess.py:78} INFO - example_bash_operator__runme_0__20210810
[2021-08-11 10:44:17,424] {subprocess.py:82} INFO - Command exited with return code 0
[2021-08-11 10:44:17,440] {taskinstance.py:1204} INFO - Marking task as SUCCESS. dag_id=example_bash_operator, task_id=runme_0, execution_date=20210810T000000, start_date=20210811T144416, end_date=20210811T144417
[2021-08-11 10:44:17,454] {taskinstance.py:1265} INFO - 0 downstream tasks scheduled from follow-on schedule check
[2021-08-11 10:44:17,467] {local_task_job.py:149} INFO - Task exited with return code 0
