[2021-08-11 10:43:39,030] {scheduler_job.py:181} INFO - Started process (PID=69349) to work on /Users/Alex/.local/share/virtualenvs/airflow-1c5-bq0J/lib/python3.9/site-packages/airflow/example_dags/subdags/subdag.py
[2021-08-11 10:43:39,030] {scheduler_job.py:632} INFO - Processing file /Users/Alex/.local/share/virtualenvs/airflow-1c5-bq0J/lib/python3.9/site-packages/airflow/example_dags/subdags/subdag.py for tasks to queue
[2021-08-11 10:43:39,030] {logging_mixin.py:104} INFO - [2021-08-11 10:43:39,030] {dagbag.py:496} INFO - Filling up the DagBag from /Users/Alex/.local/share/virtualenvs/airflow-1c5-bq0J/lib/python3.9/site-packages/airflow/example_dags/subdags/subdag.py
[2021-08-11 10:43:39,032] {scheduler_job.py:644} WARNING - No viable dags retrieved from /Users/Alex/.local/share/virtualenvs/airflow-1c5-bq0J/lib/python3.9/site-packages/airflow/example_dags/subdags/subdag.py
[2021-08-11 10:43:39,053] {scheduler_job.py:189} INFO - Processing /Users/Alex/.local/share/virtualenvs/airflow-1c5-bq0J/lib/python3.9/site-packages/airflow/example_dags/subdags/subdag.py took 0.024 seconds
[2021-08-11 10:45:00,584] {scheduler_job.py:181} INFO - Started process (PID=69468) to work on /Users/Alex/.local/share/virtualenvs/airflow-1c5-bq0J/lib/python3.9/site-packages/airflow/example_dags/subdags/subdag.py
[2021-08-11 10:45:00,584] {scheduler_job.py:632} INFO - Processing file /Users/Alex/.local/share/virtualenvs/airflow-1c5-bq0J/lib/python3.9/site-packages/airflow/example_dags/subdags/subdag.py for tasks to queue
[2021-08-11 10:45:00,584] {logging_mixin.py:104} INFO - [2021-08-11 10:45:00,584] {dagbag.py:496} INFO - Filling up the DagBag from /Users/Alex/.local/share/virtualenvs/airflow-1c5-bq0J/lib/python3.9/site-packages/airflow/example_dags/subdags/subdag.py
[2021-08-11 10:45:00,586] {scheduler_job.py:644} WARNING - No viable dags retrieved from /Users/Alex/.local/share/virtualenvs/airflow-1c5-bq0J/lib/python3.9/site-packages/airflow/example_dags/subdags/subdag.py
[2021-08-11 10:45:00,606] {scheduler_job.py:189} INFO - Processing /Users/Alex/.local/share/virtualenvs/airflow-1c5-bq0J/lib/python3.9/site-packages/airflow/example_dags/subdags/subdag.py took 0.022 seconds
[2021-08-11 10:45:51,737] {scheduler_job.py:181} INFO - Started process (PID=69557) to work on /Users/Alex/.local/share/virtualenvs/airflow-1c5-bq0J/lib/python3.9/site-packages/airflow/example_dags/subdags/subdag.py
[2021-08-11 10:45:51,738] {scheduler_job.py:632} INFO - Processing file /Users/Alex/.local/share/virtualenvs/airflow-1c5-bq0J/lib/python3.9/site-packages/airflow/example_dags/subdags/subdag.py for tasks to queue
[2021-08-11 10:45:51,738] {logging_mixin.py:104} INFO - [2021-08-11 10:45:51,738] {dagbag.py:496} INFO - Filling up the DagBag from /Users/Alex/.local/share/virtualenvs/airflow-1c5-bq0J/lib/python3.9/site-packages/airflow/example_dags/subdags/subdag.py
[2021-08-11 10:45:51,739] {scheduler_job.py:644} WARNING - No viable dags retrieved from /Users/Alex/.local/share/virtualenvs/airflow-1c5-bq0J/lib/python3.9/site-packages/airflow/example_dags/subdags/subdag.py
[2021-08-11 10:45:51,760] {scheduler_job.py:189} INFO - Processing /Users/Alex/.local/share/virtualenvs/airflow-1c5-bq0J/lib/python3.9/site-packages/airflow/example_dags/subdags/subdag.py took 0.023 seconds
[2021-08-11 10:46:42,435] {scheduler_job.py:181} INFO - Started process (PID=69607) to work on /Users/Alex/.local/share/virtualenvs/airflow-1c5-bq0J/lib/python3.9/site-packages/airflow/example_dags/subdags/subdag.py
[2021-08-11 10:46:42,435] {scheduler_job.py:632} INFO - Processing file /Users/Alex/.local/share/virtualenvs/airflow-1c5-bq0J/lib/python3.9/site-packages/airflow/example_dags/subdags/subdag.py for tasks to queue
[2021-08-11 10:46:42,436] {logging_mixin.py:104} INFO - [2021-08-11 10:46:42,436] {dagbag.py:496} INFO - Filling up the DagBag from /Users/Alex/.local/share/virtualenvs/airflow-1c5-bq0J/lib/python3.9/site-packages/airflow/example_dags/subdags/subdag.py
[2021-08-11 10:46:42,437] {scheduler_job.py:644} WARNING - No viable dags retrieved from /Users/Alex/.local/share/virtualenvs/airflow-1c5-bq0J/lib/python3.9/site-packages/airflow/example_dags/subdags/subdag.py
[2021-08-11 10:46:42,459] {scheduler_job.py:189} INFO - Processing /Users/Alex/.local/share/virtualenvs/airflow-1c5-bq0J/lib/python3.9/site-packages/airflow/example_dags/subdags/subdag.py took 0.025 seconds
[2021-08-11 10:47:39,328] {scheduler_job.py:181} INFO - Started process (PID=69679) to work on /Users/Alex/.local/share/virtualenvs/airflow-1c5-bq0J/lib/python3.9/site-packages/airflow/example_dags/subdags/subdag.py
[2021-08-11 10:47:39,328] {scheduler_job.py:632} INFO - Processing file /Users/Alex/.local/share/virtualenvs/airflow-1c5-bq0J/lib/python3.9/site-packages/airflow/example_dags/subdags/subdag.py for tasks to queue
[2021-08-11 10:47:39,329] {logging_mixin.py:104} INFO - [2021-08-11 10:47:39,329] {dagbag.py:496} INFO - Filling up the DagBag from /Users/Alex/.local/share/virtualenvs/airflow-1c5-bq0J/lib/python3.9/site-packages/airflow/example_dags/subdags/subdag.py
[2021-08-11 10:47:39,330] {scheduler_job.py:644} WARNING - No viable dags retrieved from /Users/Alex/.local/share/virtualenvs/airflow-1c5-bq0J/lib/python3.9/site-packages/airflow/example_dags/subdags/subdag.py
[2021-08-11 10:47:39,354] {scheduler_job.py:189} INFO - Processing /Users/Alex/.local/share/virtualenvs/airflow-1c5-bq0J/lib/python3.9/site-packages/airflow/example_dags/subdags/subdag.py took 0.026 seconds
[2021-08-11 10:48:34,767] {scheduler_job.py:181} INFO - Started process (PID=69771) to work on /Users/Alex/.local/share/virtualenvs/airflow-1c5-bq0J/lib/python3.9/site-packages/airflow/example_dags/subdags/subdag.py
[2021-08-11 10:48:34,767] {scheduler_job.py:632} INFO - Processing file /Users/Alex/.local/share/virtualenvs/airflow-1c5-bq0J/lib/python3.9/site-packages/airflow/example_dags/subdags/subdag.py for tasks to queue
[2021-08-11 10:48:34,768] {logging_mixin.py:104} INFO - [2021-08-11 10:48:34,768] {dagbag.py:496} INFO - Filling up the DagBag from /Users/Alex/.local/share/virtualenvs/airflow-1c5-bq0J/lib/python3.9/site-packages/airflow/example_dags/subdags/subdag.py
[2021-08-11 10:48:34,769] {scheduler_job.py:644} WARNING - No viable dags retrieved from /Users/Alex/.local/share/virtualenvs/airflow-1c5-bq0J/lib/python3.9/site-packages/airflow/example_dags/subdags/subdag.py
[2021-08-11 10:48:34,791] {scheduler_job.py:189} INFO - Processing /Users/Alex/.local/share/virtualenvs/airflow-1c5-bq0J/lib/python3.9/site-packages/airflow/example_dags/subdags/subdag.py took 0.025 seconds
[2021-08-11 10:49:34,308] {scheduler_job.py:181} INFO - Started process (PID=69847) to work on /Users/Alex/.local/share/virtualenvs/airflow-1c5-bq0J/lib/python3.9/site-packages/airflow/example_dags/subdags/subdag.py
[2021-08-11 10:49:34,308] {scheduler_job.py:632} INFO - Processing file /Users/Alex/.local/share/virtualenvs/airflow-1c5-bq0J/lib/python3.9/site-packages/airflow/example_dags/subdags/subdag.py for tasks to queue
[2021-08-11 10:49:34,309] {logging_mixin.py:104} INFO - [2021-08-11 10:49:34,309] {dagbag.py:496} INFO - Filling up the DagBag from /Users/Alex/.local/share/virtualenvs/airflow-1c5-bq0J/lib/python3.9/site-packages/airflow/example_dags/subdags/subdag.py
[2021-08-11 10:49:34,310] {scheduler_job.py:644} WARNING - No viable dags retrieved from /Users/Alex/.local/share/virtualenvs/airflow-1c5-bq0J/lib/python3.9/site-packages/airflow/example_dags/subdags/subdag.py
[2021-08-11 10:49:34,333] {scheduler_job.py:189} INFO - Processing /Users/Alex/.local/share/virtualenvs/airflow-1c5-bq0J/lib/python3.9/site-packages/airflow/example_dags/subdags/subdag.py took 0.026 seconds
[2021-08-11 10:50:33,994] {scheduler_job.py:181} INFO - Started process (PID=69944) to work on /Users/Alex/.local/share/virtualenvs/airflow-1c5-bq0J/lib/python3.9/site-packages/airflow/example_dags/subdags/subdag.py
[2021-08-11 10:50:33,996] {scheduler_job.py:632} INFO - Processing file /Users/Alex/.local/share/virtualenvs/airflow-1c5-bq0J/lib/python3.9/site-packages/airflow/example_dags/subdags/subdag.py for tasks to queue
[2021-08-11 10:50:33,997] {logging_mixin.py:104} INFO - [2021-08-11 10:50:33,997] {dagbag.py:496} INFO - Filling up the DagBag from /Users/Alex/.local/share/virtualenvs/airflow-1c5-bq0J/lib/python3.9/site-packages/airflow/example_dags/subdags/subdag.py
[2021-08-11 10:50:33,999] {scheduler_job.py:644} WARNING - No viable dags retrieved from /Users/Alex/.local/share/virtualenvs/airflow-1c5-bq0J/lib/python3.9/site-packages/airflow/example_dags/subdags/subdag.py
[2021-08-11 10:50:34,021] {scheduler_job.py:189} INFO - Processing /Users/Alex/.local/share/virtualenvs/airflow-1c5-bq0J/lib/python3.9/site-packages/airflow/example_dags/subdags/subdag.py took 0.028 seconds
[2021-08-11 10:51:30,161] {scheduler_job.py:181} INFO - Started process (PID=70057) to work on /Users/Alex/.local/share/virtualenvs/airflow-1c5-bq0J/lib/python3.9/site-packages/airflow/example_dags/subdags/subdag.py
[2021-08-11 10:51:30,162] {scheduler_job.py:632} INFO - Processing file /Users/Alex/.local/share/virtualenvs/airflow-1c5-bq0J/lib/python3.9/site-packages/airflow/example_dags/subdags/subdag.py for tasks to queue
[2021-08-11 10:51:30,163] {logging_mixin.py:104} INFO - [2021-08-11 10:51:30,163] {dagbag.py:496} INFO - Filling up the DagBag from /Users/Alex/.local/share/virtualenvs/airflow-1c5-bq0J/lib/python3.9/site-packages/airflow/example_dags/subdags/subdag.py
[2021-08-11 10:51:30,167] {scheduler_job.py:644} WARNING - No viable dags retrieved from /Users/Alex/.local/share/virtualenvs/airflow-1c5-bq0J/lib/python3.9/site-packages/airflow/example_dags/subdags/subdag.py
[2021-08-11 10:51:30,249] {scheduler_job.py:189} INFO - Processing /Users/Alex/.local/share/virtualenvs/airflow-1c5-bq0J/lib/python3.9/site-packages/airflow/example_dags/subdags/subdag.py took 0.089 seconds
[2021-08-11 10:52:25,711] {scheduler_job.py:181} INFO - Started process (PID=70164) to work on /Users/Alex/.local/share/virtualenvs/airflow-1c5-bq0J/lib/python3.9/site-packages/airflow/example_dags/subdags/subdag.py
[2021-08-11 10:52:25,712] {scheduler_job.py:632} INFO - Processing file /Users/Alex/.local/share/virtualenvs/airflow-1c5-bq0J/lib/python3.9/site-packages/airflow/example_dags/subdags/subdag.py for tasks to queue
[2021-08-11 10:52:25,712] {logging_mixin.py:104} INFO - [2021-08-11 10:52:25,712] {dagbag.py:496} INFO - Filling up the DagBag from /Users/Alex/.local/share/virtualenvs/airflow-1c5-bq0J/lib/python3.9/site-packages/airflow/example_dags/subdags/subdag.py
[2021-08-11 10:52:25,713] {scheduler_job.py:644} WARNING - No viable dags retrieved from /Users/Alex/.local/share/virtualenvs/airflow-1c5-bq0J/lib/python3.9/site-packages/airflow/example_dags/subdags/subdag.py
[2021-08-11 10:52:25,735] {scheduler_job.py:189} INFO - Processing /Users/Alex/.local/share/virtualenvs/airflow-1c5-bq0J/lib/python3.9/site-packages/airflow/example_dags/subdags/subdag.py took 0.024 seconds
[2021-08-11 10:53:24,913] {scheduler_job.py:181} INFO - Started process (PID=70283) to work on /Users/Alex/.local/share/virtualenvs/airflow-1c5-bq0J/lib/python3.9/site-packages/airflow/example_dags/subdags/subdag.py
[2021-08-11 10:53:24,915] {scheduler_job.py:632} INFO - Processing file /Users/Alex/.local/share/virtualenvs/airflow-1c5-bq0J/lib/python3.9/site-packages/airflow/example_dags/subdags/subdag.py for tasks to queue
[2021-08-11 10:53:24,916] {logging_mixin.py:104} INFO - [2021-08-11 10:53:24,916] {dagbag.py:496} INFO - Filling up the DagBag from /Users/Alex/.local/share/virtualenvs/airflow-1c5-bq0J/lib/python3.9/site-packages/airflow/example_dags/subdags/subdag.py
[2021-08-11 10:53:24,918] {scheduler_job.py:644} WARNING - No viable dags retrieved from /Users/Alex/.local/share/virtualenvs/airflow-1c5-bq0J/lib/python3.9/site-packages/airflow/example_dags/subdags/subdag.py
[2021-08-11 10:53:24,939] {scheduler_job.py:189} INFO - Processing /Users/Alex/.local/share/virtualenvs/airflow-1c5-bq0J/lib/python3.9/site-packages/airflow/example_dags/subdags/subdag.py took 0.027 seconds
[2021-08-11 10:54:15,792] {scheduler_job.py:181} INFO - Started process (PID=70347) to work on /Users/Alex/.local/share/virtualenvs/airflow-1c5-bq0J/lib/python3.9/site-packages/airflow/example_dags/subdags/subdag.py
[2021-08-11 10:54:15,795] {scheduler_job.py:632} INFO - Processing file /Users/Alex/.local/share/virtualenvs/airflow-1c5-bq0J/lib/python3.9/site-packages/airflow/example_dags/subdags/subdag.py for tasks to queue
[2021-08-11 10:54:15,795] {logging_mixin.py:104} INFO - [2021-08-11 10:54:15,795] {dagbag.py:496} INFO - Filling up the DagBag from /Users/Alex/.local/share/virtualenvs/airflow-1c5-bq0J/lib/python3.9/site-packages/airflow/example_dags/subdags/subdag.py
[2021-08-11 10:54:15,798] {scheduler_job.py:644} WARNING - No viable dags retrieved from /Users/Alex/.local/share/virtualenvs/airflow-1c5-bq0J/lib/python3.9/site-packages/airflow/example_dags/subdags/subdag.py
[2021-08-11 10:54:15,820] {scheduler_job.py:189} INFO - Processing /Users/Alex/.local/share/virtualenvs/airflow-1c5-bq0J/lib/python3.9/site-packages/airflow/example_dags/subdags/subdag.py took 0.028 seconds
[2021-08-11 10:55:16,595] {scheduler_job.py:181} INFO - Started process (PID=70461) to work on /Users/Alex/.local/share/virtualenvs/airflow-1c5-bq0J/lib/python3.9/site-packages/airflow/example_dags/subdags/subdag.py
[2021-08-11 10:55:16,595] {scheduler_job.py:632} INFO - Processing file /Users/Alex/.local/share/virtualenvs/airflow-1c5-bq0J/lib/python3.9/site-packages/airflow/example_dags/subdags/subdag.py for tasks to queue
[2021-08-11 10:55:16,595] {logging_mixin.py:104} INFO - [2021-08-11 10:55:16,595] {dagbag.py:496} INFO - Filling up the DagBag from /Users/Alex/.local/share/virtualenvs/airflow-1c5-bq0J/lib/python3.9/site-packages/airflow/example_dags/subdags/subdag.py
[2021-08-11 10:55:16,596] {scheduler_job.py:644} WARNING - No viable dags retrieved from /Users/Alex/.local/share/virtualenvs/airflow-1c5-bq0J/lib/python3.9/site-packages/airflow/example_dags/subdags/subdag.py
[2021-08-11 10:55:16,619] {scheduler_job.py:189} INFO - Processing /Users/Alex/.local/share/virtualenvs/airflow-1c5-bq0J/lib/python3.9/site-packages/airflow/example_dags/subdags/subdag.py took 0.025 seconds
[2021-08-11 10:56:16,829] {scheduler_job.py:181} INFO - Started process (PID=70567) to work on /Users/Alex/.local/share/virtualenvs/airflow-1c5-bq0J/lib/python3.9/site-packages/airflow/example_dags/subdags/subdag.py
[2021-08-11 10:56:16,829] {scheduler_job.py:632} INFO - Processing file /Users/Alex/.local/share/virtualenvs/airflow-1c5-bq0J/lib/python3.9/site-packages/airflow/example_dags/subdags/subdag.py for tasks to queue
[2021-08-11 10:56:16,829] {logging_mixin.py:104} INFO - [2021-08-11 10:56:16,829] {dagbag.py:496} INFO - Filling up the DagBag from /Users/Alex/.local/share/virtualenvs/airflow-1c5-bq0J/lib/python3.9/site-packages/airflow/example_dags/subdags/subdag.py
[2021-08-11 10:56:16,830] {scheduler_job.py:644} WARNING - No viable dags retrieved from /Users/Alex/.local/share/virtualenvs/airflow-1c5-bq0J/lib/python3.9/site-packages/airflow/example_dags/subdags/subdag.py
[2021-08-11 10:56:16,853] {scheduler_job.py:189} INFO - Processing /Users/Alex/.local/share/virtualenvs/airflow-1c5-bq0J/lib/python3.9/site-packages/airflow/example_dags/subdags/subdag.py took 0.025 seconds
[2021-08-11 10:57:11,466] {scheduler_job.py:181} INFO - Started process (PID=70680) to work on /Users/Alex/.local/share/virtualenvs/airflow-1c5-bq0J/lib/python3.9/site-packages/airflow/example_dags/subdags/subdag.py
[2021-08-11 10:57:11,469] {scheduler_job.py:632} INFO - Processing file /Users/Alex/.local/share/virtualenvs/airflow-1c5-bq0J/lib/python3.9/site-packages/airflow/example_dags/subdags/subdag.py for tasks to queue
[2021-08-11 10:57:11,470] {logging_mixin.py:104} INFO - [2021-08-11 10:57:11,470] {dagbag.py:496} INFO - Filling up the DagBag from /Users/Alex/.local/share/virtualenvs/airflow-1c5-bq0J/lib/python3.9/site-packages/airflow/example_dags/subdags/subdag.py
[2021-08-11 10:57:11,473] {scheduler_job.py:644} WARNING - No viable dags retrieved from /Users/Alex/.local/share/virtualenvs/airflow-1c5-bq0J/lib/python3.9/site-packages/airflow/example_dags/subdags/subdag.py
[2021-08-11 10:57:11,496] {scheduler_job.py:189} INFO - Processing /Users/Alex/.local/share/virtualenvs/airflow-1c5-bq0J/lib/python3.9/site-packages/airflow/example_dags/subdags/subdag.py took 0.030 seconds
[2021-08-11 10:58:08,211] {scheduler_job.py:181} INFO - Started process (PID=70789) to work on /Users/Alex/.local/share/virtualenvs/airflow-1c5-bq0J/lib/python3.9/site-packages/airflow/example_dags/subdags/subdag.py
[2021-08-11 10:58:08,212] {scheduler_job.py:632} INFO - Processing file /Users/Alex/.local/share/virtualenvs/airflow-1c5-bq0J/lib/python3.9/site-packages/airflow/example_dags/subdags/subdag.py for tasks to queue
[2021-08-11 10:58:08,212] {logging_mixin.py:104} INFO - [2021-08-11 10:58:08,212] {dagbag.py:496} INFO - Filling up the DagBag from /Users/Alex/.local/share/virtualenvs/airflow-1c5-bq0J/lib/python3.9/site-packages/airflow/example_dags/subdags/subdag.py
[2021-08-11 10:58:08,213] {scheduler_job.py:644} WARNING - No viable dags retrieved from /Users/Alex/.local/share/virtualenvs/airflow-1c5-bq0J/lib/python3.9/site-packages/airflow/example_dags/subdags/subdag.py
[2021-08-11 10:58:08,237] {scheduler_job.py:189} INFO - Processing /Users/Alex/.local/share/virtualenvs/airflow-1c5-bq0J/lib/python3.9/site-packages/airflow/example_dags/subdags/subdag.py took 0.026 seconds
[2021-08-11 10:58:39,719] {scheduler_job.py:181} INFO - Started process (PID=70846) to work on /Users/Alex/.local/share/virtualenvs/airflow-1c5-bq0J/lib/python3.9/site-packages/airflow/example_dags/subdags/subdag.py
[2021-08-11 10:58:39,719] {scheduler_job.py:632} INFO - Processing file /Users/Alex/.local/share/virtualenvs/airflow-1c5-bq0J/lib/python3.9/site-packages/airflow/example_dags/subdags/subdag.py for tasks to queue
[2021-08-11 10:58:39,719] {logging_mixin.py:104} INFO - [2021-08-11 10:58:39,719] {dagbag.py:496} INFO - Filling up the DagBag from /Users/Alex/.local/share/virtualenvs/airflow-1c5-bq0J/lib/python3.9/site-packages/airflow/example_dags/subdags/subdag.py
[2021-08-11 10:58:39,721] {scheduler_job.py:644} WARNING - No viable dags retrieved from /Users/Alex/.local/share/virtualenvs/airflow-1c5-bq0J/lib/python3.9/site-packages/airflow/example_dags/subdags/subdag.py
[2021-08-11 10:58:39,742] {scheduler_job.py:189} INFO - Processing /Users/Alex/.local/share/virtualenvs/airflow-1c5-bq0J/lib/python3.9/site-packages/airflow/example_dags/subdags/subdag.py took 0.024 seconds
[2021-08-11 10:59:38,753] {scheduler_job.py:181} INFO - Started process (PID=70951) to work on /Users/Alex/.local/share/virtualenvs/airflow-1c5-bq0J/lib/python3.9/site-packages/airflow/example_dags/subdags/subdag.py
[2021-08-11 10:59:38,753] {scheduler_job.py:632} INFO - Processing file /Users/Alex/.local/share/virtualenvs/airflow-1c5-bq0J/lib/python3.9/site-packages/airflow/example_dags/subdags/subdag.py for tasks to queue
[2021-08-11 10:59:38,754] {logging_mixin.py:104} INFO - [2021-08-11 10:59:38,754] {dagbag.py:496} INFO - Filling up the DagBag from /Users/Alex/.local/share/virtualenvs/airflow-1c5-bq0J/lib/python3.9/site-packages/airflow/example_dags/subdags/subdag.py
[2021-08-11 10:59:38,755] {scheduler_job.py:644} WARNING - No viable dags retrieved from /Users/Alex/.local/share/virtualenvs/airflow-1c5-bq0J/lib/python3.9/site-packages/airflow/example_dags/subdags/subdag.py
[2021-08-11 10:59:38,779] {scheduler_job.py:189} INFO - Processing /Users/Alex/.local/share/virtualenvs/airflow-1c5-bq0J/lib/python3.9/site-packages/airflow/example_dags/subdags/subdag.py took 0.027 seconds
[2021-08-11 11:00:36,690] {scheduler_job.py:181} INFO - Started process (PID=71079) to work on /Users/Alex/.local/share/virtualenvs/airflow-1c5-bq0J/lib/python3.9/site-packages/airflow/example_dags/subdags/subdag.py
[2021-08-11 11:00:36,690] {scheduler_job.py:632} INFO - Processing file /Users/Alex/.local/share/virtualenvs/airflow-1c5-bq0J/lib/python3.9/site-packages/airflow/example_dags/subdags/subdag.py for tasks to queue
[2021-08-11 11:00:36,691] {logging_mixin.py:104} INFO - [2021-08-11 11:00:36,691] {dagbag.py:496} INFO - Filling up the DagBag from /Users/Alex/.local/share/virtualenvs/airflow-1c5-bq0J/lib/python3.9/site-packages/airflow/example_dags/subdags/subdag.py
[2021-08-11 11:00:36,692] {scheduler_job.py:644} WARNING - No viable dags retrieved from /Users/Alex/.local/share/virtualenvs/airflow-1c5-bq0J/lib/python3.9/site-packages/airflow/example_dags/subdags/subdag.py
[2021-08-11 11:00:36,714] {scheduler_job.py:189} INFO - Processing /Users/Alex/.local/share/virtualenvs/airflow-1c5-bq0J/lib/python3.9/site-packages/airflow/example_dags/subdags/subdag.py took 0.025 seconds
[2021-08-11 11:01:36,670] {scheduler_job.py:181} INFO - Started process (PID=71184) to work on /Users/Alex/.local/share/virtualenvs/airflow-1c5-bq0J/lib/python3.9/site-packages/airflow/example_dags/subdags/subdag.py
[2021-08-11 11:01:36,670] {scheduler_job.py:632} INFO - Processing file /Users/Alex/.local/share/virtualenvs/airflow-1c5-bq0J/lib/python3.9/site-packages/airflow/example_dags/subdags/subdag.py for tasks to queue
[2021-08-11 11:01:36,671] {logging_mixin.py:104} INFO - [2021-08-11 11:01:36,670] {dagbag.py:496} INFO - Filling up the DagBag from /Users/Alex/.local/share/virtualenvs/airflow-1c5-bq0J/lib/python3.9/site-packages/airflow/example_dags/subdags/subdag.py
[2021-08-11 11:01:36,672] {scheduler_job.py:644} WARNING - No viable dags retrieved from /Users/Alex/.local/share/virtualenvs/airflow-1c5-bq0J/lib/python3.9/site-packages/airflow/example_dags/subdags/subdag.py
[2021-08-11 11:01:36,693] {scheduler_job.py:189} INFO - Processing /Users/Alex/.local/share/virtualenvs/airflow-1c5-bq0J/lib/python3.9/site-packages/airflow/example_dags/subdags/subdag.py took 0.023 seconds
