[2021-08-11 10:43:57,024] {scheduler_job.py:181} INFO - Started process (PID=69368) to work on /Users/Alex/.local/share/virtualenvs/airflow-1c5-bq0J/lib/python3.9/site-packages/airflow/example_dags/example_trigger_controller_dag.py
[2021-08-11 10:43:57,025] {scheduler_job.py:632} INFO - Processing file /Users/Alex/.local/share/virtualenvs/airflow-1c5-bq0J/lib/python3.9/site-packages/airflow/example_dags/example_trigger_controller_dag.py for tasks to queue
[2021-08-11 10:43:57,025] {logging_mixin.py:104} INFO - [2021-08-11 10:43:57,025] {dagbag.py:496} INFO - Filling up the DagBag from /Users/Alex/.local/share/virtualenvs/airflow-1c5-bq0J/lib/python3.9/site-packages/airflow/example_dags/example_trigger_controller_dag.py
[2021-08-11 10:43:57,035] {scheduler_job.py:642} INFO - DAG(s) dict_keys(['example_trigger_controller_dag']) retrieved from /Users/Alex/.local/share/virtualenvs/airflow-1c5-bq0J/lib/python3.9/site-packages/airflow/example_dags/example_trigger_controller_dag.py
[2021-08-11 10:43:57,068] {logging_mixin.py:104} INFO - [2021-08-11 10:43:57,067] {dag.py:1833} INFO - Sync 1 DAGs
[2021-08-11 10:43:57,074] {logging_mixin.py:104} INFO - [2021-08-11 10:43:57,074] {dag.py:2306} INFO - Setting next_dagrun for example_trigger_controller_dag to 2021-08-09 00:00:00+00:00
[2021-08-11 10:43:57,082] {scheduler_job.py:189} INFO - Processing /Users/Alex/.local/share/virtualenvs/airflow-1c5-bq0J/lib/python3.9/site-packages/airflow/example_dags/example_trigger_controller_dag.py took 0.058 seconds
[2021-08-11 10:45:16,500] {scheduler_job.py:181} INFO - Started process (PID=69479) to work on /Users/Alex/.local/share/virtualenvs/airflow-1c5-bq0J/lib/python3.9/site-packages/airflow/example_dags/example_trigger_controller_dag.py
[2021-08-11 10:45:16,500] {scheduler_job.py:632} INFO - Processing file /Users/Alex/.local/share/virtualenvs/airflow-1c5-bq0J/lib/python3.9/site-packages/airflow/example_dags/example_trigger_controller_dag.py for tasks to queue
[2021-08-11 10:45:16,501] {logging_mixin.py:104} INFO - [2021-08-11 10:45:16,501] {dagbag.py:496} INFO - Filling up the DagBag from /Users/Alex/.local/share/virtualenvs/airflow-1c5-bq0J/lib/python3.9/site-packages/airflow/example_dags/example_trigger_controller_dag.py
[2021-08-11 10:45:16,506] {scheduler_job.py:642} INFO - DAG(s) dict_keys(['example_trigger_controller_dag']) retrieved from /Users/Alex/.local/share/virtualenvs/airflow-1c5-bq0J/lib/python3.9/site-packages/airflow/example_dags/example_trigger_controller_dag.py
[2021-08-11 10:45:16,535] {logging_mixin.py:104} INFO - [2021-08-11 10:45:16,535] {dag.py:1833} INFO - Sync 1 DAGs
[2021-08-11 10:45:16,541] {logging_mixin.py:104} INFO - [2021-08-11 10:45:16,541] {dag.py:2306} INFO - Setting next_dagrun for example_trigger_controller_dag to 2021-08-09 00:00:00+00:00
[2021-08-11 10:45:16,548] {scheduler_job.py:189} INFO - Processing /Users/Alex/.local/share/virtualenvs/airflow-1c5-bq0J/lib/python3.9/site-packages/airflow/example_dags/example_trigger_controller_dag.py took 0.049 seconds
[2021-08-11 10:46:07,782] {scheduler_job.py:181} INFO - Started process (PID=69572) to work on /Users/Alex/.local/share/virtualenvs/airflow-1c5-bq0J/lib/python3.9/site-packages/airflow/example_dags/example_trigger_controller_dag.py
[2021-08-11 10:46:07,782] {scheduler_job.py:632} INFO - Processing file /Users/Alex/.local/share/virtualenvs/airflow-1c5-bq0J/lib/python3.9/site-packages/airflow/example_dags/example_trigger_controller_dag.py for tasks to queue
[2021-08-11 10:46:07,783] {logging_mixin.py:104} INFO - [2021-08-11 10:46:07,783] {dagbag.py:496} INFO - Filling up the DagBag from /Users/Alex/.local/share/virtualenvs/airflow-1c5-bq0J/lib/python3.9/site-packages/airflow/example_dags/example_trigger_controller_dag.py
[2021-08-11 10:46:07,789] {scheduler_job.py:642} INFO - DAG(s) dict_keys(['example_trigger_controller_dag']) retrieved from /Users/Alex/.local/share/virtualenvs/airflow-1c5-bq0J/lib/python3.9/site-packages/airflow/example_dags/example_trigger_controller_dag.py
[2021-08-11 10:46:07,820] {logging_mixin.py:104} INFO - [2021-08-11 10:46:07,819] {dag.py:1833} INFO - Sync 1 DAGs
[2021-08-11 10:46:07,827] {logging_mixin.py:104} INFO - [2021-08-11 10:46:07,827] {dag.py:2306} INFO - Setting next_dagrun for example_trigger_controller_dag to 2021-08-09 00:00:00+00:00
[2021-08-11 10:46:07,835] {scheduler_job.py:189} INFO - Processing /Users/Alex/.local/share/virtualenvs/airflow-1c5-bq0J/lib/python3.9/site-packages/airflow/example_dags/example_trigger_controller_dag.py took 0.054 seconds
[2021-08-11 10:46:59,989] {scheduler_job.py:181} INFO - Started process (PID=69618) to work on /Users/Alex/.local/share/virtualenvs/airflow-1c5-bq0J/lib/python3.9/site-packages/airflow/example_dags/example_trigger_controller_dag.py
[2021-08-11 10:46:59,989] {scheduler_job.py:632} INFO - Processing file /Users/Alex/.local/share/virtualenvs/airflow-1c5-bq0J/lib/python3.9/site-packages/airflow/example_dags/example_trigger_controller_dag.py for tasks to queue
[2021-08-11 10:46:59,989] {logging_mixin.py:104} INFO - [2021-08-11 10:46:59,989] {dagbag.py:496} INFO - Filling up the DagBag from /Users/Alex/.local/share/virtualenvs/airflow-1c5-bq0J/lib/python3.9/site-packages/airflow/example_dags/example_trigger_controller_dag.py
[2021-08-11 10:46:59,995] {scheduler_job.py:642} INFO - DAG(s) dict_keys(['example_trigger_controller_dag']) retrieved from /Users/Alex/.local/share/virtualenvs/airflow-1c5-bq0J/lib/python3.9/site-packages/airflow/example_dags/example_trigger_controller_dag.py
[2021-08-11 10:47:00,023] {logging_mixin.py:104} INFO - [2021-08-11 10:47:00,023] {dag.py:1833} INFO - Sync 1 DAGs
[2021-08-11 10:47:00,029] {logging_mixin.py:104} INFO - [2021-08-11 10:47:00,029] {dag.py:2306} INFO - Setting next_dagrun for example_trigger_controller_dag to 2021-08-09 00:00:00+00:00
[2021-08-11 10:47:00,038] {scheduler_job.py:189} INFO - Processing /Users/Alex/.local/share/virtualenvs/airflow-1c5-bq0J/lib/python3.9/site-packages/airflow/example_dags/example_trigger_controller_dag.py took 0.050 seconds
[2021-08-11 10:47:56,633] {scheduler_job.py:181} INFO - Started process (PID=69697) to work on /Users/Alex/.local/share/virtualenvs/airflow-1c5-bq0J/lib/python3.9/site-packages/airflow/example_dags/example_trigger_controller_dag.py
[2021-08-11 10:47:56,633] {scheduler_job.py:632} INFO - Processing file /Users/Alex/.local/share/virtualenvs/airflow-1c5-bq0J/lib/python3.9/site-packages/airflow/example_dags/example_trigger_controller_dag.py for tasks to queue
[2021-08-11 10:47:56,634] {logging_mixin.py:104} INFO - [2021-08-11 10:47:56,633] {dagbag.py:496} INFO - Filling up the DagBag from /Users/Alex/.local/share/virtualenvs/airflow-1c5-bq0J/lib/python3.9/site-packages/airflow/example_dags/example_trigger_controller_dag.py
[2021-08-11 10:47:56,638] {scheduler_job.py:642} INFO - DAG(s) dict_keys(['example_trigger_controller_dag']) retrieved from /Users/Alex/.local/share/virtualenvs/airflow-1c5-bq0J/lib/python3.9/site-packages/airflow/example_dags/example_trigger_controller_dag.py
[2021-08-11 10:47:56,666] {logging_mixin.py:104} INFO - [2021-08-11 10:47:56,666] {dag.py:1833} INFO - Sync 1 DAGs
[2021-08-11 10:47:56,671] {logging_mixin.py:104} INFO - [2021-08-11 10:47:56,671] {dag.py:2306} INFO - Setting next_dagrun for example_trigger_controller_dag to 2021-08-09 00:00:00+00:00
[2021-08-11 10:47:56,680] {scheduler_job.py:189} INFO - Processing /Users/Alex/.local/share/virtualenvs/airflow-1c5-bq0J/lib/python3.9/site-packages/airflow/example_dags/example_trigger_controller_dag.py took 0.047 seconds
[2021-08-11 10:48:51,701] {scheduler_job.py:181} INFO - Started process (PID=69801) to work on /Users/Alex/.local/share/virtualenvs/airflow-1c5-bq0J/lib/python3.9/site-packages/airflow/example_dags/example_trigger_controller_dag.py
[2021-08-11 10:48:51,702] {scheduler_job.py:632} INFO - Processing file /Users/Alex/.local/share/virtualenvs/airflow-1c5-bq0J/lib/python3.9/site-packages/airflow/example_dags/example_trigger_controller_dag.py for tasks to queue
[2021-08-11 10:48:51,702] {logging_mixin.py:104} INFO - [2021-08-11 10:48:51,702] {dagbag.py:496} INFO - Filling up the DagBag from /Users/Alex/.local/share/virtualenvs/airflow-1c5-bq0J/lib/python3.9/site-packages/airflow/example_dags/example_trigger_controller_dag.py
[2021-08-11 10:48:51,707] {scheduler_job.py:642} INFO - DAG(s) dict_keys(['example_trigger_controller_dag']) retrieved from /Users/Alex/.local/share/virtualenvs/airflow-1c5-bq0J/lib/python3.9/site-packages/airflow/example_dags/example_trigger_controller_dag.py
[2021-08-11 10:48:51,731] {logging_mixin.py:104} INFO - [2021-08-11 10:48:51,731] {dag.py:1833} INFO - Sync 1 DAGs
[2021-08-11 10:48:51,737] {logging_mixin.py:104} INFO - [2021-08-11 10:48:51,737] {dag.py:2306} INFO - Setting next_dagrun for example_trigger_controller_dag to 2021-08-09 00:00:00+00:00
[2021-08-11 10:48:51,752] {scheduler_job.py:189} INFO - Processing /Users/Alex/.local/share/virtualenvs/airflow-1c5-bq0J/lib/python3.9/site-packages/airflow/example_dags/example_trigger_controller_dag.py took 0.051 seconds
[2021-08-11 10:49:51,877] {scheduler_job.py:181} INFO - Started process (PID=69867) to work on /Users/Alex/.local/share/virtualenvs/airflow-1c5-bq0J/lib/python3.9/site-packages/airflow/example_dags/example_trigger_controller_dag.py
[2021-08-11 10:49:51,877] {scheduler_job.py:632} INFO - Processing file /Users/Alex/.local/share/virtualenvs/airflow-1c5-bq0J/lib/python3.9/site-packages/airflow/example_dags/example_trigger_controller_dag.py for tasks to queue
[2021-08-11 10:49:51,878] {logging_mixin.py:104} INFO - [2021-08-11 10:49:51,878] {dagbag.py:496} INFO - Filling up the DagBag from /Users/Alex/.local/share/virtualenvs/airflow-1c5-bq0J/lib/python3.9/site-packages/airflow/example_dags/example_trigger_controller_dag.py
[2021-08-11 10:49:51,883] {scheduler_job.py:642} INFO - DAG(s) dict_keys(['example_trigger_controller_dag']) retrieved from /Users/Alex/.local/share/virtualenvs/airflow-1c5-bq0J/lib/python3.9/site-packages/airflow/example_dags/example_trigger_controller_dag.py
[2021-08-11 10:49:51,908] {logging_mixin.py:104} INFO - [2021-08-11 10:49:51,908] {dag.py:1833} INFO - Sync 1 DAGs
[2021-08-11 10:49:51,914] {logging_mixin.py:104} INFO - [2021-08-11 10:49:51,913] {dag.py:2306} INFO - Setting next_dagrun for example_trigger_controller_dag to 2021-08-09 00:00:00+00:00
[2021-08-11 10:49:51,919] {scheduler_job.py:189} INFO - Processing /Users/Alex/.local/share/virtualenvs/airflow-1c5-bq0J/lib/python3.9/site-packages/airflow/example_dags/example_trigger_controller_dag.py took 0.043 seconds
[2021-08-11 10:50:51,495] {scheduler_job.py:181} INFO - Started process (PID=69988) to work on /Users/Alex/.local/share/virtualenvs/airflow-1c5-bq0J/lib/python3.9/site-packages/airflow/example_dags/example_trigger_controller_dag.py
[2021-08-11 10:50:51,495] {scheduler_job.py:632} INFO - Processing file /Users/Alex/.local/share/virtualenvs/airflow-1c5-bq0J/lib/python3.9/site-packages/airflow/example_dags/example_trigger_controller_dag.py for tasks to queue
[2021-08-11 10:50:51,495] {logging_mixin.py:104} INFO - [2021-08-11 10:50:51,495] {dagbag.py:496} INFO - Filling up the DagBag from /Users/Alex/.local/share/virtualenvs/airflow-1c5-bq0J/lib/python3.9/site-packages/airflow/example_dags/example_trigger_controller_dag.py
[2021-08-11 10:50:51,506] {scheduler_job.py:642} INFO - DAG(s) dict_keys(['example_trigger_controller_dag']) retrieved from /Users/Alex/.local/share/virtualenvs/airflow-1c5-bq0J/lib/python3.9/site-packages/airflow/example_dags/example_trigger_controller_dag.py
[2021-08-11 10:50:51,533] {logging_mixin.py:104} INFO - [2021-08-11 10:50:51,532] {dag.py:1833} INFO - Sync 1 DAGs
[2021-08-11 10:50:51,539] {logging_mixin.py:104} INFO - [2021-08-11 10:50:51,539] {dag.py:2306} INFO - Setting next_dagrun for example_trigger_controller_dag to 2021-08-09 00:00:00+00:00
[2021-08-11 10:50:51,549] {scheduler_job.py:189} INFO - Processing /Users/Alex/.local/share/virtualenvs/airflow-1c5-bq0J/lib/python3.9/site-packages/airflow/example_dags/example_trigger_controller_dag.py took 0.055 seconds
[2021-08-11 10:51:48,153] {scheduler_job.py:181} INFO - Started process (PID=70093) to work on /Users/Alex/.local/share/virtualenvs/airflow-1c5-bq0J/lib/python3.9/site-packages/airflow/example_dags/example_trigger_controller_dag.py
[2021-08-11 10:51:48,153] {scheduler_job.py:632} INFO - Processing file /Users/Alex/.local/share/virtualenvs/airflow-1c5-bq0J/lib/python3.9/site-packages/airflow/example_dags/example_trigger_controller_dag.py for tasks to queue
[2021-08-11 10:51:48,154] {logging_mixin.py:104} INFO - [2021-08-11 10:51:48,154] {dagbag.py:496} INFO - Filling up the DagBag from /Users/Alex/.local/share/virtualenvs/airflow-1c5-bq0J/lib/python3.9/site-packages/airflow/example_dags/example_trigger_controller_dag.py
[2021-08-11 10:51:48,159] {scheduler_job.py:642} INFO - DAG(s) dict_keys(['example_trigger_controller_dag']) retrieved from /Users/Alex/.local/share/virtualenvs/airflow-1c5-bq0J/lib/python3.9/site-packages/airflow/example_dags/example_trigger_controller_dag.py
[2021-08-11 10:51:48,186] {logging_mixin.py:104} INFO - [2021-08-11 10:51:48,186] {dag.py:1833} INFO - Sync 1 DAGs
[2021-08-11 10:51:48,193] {logging_mixin.py:104} INFO - [2021-08-11 10:51:48,193] {dag.py:2306} INFO - Setting next_dagrun for example_trigger_controller_dag to 2021-08-09 00:00:00+00:00
[2021-08-11 10:51:48,202] {scheduler_job.py:189} INFO - Processing /Users/Alex/.local/share/virtualenvs/airflow-1c5-bq0J/lib/python3.9/site-packages/airflow/example_dags/example_trigger_controller_dag.py took 0.050 seconds
[2021-08-11 10:52:44,494] {scheduler_job.py:181} INFO - Started process (PID=70200) to work on /Users/Alex/.local/share/virtualenvs/airflow-1c5-bq0J/lib/python3.9/site-packages/airflow/example_dags/example_trigger_controller_dag.py
[2021-08-11 10:52:44,495] {scheduler_job.py:632} INFO - Processing file /Users/Alex/.local/share/virtualenvs/airflow-1c5-bq0J/lib/python3.9/site-packages/airflow/example_dags/example_trigger_controller_dag.py for tasks to queue
[2021-08-11 10:52:44,495] {logging_mixin.py:104} INFO - [2021-08-11 10:52:44,495] {dagbag.py:496} INFO - Filling up the DagBag from /Users/Alex/.local/share/virtualenvs/airflow-1c5-bq0J/lib/python3.9/site-packages/airflow/example_dags/example_trigger_controller_dag.py
[2021-08-11 10:52:44,501] {scheduler_job.py:642} INFO - DAG(s) dict_keys(['example_trigger_controller_dag']) retrieved from /Users/Alex/.local/share/virtualenvs/airflow-1c5-bq0J/lib/python3.9/site-packages/airflow/example_dags/example_trigger_controller_dag.py
[2021-08-11 10:52:44,526] {logging_mixin.py:104} INFO - [2021-08-11 10:52:44,526] {dag.py:1833} INFO - Sync 1 DAGs
[2021-08-11 10:52:44,532] {logging_mixin.py:104} INFO - [2021-08-11 10:52:44,532] {dag.py:2306} INFO - Setting next_dagrun for example_trigger_controller_dag to 2021-08-09 00:00:00+00:00
[2021-08-11 10:52:44,540] {scheduler_job.py:189} INFO - Processing /Users/Alex/.local/share/virtualenvs/airflow-1c5-bq0J/lib/python3.9/site-packages/airflow/example_dags/example_trigger_controller_dag.py took 0.046 seconds
[2021-08-11 10:53:40,827] {scheduler_job.py:181} INFO - Started process (PID=70299) to work on /Users/Alex/.local/share/virtualenvs/airflow-1c5-bq0J/lib/python3.9/site-packages/airflow/example_dags/example_trigger_controller_dag.py
[2021-08-11 10:53:40,829] {scheduler_job.py:632} INFO - Processing file /Users/Alex/.local/share/virtualenvs/airflow-1c5-bq0J/lib/python3.9/site-packages/airflow/example_dags/example_trigger_controller_dag.py for tasks to queue
[2021-08-11 10:53:40,831] {logging_mixin.py:104} INFO - [2021-08-11 10:53:40,831] {dagbag.py:496} INFO - Filling up the DagBag from /Users/Alex/.local/share/virtualenvs/airflow-1c5-bq0J/lib/python3.9/site-packages/airflow/example_dags/example_trigger_controller_dag.py
[2021-08-11 10:53:40,837] {scheduler_job.py:642} INFO - DAG(s) dict_keys(['example_trigger_controller_dag']) retrieved from /Users/Alex/.local/share/virtualenvs/airflow-1c5-bq0J/lib/python3.9/site-packages/airflow/example_dags/example_trigger_controller_dag.py
[2021-08-11 10:53:40,864] {logging_mixin.py:104} INFO - [2021-08-11 10:53:40,864] {dag.py:1833} INFO - Sync 1 DAGs
[2021-08-11 10:53:40,870] {logging_mixin.py:104} INFO - [2021-08-11 10:53:40,870] {dag.py:2306} INFO - Setting next_dagrun for example_trigger_controller_dag to 2021-08-09 00:00:00+00:00
[2021-08-11 10:53:40,876] {scheduler_job.py:189} INFO - Processing /Users/Alex/.local/share/virtualenvs/airflow-1c5-bq0J/lib/python3.9/site-packages/airflow/example_dags/example_trigger_controller_dag.py took 0.050 seconds
[2021-08-11 10:54:33,102] {scheduler_job.py:181} INFO - Started process (PID=70377) to work on /Users/Alex/.local/share/virtualenvs/airflow-1c5-bq0J/lib/python3.9/site-packages/airflow/example_dags/example_trigger_controller_dag.py
[2021-08-11 10:54:33,103] {scheduler_job.py:632} INFO - Processing file /Users/Alex/.local/share/virtualenvs/airflow-1c5-bq0J/lib/python3.9/site-packages/airflow/example_dags/example_trigger_controller_dag.py for tasks to queue
[2021-08-11 10:54:33,103] {logging_mixin.py:104} INFO - [2021-08-11 10:54:33,103] {dagbag.py:496} INFO - Filling up the DagBag from /Users/Alex/.local/share/virtualenvs/airflow-1c5-bq0J/lib/python3.9/site-packages/airflow/example_dags/example_trigger_controller_dag.py
[2021-08-11 10:54:33,109] {scheduler_job.py:642} INFO - DAG(s) dict_keys(['example_trigger_controller_dag']) retrieved from /Users/Alex/.local/share/virtualenvs/airflow-1c5-bq0J/lib/python3.9/site-packages/airflow/example_dags/example_trigger_controller_dag.py
[2021-08-11 10:54:33,135] {logging_mixin.py:104} INFO - [2021-08-11 10:54:33,135] {dag.py:1833} INFO - Sync 1 DAGs
[2021-08-11 10:54:33,141] {logging_mixin.py:104} INFO - [2021-08-11 10:54:33,140] {dag.py:2306} INFO - Setting next_dagrun for example_trigger_controller_dag to 2021-08-09 00:00:00+00:00
[2021-08-11 10:54:33,146] {scheduler_job.py:189} INFO - Processing /Users/Alex/.local/share/virtualenvs/airflow-1c5-bq0J/lib/python3.9/site-packages/airflow/example_dags/example_trigger_controller_dag.py took 0.045 seconds
[2021-08-11 10:55:34,695] {scheduler_job.py:181} INFO - Started process (PID=70496) to work on /Users/Alex/.local/share/virtualenvs/airflow-1c5-bq0J/lib/python3.9/site-packages/airflow/example_dags/example_trigger_controller_dag.py
[2021-08-11 10:55:34,696] {scheduler_job.py:632} INFO - Processing file /Users/Alex/.local/share/virtualenvs/airflow-1c5-bq0J/lib/python3.9/site-packages/airflow/example_dags/example_trigger_controller_dag.py for tasks to queue
[2021-08-11 10:55:34,696] {logging_mixin.py:104} INFO - [2021-08-11 10:55:34,696] {dagbag.py:496} INFO - Filling up the DagBag from /Users/Alex/.local/share/virtualenvs/airflow-1c5-bq0J/lib/python3.9/site-packages/airflow/example_dags/example_trigger_controller_dag.py
[2021-08-11 10:55:34,702] {scheduler_job.py:642} INFO - DAG(s) dict_keys(['example_trigger_controller_dag']) retrieved from /Users/Alex/.local/share/virtualenvs/airflow-1c5-bq0J/lib/python3.9/site-packages/airflow/example_dags/example_trigger_controller_dag.py
[2021-08-11 10:55:34,731] {logging_mixin.py:104} INFO - [2021-08-11 10:55:34,731] {dag.py:1833} INFO - Sync 1 DAGs
[2021-08-11 10:55:34,738] {logging_mixin.py:104} INFO - [2021-08-11 10:55:34,738] {dag.py:2306} INFO - Setting next_dagrun for example_trigger_controller_dag to 2021-08-09 00:00:00+00:00
[2021-08-11 10:55:34,747] {scheduler_job.py:189} INFO - Processing /Users/Alex/.local/share/virtualenvs/airflow-1c5-bq0J/lib/python3.9/site-packages/airflow/example_dags/example_trigger_controller_dag.py took 0.052 seconds
[2021-08-11 10:56:33,609] {scheduler_job.py:181} INFO - Started process (PID=70597) to work on /Users/Alex/.local/share/virtualenvs/airflow-1c5-bq0J/lib/python3.9/site-packages/airflow/example_dags/example_trigger_controller_dag.py
[2021-08-11 10:56:33,609] {scheduler_job.py:632} INFO - Processing file /Users/Alex/.local/share/virtualenvs/airflow-1c5-bq0J/lib/python3.9/site-packages/airflow/example_dags/example_trigger_controller_dag.py for tasks to queue
[2021-08-11 10:56:33,609] {logging_mixin.py:104} INFO - [2021-08-11 10:56:33,609] {dagbag.py:496} INFO - Filling up the DagBag from /Users/Alex/.local/share/virtualenvs/airflow-1c5-bq0J/lib/python3.9/site-packages/airflow/example_dags/example_trigger_controller_dag.py
[2021-08-11 10:56:33,614] {scheduler_job.py:642} INFO - DAG(s) dict_keys(['example_trigger_controller_dag']) retrieved from /Users/Alex/.local/share/virtualenvs/airflow-1c5-bq0J/lib/python3.9/site-packages/airflow/example_dags/example_trigger_controller_dag.py
[2021-08-11 10:56:33,639] {logging_mixin.py:104} INFO - [2021-08-11 10:56:33,639] {dag.py:1833} INFO - Sync 1 DAGs
[2021-08-11 10:56:33,645] {logging_mixin.py:104} INFO - [2021-08-11 10:56:33,645] {dag.py:2306} INFO - Setting next_dagrun for example_trigger_controller_dag to 2021-08-09 00:00:00+00:00
[2021-08-11 10:56:33,651] {scheduler_job.py:189} INFO - Processing /Users/Alex/.local/share/virtualenvs/airflow-1c5-bq0J/lib/python3.9/site-packages/airflow/example_dags/example_trigger_controller_dag.py took 0.043 seconds
[2021-08-11 10:57:28,966] {scheduler_job.py:181} INFO - Started process (PID=70715) to work on /Users/Alex/.local/share/virtualenvs/airflow-1c5-bq0J/lib/python3.9/site-packages/airflow/example_dags/example_trigger_controller_dag.py
[2021-08-11 10:57:28,966] {scheduler_job.py:632} INFO - Processing file /Users/Alex/.local/share/virtualenvs/airflow-1c5-bq0J/lib/python3.9/site-packages/airflow/example_dags/example_trigger_controller_dag.py for tasks to queue
[2021-08-11 10:57:28,967] {logging_mixin.py:104} INFO - [2021-08-11 10:57:28,967] {dagbag.py:496} INFO - Filling up the DagBag from /Users/Alex/.local/share/virtualenvs/airflow-1c5-bq0J/lib/python3.9/site-packages/airflow/example_dags/example_trigger_controller_dag.py
[2021-08-11 10:57:28,972] {scheduler_job.py:642} INFO - DAG(s) dict_keys(['example_trigger_controller_dag']) retrieved from /Users/Alex/.local/share/virtualenvs/airflow-1c5-bq0J/lib/python3.9/site-packages/airflow/example_dags/example_trigger_controller_dag.py
[2021-08-11 10:57:29,000] {logging_mixin.py:104} INFO - [2021-08-11 10:57:28,999] {dag.py:1833} INFO - Sync 1 DAGs
[2021-08-11 10:57:29,006] {logging_mixin.py:104} INFO - [2021-08-11 10:57:29,006] {dag.py:2306} INFO - Setting next_dagrun for example_trigger_controller_dag to 2021-08-09 00:00:00+00:00
[2021-08-11 10:57:29,014] {scheduler_job.py:189} INFO - Processing /Users/Alex/.local/share/virtualenvs/airflow-1c5-bq0J/lib/python3.9/site-packages/airflow/example_dags/example_trigger_controller_dag.py took 0.049 seconds
[2021-08-11 10:58:25,381] {scheduler_job.py:181} INFO - Started process (PID=70818) to work on /Users/Alex/.local/share/virtualenvs/airflow-1c5-bq0J/lib/python3.9/site-packages/airflow/example_dags/example_trigger_controller_dag.py
[2021-08-11 10:58:25,381] {scheduler_job.py:632} INFO - Processing file /Users/Alex/.local/share/virtualenvs/airflow-1c5-bq0J/lib/python3.9/site-packages/airflow/example_dags/example_trigger_controller_dag.py for tasks to queue
[2021-08-11 10:58:25,381] {logging_mixin.py:104} INFO - [2021-08-11 10:58:25,381] {dagbag.py:496} INFO - Filling up the DagBag from /Users/Alex/.local/share/virtualenvs/airflow-1c5-bq0J/lib/python3.9/site-packages/airflow/example_dags/example_trigger_controller_dag.py
[2021-08-11 10:58:25,386] {scheduler_job.py:642} INFO - DAG(s) dict_keys(['example_trigger_controller_dag']) retrieved from /Users/Alex/.local/share/virtualenvs/airflow-1c5-bq0J/lib/python3.9/site-packages/airflow/example_dags/example_trigger_controller_dag.py
[2021-08-11 10:58:25,414] {logging_mixin.py:104} INFO - [2021-08-11 10:58:25,414] {dag.py:1833} INFO - Sync 1 DAGs
[2021-08-11 10:58:25,421] {logging_mixin.py:104} INFO - [2021-08-11 10:58:25,421] {dag.py:2306} INFO - Setting next_dagrun for example_trigger_controller_dag to 2021-08-09 00:00:00+00:00
[2021-08-11 10:58:25,427] {scheduler_job.py:189} INFO - Processing /Users/Alex/.local/share/virtualenvs/airflow-1c5-bq0J/lib/python3.9/site-packages/airflow/example_dags/example_trigger_controller_dag.py took 0.047 seconds
[2021-08-11 10:59:25,412] {scheduler_job.py:181} INFO - Started process (PID=70930) to work on /Users/Alex/.local/share/virtualenvs/airflow-1c5-bq0J/lib/python3.9/site-packages/airflow/example_dags/example_trigger_controller_dag.py
[2021-08-11 10:59:25,413] {scheduler_job.py:632} INFO - Processing file /Users/Alex/.local/share/virtualenvs/airflow-1c5-bq0J/lib/python3.9/site-packages/airflow/example_dags/example_trigger_controller_dag.py for tasks to queue
[2021-08-11 10:59:25,413] {logging_mixin.py:104} INFO - [2021-08-11 10:59:25,413] {dagbag.py:496} INFO - Filling up the DagBag from /Users/Alex/.local/share/virtualenvs/airflow-1c5-bq0J/lib/python3.9/site-packages/airflow/example_dags/example_trigger_controller_dag.py
[2021-08-11 10:59:25,420] {scheduler_job.py:642} INFO - DAG(s) dict_keys(['example_trigger_controller_dag']) retrieved from /Users/Alex/.local/share/virtualenvs/airflow-1c5-bq0J/lib/python3.9/site-packages/airflow/example_dags/example_trigger_controller_dag.py
[2021-08-11 10:59:25,449] {logging_mixin.py:104} INFO - [2021-08-11 10:59:25,449] {dag.py:1833} INFO - Sync 1 DAGs
[2021-08-11 10:59:25,455] {logging_mixin.py:104} INFO - [2021-08-11 10:59:25,455] {dag.py:2306} INFO - Setting next_dagrun for example_trigger_controller_dag to 2021-08-09 00:00:00+00:00
[2021-08-11 10:59:25,464] {scheduler_job.py:189} INFO - Processing /Users/Alex/.local/share/virtualenvs/airflow-1c5-bq0J/lib/python3.9/site-packages/airflow/example_dags/example_trigger_controller_dag.py took 0.053 seconds
[2021-08-11 11:00:22,658] {scheduler_job.py:181} INFO - Started process (PID=71048) to work on /Users/Alex/.local/share/virtualenvs/airflow-1c5-bq0J/lib/python3.9/site-packages/airflow/example_dags/example_trigger_controller_dag.py
[2021-08-11 11:00:22,658] {scheduler_job.py:632} INFO - Processing file /Users/Alex/.local/share/virtualenvs/airflow-1c5-bq0J/lib/python3.9/site-packages/airflow/example_dags/example_trigger_controller_dag.py for tasks to queue
[2021-08-11 11:00:22,658] {logging_mixin.py:104} INFO - [2021-08-11 11:00:22,658] {dagbag.py:496} INFO - Filling up the DagBag from /Users/Alex/.local/share/virtualenvs/airflow-1c5-bq0J/lib/python3.9/site-packages/airflow/example_dags/example_trigger_controller_dag.py
[2021-08-11 11:00:22,663] {scheduler_job.py:642} INFO - DAG(s) dict_keys(['example_trigger_controller_dag']) retrieved from /Users/Alex/.local/share/virtualenvs/airflow-1c5-bq0J/lib/python3.9/site-packages/airflow/example_dags/example_trigger_controller_dag.py
[2021-08-11 11:00:22,690] {logging_mixin.py:104} INFO - [2021-08-11 11:00:22,690] {dag.py:1833} INFO - Sync 1 DAGs
[2021-08-11 11:00:22,696] {logging_mixin.py:104} INFO - [2021-08-11 11:00:22,696] {dag.py:2306} INFO - Setting next_dagrun for example_trigger_controller_dag to 2021-08-09 00:00:00+00:00
[2021-08-11 11:00:22,705] {scheduler_job.py:189} INFO - Processing /Users/Alex/.local/share/virtualenvs/airflow-1c5-bq0J/lib/python3.9/site-packages/airflow/example_dags/example_trigger_controller_dag.py took 0.048 seconds
[2021-08-11 11:01:23,471] {scheduler_job.py:181} INFO - Started process (PID=71163) to work on /Users/Alex/.local/share/virtualenvs/airflow-1c5-bq0J/lib/python3.9/site-packages/airflow/example_dags/example_trigger_controller_dag.py
[2021-08-11 11:01:23,471] {scheduler_job.py:632} INFO - Processing file /Users/Alex/.local/share/virtualenvs/airflow-1c5-bq0J/lib/python3.9/site-packages/airflow/example_dags/example_trigger_controller_dag.py for tasks to queue
[2021-08-11 11:01:23,472] {logging_mixin.py:104} INFO - [2021-08-11 11:01:23,472] {dagbag.py:496} INFO - Filling up the DagBag from /Users/Alex/.local/share/virtualenvs/airflow-1c5-bq0J/lib/python3.9/site-packages/airflow/example_dags/example_trigger_controller_dag.py
[2021-08-11 11:01:23,478] {scheduler_job.py:642} INFO - DAG(s) dict_keys(['example_trigger_controller_dag']) retrieved from /Users/Alex/.local/share/virtualenvs/airflow-1c5-bq0J/lib/python3.9/site-packages/airflow/example_dags/example_trigger_controller_dag.py
[2021-08-11 11:01:23,504] {logging_mixin.py:104} INFO - [2021-08-11 11:01:23,504] {dag.py:1833} INFO - Sync 1 DAGs
[2021-08-11 11:01:23,510] {logging_mixin.py:104} INFO - [2021-08-11 11:01:23,510] {dag.py:2306} INFO - Setting next_dagrun for example_trigger_controller_dag to 2021-08-09 00:00:00+00:00
[2021-08-11 11:01:23,518] {scheduler_job.py:189} INFO - Processing /Users/Alex/.local/share/virtualenvs/airflow-1c5-bq0J/lib/python3.9/site-packages/airflow/example_dags/example_trigger_controller_dag.py took 0.047 seconds
