[2021-08-11 10:44:52,203] {scheduler_job.py:181} INFO - Started process (PID=69462) to work on /Users/Alex/.local/share/virtualenvs/airflow-1c5-bq0J/lib/python3.9/site-packages/airflow/example_dags/example_branch_operator.py
[2021-08-11 10:44:52,204] {scheduler_job.py:632} INFO - Processing file /Users/Alex/.local/share/virtualenvs/airflow-1c5-bq0J/lib/python3.9/site-packages/airflow/example_dags/example_branch_operator.py for tasks to queue
[2021-08-11 10:44:52,204] {logging_mixin.py:104} INFO - [2021-08-11 10:44:52,204] {dagbag.py:496} INFO - Filling up the DagBag from /Users/Alex/.local/share/virtualenvs/airflow-1c5-bq0J/lib/python3.9/site-packages/airflow/example_dags/example_branch_operator.py
[2021-08-11 10:44:52,212] {scheduler_job.py:642} INFO - DAG(s) dict_keys(['example_branch_operator']) retrieved from /Users/Alex/.local/share/virtualenvs/airflow-1c5-bq0J/lib/python3.9/site-packages/airflow/example_dags/example_branch_operator.py
[2021-08-11 10:44:52,247] {logging_mixin.py:104} INFO - [2021-08-11 10:44:52,247] {dag.py:1833} INFO - Sync 1 DAGs
[2021-08-11 10:44:52,258] {logging_mixin.py:104} INFO - [2021-08-11 10:44:52,258] {dag.py:2306} INFO - Setting next_dagrun for example_branch_operator to 2021-08-09 00:00:00+00:00
[2021-08-11 10:44:52,267] {scheduler_job.py:189} INFO - Processing /Users/Alex/.local/share/virtualenvs/airflow-1c5-bq0J/lib/python3.9/site-packages/airflow/example_dags/example_branch_operator.py took 0.064 seconds
[2021-08-11 10:45:46,506] {scheduler_job.py:181} INFO - Started process (PID=69547) to work on /Users/Alex/.local/share/virtualenvs/airflow-1c5-bq0J/lib/python3.9/site-packages/airflow/example_dags/example_branch_operator.py
[2021-08-11 10:45:46,507] {scheduler_job.py:632} INFO - Processing file /Users/Alex/.local/share/virtualenvs/airflow-1c5-bq0J/lib/python3.9/site-packages/airflow/example_dags/example_branch_operator.py for tasks to queue
[2021-08-11 10:45:46,507] {logging_mixin.py:104} INFO - [2021-08-11 10:45:46,507] {dagbag.py:496} INFO - Filling up the DagBag from /Users/Alex/.local/share/virtualenvs/airflow-1c5-bq0J/lib/python3.9/site-packages/airflow/example_dags/example_branch_operator.py
[2021-08-11 10:45:46,514] {scheduler_job.py:642} INFO - DAG(s) dict_keys(['example_branch_operator']) retrieved from /Users/Alex/.local/share/virtualenvs/airflow-1c5-bq0J/lib/python3.9/site-packages/airflow/example_dags/example_branch_operator.py
[2021-08-11 10:45:46,539] {logging_mixin.py:104} INFO - [2021-08-11 10:45:46,539] {dag.py:1833} INFO - Sync 1 DAGs
[2021-08-11 10:45:46,547] {logging_mixin.py:104} INFO - [2021-08-11 10:45:46,547] {dag.py:2306} INFO - Setting next_dagrun for example_branch_operator to 2021-08-09 00:00:00+00:00
[2021-08-11 10:45:46,555] {scheduler_job.py:189} INFO - Processing /Users/Alex/.local/share/virtualenvs/airflow-1c5-bq0J/lib/python3.9/site-packages/airflow/example_dags/example_branch_operator.py took 0.049 seconds
[2021-08-11 10:47:05,786] {scheduler_job.py:181} INFO - Started process (PID=69622) to work on /Users/Alex/.local/share/virtualenvs/airflow-1c5-bq0J/lib/python3.9/site-packages/airflow/example_dags/example_branch_operator.py
[2021-08-11 10:47:05,787] {scheduler_job.py:632} INFO - Processing file /Users/Alex/.local/share/virtualenvs/airflow-1c5-bq0J/lib/python3.9/site-packages/airflow/example_dags/example_branch_operator.py for tasks to queue
[2021-08-11 10:47:05,787] {logging_mixin.py:104} INFO - [2021-08-11 10:47:05,787] {dagbag.py:496} INFO - Filling up the DagBag from /Users/Alex/.local/share/virtualenvs/airflow-1c5-bq0J/lib/python3.9/site-packages/airflow/example_dags/example_branch_operator.py
[2021-08-11 10:47:05,815] {scheduler_job.py:642} INFO - DAG(s) dict_keys(['example_branch_operator']) retrieved from /Users/Alex/.local/share/virtualenvs/airflow-1c5-bq0J/lib/python3.9/site-packages/airflow/example_dags/example_branch_operator.py
[2021-08-11 10:47:05,843] {logging_mixin.py:104} INFO - [2021-08-11 10:47:05,843] {dag.py:1833} INFO - Sync 1 DAGs
[2021-08-11 10:47:05,854] {logging_mixin.py:104} INFO - [2021-08-11 10:47:05,854] {dag.py:2306} INFO - Setting next_dagrun for example_branch_operator to 2021-08-09 00:00:00+00:00
[2021-08-11 10:47:05,862] {scheduler_job.py:189} INFO - Processing /Users/Alex/.local/share/virtualenvs/airflow-1c5-bq0J/lib/python3.9/site-packages/airflow/example_dags/example_branch_operator.py took 0.076 seconds
[2021-08-11 10:48:03,201] {scheduler_job.py:181} INFO - Started process (PID=69713) to work on /Users/Alex/.local/share/virtualenvs/airflow-1c5-bq0J/lib/python3.9/site-packages/airflow/example_dags/example_branch_operator.py
[2021-08-11 10:48:03,202] {scheduler_job.py:632} INFO - Processing file /Users/Alex/.local/share/virtualenvs/airflow-1c5-bq0J/lib/python3.9/site-packages/airflow/example_dags/example_branch_operator.py for tasks to queue
[2021-08-11 10:48:03,202] {logging_mixin.py:104} INFO - [2021-08-11 10:48:03,202] {dagbag.py:496} INFO - Filling up the DagBag from /Users/Alex/.local/share/virtualenvs/airflow-1c5-bq0J/lib/python3.9/site-packages/airflow/example_dags/example_branch_operator.py
[2021-08-11 10:48:03,209] {scheduler_job.py:642} INFO - DAG(s) dict_keys(['example_branch_operator']) retrieved from /Users/Alex/.local/share/virtualenvs/airflow-1c5-bq0J/lib/python3.9/site-packages/airflow/example_dags/example_branch_operator.py
[2021-08-11 10:48:03,237] {logging_mixin.py:104} INFO - [2021-08-11 10:48:03,237] {dag.py:1833} INFO - Sync 1 DAGs
[2021-08-11 10:48:03,245] {logging_mixin.py:104} INFO - [2021-08-11 10:48:03,245] {dag.py:2306} INFO - Setting next_dagrun for example_branch_operator to 2021-08-09 00:00:00+00:00
[2021-08-11 10:48:03,256] {scheduler_job.py:189} INFO - Processing /Users/Alex/.local/share/virtualenvs/airflow-1c5-bq0J/lib/python3.9/site-packages/airflow/example_dags/example_branch_operator.py took 0.056 seconds
[2021-08-11 10:48:57,763] {scheduler_job.py:181} INFO - Started process (PID=69818) to work on /Users/Alex/.local/share/virtualenvs/airflow-1c5-bq0J/lib/python3.9/site-packages/airflow/example_dags/example_branch_operator.py
[2021-08-11 10:48:57,763] {scheduler_job.py:632} INFO - Processing file /Users/Alex/.local/share/virtualenvs/airflow-1c5-bq0J/lib/python3.9/site-packages/airflow/example_dags/example_branch_operator.py for tasks to queue
[2021-08-11 10:48:57,764] {logging_mixin.py:104} INFO - [2021-08-11 10:48:57,764] {dagbag.py:496} INFO - Filling up the DagBag from /Users/Alex/.local/share/virtualenvs/airflow-1c5-bq0J/lib/python3.9/site-packages/airflow/example_dags/example_branch_operator.py
[2021-08-11 10:48:57,772] {scheduler_job.py:642} INFO - DAG(s) dict_keys(['example_branch_operator']) retrieved from /Users/Alex/.local/share/virtualenvs/airflow-1c5-bq0J/lib/python3.9/site-packages/airflow/example_dags/example_branch_operator.py
[2021-08-11 10:48:57,808] {logging_mixin.py:104} INFO - [2021-08-11 10:48:57,808] {dag.py:1833} INFO - Sync 1 DAGs
[2021-08-11 10:48:58,137] {logging_mixin.py:104} INFO - [2021-08-11 10:48:58,137] {dag.py:2306} INFO - Setting next_dagrun for example_branch_operator to 2021-08-09 00:00:00+00:00
[2021-08-11 10:48:58,176] {scheduler_job.py:189} INFO - Processing /Users/Alex/.local/share/virtualenvs/airflow-1c5-bq0J/lib/python3.9/site-packages/airflow/example_dags/example_branch_operator.py took 0.414 seconds
[2021-08-11 10:49:57,599] {scheduler_job.py:181} INFO - Started process (PID=69879) to work on /Users/Alex/.local/share/virtualenvs/airflow-1c5-bq0J/lib/python3.9/site-packages/airflow/example_dags/example_branch_operator.py
[2021-08-11 10:49:57,599] {scheduler_job.py:632} INFO - Processing file /Users/Alex/.local/share/virtualenvs/airflow-1c5-bq0J/lib/python3.9/site-packages/airflow/example_dags/example_branch_operator.py for tasks to queue
[2021-08-11 10:49:57,599] {logging_mixin.py:104} INFO - [2021-08-11 10:49:57,599] {dagbag.py:496} INFO - Filling up the DagBag from /Users/Alex/.local/share/virtualenvs/airflow-1c5-bq0J/lib/python3.9/site-packages/airflow/example_dags/example_branch_operator.py
[2021-08-11 10:49:57,606] {scheduler_job.py:642} INFO - DAG(s) dict_keys(['example_branch_operator']) retrieved from /Users/Alex/.local/share/virtualenvs/airflow-1c5-bq0J/lib/python3.9/site-packages/airflow/example_dags/example_branch_operator.py
[2021-08-11 10:49:57,633] {logging_mixin.py:104} INFO - [2021-08-11 10:49:57,632] {dag.py:1833} INFO - Sync 1 DAGs
[2021-08-11 10:49:57,641] {logging_mixin.py:104} INFO - [2021-08-11 10:49:57,641] {dag.py:2306} INFO - Setting next_dagrun for example_branch_operator to 2021-08-09 00:00:00+00:00
[2021-08-11 10:49:57,649] {scheduler_job.py:189} INFO - Processing /Users/Alex/.local/share/virtualenvs/airflow-1c5-bq0J/lib/python3.9/site-packages/airflow/example_dags/example_branch_operator.py took 0.051 seconds
[2021-08-11 10:50:57,362] {scheduler_job.py:181} INFO - Started process (PID=69998) to work on /Users/Alex/.local/share/virtualenvs/airflow-1c5-bq0J/lib/python3.9/site-packages/airflow/example_dags/example_branch_operator.py
[2021-08-11 10:50:57,362] {scheduler_job.py:632} INFO - Processing file /Users/Alex/.local/share/virtualenvs/airflow-1c5-bq0J/lib/python3.9/site-packages/airflow/example_dags/example_branch_operator.py for tasks to queue
[2021-08-11 10:50:57,363] {logging_mixin.py:104} INFO - [2021-08-11 10:50:57,363] {dagbag.py:496} INFO - Filling up the DagBag from /Users/Alex/.local/share/virtualenvs/airflow-1c5-bq0J/lib/python3.9/site-packages/airflow/example_dags/example_branch_operator.py
[2021-08-11 10:50:57,370] {scheduler_job.py:642} INFO - DAG(s) dict_keys(['example_branch_operator']) retrieved from /Users/Alex/.local/share/virtualenvs/airflow-1c5-bq0J/lib/python3.9/site-packages/airflow/example_dags/example_branch_operator.py
[2021-08-11 10:50:57,395] {logging_mixin.py:104} INFO - [2021-08-11 10:50:57,394] {dag.py:1833} INFO - Sync 1 DAGs
[2021-08-11 10:50:57,402] {logging_mixin.py:104} INFO - [2021-08-11 10:50:57,402] {dag.py:2306} INFO - Setting next_dagrun for example_branch_operator to 2021-08-09 00:00:00+00:00
[2021-08-11 10:50:57,412] {scheduler_job.py:189} INFO - Processing /Users/Alex/.local/share/virtualenvs/airflow-1c5-bq0J/lib/python3.9/site-packages/airflow/example_dags/example_branch_operator.py took 0.050 seconds
[2021-08-11 10:51:53,994] {scheduler_job.py:181} INFO - Started process (PID=70102) to work on /Users/Alex/.local/share/virtualenvs/airflow-1c5-bq0J/lib/python3.9/site-packages/airflow/example_dags/example_branch_operator.py
[2021-08-11 10:51:53,995] {scheduler_job.py:632} INFO - Processing file /Users/Alex/.local/share/virtualenvs/airflow-1c5-bq0J/lib/python3.9/site-packages/airflow/example_dags/example_branch_operator.py for tasks to queue
[2021-08-11 10:51:53,995] {logging_mixin.py:104} INFO - [2021-08-11 10:51:53,995] {dagbag.py:496} INFO - Filling up the DagBag from /Users/Alex/.local/share/virtualenvs/airflow-1c5-bq0J/lib/python3.9/site-packages/airflow/example_dags/example_branch_operator.py
[2021-08-11 10:51:54,002] {scheduler_job.py:642} INFO - DAG(s) dict_keys(['example_branch_operator']) retrieved from /Users/Alex/.local/share/virtualenvs/airflow-1c5-bq0J/lib/python3.9/site-packages/airflow/example_dags/example_branch_operator.py
[2021-08-11 10:51:54,027] {logging_mixin.py:104} INFO - [2021-08-11 10:51:54,027] {dag.py:1833} INFO - Sync 1 DAGs
[2021-08-11 10:51:54,034] {logging_mixin.py:104} INFO - [2021-08-11 10:51:54,034] {dag.py:2306} INFO - Setting next_dagrun for example_branch_operator to 2021-08-09 00:00:00+00:00
[2021-08-11 10:51:54,043] {scheduler_job.py:189} INFO - Processing /Users/Alex/.local/share/virtualenvs/airflow-1c5-bq0J/lib/python3.9/site-packages/airflow/example_dags/example_branch_operator.py took 0.049 seconds
[2021-08-11 10:52:50,711] {scheduler_job.py:181} INFO - Started process (PID=70210) to work on /Users/Alex/.local/share/virtualenvs/airflow-1c5-bq0J/lib/python3.9/site-packages/airflow/example_dags/example_branch_operator.py
[2021-08-11 10:52:50,712] {scheduler_job.py:632} INFO - Processing file /Users/Alex/.local/share/virtualenvs/airflow-1c5-bq0J/lib/python3.9/site-packages/airflow/example_dags/example_branch_operator.py for tasks to queue
[2021-08-11 10:52:50,712] {logging_mixin.py:104} INFO - [2021-08-11 10:52:50,712] {dagbag.py:496} INFO - Filling up the DagBag from /Users/Alex/.local/share/virtualenvs/airflow-1c5-bq0J/lib/python3.9/site-packages/airflow/example_dags/example_branch_operator.py
[2021-08-11 10:52:50,720] {scheduler_job.py:642} INFO - DAG(s) dict_keys(['example_branch_operator']) retrieved from /Users/Alex/.local/share/virtualenvs/airflow-1c5-bq0J/lib/python3.9/site-packages/airflow/example_dags/example_branch_operator.py
[2021-08-11 10:52:50,750] {logging_mixin.py:104} INFO - [2021-08-11 10:52:50,750] {dag.py:1833} INFO - Sync 1 DAGs
[2021-08-11 10:52:50,759] {logging_mixin.py:104} INFO - [2021-08-11 10:52:50,759] {dag.py:2306} INFO - Setting next_dagrun for example_branch_operator to 2021-08-09 00:00:00+00:00
[2021-08-11 10:52:50,768] {scheduler_job.py:189} INFO - Processing /Users/Alex/.local/share/virtualenvs/airflow-1c5-bq0J/lib/python3.9/site-packages/airflow/example_dags/example_branch_operator.py took 0.057 seconds
[2021-08-11 10:53:46,581] {scheduler_job.py:181} INFO - Started process (PID=70303) to work on /Users/Alex/.local/share/virtualenvs/airflow-1c5-bq0J/lib/python3.9/site-packages/airflow/example_dags/example_branch_operator.py
[2021-08-11 10:53:46,583] {scheduler_job.py:632} INFO - Processing file /Users/Alex/.local/share/virtualenvs/airflow-1c5-bq0J/lib/python3.9/site-packages/airflow/example_dags/example_branch_operator.py for tasks to queue
[2021-08-11 10:53:46,584] {logging_mixin.py:104} INFO - [2021-08-11 10:53:46,584] {dagbag.py:496} INFO - Filling up the DagBag from /Users/Alex/.local/share/virtualenvs/airflow-1c5-bq0J/lib/python3.9/site-packages/airflow/example_dags/example_branch_operator.py
[2021-08-11 10:53:46,591] {scheduler_job.py:642} INFO - DAG(s) dict_keys(['example_branch_operator']) retrieved from /Users/Alex/.local/share/virtualenvs/airflow-1c5-bq0J/lib/python3.9/site-packages/airflow/example_dags/example_branch_operator.py
[2021-08-11 10:53:46,620] {logging_mixin.py:104} INFO - [2021-08-11 10:53:46,620] {dag.py:1833} INFO - Sync 1 DAGs
[2021-08-11 10:53:46,628] {logging_mixin.py:104} INFO - [2021-08-11 10:53:46,628] {dag.py:2306} INFO - Setting next_dagrun for example_branch_operator to 2021-08-09 00:00:00+00:00
[2021-08-11 10:53:46,634] {scheduler_job.py:189} INFO - Processing /Users/Alex/.local/share/virtualenvs/airflow-1c5-bq0J/lib/python3.9/site-packages/airflow/example_dags/example_branch_operator.py took 0.054 seconds
[2021-08-11 10:55:12,798] {scheduler_job.py:181} INFO - Started process (PID=70452) to work on /Users/Alex/.local/share/virtualenvs/airflow-1c5-bq0J/lib/python3.9/site-packages/airflow/example_dags/example_branch_operator.py
[2021-08-11 10:55:12,800] {scheduler_job.py:632} INFO - Processing file /Users/Alex/.local/share/virtualenvs/airflow-1c5-bq0J/lib/python3.9/site-packages/airflow/example_dags/example_branch_operator.py for tasks to queue
[2021-08-11 10:55:12,800] {logging_mixin.py:104} INFO - [2021-08-11 10:55:12,800] {dagbag.py:496} INFO - Filling up the DagBag from /Users/Alex/.local/share/virtualenvs/airflow-1c5-bq0J/lib/python3.9/site-packages/airflow/example_dags/example_branch_operator.py
[2021-08-11 10:55:12,811] {scheduler_job.py:642} INFO - DAG(s) dict_keys(['example_branch_operator']) retrieved from /Users/Alex/.local/share/virtualenvs/airflow-1c5-bq0J/lib/python3.9/site-packages/airflow/example_dags/example_branch_operator.py
[2021-08-11 10:55:12,837] {logging_mixin.py:104} INFO - [2021-08-11 10:55:12,837] {dag.py:1833} INFO - Sync 1 DAGs
[2021-08-11 10:55:12,844] {logging_mixin.py:104} INFO - [2021-08-11 10:55:12,844] {dag.py:2306} INFO - Setting next_dagrun for example_branch_operator to 2021-08-09 00:00:00+00:00
[2021-08-11 10:55:12,852] {scheduler_job.py:189} INFO - Processing /Users/Alex/.local/share/virtualenvs/airflow-1c5-bq0J/lib/python3.9/site-packages/airflow/example_dags/example_branch_operator.py took 0.055 seconds
[2021-08-11 10:56:13,100] {scheduler_job.py:181} INFO - Started process (PID=70558) to work on /Users/Alex/.local/share/virtualenvs/airflow-1c5-bq0J/lib/python3.9/site-packages/airflow/example_dags/example_branch_operator.py
[2021-08-11 10:56:13,100] {scheduler_job.py:632} INFO - Processing file /Users/Alex/.local/share/virtualenvs/airflow-1c5-bq0J/lib/python3.9/site-packages/airflow/example_dags/example_branch_operator.py for tasks to queue
[2021-08-11 10:56:13,100] {logging_mixin.py:104} INFO - [2021-08-11 10:56:13,100] {dagbag.py:496} INFO - Filling up the DagBag from /Users/Alex/.local/share/virtualenvs/airflow-1c5-bq0J/lib/python3.9/site-packages/airflow/example_dags/example_branch_operator.py
[2021-08-11 10:56:13,108] {scheduler_job.py:642} INFO - DAG(s) dict_keys(['example_branch_operator']) retrieved from /Users/Alex/.local/share/virtualenvs/airflow-1c5-bq0J/lib/python3.9/site-packages/airflow/example_dags/example_branch_operator.py
[2021-08-11 10:56:13,136] {logging_mixin.py:104} INFO - [2021-08-11 10:56:13,136] {dag.py:1833} INFO - Sync 1 DAGs
[2021-08-11 10:56:13,144] {logging_mixin.py:104} INFO - [2021-08-11 10:56:13,144] {dag.py:2306} INFO - Setting next_dagrun for example_branch_operator to 2021-08-09 00:00:00+00:00
[2021-08-11 10:56:13,153] {scheduler_job.py:189} INFO - Processing /Users/Alex/.local/share/virtualenvs/airflow-1c5-bq0J/lib/python3.9/site-packages/airflow/example_dags/example_branch_operator.py took 0.054 seconds
[2021-08-11 10:57:09,713] {scheduler_job.py:181} INFO - Started process (PID=70679) to work on /Users/Alex/.local/share/virtualenvs/airflow-1c5-bq0J/lib/python3.9/site-packages/airflow/example_dags/example_branch_operator.py
[2021-08-11 10:57:09,715] {scheduler_job.py:632} INFO - Processing file /Users/Alex/.local/share/virtualenvs/airflow-1c5-bq0J/lib/python3.9/site-packages/airflow/example_dags/example_branch_operator.py for tasks to queue
[2021-08-11 10:57:09,716] {logging_mixin.py:104} INFO - [2021-08-11 10:57:09,716] {dagbag.py:496} INFO - Filling up the DagBag from /Users/Alex/.local/share/virtualenvs/airflow-1c5-bq0J/lib/python3.9/site-packages/airflow/example_dags/example_branch_operator.py
[2021-08-11 10:57:09,724] {scheduler_job.py:642} INFO - DAG(s) dict_keys(['example_branch_operator']) retrieved from /Users/Alex/.local/share/virtualenvs/airflow-1c5-bq0J/lib/python3.9/site-packages/airflow/example_dags/example_branch_operator.py
[2021-08-11 10:57:09,749] {logging_mixin.py:104} INFO - [2021-08-11 10:57:09,749] {dag.py:1833} INFO - Sync 1 DAGs
[2021-08-11 10:57:09,757] {logging_mixin.py:104} INFO - [2021-08-11 10:57:09,756] {dag.py:2306} INFO - Setting next_dagrun for example_branch_operator to 2021-08-09 00:00:00+00:00
[2021-08-11 10:57:09,765] {scheduler_job.py:189} INFO - Processing /Users/Alex/.local/share/virtualenvs/airflow-1c5-bq0J/lib/python3.9/site-packages/airflow/example_dags/example_branch_operator.py took 0.053 seconds
[2021-08-11 10:58:33,510] {scheduler_job.py:181} INFO - Started process (PID=70837) to work on /Users/Alex/.local/share/virtualenvs/airflow-1c5-bq0J/lib/python3.9/site-packages/airflow/example_dags/example_branch_operator.py
[2021-08-11 10:58:33,510] {scheduler_job.py:632} INFO - Processing file /Users/Alex/.local/share/virtualenvs/airflow-1c5-bq0J/lib/python3.9/site-packages/airflow/example_dags/example_branch_operator.py for tasks to queue
[2021-08-11 10:58:33,511] {logging_mixin.py:104} INFO - [2021-08-11 10:58:33,511] {dagbag.py:496} INFO - Filling up the DagBag from /Users/Alex/.local/share/virtualenvs/airflow-1c5-bq0J/lib/python3.9/site-packages/airflow/example_dags/example_branch_operator.py
[2021-08-11 10:58:33,519] {scheduler_job.py:642} INFO - DAG(s) dict_keys(['example_branch_operator']) retrieved from /Users/Alex/.local/share/virtualenvs/airflow-1c5-bq0J/lib/python3.9/site-packages/airflow/example_dags/example_branch_operator.py
[2021-08-11 10:58:33,546] {logging_mixin.py:104} INFO - [2021-08-11 10:58:33,546] {dag.py:1833} INFO - Sync 1 DAGs
[2021-08-11 10:58:33,554] {logging_mixin.py:104} INFO - [2021-08-11 10:58:33,554] {dag.py:2306} INFO - Setting next_dagrun for example_branch_operator to 2021-08-09 00:00:00+00:00
[2021-08-11 10:58:33,563] {scheduler_job.py:189} INFO - Processing /Users/Alex/.local/share/virtualenvs/airflow-1c5-bq0J/lib/python3.9/site-packages/airflow/example_dags/example_branch_operator.py took 0.054 seconds
[2021-08-11 10:59:33,292] {scheduler_job.py:181} INFO - Started process (PID=70942) to work on /Users/Alex/.local/share/virtualenvs/airflow-1c5-bq0J/lib/python3.9/site-packages/airflow/example_dags/example_branch_operator.py
[2021-08-11 10:59:33,293] {scheduler_job.py:632} INFO - Processing file /Users/Alex/.local/share/virtualenvs/airflow-1c5-bq0J/lib/python3.9/site-packages/airflow/example_dags/example_branch_operator.py for tasks to queue
[2021-08-11 10:59:33,293] {logging_mixin.py:104} INFO - [2021-08-11 10:59:33,293] {dagbag.py:496} INFO - Filling up the DagBag from /Users/Alex/.local/share/virtualenvs/airflow-1c5-bq0J/lib/python3.9/site-packages/airflow/example_dags/example_branch_operator.py
[2021-08-11 10:59:33,301] {scheduler_job.py:642} INFO - DAG(s) dict_keys(['example_branch_operator']) retrieved from /Users/Alex/.local/share/virtualenvs/airflow-1c5-bq0J/lib/python3.9/site-packages/airflow/example_dags/example_branch_operator.py
[2021-08-11 10:59:33,333] {logging_mixin.py:104} INFO - [2021-08-11 10:59:33,333] {dag.py:1833} INFO - Sync 1 DAGs
[2021-08-11 10:59:33,342] {logging_mixin.py:104} INFO - [2021-08-11 10:59:33,342] {dag.py:2306} INFO - Setting next_dagrun for example_branch_operator to 2021-08-09 00:00:00+00:00
[2021-08-11 10:59:33,351] {scheduler_job.py:189} INFO - Processing /Users/Alex/.local/share/virtualenvs/airflow-1c5-bq0J/lib/python3.9/site-packages/airflow/example_dags/example_branch_operator.py took 0.059 seconds
[2021-08-11 11:00:30,866] {scheduler_job.py:181} INFO - Started process (PID=71065) to work on /Users/Alex/.local/share/virtualenvs/airflow-1c5-bq0J/lib/python3.9/site-packages/airflow/example_dags/example_branch_operator.py
[2021-08-11 11:00:30,866] {scheduler_job.py:632} INFO - Processing file /Users/Alex/.local/share/virtualenvs/airflow-1c5-bq0J/lib/python3.9/site-packages/airflow/example_dags/example_branch_operator.py for tasks to queue
[2021-08-11 11:00:30,866] {logging_mixin.py:104} INFO - [2021-08-11 11:00:30,866] {dagbag.py:496} INFO - Filling up the DagBag from /Users/Alex/.local/share/virtualenvs/airflow-1c5-bq0J/lib/python3.9/site-packages/airflow/example_dags/example_branch_operator.py
[2021-08-11 11:00:30,874] {scheduler_job.py:642} INFO - DAG(s) dict_keys(['example_branch_operator']) retrieved from /Users/Alex/.local/share/virtualenvs/airflow-1c5-bq0J/lib/python3.9/site-packages/airflow/example_dags/example_branch_operator.py
[2021-08-11 11:00:30,902] {logging_mixin.py:104} INFO - [2021-08-11 11:00:30,902] {dag.py:1833} INFO - Sync 1 DAGs
[2021-08-11 11:00:30,910] {logging_mixin.py:104} INFO - [2021-08-11 11:00:30,910] {dag.py:2306} INFO - Setting next_dagrun for example_branch_operator to 2021-08-09 00:00:00+00:00
[2021-08-11 11:00:30,918] {scheduler_job.py:189} INFO - Processing /Users/Alex/.local/share/virtualenvs/airflow-1c5-bq0J/lib/python3.9/site-packages/airflow/example_dags/example_branch_operator.py took 0.053 seconds
[2021-08-11 11:01:31,097] {scheduler_job.py:181} INFO - Started process (PID=71174) to work on /Users/Alex/.local/share/virtualenvs/airflow-1c5-bq0J/lib/python3.9/site-packages/airflow/example_dags/example_branch_operator.py
[2021-08-11 11:01:31,098] {scheduler_job.py:632} INFO - Processing file /Users/Alex/.local/share/virtualenvs/airflow-1c5-bq0J/lib/python3.9/site-packages/airflow/example_dags/example_branch_operator.py for tasks to queue
[2021-08-11 11:01:31,098] {logging_mixin.py:104} INFO - [2021-08-11 11:01:31,098] {dagbag.py:496} INFO - Filling up the DagBag from /Users/Alex/.local/share/virtualenvs/airflow-1c5-bq0J/lib/python3.9/site-packages/airflow/example_dags/example_branch_operator.py
[2021-08-11 11:01:31,106] {scheduler_job.py:642} INFO - DAG(s) dict_keys(['example_branch_operator']) retrieved from /Users/Alex/.local/share/virtualenvs/airflow-1c5-bq0J/lib/python3.9/site-packages/airflow/example_dags/example_branch_operator.py
[2021-08-11 11:01:31,135] {logging_mixin.py:104} INFO - [2021-08-11 11:01:31,135] {dag.py:1833} INFO - Sync 1 DAGs
[2021-08-11 11:01:31,143] {logging_mixin.py:104} INFO - [2021-08-11 11:01:31,143] {dag.py:2306} INFO - Setting next_dagrun for example_branch_operator to 2021-08-09 00:00:00+00:00
[2021-08-11 11:01:31,151] {scheduler_job.py:189} INFO - Processing /Users/Alex/.local/share/virtualenvs/airflow-1c5-bq0J/lib/python3.9/site-packages/airflow/example_dags/example_branch_operator.py took 0.055 seconds
