[2021-08-11 10:44:53,957] {scheduler_job.py:181} INFO - Started process (PID=69464) to work on /Users/Alex/.local/share/virtualenvs/airflow-1c5-bq0J/lib/python3.9/site-packages/airflow/example_dags/example_branch_labels.py
[2021-08-11 10:44:53,960] {scheduler_job.py:632} INFO - Processing file /Users/Alex/.local/share/virtualenvs/airflow-1c5-bq0J/lib/python3.9/site-packages/airflow/example_dags/example_branch_labels.py for tasks to queue
[2021-08-11 10:44:53,960] {logging_mixin.py:104} INFO - [2021-08-11 10:44:53,960] {dagbag.py:496} INFO - Filling up the DagBag from /Users/Alex/.local/share/virtualenvs/airflow-1c5-bq0J/lib/python3.9/site-packages/airflow/example_dags/example_branch_labels.py
[2021-08-11 10:44:53,967] {scheduler_job.py:642} INFO - DAG(s) dict_keys(['example_branch_labels']) retrieved from /Users/Alex/.local/share/virtualenvs/airflow-1c5-bq0J/lib/python3.9/site-packages/airflow/example_dags/example_branch_labels.py
[2021-08-11 10:44:53,991] {logging_mixin.py:104} INFO - [2021-08-11 10:44:53,991] {dag.py:1833} INFO - Sync 1 DAGs
[2021-08-11 10:44:53,999] {logging_mixin.py:104} INFO - [2021-08-11 10:44:53,999] {dag.py:2306} INFO - Setting next_dagrun for example_branch_labels to 2021-08-09 00:00:00+00:00
[2021-08-11 10:44:54,006] {scheduler_job.py:189} INFO - Processing /Users/Alex/.local/share/virtualenvs/airflow-1c5-bq0J/lib/python3.9/site-packages/airflow/example_dags/example_branch_labels.py took 0.050 seconds
[2021-08-11 10:45:48,223] {scheduler_job.py:181} INFO - Started process (PID=69549) to work on /Users/Alex/.local/share/virtualenvs/airflow-1c5-bq0J/lib/python3.9/site-packages/airflow/example_dags/example_branch_labels.py
[2021-08-11 10:45:48,223] {scheduler_job.py:632} INFO - Processing file /Users/Alex/.local/share/virtualenvs/airflow-1c5-bq0J/lib/python3.9/site-packages/airflow/example_dags/example_branch_labels.py for tasks to queue
[2021-08-11 10:45:48,223] {logging_mixin.py:104} INFO - [2021-08-11 10:45:48,223] {dagbag.py:496} INFO - Filling up the DagBag from /Users/Alex/.local/share/virtualenvs/airflow-1c5-bq0J/lib/python3.9/site-packages/airflow/example_dags/example_branch_labels.py
[2021-08-11 10:45:48,229] {scheduler_job.py:642} INFO - DAG(s) dict_keys(['example_branch_labels']) retrieved from /Users/Alex/.local/share/virtualenvs/airflow-1c5-bq0J/lib/python3.9/site-packages/airflow/example_dags/example_branch_labels.py
[2021-08-11 10:45:48,256] {logging_mixin.py:104} INFO - [2021-08-11 10:45:48,256] {dag.py:1833} INFO - Sync 1 DAGs
[2021-08-11 10:45:48,264] {logging_mixin.py:104} INFO - [2021-08-11 10:45:48,264] {dag.py:2306} INFO - Setting next_dagrun for example_branch_labels to 2021-08-09 00:00:00+00:00
[2021-08-11 10:45:48,271] {scheduler_job.py:189} INFO - Processing /Users/Alex/.local/share/virtualenvs/airflow-1c5-bq0J/lib/python3.9/site-packages/airflow/example_dags/example_branch_labels.py took 0.049 seconds
[2021-08-11 10:47:07,633] {scheduler_job.py:181} INFO - Started process (PID=69623) to work on /Users/Alex/.local/share/virtualenvs/airflow-1c5-bq0J/lib/python3.9/site-packages/airflow/example_dags/example_branch_labels.py
[2021-08-11 10:47:07,633] {scheduler_job.py:632} INFO - Processing file /Users/Alex/.local/share/virtualenvs/airflow-1c5-bq0J/lib/python3.9/site-packages/airflow/example_dags/example_branch_labels.py for tasks to queue
[2021-08-11 10:47:07,633] {logging_mixin.py:104} INFO - [2021-08-11 10:47:07,633] {dagbag.py:496} INFO - Filling up the DagBag from /Users/Alex/.local/share/virtualenvs/airflow-1c5-bq0J/lib/python3.9/site-packages/airflow/example_dags/example_branch_labels.py
[2021-08-11 10:47:07,639] {scheduler_job.py:642} INFO - DAG(s) dict_keys(['example_branch_labels']) retrieved from /Users/Alex/.local/share/virtualenvs/airflow-1c5-bq0J/lib/python3.9/site-packages/airflow/example_dags/example_branch_labels.py
[2021-08-11 10:47:07,665] {logging_mixin.py:104} INFO - [2021-08-11 10:47:07,665] {dag.py:1833} INFO - Sync 1 DAGs
[2021-08-11 10:47:07,673] {logging_mixin.py:104} INFO - [2021-08-11 10:47:07,673] {dag.py:2306} INFO - Setting next_dagrun for example_branch_labels to 2021-08-09 00:00:00+00:00
[2021-08-11 10:47:07,682] {scheduler_job.py:189} INFO - Processing /Users/Alex/.local/share/virtualenvs/airflow-1c5-bq0J/lib/python3.9/site-packages/airflow/example_dags/example_branch_labels.py took 0.050 seconds
[2021-08-11 10:48:05,386] {scheduler_job.py:181} INFO - Started process (PID=69714) to work on /Users/Alex/.local/share/virtualenvs/airflow-1c5-bq0J/lib/python3.9/site-packages/airflow/example_dags/example_branch_labels.py
[2021-08-11 10:48:05,386] {scheduler_job.py:632} INFO - Processing file /Users/Alex/.local/share/virtualenvs/airflow-1c5-bq0J/lib/python3.9/site-packages/airflow/example_dags/example_branch_labels.py for tasks to queue
[2021-08-11 10:48:05,386] {logging_mixin.py:104} INFO - [2021-08-11 10:48:05,386] {dagbag.py:496} INFO - Filling up the DagBag from /Users/Alex/.local/share/virtualenvs/airflow-1c5-bq0J/lib/python3.9/site-packages/airflow/example_dags/example_branch_labels.py
[2021-08-11 10:48:05,393] {scheduler_job.py:642} INFO - DAG(s) dict_keys(['example_branch_labels']) retrieved from /Users/Alex/.local/share/virtualenvs/airflow-1c5-bq0J/lib/python3.9/site-packages/airflow/example_dags/example_branch_labels.py
[2021-08-11 10:48:05,418] {logging_mixin.py:104} INFO - [2021-08-11 10:48:05,418] {dag.py:1833} INFO - Sync 1 DAGs
[2021-08-11 10:48:05,425] {logging_mixin.py:104} INFO - [2021-08-11 10:48:05,425] {dag.py:2306} INFO - Setting next_dagrun for example_branch_labels to 2021-08-09 00:00:00+00:00
[2021-08-11 10:48:05,432] {scheduler_job.py:189} INFO - Processing /Users/Alex/.local/share/virtualenvs/airflow-1c5-bq0J/lib/python3.9/site-packages/airflow/example_dags/example_branch_labels.py took 0.047 seconds
[2021-08-11 10:49:30,720] {scheduler_job.py:181} INFO - Started process (PID=69844) to work on /Users/Alex/.local/share/virtualenvs/airflow-1c5-bq0J/lib/python3.9/site-packages/airflow/example_dags/example_branch_labels.py
[2021-08-11 10:49:30,720] {scheduler_job.py:632} INFO - Processing file /Users/Alex/.local/share/virtualenvs/airflow-1c5-bq0J/lib/python3.9/site-packages/airflow/example_dags/example_branch_labels.py for tasks to queue
[2021-08-11 10:49:30,721] {logging_mixin.py:104} INFO - [2021-08-11 10:49:30,721] {dagbag.py:496} INFO - Filling up the DagBag from /Users/Alex/.local/share/virtualenvs/airflow-1c5-bq0J/lib/python3.9/site-packages/airflow/example_dags/example_branch_labels.py
[2021-08-11 10:49:30,726] {scheduler_job.py:642} INFO - DAG(s) dict_keys(['example_branch_labels']) retrieved from /Users/Alex/.local/share/virtualenvs/airflow-1c5-bq0J/lib/python3.9/site-packages/airflow/example_dags/example_branch_labels.py
[2021-08-11 10:49:30,751] {logging_mixin.py:104} INFO - [2021-08-11 10:49:30,751] {dag.py:1833} INFO - Sync 1 DAGs
[2021-08-11 10:49:30,759] {logging_mixin.py:104} INFO - [2021-08-11 10:49:30,759] {dag.py:2306} INFO - Setting next_dagrun for example_branch_labels to 2021-08-09 00:00:00+00:00
[2021-08-11 10:49:30,766] {scheduler_job.py:189} INFO - Processing /Users/Alex/.local/share/virtualenvs/airflow-1c5-bq0J/lib/python3.9/site-packages/airflow/example_dags/example_branch_labels.py took 0.047 seconds
[2021-08-11 10:50:30,422] {scheduler_job.py:181} INFO - Started process (PID=69941) to work on /Users/Alex/.local/share/virtualenvs/airflow-1c5-bq0J/lib/python3.9/site-packages/airflow/example_dags/example_branch_labels.py
[2021-08-11 10:50:30,424] {scheduler_job.py:632} INFO - Processing file /Users/Alex/.local/share/virtualenvs/airflow-1c5-bq0J/lib/python3.9/site-packages/airflow/example_dags/example_branch_labels.py for tasks to queue
[2021-08-11 10:50:30,425] {logging_mixin.py:104} INFO - [2021-08-11 10:50:30,425] {dagbag.py:496} INFO - Filling up the DagBag from /Users/Alex/.local/share/virtualenvs/airflow-1c5-bq0J/lib/python3.9/site-packages/airflow/example_dags/example_branch_labels.py
[2021-08-11 10:50:30,432] {scheduler_job.py:642} INFO - DAG(s) dict_keys(['example_branch_labels']) retrieved from /Users/Alex/.local/share/virtualenvs/airflow-1c5-bq0J/lib/python3.9/site-packages/airflow/example_dags/example_branch_labels.py
[2021-08-11 10:50:30,457] {logging_mixin.py:104} INFO - [2021-08-11 10:50:30,456] {dag.py:1833} INFO - Sync 1 DAGs
[2021-08-11 10:50:30,464] {logging_mixin.py:104} INFO - [2021-08-11 10:50:30,464] {dag.py:2306} INFO - Setting next_dagrun for example_branch_labels to 2021-08-09 00:00:00+00:00
[2021-08-11 10:50:30,474] {scheduler_job.py:189} INFO - Processing /Users/Alex/.local/share/virtualenvs/airflow-1c5-bq0J/lib/python3.9/site-packages/airflow/example_dags/example_branch_labels.py took 0.053 seconds
[2021-08-11 10:51:27,783] {scheduler_job.py:181} INFO - Started process (PID=70056) to work on /Users/Alex/.local/share/virtualenvs/airflow-1c5-bq0J/lib/python3.9/site-packages/airflow/example_dags/example_branch_labels.py
[2021-08-11 10:51:27,783] {scheduler_job.py:632} INFO - Processing file /Users/Alex/.local/share/virtualenvs/airflow-1c5-bq0J/lib/python3.9/site-packages/airflow/example_dags/example_branch_labels.py for tasks to queue
[2021-08-11 10:51:27,784] {logging_mixin.py:104} INFO - [2021-08-11 10:51:27,784] {dagbag.py:496} INFO - Filling up the DagBag from /Users/Alex/.local/share/virtualenvs/airflow-1c5-bq0J/lib/python3.9/site-packages/airflow/example_dags/example_branch_labels.py
[2021-08-11 10:51:27,792] {scheduler_job.py:642} INFO - DAG(s) dict_keys(['example_branch_labels']) retrieved from /Users/Alex/.local/share/virtualenvs/airflow-1c5-bq0J/lib/python3.9/site-packages/airflow/example_dags/example_branch_labels.py
[2021-08-11 10:51:27,817] {logging_mixin.py:104} INFO - [2021-08-11 10:51:27,817] {dag.py:1833} INFO - Sync 1 DAGs
[2021-08-11 10:51:27,825] {logging_mixin.py:104} INFO - [2021-08-11 10:51:27,825] {dag.py:2306} INFO - Setting next_dagrun for example_branch_labels to 2021-08-09 00:00:00+00:00
[2021-08-11 10:51:27,832] {scheduler_job.py:189} INFO - Processing /Users/Alex/.local/share/virtualenvs/airflow-1c5-bq0J/lib/python3.9/site-packages/airflow/example_dags/example_branch_labels.py took 0.050 seconds
[2021-08-11 10:52:52,776] {scheduler_job.py:181} INFO - Started process (PID=70217) to work on /Users/Alex/.local/share/virtualenvs/airflow-1c5-bq0J/lib/python3.9/site-packages/airflow/example_dags/example_branch_labels.py
[2021-08-11 10:52:52,777] {scheduler_job.py:632} INFO - Processing file /Users/Alex/.local/share/virtualenvs/airflow-1c5-bq0J/lib/python3.9/site-packages/airflow/example_dags/example_branch_labels.py for tasks to queue
[2021-08-11 10:52:52,777] {logging_mixin.py:104} INFO - [2021-08-11 10:52:52,777] {dagbag.py:496} INFO - Filling up the DagBag from /Users/Alex/.local/share/virtualenvs/airflow-1c5-bq0J/lib/python3.9/site-packages/airflow/example_dags/example_branch_labels.py
[2021-08-11 10:52:52,785] {scheduler_job.py:642} INFO - DAG(s) dict_keys(['example_branch_labels']) retrieved from /Users/Alex/.local/share/virtualenvs/airflow-1c5-bq0J/lib/python3.9/site-packages/airflow/example_dags/example_branch_labels.py
[2021-08-11 10:52:52,813] {logging_mixin.py:104} INFO - [2021-08-11 10:52:52,813] {dag.py:1833} INFO - Sync 1 DAGs
[2021-08-11 10:52:52,821] {logging_mixin.py:104} INFO - [2021-08-11 10:52:52,821] {dag.py:2306} INFO - Setting next_dagrun for example_branch_labels to 2021-08-09 00:00:00+00:00
[2021-08-11 10:52:52,829] {scheduler_job.py:189} INFO - Processing /Users/Alex/.local/share/virtualenvs/airflow-1c5-bq0J/lib/python3.9/site-packages/airflow/example_dags/example_branch_labels.py took 0.053 seconds
[2021-08-11 10:53:48,558] {scheduler_job.py:181} INFO - Started process (PID=70305) to work on /Users/Alex/.local/share/virtualenvs/airflow-1c5-bq0J/lib/python3.9/site-packages/airflow/example_dags/example_branch_labels.py
[2021-08-11 10:53:48,560] {scheduler_job.py:632} INFO - Processing file /Users/Alex/.local/share/virtualenvs/airflow-1c5-bq0J/lib/python3.9/site-packages/airflow/example_dags/example_branch_labels.py for tasks to queue
[2021-08-11 10:53:48,561] {logging_mixin.py:104} INFO - [2021-08-11 10:53:48,561] {dagbag.py:496} INFO - Filling up the DagBag from /Users/Alex/.local/share/virtualenvs/airflow-1c5-bq0J/lib/python3.9/site-packages/airflow/example_dags/example_branch_labels.py
[2021-08-11 10:53:48,568] {scheduler_job.py:642} INFO - DAG(s) dict_keys(['example_branch_labels']) retrieved from /Users/Alex/.local/share/virtualenvs/airflow-1c5-bq0J/lib/python3.9/site-packages/airflow/example_dags/example_branch_labels.py
[2021-08-11 10:53:48,596] {logging_mixin.py:104} INFO - [2021-08-11 10:53:48,596] {dag.py:1833} INFO - Sync 1 DAGs
[2021-08-11 10:53:48,603] {logging_mixin.py:104} INFO - [2021-08-11 10:53:48,603] {dag.py:2306} INFO - Setting next_dagrun for example_branch_labels to 2021-08-09 00:00:00+00:00
[2021-08-11 10:53:48,611] {scheduler_job.py:189} INFO - Processing /Users/Alex/.local/share/virtualenvs/airflow-1c5-bq0J/lib/python3.9/site-packages/airflow/example_dags/example_branch_labels.py took 0.053 seconds
[2021-08-11 10:55:14,684] {scheduler_job.py:181} INFO - Started process (PID=70459) to work on /Users/Alex/.local/share/virtualenvs/airflow-1c5-bq0J/lib/python3.9/site-packages/airflow/example_dags/example_branch_labels.py
[2021-08-11 10:55:14,687] {scheduler_job.py:632} INFO - Processing file /Users/Alex/.local/share/virtualenvs/airflow-1c5-bq0J/lib/python3.9/site-packages/airflow/example_dags/example_branch_labels.py for tasks to queue
[2021-08-11 10:55:14,687] {logging_mixin.py:104} INFO - [2021-08-11 10:55:14,687] {dagbag.py:496} INFO - Filling up the DagBag from /Users/Alex/.local/share/virtualenvs/airflow-1c5-bq0J/lib/python3.9/site-packages/airflow/example_dags/example_branch_labels.py
[2021-08-11 10:55:14,695] {scheduler_job.py:642} INFO - DAG(s) dict_keys(['example_branch_labels']) retrieved from /Users/Alex/.local/share/virtualenvs/airflow-1c5-bq0J/lib/python3.9/site-packages/airflow/example_dags/example_branch_labels.py
[2021-08-11 10:55:14,722] {logging_mixin.py:104} INFO - [2021-08-11 10:55:14,722] {dag.py:1833} INFO - Sync 1 DAGs
[2021-08-11 10:55:14,729] {logging_mixin.py:104} INFO - [2021-08-11 10:55:14,729] {dag.py:2306} INFO - Setting next_dagrun for example_branch_labels to 2021-08-09 00:00:00+00:00
[2021-08-11 10:55:14,737] {scheduler_job.py:189} INFO - Processing /Users/Alex/.local/share/virtualenvs/airflow-1c5-bq0J/lib/python3.9/site-packages/airflow/example_dags/example_branch_labels.py took 0.053 seconds
[2021-08-11 10:56:14,959] {scheduler_job.py:181} INFO - Started process (PID=70561) to work on /Users/Alex/.local/share/virtualenvs/airflow-1c5-bq0J/lib/python3.9/site-packages/airflow/example_dags/example_branch_labels.py
[2021-08-11 10:56:14,959] {scheduler_job.py:632} INFO - Processing file /Users/Alex/.local/share/virtualenvs/airflow-1c5-bq0J/lib/python3.9/site-packages/airflow/example_dags/example_branch_labels.py for tasks to queue
[2021-08-11 10:56:14,960] {logging_mixin.py:104} INFO - [2021-08-11 10:56:14,960] {dagbag.py:496} INFO - Filling up the DagBag from /Users/Alex/.local/share/virtualenvs/airflow-1c5-bq0J/lib/python3.9/site-packages/airflow/example_dags/example_branch_labels.py
[2021-08-11 10:56:14,968] {scheduler_job.py:642} INFO - DAG(s) dict_keys(['example_branch_labels']) retrieved from /Users/Alex/.local/share/virtualenvs/airflow-1c5-bq0J/lib/python3.9/site-packages/airflow/example_dags/example_branch_labels.py
[2021-08-11 10:56:14,997] {logging_mixin.py:104} INFO - [2021-08-11 10:56:14,997] {dag.py:1833} INFO - Sync 1 DAGs
[2021-08-11 10:56:15,005] {logging_mixin.py:104} INFO - [2021-08-11 10:56:15,005] {dag.py:2306} INFO - Setting next_dagrun for example_branch_labels to 2021-08-09 00:00:00+00:00
[2021-08-11 10:56:15,013] {scheduler_job.py:189} INFO - Processing /Users/Alex/.local/share/virtualenvs/airflow-1c5-bq0J/lib/python3.9/site-packages/airflow/example_dags/example_branch_labels.py took 0.055 seconds
[2021-08-11 10:57:34,745] {scheduler_job.py:181} INFO - Started process (PID=70725) to work on /Users/Alex/.local/share/virtualenvs/airflow-1c5-bq0J/lib/python3.9/site-packages/airflow/example_dags/example_branch_labels.py
[2021-08-11 10:57:34,747] {scheduler_job.py:632} INFO - Processing file /Users/Alex/.local/share/virtualenvs/airflow-1c5-bq0J/lib/python3.9/site-packages/airflow/example_dags/example_branch_labels.py for tasks to queue
[2021-08-11 10:57:34,749] {logging_mixin.py:104} INFO - [2021-08-11 10:57:34,749] {dagbag.py:496} INFO - Filling up the DagBag from /Users/Alex/.local/share/virtualenvs/airflow-1c5-bq0J/lib/python3.9/site-packages/airflow/example_dags/example_branch_labels.py
[2021-08-11 10:57:34,759] {scheduler_job.py:642} INFO - DAG(s) dict_keys(['example_branch_labels']) retrieved from /Users/Alex/.local/share/virtualenvs/airflow-1c5-bq0J/lib/python3.9/site-packages/airflow/example_dags/example_branch_labels.py
[2021-08-11 10:57:34,784] {logging_mixin.py:104} INFO - [2021-08-11 10:57:34,784] {dag.py:1833} INFO - Sync 1 DAGs
[2021-08-11 10:57:34,793] {logging_mixin.py:104} INFO - [2021-08-11 10:57:34,793] {dag.py:2306} INFO - Setting next_dagrun for example_branch_labels to 2021-08-09 00:00:00+00:00
[2021-08-11 10:57:34,802] {scheduler_job.py:189} INFO - Processing /Users/Alex/.local/share/virtualenvs/airflow-1c5-bq0J/lib/python3.9/site-packages/airflow/example_dags/example_branch_labels.py took 0.058 seconds
[2021-08-11 10:58:35,548] {scheduler_job.py:181} INFO - Started process (PID=70838) to work on /Users/Alex/.local/share/virtualenvs/airflow-1c5-bq0J/lib/python3.9/site-packages/airflow/example_dags/example_branch_labels.py
[2021-08-11 10:58:35,549] {scheduler_job.py:632} INFO - Processing file /Users/Alex/.local/share/virtualenvs/airflow-1c5-bq0J/lib/python3.9/site-packages/airflow/example_dags/example_branch_labels.py for tasks to queue
[2021-08-11 10:58:35,549] {logging_mixin.py:104} INFO - [2021-08-11 10:58:35,549] {dagbag.py:496} INFO - Filling up the DagBag from /Users/Alex/.local/share/virtualenvs/airflow-1c5-bq0J/lib/python3.9/site-packages/airflow/example_dags/example_branch_labels.py
[2021-08-11 10:58:35,582] {scheduler_job.py:642} INFO - DAG(s) dict_keys(['example_branch_labels']) retrieved from /Users/Alex/.local/share/virtualenvs/airflow-1c5-bq0J/lib/python3.9/site-packages/airflow/example_dags/example_branch_labels.py
[2021-08-11 10:58:35,720] {logging_mixin.py:104} INFO - [2021-08-11 10:58:35,719] {dag.py:1833} INFO - Sync 1 DAGs
[2021-08-11 10:58:35,741] {logging_mixin.py:104} INFO - [2021-08-11 10:58:35,741] {dag.py:2306} INFO - Setting next_dagrun for example_branch_labels to 2021-08-09 00:00:00+00:00
[2021-08-11 10:58:35,763] {scheduler_job.py:189} INFO - Processing /Users/Alex/.local/share/virtualenvs/airflow-1c5-bq0J/lib/python3.9/site-packages/airflow/example_dags/example_branch_labels.py took 0.217 seconds
[2021-08-11 10:59:35,135] {scheduler_job.py:181} INFO - Started process (PID=70949) to work on /Users/Alex/.local/share/virtualenvs/airflow-1c5-bq0J/lib/python3.9/site-packages/airflow/example_dags/example_branch_labels.py
[2021-08-11 10:59:35,135] {scheduler_job.py:632} INFO - Processing file /Users/Alex/.local/share/virtualenvs/airflow-1c5-bq0J/lib/python3.9/site-packages/airflow/example_dags/example_branch_labels.py for tasks to queue
[2021-08-11 10:59:35,136] {logging_mixin.py:104} INFO - [2021-08-11 10:59:35,136] {dagbag.py:496} INFO - Filling up the DagBag from /Users/Alex/.local/share/virtualenvs/airflow-1c5-bq0J/lib/python3.9/site-packages/airflow/example_dags/example_branch_labels.py
[2021-08-11 10:59:35,145] {scheduler_job.py:642} INFO - DAG(s) dict_keys(['example_branch_labels']) retrieved from /Users/Alex/.local/share/virtualenvs/airflow-1c5-bq0J/lib/python3.9/site-packages/airflow/example_dags/example_branch_labels.py
[2021-08-11 10:59:35,177] {logging_mixin.py:104} INFO - [2021-08-11 10:59:35,177] {dag.py:1833} INFO - Sync 1 DAGs
[2021-08-11 10:59:35,186] {logging_mixin.py:104} INFO - [2021-08-11 10:59:35,186] {dag.py:2306} INFO - Setting next_dagrun for example_branch_labels to 2021-08-09 00:00:00+00:00
[2021-08-11 10:59:35,194] {scheduler_job.py:189} INFO - Processing /Users/Alex/.local/share/virtualenvs/airflow-1c5-bq0J/lib/python3.9/site-packages/airflow/example_dags/example_branch_labels.py took 0.060 seconds
[2021-08-11 11:00:32,815] {scheduler_job.py:181} INFO - Started process (PID=71068) to work on /Users/Alex/.local/share/virtualenvs/airflow-1c5-bq0J/lib/python3.9/site-packages/airflow/example_dags/example_branch_labels.py
[2021-08-11 11:00:32,816] {scheduler_job.py:632} INFO - Processing file /Users/Alex/.local/share/virtualenvs/airflow-1c5-bq0J/lib/python3.9/site-packages/airflow/example_dags/example_branch_labels.py for tasks to queue
[2021-08-11 11:00:32,817] {logging_mixin.py:104} INFO - [2021-08-11 11:00:32,816] {dagbag.py:496} INFO - Filling up the DagBag from /Users/Alex/.local/share/virtualenvs/airflow-1c5-bq0J/lib/python3.9/site-packages/airflow/example_dags/example_branch_labels.py
[2021-08-11 11:00:32,831] {scheduler_job.py:642} INFO - DAG(s) dict_keys(['example_branch_labels']) retrieved from /Users/Alex/.local/share/virtualenvs/airflow-1c5-bq0J/lib/python3.9/site-packages/airflow/example_dags/example_branch_labels.py
[2021-08-11 11:00:32,903] {logging_mixin.py:104} INFO - [2021-08-11 11:00:32,903] {dag.py:1833} INFO - Sync 1 DAGs
[2021-08-11 11:00:32,931] {logging_mixin.py:104} INFO - [2021-08-11 11:00:32,931] {dag.py:2306} INFO - Setting next_dagrun for example_branch_labels to 2021-08-09 00:00:00+00:00
[2021-08-11 11:00:32,956] {scheduler_job.py:189} INFO - Processing /Users/Alex/.local/share/virtualenvs/airflow-1c5-bq0J/lib/python3.9/site-packages/airflow/example_dags/example_branch_labels.py took 0.142 seconds
[2021-08-11 11:01:32,877] {scheduler_job.py:181} INFO - Started process (PID=71182) to work on /Users/Alex/.local/share/virtualenvs/airflow-1c5-bq0J/lib/python3.9/site-packages/airflow/example_dags/example_branch_labels.py
[2021-08-11 11:01:32,877] {scheduler_job.py:632} INFO - Processing file /Users/Alex/.local/share/virtualenvs/airflow-1c5-bq0J/lib/python3.9/site-packages/airflow/example_dags/example_branch_labels.py for tasks to queue
[2021-08-11 11:01:32,877] {logging_mixin.py:104} INFO - [2021-08-11 11:01:32,877] {dagbag.py:496} INFO - Filling up the DagBag from /Users/Alex/.local/share/virtualenvs/airflow-1c5-bq0J/lib/python3.9/site-packages/airflow/example_dags/example_branch_labels.py
[2021-08-11 11:01:32,883] {scheduler_job.py:642} INFO - DAG(s) dict_keys(['example_branch_labels']) retrieved from /Users/Alex/.local/share/virtualenvs/airflow-1c5-bq0J/lib/python3.9/site-packages/airflow/example_dags/example_branch_labels.py
[2021-08-11 11:01:32,911] {logging_mixin.py:104} INFO - [2021-08-11 11:01:32,911] {dag.py:1833} INFO - Sync 1 DAGs
[2021-08-11 11:01:32,919] {logging_mixin.py:104} INFO - [2021-08-11 11:01:32,919] {dag.py:2306} INFO - Setting next_dagrun for example_branch_labels to 2021-08-09 00:00:00+00:00
[2021-08-11 11:01:32,927] {scheduler_job.py:189} INFO - Processing /Users/Alex/.local/share/virtualenvs/airflow-1c5-bq0J/lib/python3.9/site-packages/airflow/example_dags/example_branch_labels.py took 0.051 seconds
