[2021-08-11 10:43:54,879] {scheduler_job.py:181} INFO - Started process (PID=69367) to work on /Users/Alex/.local/share/virtualenvs/airflow-1c5-bq0J/lib/python3.9/site-packages/airflow/example_dags/example_trigger_target_dag.py
[2021-08-11 10:43:54,880] {scheduler_job.py:632} INFO - Processing file /Users/Alex/.local/share/virtualenvs/airflow-1c5-bq0J/lib/python3.9/site-packages/airflow/example_dags/example_trigger_target_dag.py for tasks to queue
[2021-08-11 10:43:54,880] {logging_mixin.py:104} INFO - [2021-08-11 10:43:54,880] {dagbag.py:496} INFO - Filling up the DagBag from /Users/Alex/.local/share/virtualenvs/airflow-1c5-bq0J/lib/python3.9/site-packages/airflow/example_dags/example_trigger_target_dag.py
[2021-08-11 10:43:54,888] {scheduler_job.py:642} INFO - DAG(s) dict_keys(['example_trigger_target_dag']) retrieved from /Users/Alex/.local/share/virtualenvs/airflow-1c5-bq0J/lib/python3.9/site-packages/airflow/example_dags/example_trigger_target_dag.py
[2021-08-11 10:43:54,917] {logging_mixin.py:104} INFO - [2021-08-11 10:43:54,917] {dag.py:1833} INFO - Sync 1 DAGs
[2021-08-11 10:43:54,923] {logging_mixin.py:104} INFO - [2021-08-11 10:43:54,923] {dag.py:2306} INFO - Setting next_dagrun for example_trigger_target_dag to None
[2021-08-11 10:43:54,932] {scheduler_job.py:189} INFO - Processing /Users/Alex/.local/share/virtualenvs/airflow-1c5-bq0J/lib/python3.9/site-packages/airflow/example_dags/example_trigger_target_dag.py took 0.054 seconds
[2021-08-11 10:45:15,210] {scheduler_job.py:181} INFO - Started process (PID=69478) to work on /Users/Alex/.local/share/virtualenvs/airflow-1c5-bq0J/lib/python3.9/site-packages/airflow/example_dags/example_trigger_target_dag.py
[2021-08-11 10:45:15,211] {scheduler_job.py:632} INFO - Processing file /Users/Alex/.local/share/virtualenvs/airflow-1c5-bq0J/lib/python3.9/site-packages/airflow/example_dags/example_trigger_target_dag.py for tasks to queue
[2021-08-11 10:45:15,211] {logging_mixin.py:104} INFO - [2021-08-11 10:45:15,211] {dagbag.py:496} INFO - Filling up the DagBag from /Users/Alex/.local/share/virtualenvs/airflow-1c5-bq0J/lib/python3.9/site-packages/airflow/example_dags/example_trigger_target_dag.py
[2021-08-11 10:45:15,219] {scheduler_job.py:642} INFO - DAG(s) dict_keys(['example_trigger_target_dag']) retrieved from /Users/Alex/.local/share/virtualenvs/airflow-1c5-bq0J/lib/python3.9/site-packages/airflow/example_dags/example_trigger_target_dag.py
[2021-08-11 10:45:15,246] {logging_mixin.py:104} INFO - [2021-08-11 10:45:15,246] {dag.py:1833} INFO - Sync 1 DAGs
[2021-08-11 10:45:15,251] {logging_mixin.py:104} INFO - [2021-08-11 10:45:15,251] {dag.py:2306} INFO - Setting next_dagrun for example_trigger_target_dag to None
[2021-08-11 10:45:15,258] {scheduler_job.py:189} INFO - Processing /Users/Alex/.local/share/virtualenvs/airflow-1c5-bq0J/lib/python3.9/site-packages/airflow/example_dags/example_trigger_target_dag.py took 0.049 seconds
[2021-08-11 10:46:05,789] {scheduler_job.py:181} INFO - Started process (PID=69571) to work on /Users/Alex/.local/share/virtualenvs/airflow-1c5-bq0J/lib/python3.9/site-packages/airflow/example_dags/example_trigger_target_dag.py
[2021-08-11 10:46:05,789] {scheduler_job.py:632} INFO - Processing file /Users/Alex/.local/share/virtualenvs/airflow-1c5-bq0J/lib/python3.9/site-packages/airflow/example_dags/example_trigger_target_dag.py for tasks to queue
[2021-08-11 10:46:05,789] {logging_mixin.py:104} INFO - [2021-08-11 10:46:05,789] {dagbag.py:496} INFO - Filling up the DagBag from /Users/Alex/.local/share/virtualenvs/airflow-1c5-bq0J/lib/python3.9/site-packages/airflow/example_dags/example_trigger_target_dag.py
[2021-08-11 10:46:05,797] {scheduler_job.py:642} INFO - DAG(s) dict_keys(['example_trigger_target_dag']) retrieved from /Users/Alex/.local/share/virtualenvs/airflow-1c5-bq0J/lib/python3.9/site-packages/airflow/example_dags/example_trigger_target_dag.py
[2021-08-11 10:46:05,825] {logging_mixin.py:104} INFO - [2021-08-11 10:46:05,825] {dag.py:1833} INFO - Sync 1 DAGs
[2021-08-11 10:46:05,832] {logging_mixin.py:104} INFO - [2021-08-11 10:46:05,832] {dag.py:2306} INFO - Setting next_dagrun for example_trigger_target_dag to None
[2021-08-11 10:46:05,841] {scheduler_job.py:189} INFO - Processing /Users/Alex/.local/share/virtualenvs/airflow-1c5-bq0J/lib/python3.9/site-packages/airflow/example_dags/example_trigger_target_dag.py took 0.052 seconds
[2021-08-11 10:46:57,992] {scheduler_job.py:181} INFO - Started process (PID=69617) to work on /Users/Alex/.local/share/virtualenvs/airflow-1c5-bq0J/lib/python3.9/site-packages/airflow/example_dags/example_trigger_target_dag.py
[2021-08-11 10:46:57,993] {scheduler_job.py:632} INFO - Processing file /Users/Alex/.local/share/virtualenvs/airflow-1c5-bq0J/lib/python3.9/site-packages/airflow/example_dags/example_trigger_target_dag.py for tasks to queue
[2021-08-11 10:46:57,993] {logging_mixin.py:104} INFO - [2021-08-11 10:46:57,993] {dagbag.py:496} INFO - Filling up the DagBag from /Users/Alex/.local/share/virtualenvs/airflow-1c5-bq0J/lib/python3.9/site-packages/airflow/example_dags/example_trigger_target_dag.py
[2021-08-11 10:46:57,999] {scheduler_job.py:642} INFO - DAG(s) dict_keys(['example_trigger_target_dag']) retrieved from /Users/Alex/.local/share/virtualenvs/airflow-1c5-bq0J/lib/python3.9/site-packages/airflow/example_dags/example_trigger_target_dag.py
[2021-08-11 10:46:58,027] {logging_mixin.py:104} INFO - [2021-08-11 10:46:58,027] {dag.py:1833} INFO - Sync 1 DAGs
[2021-08-11 10:46:58,034] {logging_mixin.py:104} INFO - [2021-08-11 10:46:58,034] {dag.py:2306} INFO - Setting next_dagrun for example_trigger_target_dag to None
[2021-08-11 10:46:58,042] {scheduler_job.py:189} INFO - Processing /Users/Alex/.local/share/virtualenvs/airflow-1c5-bq0J/lib/python3.9/site-packages/airflow/example_dags/example_trigger_target_dag.py took 0.051 seconds
[2021-08-11 10:47:54,809] {scheduler_job.py:181} INFO - Started process (PID=69696) to work on /Users/Alex/.local/share/virtualenvs/airflow-1c5-bq0J/lib/python3.9/site-packages/airflow/example_dags/example_trigger_target_dag.py
[2021-08-11 10:47:54,810] {scheduler_job.py:632} INFO - Processing file /Users/Alex/.local/share/virtualenvs/airflow-1c5-bq0J/lib/python3.9/site-packages/airflow/example_dags/example_trigger_target_dag.py for tasks to queue
[2021-08-11 10:47:54,810] {logging_mixin.py:104} INFO - [2021-08-11 10:47:54,810] {dagbag.py:496} INFO - Filling up the DagBag from /Users/Alex/.local/share/virtualenvs/airflow-1c5-bq0J/lib/python3.9/site-packages/airflow/example_dags/example_trigger_target_dag.py
[2021-08-11 10:47:54,818] {scheduler_job.py:642} INFO - DAG(s) dict_keys(['example_trigger_target_dag']) retrieved from /Users/Alex/.local/share/virtualenvs/airflow-1c5-bq0J/lib/python3.9/site-packages/airflow/example_dags/example_trigger_target_dag.py
[2021-08-11 10:47:54,845] {logging_mixin.py:104} INFO - [2021-08-11 10:47:54,844] {dag.py:1833} INFO - Sync 1 DAGs
[2021-08-11 10:47:54,850] {logging_mixin.py:104} INFO - [2021-08-11 10:47:54,850] {dag.py:2306} INFO - Setting next_dagrun for example_trigger_target_dag to None
[2021-08-11 10:47:54,859] {scheduler_job.py:189} INFO - Processing /Users/Alex/.local/share/virtualenvs/airflow-1c5-bq0J/lib/python3.9/site-packages/airflow/example_dags/example_trigger_target_dag.py took 0.050 seconds
[2021-08-11 10:48:49,916] {scheduler_job.py:181} INFO - Started process (PID=69799) to work on /Users/Alex/.local/share/virtualenvs/airflow-1c5-bq0J/lib/python3.9/site-packages/airflow/example_dags/example_trigger_target_dag.py
[2021-08-11 10:48:49,916] {scheduler_job.py:632} INFO - Processing file /Users/Alex/.local/share/virtualenvs/airflow-1c5-bq0J/lib/python3.9/site-packages/airflow/example_dags/example_trigger_target_dag.py for tasks to queue
[2021-08-11 10:48:49,917] {logging_mixin.py:104} INFO - [2021-08-11 10:48:49,917] {dagbag.py:496} INFO - Filling up the DagBag from /Users/Alex/.local/share/virtualenvs/airflow-1c5-bq0J/lib/python3.9/site-packages/airflow/example_dags/example_trigger_target_dag.py
[2021-08-11 10:48:49,925] {scheduler_job.py:642} INFO - DAG(s) dict_keys(['example_trigger_target_dag']) retrieved from /Users/Alex/.local/share/virtualenvs/airflow-1c5-bq0J/lib/python3.9/site-packages/airflow/example_dags/example_trigger_target_dag.py
[2021-08-11 10:48:49,949] {logging_mixin.py:104} INFO - [2021-08-11 10:48:49,949] {dag.py:1833} INFO - Sync 1 DAGs
[2021-08-11 10:48:49,954] {logging_mixin.py:104} INFO - [2021-08-11 10:48:49,954] {dag.py:2306} INFO - Setting next_dagrun for example_trigger_target_dag to None
[2021-08-11 10:48:49,964] {scheduler_job.py:189} INFO - Processing /Users/Alex/.local/share/virtualenvs/airflow-1c5-bq0J/lib/python3.9/site-packages/airflow/example_dags/example_trigger_target_dag.py took 0.049 seconds
[2021-08-11 10:49:49,976] {scheduler_job.py:181} INFO - Started process (PID=69866) to work on /Users/Alex/.local/share/virtualenvs/airflow-1c5-bq0J/lib/python3.9/site-packages/airflow/example_dags/example_trigger_target_dag.py
[2021-08-11 10:49:49,976] {scheduler_job.py:632} INFO - Processing file /Users/Alex/.local/share/virtualenvs/airflow-1c5-bq0J/lib/python3.9/site-packages/airflow/example_dags/example_trigger_target_dag.py for tasks to queue
[2021-08-11 10:49:49,977] {logging_mixin.py:104} INFO - [2021-08-11 10:49:49,976] {dagbag.py:496} INFO - Filling up the DagBag from /Users/Alex/.local/share/virtualenvs/airflow-1c5-bq0J/lib/python3.9/site-packages/airflow/example_dags/example_trigger_target_dag.py
[2021-08-11 10:49:49,984] {scheduler_job.py:642} INFO - DAG(s) dict_keys(['example_trigger_target_dag']) retrieved from /Users/Alex/.local/share/virtualenvs/airflow-1c5-bq0J/lib/python3.9/site-packages/airflow/example_dags/example_trigger_target_dag.py
[2021-08-11 10:49:50,009] {logging_mixin.py:104} INFO - [2021-08-11 10:49:50,008] {dag.py:1833} INFO - Sync 1 DAGs
[2021-08-11 10:49:50,014] {logging_mixin.py:104} INFO - [2021-08-11 10:49:50,014] {dag.py:2306} INFO - Setting next_dagrun for example_trigger_target_dag to None
[2021-08-11 10:49:50,020] {scheduler_job.py:189} INFO - Processing /Users/Alex/.local/share/virtualenvs/airflow-1c5-bq0J/lib/python3.9/site-packages/airflow/example_dags/example_trigger_target_dag.py took 0.044 seconds
[2021-08-11 10:50:49,692] {scheduler_job.py:181} INFO - Started process (PID=69980) to work on /Users/Alex/.local/share/virtualenvs/airflow-1c5-bq0J/lib/python3.9/site-packages/airflow/example_dags/example_trigger_target_dag.py
[2021-08-11 10:50:49,694] {scheduler_job.py:632} INFO - Processing file /Users/Alex/.local/share/virtualenvs/airflow-1c5-bq0J/lib/python3.9/site-packages/airflow/example_dags/example_trigger_target_dag.py for tasks to queue
[2021-08-11 10:50:49,695] {logging_mixin.py:104} INFO - [2021-08-11 10:50:49,695] {dagbag.py:496} INFO - Filling up the DagBag from /Users/Alex/.local/share/virtualenvs/airflow-1c5-bq0J/lib/python3.9/site-packages/airflow/example_dags/example_trigger_target_dag.py
[2021-08-11 10:50:49,703] {scheduler_job.py:642} INFO - DAG(s) dict_keys(['example_trigger_target_dag']) retrieved from /Users/Alex/.local/share/virtualenvs/airflow-1c5-bq0J/lib/python3.9/site-packages/airflow/example_dags/example_trigger_target_dag.py
[2021-08-11 10:50:49,732] {logging_mixin.py:104} INFO - [2021-08-11 10:50:49,731] {dag.py:1833} INFO - Sync 1 DAGs
[2021-08-11 10:50:49,738] {logging_mixin.py:104} INFO - [2021-08-11 10:50:49,738] {dag.py:2306} INFO - Setting next_dagrun for example_trigger_target_dag to None
[2021-08-11 10:50:49,746] {scheduler_job.py:189} INFO - Processing /Users/Alex/.local/share/virtualenvs/airflow-1c5-bq0J/lib/python3.9/site-packages/airflow/example_dags/example_trigger_target_dag.py took 0.054 seconds
[2021-08-11 10:51:46,242] {scheduler_job.py:181} INFO - Started process (PID=70085) to work on /Users/Alex/.local/share/virtualenvs/airflow-1c5-bq0J/lib/python3.9/site-packages/airflow/example_dags/example_trigger_target_dag.py
[2021-08-11 10:51:46,243] {scheduler_job.py:632} INFO - Processing file /Users/Alex/.local/share/virtualenvs/airflow-1c5-bq0J/lib/python3.9/site-packages/airflow/example_dags/example_trigger_target_dag.py for tasks to queue
[2021-08-11 10:51:46,244] {logging_mixin.py:104} INFO - [2021-08-11 10:51:46,244] {dagbag.py:496} INFO - Filling up the DagBag from /Users/Alex/.local/share/virtualenvs/airflow-1c5-bq0J/lib/python3.9/site-packages/airflow/example_dags/example_trigger_target_dag.py
[2021-08-11 10:51:46,262] {scheduler_job.py:642} INFO - DAG(s) dict_keys(['example_trigger_target_dag']) retrieved from /Users/Alex/.local/share/virtualenvs/airflow-1c5-bq0J/lib/python3.9/site-packages/airflow/example_dags/example_trigger_target_dag.py
[2021-08-11 10:51:46,337] {logging_mixin.py:104} INFO - [2021-08-11 10:51:46,337] {dag.py:1833} INFO - Sync 1 DAGs
[2021-08-11 10:51:46,355] {logging_mixin.py:104} INFO - [2021-08-11 10:51:46,355] {dag.py:2306} INFO - Setting next_dagrun for example_trigger_target_dag to None
[2021-08-11 10:51:46,372] {scheduler_job.py:189} INFO - Processing /Users/Alex/.local/share/virtualenvs/airflow-1c5-bq0J/lib/python3.9/site-packages/airflow/example_dags/example_trigger_target_dag.py took 0.132 seconds
[2021-08-11 10:52:42,337] {scheduler_job.py:181} INFO - Started process (PID=70192) to work on /Users/Alex/.local/share/virtualenvs/airflow-1c5-bq0J/lib/python3.9/site-packages/airflow/example_dags/example_trigger_target_dag.py
[2021-08-11 10:52:42,338] {scheduler_job.py:632} INFO - Processing file /Users/Alex/.local/share/virtualenvs/airflow-1c5-bq0J/lib/python3.9/site-packages/airflow/example_dags/example_trigger_target_dag.py for tasks to queue
[2021-08-11 10:52:42,338] {logging_mixin.py:104} INFO - [2021-08-11 10:52:42,338] {dagbag.py:496} INFO - Filling up the DagBag from /Users/Alex/.local/share/virtualenvs/airflow-1c5-bq0J/lib/python3.9/site-packages/airflow/example_dags/example_trigger_target_dag.py
[2021-08-11 10:52:42,347] {scheduler_job.py:642} INFO - DAG(s) dict_keys(['example_trigger_target_dag']) retrieved from /Users/Alex/.local/share/virtualenvs/airflow-1c5-bq0J/lib/python3.9/site-packages/airflow/example_dags/example_trigger_target_dag.py
[2021-08-11 10:52:42,383] {logging_mixin.py:104} INFO - [2021-08-11 10:52:42,383] {dag.py:1833} INFO - Sync 1 DAGs
[2021-08-11 10:52:42,393] {logging_mixin.py:104} INFO - [2021-08-11 10:52:42,393] {dag.py:2306} INFO - Setting next_dagrun for example_trigger_target_dag to None
[2021-08-11 10:52:42,403] {scheduler_job.py:189} INFO - Processing /Users/Alex/.local/share/virtualenvs/airflow-1c5-bq0J/lib/python3.9/site-packages/airflow/example_dags/example_trigger_target_dag.py took 0.066 seconds
[2021-08-11 10:53:39,049] {scheduler_job.py:181} INFO - Started process (PID=70298) to work on /Users/Alex/.local/share/virtualenvs/airflow-1c5-bq0J/lib/python3.9/site-packages/airflow/example_dags/example_trigger_target_dag.py
[2021-08-11 10:53:39,051] {scheduler_job.py:632} INFO - Processing file /Users/Alex/.local/share/virtualenvs/airflow-1c5-bq0J/lib/python3.9/site-packages/airflow/example_dags/example_trigger_target_dag.py for tasks to queue
[2021-08-11 10:53:39,052] {logging_mixin.py:104} INFO - [2021-08-11 10:53:39,052] {dagbag.py:496} INFO - Filling up the DagBag from /Users/Alex/.local/share/virtualenvs/airflow-1c5-bq0J/lib/python3.9/site-packages/airflow/example_dags/example_trigger_target_dag.py
[2021-08-11 10:53:39,060] {scheduler_job.py:642} INFO - DAG(s) dict_keys(['example_trigger_target_dag']) retrieved from /Users/Alex/.local/share/virtualenvs/airflow-1c5-bq0J/lib/python3.9/site-packages/airflow/example_dags/example_trigger_target_dag.py
[2021-08-11 10:53:39,085] {logging_mixin.py:104} INFO - [2021-08-11 10:53:39,085] {dag.py:1833} INFO - Sync 1 DAGs
[2021-08-11 10:53:39,091] {logging_mixin.py:104} INFO - [2021-08-11 10:53:39,091] {dag.py:2306} INFO - Setting next_dagrun for example_trigger_target_dag to None
[2021-08-11 10:53:39,097] {scheduler_job.py:189} INFO - Processing /Users/Alex/.local/share/virtualenvs/airflow-1c5-bq0J/lib/python3.9/site-packages/airflow/example_dags/example_trigger_target_dag.py took 0.049 seconds
[2021-08-11 10:54:30,918] {scheduler_job.py:181} INFO - Started process (PID=70375) to work on /Users/Alex/.local/share/virtualenvs/airflow-1c5-bq0J/lib/python3.9/site-packages/airflow/example_dags/example_trigger_target_dag.py
[2021-08-11 10:54:30,919] {scheduler_job.py:632} INFO - Processing file /Users/Alex/.local/share/virtualenvs/airflow-1c5-bq0J/lib/python3.9/site-packages/airflow/example_dags/example_trigger_target_dag.py for tasks to queue
[2021-08-11 10:54:30,919] {logging_mixin.py:104} INFO - [2021-08-11 10:54:30,919] {dagbag.py:496} INFO - Filling up the DagBag from /Users/Alex/.local/share/virtualenvs/airflow-1c5-bq0J/lib/python3.9/site-packages/airflow/example_dags/example_trigger_target_dag.py
[2021-08-11 10:54:30,926] {scheduler_job.py:642} INFO - DAG(s) dict_keys(['example_trigger_target_dag']) retrieved from /Users/Alex/.local/share/virtualenvs/airflow-1c5-bq0J/lib/python3.9/site-packages/airflow/example_dags/example_trigger_target_dag.py
[2021-08-11 10:54:30,951] {logging_mixin.py:104} INFO - [2021-08-11 10:54:30,951] {dag.py:1833} INFO - Sync 1 DAGs
[2021-08-11 10:54:30,957] {logging_mixin.py:104} INFO - [2021-08-11 10:54:30,957] {dag.py:2306} INFO - Setting next_dagrun for example_trigger_target_dag to None
[2021-08-11 10:54:30,966] {scheduler_job.py:189} INFO - Processing /Users/Alex/.local/share/virtualenvs/airflow-1c5-bq0J/lib/python3.9/site-packages/airflow/example_dags/example_trigger_target_dag.py took 0.049 seconds
[2021-08-11 10:55:32,905] {scheduler_job.py:181} INFO - Started process (PID=70489) to work on /Users/Alex/.local/share/virtualenvs/airflow-1c5-bq0J/lib/python3.9/site-packages/airflow/example_dags/example_trigger_target_dag.py
[2021-08-11 10:55:32,906] {scheduler_job.py:632} INFO - Processing file /Users/Alex/.local/share/virtualenvs/airflow-1c5-bq0J/lib/python3.9/site-packages/airflow/example_dags/example_trigger_target_dag.py for tasks to queue
[2021-08-11 10:55:32,907] {logging_mixin.py:104} INFO - [2021-08-11 10:55:32,906] {dagbag.py:496} INFO - Filling up the DagBag from /Users/Alex/.local/share/virtualenvs/airflow-1c5-bq0J/lib/python3.9/site-packages/airflow/example_dags/example_trigger_target_dag.py
[2021-08-11 10:55:32,914] {scheduler_job.py:642} INFO - DAG(s) dict_keys(['example_trigger_target_dag']) retrieved from /Users/Alex/.local/share/virtualenvs/airflow-1c5-bq0J/lib/python3.9/site-packages/airflow/example_dags/example_trigger_target_dag.py
[2021-08-11 10:55:32,939] {logging_mixin.py:104} INFO - [2021-08-11 10:55:32,939] {dag.py:1833} INFO - Sync 1 DAGs
[2021-08-11 10:55:32,944] {logging_mixin.py:104} INFO - [2021-08-11 10:55:32,944] {dag.py:2306} INFO - Setting next_dagrun for example_trigger_target_dag to None
[2021-08-11 10:55:32,953] {scheduler_job.py:189} INFO - Processing /Users/Alex/.local/share/virtualenvs/airflow-1c5-bq0J/lib/python3.9/site-packages/airflow/example_dags/example_trigger_target_dag.py took 0.049 seconds
[2021-08-11 10:56:31,825] {scheduler_job.py:181} INFO - Started process (PID=70590) to work on /Users/Alex/.local/share/virtualenvs/airflow-1c5-bq0J/lib/python3.9/site-packages/airflow/example_dags/example_trigger_target_dag.py
[2021-08-11 10:56:31,826] {scheduler_job.py:632} INFO - Processing file /Users/Alex/.local/share/virtualenvs/airflow-1c5-bq0J/lib/python3.9/site-packages/airflow/example_dags/example_trigger_target_dag.py for tasks to queue
[2021-08-11 10:56:31,826] {logging_mixin.py:104} INFO - [2021-08-11 10:56:31,826] {dagbag.py:496} INFO - Filling up the DagBag from /Users/Alex/.local/share/virtualenvs/airflow-1c5-bq0J/lib/python3.9/site-packages/airflow/example_dags/example_trigger_target_dag.py
[2021-08-11 10:56:31,833] {scheduler_job.py:642} INFO - DAG(s) dict_keys(['example_trigger_target_dag']) retrieved from /Users/Alex/.local/share/virtualenvs/airflow-1c5-bq0J/lib/python3.9/site-packages/airflow/example_dags/example_trigger_target_dag.py
[2021-08-11 10:56:31,858] {logging_mixin.py:104} INFO - [2021-08-11 10:56:31,858] {dag.py:1833} INFO - Sync 1 DAGs
[2021-08-11 10:56:31,864] {logging_mixin.py:104} INFO - [2021-08-11 10:56:31,864] {dag.py:2306} INFO - Setting next_dagrun for example_trigger_target_dag to None
[2021-08-11 10:56:31,870] {scheduler_job.py:189} INFO - Processing /Users/Alex/.local/share/virtualenvs/airflow-1c5-bq0J/lib/python3.9/site-packages/airflow/example_dags/example_trigger_target_dag.py took 0.045 seconds
[2021-08-11 10:57:26,750] {scheduler_job.py:181} INFO - Started process (PID=70708) to work on /Users/Alex/.local/share/virtualenvs/airflow-1c5-bq0J/lib/python3.9/site-packages/airflow/example_dags/example_trigger_target_dag.py
[2021-08-11 10:57:26,750] {scheduler_job.py:632} INFO - Processing file /Users/Alex/.local/share/virtualenvs/airflow-1c5-bq0J/lib/python3.9/site-packages/airflow/example_dags/example_trigger_target_dag.py for tasks to queue
[2021-08-11 10:57:26,751] {logging_mixin.py:104} INFO - [2021-08-11 10:57:26,751] {dagbag.py:496} INFO - Filling up the DagBag from /Users/Alex/.local/share/virtualenvs/airflow-1c5-bq0J/lib/python3.9/site-packages/airflow/example_dags/example_trigger_target_dag.py
[2021-08-11 10:57:26,763] {scheduler_job.py:642} INFO - DAG(s) dict_keys(['example_trigger_target_dag']) retrieved from /Users/Alex/.local/share/virtualenvs/airflow-1c5-bq0J/lib/python3.9/site-packages/airflow/example_dags/example_trigger_target_dag.py
[2021-08-11 10:57:26,788] {logging_mixin.py:104} INFO - [2021-08-11 10:57:26,788] {dag.py:1833} INFO - Sync 1 DAGs
[2021-08-11 10:57:26,795] {logging_mixin.py:104} INFO - [2021-08-11 10:57:26,795] {dag.py:2306} INFO - Setting next_dagrun for example_trigger_target_dag to None
[2021-08-11 10:57:26,806] {scheduler_job.py:189} INFO - Processing /Users/Alex/.local/share/virtualenvs/airflow-1c5-bq0J/lib/python3.9/site-packages/airflow/example_dags/example_trigger_target_dag.py took 0.057 seconds
[2021-08-11 10:58:23,585] {scheduler_job.py:181} INFO - Started process (PID=70816) to work on /Users/Alex/.local/share/virtualenvs/airflow-1c5-bq0J/lib/python3.9/site-packages/airflow/example_dags/example_trigger_target_dag.py
[2021-08-11 10:58:23,585] {scheduler_job.py:632} INFO - Processing file /Users/Alex/.local/share/virtualenvs/airflow-1c5-bq0J/lib/python3.9/site-packages/airflow/example_dags/example_trigger_target_dag.py for tasks to queue
[2021-08-11 10:58:23,585] {logging_mixin.py:104} INFO - [2021-08-11 10:58:23,585] {dagbag.py:496} INFO - Filling up the DagBag from /Users/Alex/.local/share/virtualenvs/airflow-1c5-bq0J/lib/python3.9/site-packages/airflow/example_dags/example_trigger_target_dag.py
[2021-08-11 10:58:23,593] {scheduler_job.py:642} INFO - DAG(s) dict_keys(['example_trigger_target_dag']) retrieved from /Users/Alex/.local/share/virtualenvs/airflow-1c5-bq0J/lib/python3.9/site-packages/airflow/example_dags/example_trigger_target_dag.py
[2021-08-11 10:58:23,618] {logging_mixin.py:104} INFO - [2021-08-11 10:58:23,618] {dag.py:1833} INFO - Sync 1 DAGs
[2021-08-11 10:58:23,623] {logging_mixin.py:104} INFO - [2021-08-11 10:58:23,623] {dag.py:2306} INFO - Setting next_dagrun for example_trigger_target_dag to None
[2021-08-11 10:58:23,631] {scheduler_job.py:189} INFO - Processing /Users/Alex/.local/share/virtualenvs/airflow-1c5-bq0J/lib/python3.9/site-packages/airflow/example_dags/example_trigger_target_dag.py took 0.047 seconds
[2021-08-11 10:59:23,580] {scheduler_job.py:181} INFO - Started process (PID=70922) to work on /Users/Alex/.local/share/virtualenvs/airflow-1c5-bq0J/lib/python3.9/site-packages/airflow/example_dags/example_trigger_target_dag.py
[2021-08-11 10:59:23,580] {scheduler_job.py:632} INFO - Processing file /Users/Alex/.local/share/virtualenvs/airflow-1c5-bq0J/lib/python3.9/site-packages/airflow/example_dags/example_trigger_target_dag.py for tasks to queue
[2021-08-11 10:59:23,581] {logging_mixin.py:104} INFO - [2021-08-11 10:59:23,580] {dagbag.py:496} INFO - Filling up the DagBag from /Users/Alex/.local/share/virtualenvs/airflow-1c5-bq0J/lib/python3.9/site-packages/airflow/example_dags/example_trigger_target_dag.py
[2021-08-11 10:59:23,588] {scheduler_job.py:642} INFO - DAG(s) dict_keys(['example_trigger_target_dag']) retrieved from /Users/Alex/.local/share/virtualenvs/airflow-1c5-bq0J/lib/python3.9/site-packages/airflow/example_dags/example_trigger_target_dag.py
[2021-08-11 10:59:23,616] {logging_mixin.py:104} INFO - [2021-08-11 10:59:23,615] {dag.py:1833} INFO - Sync 1 DAGs
[2021-08-11 10:59:23,621] {logging_mixin.py:104} INFO - [2021-08-11 10:59:23,621] {dag.py:2306} INFO - Setting next_dagrun for example_trigger_target_dag to None
[2021-08-11 10:59:23,631] {scheduler_job.py:189} INFO - Processing /Users/Alex/.local/share/virtualenvs/airflow-1c5-bq0J/lib/python3.9/site-packages/airflow/example_dags/example_trigger_target_dag.py took 0.051 seconds
[2021-08-11 11:00:20,906] {scheduler_job.py:181} INFO - Started process (PID=71047) to work on /Users/Alex/.local/share/virtualenvs/airflow-1c5-bq0J/lib/python3.9/site-packages/airflow/example_dags/example_trigger_target_dag.py
[2021-08-11 11:00:20,906] {scheduler_job.py:632} INFO - Processing file /Users/Alex/.local/share/virtualenvs/airflow-1c5-bq0J/lib/python3.9/site-packages/airflow/example_dags/example_trigger_target_dag.py for tasks to queue
[2021-08-11 11:00:20,907] {logging_mixin.py:104} INFO - [2021-08-11 11:00:20,907] {dagbag.py:496} INFO - Filling up the DagBag from /Users/Alex/.local/share/virtualenvs/airflow-1c5-bq0J/lib/python3.9/site-packages/airflow/example_dags/example_trigger_target_dag.py
[2021-08-11 11:00:20,914] {scheduler_job.py:642} INFO - DAG(s) dict_keys(['example_trigger_target_dag']) retrieved from /Users/Alex/.local/share/virtualenvs/airflow-1c5-bq0J/lib/python3.9/site-packages/airflow/example_dags/example_trigger_target_dag.py
[2021-08-11 11:00:20,938] {logging_mixin.py:104} INFO - [2021-08-11 11:00:20,938] {dag.py:1833} INFO - Sync 1 DAGs
[2021-08-11 11:00:20,944] {logging_mixin.py:104} INFO - [2021-08-11 11:00:20,943] {dag.py:2306} INFO - Setting next_dagrun for example_trigger_target_dag to None
[2021-08-11 11:00:20,949] {scheduler_job.py:189} INFO - Processing /Users/Alex/.local/share/virtualenvs/airflow-1c5-bq0J/lib/python3.9/site-packages/airflow/example_dags/example_trigger_target_dag.py took 0.044 seconds
[2021-08-11 11:01:21,820] {scheduler_job.py:181} INFO - Started process (PID=71155) to work on /Users/Alex/.local/share/virtualenvs/airflow-1c5-bq0J/lib/python3.9/site-packages/airflow/example_dags/example_trigger_target_dag.py
[2021-08-11 11:01:21,821] {scheduler_job.py:632} INFO - Processing file /Users/Alex/.local/share/virtualenvs/airflow-1c5-bq0J/lib/python3.9/site-packages/airflow/example_dags/example_trigger_target_dag.py for tasks to queue
[2021-08-11 11:01:21,821] {logging_mixin.py:104} INFO - [2021-08-11 11:01:21,821] {dagbag.py:496} INFO - Filling up the DagBag from /Users/Alex/.local/share/virtualenvs/airflow-1c5-bq0J/lib/python3.9/site-packages/airflow/example_dags/example_trigger_target_dag.py
[2021-08-11 11:01:21,829] {scheduler_job.py:642} INFO - DAG(s) dict_keys(['example_trigger_target_dag']) retrieved from /Users/Alex/.local/share/virtualenvs/airflow-1c5-bq0J/lib/python3.9/site-packages/airflow/example_dags/example_trigger_target_dag.py
[2021-08-11 11:01:21,854] {logging_mixin.py:104} INFO - [2021-08-11 11:01:21,854] {dag.py:1833} INFO - Sync 1 DAGs
[2021-08-11 11:01:21,860] {logging_mixin.py:104} INFO - [2021-08-11 11:01:21,860] {dag.py:2306} INFO - Setting next_dagrun for example_trigger_target_dag to None
[2021-08-11 11:01:21,869] {scheduler_job.py:189} INFO - Processing /Users/Alex/.local/share/virtualenvs/airflow-1c5-bq0J/lib/python3.9/site-packages/airflow/example_dags/example_trigger_target_dag.py took 0.049 seconds
