[2021-08-11 10:44:57,728] {scheduler_job.py:181} INFO - Started process (PID=69466) to work on /Users/Alex/.local/share/virtualenvs/airflow-1c5-bq0J/lib/python3.9/site-packages/airflow/example_dags/example_branch_datetime_operator.py
[2021-08-11 10:44:57,728] {scheduler_job.py:632} INFO - Processing file /Users/Alex/.local/share/virtualenvs/airflow-1c5-bq0J/lib/python3.9/site-packages/airflow/example_dags/example_branch_datetime_operator.py for tasks to queue
[2021-08-11 10:44:57,728] {logging_mixin.py:104} INFO - [2021-08-11 10:44:57,728] {dagbag.py:496} INFO - Filling up the DagBag from /Users/Alex/.local/share/virtualenvs/airflow-1c5-bq0J/lib/python3.9/site-packages/airflow/example_dags/example_branch_datetime_operator.py
[2021-08-11 10:44:57,736] {scheduler_job.py:642} INFO - DAG(s) dict_keys(['example_branch_datetime_operator_2']) retrieved from /Users/Alex/.local/share/virtualenvs/airflow-1c5-bq0J/lib/python3.9/site-packages/airflow/example_dags/example_branch_datetime_operator.py
[2021-08-11 10:44:57,765] {logging_mixin.py:104} INFO - [2021-08-11 10:44:57,765] {dag.py:1833} INFO - Sync 1 DAGs
[2021-08-11 10:44:57,774] {logging_mixin.py:104} INFO - [2021-08-11 10:44:57,774] {dag.py:2306} INFO - Setting next_dagrun for example_branch_datetime_operator_2 to 2021-08-09 00:00:00+00:00
[2021-08-11 10:44:57,794] {scheduler_job.py:189} INFO - Processing /Users/Alex/.local/share/virtualenvs/airflow-1c5-bq0J/lib/python3.9/site-packages/airflow/example_dags/example_branch_datetime_operator.py took 0.067 seconds
[2021-08-11 10:46:12,766] {scheduler_job.py:181} INFO - Started process (PID=69575) to work on /Users/Alex/.local/share/virtualenvs/airflow-1c5-bq0J/lib/python3.9/site-packages/airflow/example_dags/example_branch_datetime_operator.py
[2021-08-11 10:46:12,766] {scheduler_job.py:632} INFO - Processing file /Users/Alex/.local/share/virtualenvs/airflow-1c5-bq0J/lib/python3.9/site-packages/airflow/example_dags/example_branch_datetime_operator.py for tasks to queue
[2021-08-11 10:46:12,766] {logging_mixin.py:104} INFO - [2021-08-11 10:46:12,766] {dagbag.py:496} INFO - Filling up the DagBag from /Users/Alex/.local/share/virtualenvs/airflow-1c5-bq0J/lib/python3.9/site-packages/airflow/example_dags/example_branch_datetime_operator.py
[2021-08-11 10:46:12,773] {scheduler_job.py:642} INFO - DAG(s) dict_keys(['example_branch_datetime_operator_2']) retrieved from /Users/Alex/.local/share/virtualenvs/airflow-1c5-bq0J/lib/python3.9/site-packages/airflow/example_dags/example_branch_datetime_operator.py
[2021-08-11 10:46:12,797] {logging_mixin.py:104} INFO - [2021-08-11 10:46:12,797] {dag.py:1833} INFO - Sync 1 DAGs
[2021-08-11 10:46:12,804] {logging_mixin.py:104} INFO - [2021-08-11 10:46:12,804] {dag.py:2306} INFO - Setting next_dagrun for example_branch_datetime_operator_2 to 2021-08-09 00:00:00+00:00
[2021-08-11 10:46:12,814] {scheduler_job.py:189} INFO - Processing /Users/Alex/.local/share/virtualenvs/airflow-1c5-bq0J/lib/python3.9/site-packages/airflow/example_dags/example_branch_datetime_operator.py took 0.049 seconds
[2021-08-11 10:47:36,491] {scheduler_job.py:181} INFO - Started process (PID=69670) to work on /Users/Alex/.local/share/virtualenvs/airflow-1c5-bq0J/lib/python3.9/site-packages/airflow/example_dags/example_branch_datetime_operator.py
[2021-08-11 10:47:36,491] {scheduler_job.py:632} INFO - Processing file /Users/Alex/.local/share/virtualenvs/airflow-1c5-bq0J/lib/python3.9/site-packages/airflow/example_dags/example_branch_datetime_operator.py for tasks to queue
[2021-08-11 10:47:36,492] {logging_mixin.py:104} INFO - [2021-08-11 10:47:36,492] {dagbag.py:496} INFO - Filling up the DagBag from /Users/Alex/.local/share/virtualenvs/airflow-1c5-bq0J/lib/python3.9/site-packages/airflow/example_dags/example_branch_datetime_operator.py
[2021-08-11 10:47:36,498] {scheduler_job.py:642} INFO - DAG(s) dict_keys(['example_branch_datetime_operator_2']) retrieved from /Users/Alex/.local/share/virtualenvs/airflow-1c5-bq0J/lib/python3.9/site-packages/airflow/example_dags/example_branch_datetime_operator.py
[2021-08-11 10:47:36,524] {logging_mixin.py:104} INFO - [2021-08-11 10:47:36,524] {dag.py:1833} INFO - Sync 1 DAGs
[2021-08-11 10:47:36,531] {logging_mixin.py:104} INFO - [2021-08-11 10:47:36,531] {dag.py:2306} INFO - Setting next_dagrun for example_branch_datetime_operator_2 to 2021-08-09 00:00:00+00:00
[2021-08-11 10:47:36,539] {scheduler_job.py:189} INFO - Processing /Users/Alex/.local/share/virtualenvs/airflow-1c5-bq0J/lib/python3.9/site-packages/airflow/example_dags/example_branch_datetime_operator.py took 0.049 seconds
[2021-08-11 10:49:00,106] {scheduler_job.py:181} INFO - Started process (PID=69820) to work on /Users/Alex/.local/share/virtualenvs/airflow-1c5-bq0J/lib/python3.9/site-packages/airflow/example_dags/example_branch_datetime_operator.py
[2021-08-11 10:49:00,106] {scheduler_job.py:632} INFO - Processing file /Users/Alex/.local/share/virtualenvs/airflow-1c5-bq0J/lib/python3.9/site-packages/airflow/example_dags/example_branch_datetime_operator.py for tasks to queue
[2021-08-11 10:49:00,107] {logging_mixin.py:104} INFO - [2021-08-11 10:49:00,107] {dagbag.py:496} INFO - Filling up the DagBag from /Users/Alex/.local/share/virtualenvs/airflow-1c5-bq0J/lib/python3.9/site-packages/airflow/example_dags/example_branch_datetime_operator.py
[2021-08-11 10:49:00,116] {scheduler_job.py:642} INFO - DAG(s) dict_keys(['example_branch_datetime_operator_2']) retrieved from /Users/Alex/.local/share/virtualenvs/airflow-1c5-bq0J/lib/python3.9/site-packages/airflow/example_dags/example_branch_datetime_operator.py
[2021-08-11 10:49:00,144] {logging_mixin.py:104} INFO - [2021-08-11 10:49:00,144] {dag.py:1833} INFO - Sync 1 DAGs
[2021-08-11 10:49:00,153] {logging_mixin.py:104} INFO - [2021-08-11 10:49:00,153] {dag.py:2306} INFO - Setting next_dagrun for example_branch_datetime_operator_2 to 2021-08-09 00:00:00+00:00
[2021-08-11 10:49:00,159] {scheduler_job.py:189} INFO - Processing /Users/Alex/.local/share/virtualenvs/airflow-1c5-bq0J/lib/python3.9/site-packages/airflow/example_dags/example_branch_datetime_operator.py took 0.054 seconds
[2021-08-11 10:49:59,453] {scheduler_job.py:181} INFO - Started process (PID=69880) to work on /Users/Alex/.local/share/virtualenvs/airflow-1c5-bq0J/lib/python3.9/site-packages/airflow/example_dags/example_branch_datetime_operator.py
[2021-08-11 10:49:59,454] {scheduler_job.py:632} INFO - Processing file /Users/Alex/.local/share/virtualenvs/airflow-1c5-bq0J/lib/python3.9/site-packages/airflow/example_dags/example_branch_datetime_operator.py for tasks to queue
[2021-08-11 10:49:59,454] {logging_mixin.py:104} INFO - [2021-08-11 10:49:59,454] {dagbag.py:496} INFO - Filling up the DagBag from /Users/Alex/.local/share/virtualenvs/airflow-1c5-bq0J/lib/python3.9/site-packages/airflow/example_dags/example_branch_datetime_operator.py
[2021-08-11 10:49:59,462] {scheduler_job.py:642} INFO - DAG(s) dict_keys(['example_branch_datetime_operator_2']) retrieved from /Users/Alex/.local/share/virtualenvs/airflow-1c5-bq0J/lib/python3.9/site-packages/airflow/example_dags/example_branch_datetime_operator.py
[2021-08-11 10:49:59,490] {logging_mixin.py:104} INFO - [2021-08-11 10:49:59,490] {dag.py:1833} INFO - Sync 1 DAGs
[2021-08-11 10:49:59,498] {logging_mixin.py:104} INFO - [2021-08-11 10:49:59,497] {dag.py:2306} INFO - Setting next_dagrun for example_branch_datetime_operator_2 to 2021-08-09 00:00:00+00:00
[2021-08-11 10:49:59,506] {scheduler_job.py:189} INFO - Processing /Users/Alex/.local/share/virtualenvs/airflow-1c5-bq0J/lib/python3.9/site-packages/airflow/example_dags/example_branch_datetime_operator.py took 0.054 seconds
[2021-08-11 10:50:59,106] {scheduler_job.py:181} INFO - Started process (PID=69999) to work on /Users/Alex/.local/share/virtualenvs/airflow-1c5-bq0J/lib/python3.9/site-packages/airflow/example_dags/example_branch_datetime_operator.py
[2021-08-11 10:50:59,106] {scheduler_job.py:632} INFO - Processing file /Users/Alex/.local/share/virtualenvs/airflow-1c5-bq0J/lib/python3.9/site-packages/airflow/example_dags/example_branch_datetime_operator.py for tasks to queue
[2021-08-11 10:50:59,106] {logging_mixin.py:104} INFO - [2021-08-11 10:50:59,106] {dagbag.py:496} INFO - Filling up the DagBag from /Users/Alex/.local/share/virtualenvs/airflow-1c5-bq0J/lib/python3.9/site-packages/airflow/example_dags/example_branch_datetime_operator.py
[2021-08-11 10:50:59,113] {scheduler_job.py:642} INFO - DAG(s) dict_keys(['example_branch_datetime_operator_2']) retrieved from /Users/Alex/.local/share/virtualenvs/airflow-1c5-bq0J/lib/python3.9/site-packages/airflow/example_dags/example_branch_datetime_operator.py
[2021-08-11 10:50:59,139] {logging_mixin.py:104} INFO - [2021-08-11 10:50:59,139] {dag.py:1833} INFO - Sync 1 DAGs
[2021-08-11 10:50:59,146] {logging_mixin.py:104} INFO - [2021-08-11 10:50:59,146] {dag.py:2306} INFO - Setting next_dagrun for example_branch_datetime_operator_2 to 2021-08-09 00:00:00+00:00
[2021-08-11 10:50:59,155] {scheduler_job.py:189} INFO - Processing /Users/Alex/.local/share/virtualenvs/airflow-1c5-bq0J/lib/python3.9/site-packages/airflow/example_dags/example_branch_datetime_operator.py took 0.050 seconds
[2021-08-11 10:52:21,900] {scheduler_job.py:181} INFO - Started process (PID=70161) to work on /Users/Alex/.local/share/virtualenvs/airflow-1c5-bq0J/lib/python3.9/site-packages/airflow/example_dags/example_branch_datetime_operator.py
[2021-08-11 10:52:21,900] {scheduler_job.py:632} INFO - Processing file /Users/Alex/.local/share/virtualenvs/airflow-1c5-bq0J/lib/python3.9/site-packages/airflow/example_dags/example_branch_datetime_operator.py for tasks to queue
[2021-08-11 10:52:21,901] {logging_mixin.py:104} INFO - [2021-08-11 10:52:21,901] {dagbag.py:496} INFO - Filling up the DagBag from /Users/Alex/.local/share/virtualenvs/airflow-1c5-bq0J/lib/python3.9/site-packages/airflow/example_dags/example_branch_datetime_operator.py
[2021-08-11 10:52:21,911] {scheduler_job.py:642} INFO - DAG(s) dict_keys(['example_branch_datetime_operator_2']) retrieved from /Users/Alex/.local/share/virtualenvs/airflow-1c5-bq0J/lib/python3.9/site-packages/airflow/example_dags/example_branch_datetime_operator.py
[2021-08-11 10:52:21,948] {logging_mixin.py:104} INFO - [2021-08-11 10:52:21,948] {dag.py:1833} INFO - Sync 1 DAGs
[2021-08-11 10:52:21,959] {logging_mixin.py:104} INFO - [2021-08-11 10:52:21,958] {dag.py:2306} INFO - Setting next_dagrun for example_branch_datetime_operator_2 to 2021-08-09 00:00:00+00:00
[2021-08-11 10:52:21,968] {scheduler_job.py:189} INFO - Processing /Users/Alex/.local/share/virtualenvs/airflow-1c5-bq0J/lib/python3.9/site-packages/airflow/example_dags/example_branch_datetime_operator.py took 0.069 seconds
[2021-08-11 10:53:22,010] {scheduler_job.py:181} INFO - Started process (PID=70274) to work on /Users/Alex/.local/share/virtualenvs/airflow-1c5-bq0J/lib/python3.9/site-packages/airflow/example_dags/example_branch_datetime_operator.py
[2021-08-11 10:53:22,013] {scheduler_job.py:632} INFO - Processing file /Users/Alex/.local/share/virtualenvs/airflow-1c5-bq0J/lib/python3.9/site-packages/airflow/example_dags/example_branch_datetime_operator.py for tasks to queue
[2021-08-11 10:53:22,014] {logging_mixin.py:104} INFO - [2021-08-11 10:53:22,014] {dagbag.py:496} INFO - Filling up the DagBag from /Users/Alex/.local/share/virtualenvs/airflow-1c5-bq0J/lib/python3.9/site-packages/airflow/example_dags/example_branch_datetime_operator.py
[2021-08-11 10:53:22,025] {scheduler_job.py:642} INFO - DAG(s) dict_keys(['example_branch_datetime_operator_2']) retrieved from /Users/Alex/.local/share/virtualenvs/airflow-1c5-bq0J/lib/python3.9/site-packages/airflow/example_dags/example_branch_datetime_operator.py
[2021-08-11 10:53:22,054] {logging_mixin.py:104} INFO - [2021-08-11 10:53:22,054] {dag.py:1833} INFO - Sync 1 DAGs
[2021-08-11 10:53:22,062] {logging_mixin.py:104} INFO - [2021-08-11 10:53:22,062] {dag.py:2306} INFO - Setting next_dagrun for example_branch_datetime_operator_2 to 2021-08-09 00:00:00+00:00
[2021-08-11 10:53:22,072] {scheduler_job.py:189} INFO - Processing /Users/Alex/.local/share/virtualenvs/airflow-1c5-bq0J/lib/python3.9/site-packages/airflow/example_dags/example_branch_datetime_operator.py took 0.062 seconds
[2021-08-11 10:54:42,615] {scheduler_job.py:181} INFO - Started process (PID=70396) to work on /Users/Alex/.local/share/virtualenvs/airflow-1c5-bq0J/lib/python3.9/site-packages/airflow/example_dags/example_branch_datetime_operator.py
[2021-08-11 10:54:42,617] {scheduler_job.py:632} INFO - Processing file /Users/Alex/.local/share/virtualenvs/airflow-1c5-bq0J/lib/python3.9/site-packages/airflow/example_dags/example_branch_datetime_operator.py for tasks to queue
[2021-08-11 10:54:42,618] {logging_mixin.py:104} INFO - [2021-08-11 10:54:42,618] {dagbag.py:496} INFO - Filling up the DagBag from /Users/Alex/.local/share/virtualenvs/airflow-1c5-bq0J/lib/python3.9/site-packages/airflow/example_dags/example_branch_datetime_operator.py
[2021-08-11 10:54:42,627] {scheduler_job.py:642} INFO - DAG(s) dict_keys(['example_branch_datetime_operator_2']) retrieved from /Users/Alex/.local/share/virtualenvs/airflow-1c5-bq0J/lib/python3.9/site-packages/airflow/example_dags/example_branch_datetime_operator.py
[2021-08-11 10:54:42,654] {logging_mixin.py:104} INFO - [2021-08-11 10:54:42,653] {dag.py:1833} INFO - Sync 1 DAGs
[2021-08-11 10:54:42,661] {logging_mixin.py:104} INFO - [2021-08-11 10:54:42,661] {dag.py:2306} INFO - Setting next_dagrun for example_branch_datetime_operator_2 to 2021-08-09 00:00:00+00:00
[2021-08-11 10:54:42,670] {scheduler_job.py:189} INFO - Processing /Users/Alex/.local/share/virtualenvs/airflow-1c5-bq0J/lib/python3.9/site-packages/airflow/example_dags/example_branch_datetime_operator.py took 0.055 seconds
[2021-08-11 10:55:42,372] {scheduler_job.py:181} INFO - Started process (PID=70507) to work on /Users/Alex/.local/share/virtualenvs/airflow-1c5-bq0J/lib/python3.9/site-packages/airflow/example_dags/example_branch_datetime_operator.py
[2021-08-11 10:55:42,372] {scheduler_job.py:632} INFO - Processing file /Users/Alex/.local/share/virtualenvs/airflow-1c5-bq0J/lib/python3.9/site-packages/airflow/example_dags/example_branch_datetime_operator.py for tasks to queue
[2021-08-11 10:55:42,372] {logging_mixin.py:104} INFO - [2021-08-11 10:55:42,372] {dagbag.py:496} INFO - Filling up the DagBag from /Users/Alex/.local/share/virtualenvs/airflow-1c5-bq0J/lib/python3.9/site-packages/airflow/example_dags/example_branch_datetime_operator.py
[2021-08-11 10:55:42,379] {scheduler_job.py:642} INFO - DAG(s) dict_keys(['example_branch_datetime_operator_2']) retrieved from /Users/Alex/.local/share/virtualenvs/airflow-1c5-bq0J/lib/python3.9/site-packages/airflow/example_dags/example_branch_datetime_operator.py
[2021-08-11 10:55:42,407] {logging_mixin.py:104} INFO - [2021-08-11 10:55:42,407] {dag.py:1833} INFO - Sync 1 DAGs
[2021-08-11 10:55:42,417] {logging_mixin.py:104} INFO - [2021-08-11 10:55:42,417] {dag.py:2306} INFO - Setting next_dagrun for example_branch_datetime_operator_2 to 2021-08-09 00:00:00+00:00
[2021-08-11 10:55:42,427] {scheduler_job.py:189} INFO - Processing /Users/Alex/.local/share/virtualenvs/airflow-1c5-bq0J/lib/python3.9/site-packages/airflow/example_dags/example_branch_datetime_operator.py took 0.056 seconds
[2021-08-11 10:56:41,257] {scheduler_job.py:181} INFO - Started process (PID=70609) to work on /Users/Alex/.local/share/virtualenvs/airflow-1c5-bq0J/lib/python3.9/site-packages/airflow/example_dags/example_branch_datetime_operator.py
[2021-08-11 10:56:41,259] {scheduler_job.py:632} INFO - Processing file /Users/Alex/.local/share/virtualenvs/airflow-1c5-bq0J/lib/python3.9/site-packages/airflow/example_dags/example_branch_datetime_operator.py for tasks to queue
[2021-08-11 10:56:41,260] {logging_mixin.py:104} INFO - [2021-08-11 10:56:41,260] {dagbag.py:496} INFO - Filling up the DagBag from /Users/Alex/.local/share/virtualenvs/airflow-1c5-bq0J/lib/python3.9/site-packages/airflow/example_dags/example_branch_datetime_operator.py
[2021-08-11 10:56:41,268] {scheduler_job.py:642} INFO - DAG(s) dict_keys(['example_branch_datetime_operator_2']) retrieved from /Users/Alex/.local/share/virtualenvs/airflow-1c5-bq0J/lib/python3.9/site-packages/airflow/example_dags/example_branch_datetime_operator.py
[2021-08-11 10:56:41,296] {logging_mixin.py:104} INFO - [2021-08-11 10:56:41,296] {dag.py:1833} INFO - Sync 1 DAGs
[2021-08-11 10:56:41,305] {logging_mixin.py:104} INFO - [2021-08-11 10:56:41,305] {dag.py:2306} INFO - Setting next_dagrun for example_branch_datetime_operator_2 to 2021-08-09 00:00:00+00:00
[2021-08-11 10:56:41,317] {scheduler_job.py:189} INFO - Processing /Users/Alex/.local/share/virtualenvs/airflow-1c5-bq0J/lib/python3.9/site-packages/airflow/example_dags/example_branch_datetime_operator.py took 0.061 seconds
[2021-08-11 10:58:04,762] {scheduler_job.py:181} INFO - Started process (PID=70780) to work on /Users/Alex/.local/share/virtualenvs/airflow-1c5-bq0J/lib/python3.9/site-packages/airflow/example_dags/example_branch_datetime_operator.py
[2021-08-11 10:58:04,762] {scheduler_job.py:632} INFO - Processing file /Users/Alex/.local/share/virtualenvs/airflow-1c5-bq0J/lib/python3.9/site-packages/airflow/example_dags/example_branch_datetime_operator.py for tasks to queue
[2021-08-11 10:58:04,762] {logging_mixin.py:104} INFO - [2021-08-11 10:58:04,762] {dagbag.py:496} INFO - Filling up the DagBag from /Users/Alex/.local/share/virtualenvs/airflow-1c5-bq0J/lib/python3.9/site-packages/airflow/example_dags/example_branch_datetime_operator.py
[2021-08-11 10:58:04,769] {scheduler_job.py:642} INFO - DAG(s) dict_keys(['example_branch_datetime_operator_2']) retrieved from /Users/Alex/.local/share/virtualenvs/airflow-1c5-bq0J/lib/python3.9/site-packages/airflow/example_dags/example_branch_datetime_operator.py
[2021-08-11 10:58:04,792] {logging_mixin.py:104} INFO - [2021-08-11 10:58:04,792] {dag.py:1833} INFO - Sync 1 DAGs
[2021-08-11 10:58:04,799] {logging_mixin.py:104} INFO - [2021-08-11 10:58:04,799] {dag.py:2306} INFO - Setting next_dagrun for example_branch_datetime_operator_2 to 2021-08-09 00:00:00+00:00
[2021-08-11 10:58:04,805] {scheduler_job.py:189} INFO - Processing /Users/Alex/.local/share/virtualenvs/airflow-1c5-bq0J/lib/python3.9/site-packages/airflow/example_dags/example_branch_datetime_operator.py took 0.044 seconds
[2021-08-11 10:59:06,566] {scheduler_job.py:181} INFO - Started process (PID=70894) to work on /Users/Alex/.local/share/virtualenvs/airflow-1c5-bq0J/lib/python3.9/site-packages/airflow/example_dags/example_branch_datetime_operator.py
[2021-08-11 10:59:06,566] {scheduler_job.py:632} INFO - Processing file /Users/Alex/.local/share/virtualenvs/airflow-1c5-bq0J/lib/python3.9/site-packages/airflow/example_dags/example_branch_datetime_operator.py for tasks to queue
[2021-08-11 10:59:06,566] {logging_mixin.py:104} INFO - [2021-08-11 10:59:06,566] {dagbag.py:496} INFO - Filling up the DagBag from /Users/Alex/.local/share/virtualenvs/airflow-1c5-bq0J/lib/python3.9/site-packages/airflow/example_dags/example_branch_datetime_operator.py
[2021-08-11 10:59:06,574] {scheduler_job.py:642} INFO - DAG(s) dict_keys(['example_branch_datetime_operator_2']) retrieved from /Users/Alex/.local/share/virtualenvs/airflow-1c5-bq0J/lib/python3.9/site-packages/airflow/example_dags/example_branch_datetime_operator.py
[2021-08-11 10:59:06,602] {logging_mixin.py:104} INFO - [2021-08-11 10:59:06,602] {dag.py:1833} INFO - Sync 1 DAGs
[2021-08-11 10:59:06,611] {logging_mixin.py:104} INFO - [2021-08-11 10:59:06,611] {dag.py:2306} INFO - Setting next_dagrun for example_branch_datetime_operator_2 to 2021-08-09 00:00:00+00:00
[2021-08-11 10:59:06,620] {scheduler_job.py:189} INFO - Processing /Users/Alex/.local/share/virtualenvs/airflow-1c5-bq0J/lib/python3.9/site-packages/airflow/example_dags/example_branch_datetime_operator.py took 0.055 seconds
[2021-08-11 11:00:05,007] {scheduler_job.py:181} INFO - Started process (PID=71016) to work on /Users/Alex/.local/share/virtualenvs/airflow-1c5-bq0J/lib/python3.9/site-packages/airflow/example_dags/example_branch_datetime_operator.py
[2021-08-11 11:00:05,007] {scheduler_job.py:632} INFO - Processing file /Users/Alex/.local/share/virtualenvs/airflow-1c5-bq0J/lib/python3.9/site-packages/airflow/example_dags/example_branch_datetime_operator.py for tasks to queue
[2021-08-11 11:00:05,007] {logging_mixin.py:104} INFO - [2021-08-11 11:00:05,007] {dagbag.py:496} INFO - Filling up the DagBag from /Users/Alex/.local/share/virtualenvs/airflow-1c5-bq0J/lib/python3.9/site-packages/airflow/example_dags/example_branch_datetime_operator.py
[2021-08-11 11:00:05,014] {scheduler_job.py:642} INFO - DAG(s) dict_keys(['example_branch_datetime_operator_2']) retrieved from /Users/Alex/.local/share/virtualenvs/airflow-1c5-bq0J/lib/python3.9/site-packages/airflow/example_dags/example_branch_datetime_operator.py
[2021-08-11 11:00:05,037] {logging_mixin.py:104} INFO - [2021-08-11 11:00:05,037] {dag.py:1833} INFO - Sync 1 DAGs
[2021-08-11 11:00:05,045] {logging_mixin.py:104} INFO - [2021-08-11 11:00:05,044] {dag.py:2306} INFO - Setting next_dagrun for example_branch_datetime_operator_2 to 2021-08-09 00:00:00+00:00
[2021-08-11 11:00:05,052] {scheduler_job.py:189} INFO - Processing /Users/Alex/.local/share/virtualenvs/airflow-1c5-bq0J/lib/python3.9/site-packages/airflow/example_dags/example_branch_datetime_operator.py took 0.046 seconds
[2021-08-11 11:01:05,292] {scheduler_job.py:181} INFO - Started process (PID=71129) to work on /Users/Alex/.local/share/virtualenvs/airflow-1c5-bq0J/lib/python3.9/site-packages/airflow/example_dags/example_branch_datetime_operator.py
[2021-08-11 11:01:05,293] {scheduler_job.py:632} INFO - Processing file /Users/Alex/.local/share/virtualenvs/airflow-1c5-bq0J/lib/python3.9/site-packages/airflow/example_dags/example_branch_datetime_operator.py for tasks to queue
[2021-08-11 11:01:05,293] {logging_mixin.py:104} INFO - [2021-08-11 11:01:05,293] {dagbag.py:496} INFO - Filling up the DagBag from /Users/Alex/.local/share/virtualenvs/airflow-1c5-bq0J/lib/python3.9/site-packages/airflow/example_dags/example_branch_datetime_operator.py
[2021-08-11 11:01:05,301] {scheduler_job.py:642} INFO - DAG(s) dict_keys(['example_branch_datetime_operator_2']) retrieved from /Users/Alex/.local/share/virtualenvs/airflow-1c5-bq0J/lib/python3.9/site-packages/airflow/example_dags/example_branch_datetime_operator.py
[2021-08-11 11:01:05,331] {logging_mixin.py:104} INFO - [2021-08-11 11:01:05,331] {dag.py:1833} INFO - Sync 1 DAGs
[2021-08-11 11:01:05,339] {logging_mixin.py:104} INFO - [2021-08-11 11:01:05,339] {dag.py:2306} INFO - Setting next_dagrun for example_branch_datetime_operator_2 to 2021-08-09 00:00:00+00:00
[2021-08-11 11:01:05,348] {scheduler_job.py:189} INFO - Processing /Users/Alex/.local/share/virtualenvs/airflow-1c5-bq0J/lib/python3.9/site-packages/airflow/example_dags/example_branch_datetime_operator.py took 0.056 seconds
