[2021-08-11 10:44:36,613] {scheduler_job.py:181} INFO - Started process (PID=69451) to work on /Users/Alex/.local/share/virtualenvs/airflow-1c5-bq0J/lib/python3.9/site-packages/airflow/example_dags/example_latest_only_with_trigger.py
[2021-08-11 10:44:36,614] {scheduler_job.py:632} INFO - Processing file /Users/Alex/.local/share/virtualenvs/airflow-1c5-bq0J/lib/python3.9/site-packages/airflow/example_dags/example_latest_only_with_trigger.py for tasks to queue
[2021-08-11 10:44:36,614] {logging_mixin.py:104} INFO - [2021-08-11 10:44:36,614] {dagbag.py:496} INFO - Filling up the DagBag from /Users/Alex/.local/share/virtualenvs/airflow-1c5-bq0J/lib/python3.9/site-packages/airflow/example_dags/example_latest_only_with_trigger.py
[2021-08-11 10:44:36,624] {scheduler_job.py:642} INFO - DAG(s) dict_keys(['latest_only_with_trigger']) retrieved from /Users/Alex/.local/share/virtualenvs/airflow-1c5-bq0J/lib/python3.9/site-packages/airflow/example_dags/example_latest_only_with_trigger.py
[2021-08-11 10:44:36,662] {logging_mixin.py:104} INFO - [2021-08-11 10:44:36,661] {dag.py:1833} INFO - Sync 1 DAGs
[2021-08-11 10:44:36,669] {logging_mixin.py:104} INFO - [2021-08-11 10:44:36,669] {dag.py:2306} INFO - Setting next_dagrun for latest_only_with_trigger to 2021-08-09 00:00:00+00:00
[2021-08-11 10:44:36,678] {scheduler_job.py:189} INFO - Processing /Users/Alex/.local/share/virtualenvs/airflow-1c5-bq0J/lib/python3.9/site-packages/airflow/example_dags/example_latest_only_with_trigger.py took 0.066 seconds
[2021-08-11 10:45:32,443] {scheduler_job.py:181} INFO - Started process (PID=69524) to work on /Users/Alex/.local/share/virtualenvs/airflow-1c5-bq0J/lib/python3.9/site-packages/airflow/example_dags/example_latest_only_with_trigger.py
[2021-08-11 10:45:32,444] {scheduler_job.py:632} INFO - Processing file /Users/Alex/.local/share/virtualenvs/airflow-1c5-bq0J/lib/python3.9/site-packages/airflow/example_dags/example_latest_only_with_trigger.py for tasks to queue
[2021-08-11 10:45:32,444] {logging_mixin.py:104} INFO - [2021-08-11 10:45:32,444] {dagbag.py:496} INFO - Filling up the DagBag from /Users/Alex/.local/share/virtualenvs/airflow-1c5-bq0J/lib/python3.9/site-packages/airflow/example_dags/example_latest_only_with_trigger.py
[2021-08-11 10:45:32,452] {scheduler_job.py:642} INFO - DAG(s) dict_keys(['latest_only_with_trigger']) retrieved from /Users/Alex/.local/share/virtualenvs/airflow-1c5-bq0J/lib/python3.9/site-packages/airflow/example_dags/example_latest_only_with_trigger.py
[2021-08-11 10:45:32,485] {logging_mixin.py:104} INFO - [2021-08-11 10:45:32,485] {dag.py:1833} INFO - Sync 1 DAGs
[2021-08-11 10:45:32,492] {logging_mixin.py:104} INFO - [2021-08-11 10:45:32,492] {dag.py:2306} INFO - Setting next_dagrun for latest_only_with_trigger to 2021-08-09 00:00:00+00:00
[2021-08-11 10:45:32,501] {scheduler_job.py:189} INFO - Processing /Users/Alex/.local/share/virtualenvs/airflow-1c5-bq0J/lib/python3.9/site-packages/airflow/example_dags/example_latest_only_with_trigger.py took 0.058 seconds
[2021-08-11 10:46:27,296] {scheduler_job.py:181} INFO - Started process (PID=69595) to work on /Users/Alex/.local/share/virtualenvs/airflow-1c5-bq0J/lib/python3.9/site-packages/airflow/example_dags/example_latest_only_with_trigger.py
[2021-08-11 10:46:27,296] {scheduler_job.py:632} INFO - Processing file /Users/Alex/.local/share/virtualenvs/airflow-1c5-bq0J/lib/python3.9/site-packages/airflow/example_dags/example_latest_only_with_trigger.py for tasks to queue
[2021-08-11 10:46:27,297] {logging_mixin.py:104} INFO - [2021-08-11 10:46:27,297] {dagbag.py:496} INFO - Filling up the DagBag from /Users/Alex/.local/share/virtualenvs/airflow-1c5-bq0J/lib/python3.9/site-packages/airflow/example_dags/example_latest_only_with_trigger.py
[2021-08-11 10:46:27,304] {scheduler_job.py:642} INFO - DAG(s) dict_keys(['latest_only_with_trigger']) retrieved from /Users/Alex/.local/share/virtualenvs/airflow-1c5-bq0J/lib/python3.9/site-packages/airflow/example_dags/example_latest_only_with_trigger.py
[2021-08-11 10:46:27,334] {logging_mixin.py:104} INFO - [2021-08-11 10:46:27,333] {dag.py:1833} INFO - Sync 1 DAGs
[2021-08-11 10:46:27,341] {logging_mixin.py:104} INFO - [2021-08-11 10:46:27,341] {dag.py:2306} INFO - Setting next_dagrun for latest_only_with_trigger to 2021-08-09 00:00:00+00:00
[2021-08-11 10:46:27,350] {scheduler_job.py:189} INFO - Processing /Users/Alex/.local/share/virtualenvs/airflow-1c5-bq0J/lib/python3.9/site-packages/airflow/example_dags/example_latest_only_with_trigger.py took 0.054 seconds
[2021-08-11 10:47:21,682] {scheduler_job.py:181} INFO - Started process (PID=69632) to work on /Users/Alex/.local/share/virtualenvs/airflow-1c5-bq0J/lib/python3.9/site-packages/airflow/example_dags/example_latest_only_with_trigger.py
[2021-08-11 10:47:21,683] {scheduler_job.py:632} INFO - Processing file /Users/Alex/.local/share/virtualenvs/airflow-1c5-bq0J/lib/python3.9/site-packages/airflow/example_dags/example_latest_only_with_trigger.py for tasks to queue
[2021-08-11 10:47:21,683] {logging_mixin.py:104} INFO - [2021-08-11 10:47:21,683] {dagbag.py:496} INFO - Filling up the DagBag from /Users/Alex/.local/share/virtualenvs/airflow-1c5-bq0J/lib/python3.9/site-packages/airflow/example_dags/example_latest_only_with_trigger.py
[2021-08-11 10:47:21,690] {scheduler_job.py:642} INFO - DAG(s) dict_keys(['latest_only_with_trigger']) retrieved from /Users/Alex/.local/share/virtualenvs/airflow-1c5-bq0J/lib/python3.9/site-packages/airflow/example_dags/example_latest_only_with_trigger.py
[2021-08-11 10:47:21,721] {logging_mixin.py:104} INFO - [2021-08-11 10:47:21,720] {dag.py:1833} INFO - Sync 1 DAGs
[2021-08-11 10:47:21,727] {logging_mixin.py:104} INFO - [2021-08-11 10:47:21,727] {dag.py:2306} INFO - Setting next_dagrun for latest_only_with_trigger to 2021-08-09 00:00:00+00:00
[2021-08-11 10:47:21,736] {scheduler_job.py:189} INFO - Processing /Users/Alex/.local/share/virtualenvs/airflow-1c5-bq0J/lib/python3.9/site-packages/airflow/example_dags/example_latest_only_with_trigger.py took 0.054 seconds
[2021-08-11 10:48:16,997] {scheduler_job.py:181} INFO - Started process (PID=69736) to work on /Users/Alex/.local/share/virtualenvs/airflow-1c5-bq0J/lib/python3.9/site-packages/airflow/example_dags/example_latest_only_with_trigger.py
[2021-08-11 10:48:16,998] {scheduler_job.py:632} INFO - Processing file /Users/Alex/.local/share/virtualenvs/airflow-1c5-bq0J/lib/python3.9/site-packages/airflow/example_dags/example_latest_only_with_trigger.py for tasks to queue
[2021-08-11 10:48:16,998] {logging_mixin.py:104} INFO - [2021-08-11 10:48:16,998] {dagbag.py:496} INFO - Filling up the DagBag from /Users/Alex/.local/share/virtualenvs/airflow-1c5-bq0J/lib/python3.9/site-packages/airflow/example_dags/example_latest_only_with_trigger.py
[2021-08-11 10:48:17,005] {scheduler_job.py:642} INFO - DAG(s) dict_keys(['latest_only_with_trigger']) retrieved from /Users/Alex/.local/share/virtualenvs/airflow-1c5-bq0J/lib/python3.9/site-packages/airflow/example_dags/example_latest_only_with_trigger.py
[2021-08-11 10:48:17,035] {logging_mixin.py:104} INFO - [2021-08-11 10:48:17,035] {dag.py:1833} INFO - Sync 1 DAGs
[2021-08-11 10:48:17,041] {logging_mixin.py:104} INFO - [2021-08-11 10:48:17,041] {dag.py:2306} INFO - Setting next_dagrun for latest_only_with_trigger to 2021-08-09 00:00:00+00:00
[2021-08-11 10:48:17,050] {scheduler_job.py:189} INFO - Processing /Users/Alex/.local/share/virtualenvs/airflow-1c5-bq0J/lib/python3.9/site-packages/airflow/example_dags/example_latest_only_with_trigger.py took 0.053 seconds
[2021-08-11 10:49:15,535] {scheduler_job.py:181} INFO - Started process (PID=69834) to work on /Users/Alex/.local/share/virtualenvs/airflow-1c5-bq0J/lib/python3.9/site-packages/airflow/example_dags/example_latest_only_with_trigger.py
[2021-08-11 10:49:15,535] {scheduler_job.py:632} INFO - Processing file /Users/Alex/.local/share/virtualenvs/airflow-1c5-bq0J/lib/python3.9/site-packages/airflow/example_dags/example_latest_only_with_trigger.py for tasks to queue
[2021-08-11 10:49:15,536] {logging_mixin.py:104} INFO - [2021-08-11 10:49:15,536] {dagbag.py:496} INFO - Filling up the DagBag from /Users/Alex/.local/share/virtualenvs/airflow-1c5-bq0J/lib/python3.9/site-packages/airflow/example_dags/example_latest_only_with_trigger.py
[2021-08-11 10:49:15,542] {scheduler_job.py:642} INFO - DAG(s) dict_keys(['latest_only_with_trigger']) retrieved from /Users/Alex/.local/share/virtualenvs/airflow-1c5-bq0J/lib/python3.9/site-packages/airflow/example_dags/example_latest_only_with_trigger.py
[2021-08-11 10:49:15,571] {logging_mixin.py:104} INFO - [2021-08-11 10:49:15,570] {dag.py:1833} INFO - Sync 1 DAGs
[2021-08-11 10:49:15,581] {logging_mixin.py:104} INFO - [2021-08-11 10:49:15,581] {dag.py:2306} INFO - Setting next_dagrun for latest_only_with_trigger to 2021-08-09 00:00:00+00:00
[2021-08-11 10:49:15,588] {scheduler_job.py:189} INFO - Processing /Users/Alex/.local/share/virtualenvs/airflow-1c5-bq0J/lib/python3.9/site-packages/airflow/example_dags/example_latest_only_with_trigger.py took 0.054 seconds
[2021-08-11 10:50:14,853] {scheduler_job.py:181} INFO - Started process (PID=69908) to work on /Users/Alex/.local/share/virtualenvs/airflow-1c5-bq0J/lib/python3.9/site-packages/airflow/example_dags/example_latest_only_with_trigger.py
[2021-08-11 10:50:14,856] {scheduler_job.py:632} INFO - Processing file /Users/Alex/.local/share/virtualenvs/airflow-1c5-bq0J/lib/python3.9/site-packages/airflow/example_dags/example_latest_only_with_trigger.py for tasks to queue
[2021-08-11 10:50:14,858] {logging_mixin.py:104} INFO - [2021-08-11 10:50:14,858] {dagbag.py:496} INFO - Filling up the DagBag from /Users/Alex/.local/share/virtualenvs/airflow-1c5-bq0J/lib/python3.9/site-packages/airflow/example_dags/example_latest_only_with_trigger.py
[2021-08-11 10:50:14,865] {scheduler_job.py:642} INFO - DAG(s) dict_keys(['latest_only_with_trigger']) retrieved from /Users/Alex/.local/share/virtualenvs/airflow-1c5-bq0J/lib/python3.9/site-packages/airflow/example_dags/example_latest_only_with_trigger.py
[2021-08-11 10:50:14,891] {logging_mixin.py:104} INFO - [2021-08-11 10:50:14,891] {dag.py:1833} INFO - Sync 1 DAGs
[2021-08-11 10:50:14,896] {logging_mixin.py:104} INFO - [2021-08-11 10:50:14,896] {dag.py:2306} INFO - Setting next_dagrun for latest_only_with_trigger to 2021-08-09 00:00:00+00:00
[2021-08-11 10:50:14,902] {scheduler_job.py:189} INFO - Processing /Users/Alex/.local/share/virtualenvs/airflow-1c5-bq0J/lib/python3.9/site-packages/airflow/example_dags/example_latest_only_with_trigger.py took 0.050 seconds
[2021-08-11 10:51:13,704] {scheduler_job.py:181} INFO - Started process (PID=70026) to work on /Users/Alex/.local/share/virtualenvs/airflow-1c5-bq0J/lib/python3.9/site-packages/airflow/example_dags/example_latest_only_with_trigger.py
[2021-08-11 10:51:13,705] {scheduler_job.py:632} INFO - Processing file /Users/Alex/.local/share/virtualenvs/airflow-1c5-bq0J/lib/python3.9/site-packages/airflow/example_dags/example_latest_only_with_trigger.py for tasks to queue
[2021-08-11 10:51:13,705] {logging_mixin.py:104} INFO - [2021-08-11 10:51:13,705] {dagbag.py:496} INFO - Filling up the DagBag from /Users/Alex/.local/share/virtualenvs/airflow-1c5-bq0J/lib/python3.9/site-packages/airflow/example_dags/example_latest_only_with_trigger.py
[2021-08-11 10:51:13,714] {scheduler_job.py:642} INFO - DAG(s) dict_keys(['latest_only_with_trigger']) retrieved from /Users/Alex/.local/share/virtualenvs/airflow-1c5-bq0J/lib/python3.9/site-packages/airflow/example_dags/example_latest_only_with_trigger.py
[2021-08-11 10:51:13,742] {logging_mixin.py:104} INFO - [2021-08-11 10:51:13,742] {dag.py:1833} INFO - Sync 1 DAGs
[2021-08-11 10:51:13,748] {logging_mixin.py:104} INFO - [2021-08-11 10:51:13,748] {dag.py:2306} INFO - Setting next_dagrun for latest_only_with_trigger to 2021-08-09 00:00:00+00:00
[2021-08-11 10:51:13,757] {scheduler_job.py:189} INFO - Processing /Users/Alex/.local/share/virtualenvs/airflow-1c5-bq0J/lib/python3.9/site-packages/airflow/example_dags/example_latest_only_with_trigger.py took 0.054 seconds
[2021-08-11 10:52:08,824] {scheduler_job.py:181} INFO - Started process (PID=70134) to work on /Users/Alex/.local/share/virtualenvs/airflow-1c5-bq0J/lib/python3.9/site-packages/airflow/example_dags/example_latest_only_with_trigger.py
[2021-08-11 10:52:08,824] {scheduler_job.py:632} INFO - Processing file /Users/Alex/.local/share/virtualenvs/airflow-1c5-bq0J/lib/python3.9/site-packages/airflow/example_dags/example_latest_only_with_trigger.py for tasks to queue
[2021-08-11 10:52:08,825] {logging_mixin.py:104} INFO - [2021-08-11 10:52:08,824] {dagbag.py:496} INFO - Filling up the DagBag from /Users/Alex/.local/share/virtualenvs/airflow-1c5-bq0J/lib/python3.9/site-packages/airflow/example_dags/example_latest_only_with_trigger.py
[2021-08-11 10:52:08,830] {scheduler_job.py:642} INFO - DAG(s) dict_keys(['latest_only_with_trigger']) retrieved from /Users/Alex/.local/share/virtualenvs/airflow-1c5-bq0J/lib/python3.9/site-packages/airflow/example_dags/example_latest_only_with_trigger.py
[2021-08-11 10:52:08,854] {logging_mixin.py:104} INFO - [2021-08-11 10:52:08,854] {dag.py:1833} INFO - Sync 1 DAGs
[2021-08-11 10:52:08,860] {logging_mixin.py:104} INFO - [2021-08-11 10:52:08,860] {dag.py:2306} INFO - Setting next_dagrun for latest_only_with_trigger to 2021-08-09 00:00:00+00:00
[2021-08-11 10:52:08,868] {scheduler_job.py:189} INFO - Processing /Users/Alex/.local/share/virtualenvs/airflow-1c5-bq0J/lib/python3.9/site-packages/airflow/example_dags/example_latest_only_with_trigger.py took 0.044 seconds
[2021-08-11 10:53:06,139] {scheduler_job.py:181} INFO - Started process (PID=70243) to work on /Users/Alex/.local/share/virtualenvs/airflow-1c5-bq0J/lib/python3.9/site-packages/airflow/example_dags/example_latest_only_with_trigger.py
[2021-08-11 10:53:06,141] {scheduler_job.py:632} INFO - Processing file /Users/Alex/.local/share/virtualenvs/airflow-1c5-bq0J/lib/python3.9/site-packages/airflow/example_dags/example_latest_only_with_trigger.py for tasks to queue
[2021-08-11 10:53:06,142] {logging_mixin.py:104} INFO - [2021-08-11 10:53:06,142] {dagbag.py:496} INFO - Filling up the DagBag from /Users/Alex/.local/share/virtualenvs/airflow-1c5-bq0J/lib/python3.9/site-packages/airflow/example_dags/example_latest_only_with_trigger.py
[2021-08-11 10:53:06,149] {scheduler_job.py:642} INFO - DAG(s) dict_keys(['latest_only_with_trigger']) retrieved from /Users/Alex/.local/share/virtualenvs/airflow-1c5-bq0J/lib/python3.9/site-packages/airflow/example_dags/example_latest_only_with_trigger.py
[2021-08-11 10:53:06,180] {logging_mixin.py:104} INFO - [2021-08-11 10:53:06,180] {dag.py:1833} INFO - Sync 1 DAGs
[2021-08-11 10:53:06,188] {logging_mixin.py:104} INFO - [2021-08-11 10:53:06,188] {dag.py:2306} INFO - Setting next_dagrun for latest_only_with_trigger to 2021-08-09 00:00:00+00:00
[2021-08-11 10:53:06,197] {scheduler_job.py:189} INFO - Processing /Users/Alex/.local/share/virtualenvs/airflow-1c5-bq0J/lib/python3.9/site-packages/airflow/example_dags/example_latest_only_with_trigger.py took 0.059 seconds
[2021-08-11 10:54:01,278] {scheduler_job.py:181} INFO - Started process (PID=70317) to work on /Users/Alex/.local/share/virtualenvs/airflow-1c5-bq0J/lib/python3.9/site-packages/airflow/example_dags/example_latest_only_with_trigger.py
[2021-08-11 10:54:01,280] {scheduler_job.py:632} INFO - Processing file /Users/Alex/.local/share/virtualenvs/airflow-1c5-bq0J/lib/python3.9/site-packages/airflow/example_dags/example_latest_only_with_trigger.py for tasks to queue
[2021-08-11 10:54:01,282] {logging_mixin.py:104} INFO - [2021-08-11 10:54:01,282] {dagbag.py:496} INFO - Filling up the DagBag from /Users/Alex/.local/share/virtualenvs/airflow-1c5-bq0J/lib/python3.9/site-packages/airflow/example_dags/example_latest_only_with_trigger.py
[2021-08-11 10:54:01,290] {scheduler_job.py:642} INFO - DAG(s) dict_keys(['latest_only_with_trigger']) retrieved from /Users/Alex/.local/share/virtualenvs/airflow-1c5-bq0J/lib/python3.9/site-packages/airflow/example_dags/example_latest_only_with_trigger.py
[2021-08-11 10:54:01,315] {logging_mixin.py:104} INFO - [2021-08-11 10:54:01,315] {dag.py:1833} INFO - Sync 1 DAGs
[2021-08-11 10:54:01,321] {logging_mixin.py:104} INFO - [2021-08-11 10:54:01,321] {dag.py:2306} INFO - Setting next_dagrun for latest_only_with_trigger to 2021-08-09 00:00:00+00:00
[2021-08-11 10:54:01,327] {scheduler_job.py:189} INFO - Processing /Users/Alex/.local/share/virtualenvs/airflow-1c5-bq0J/lib/python3.9/site-packages/airflow/example_dags/example_latest_only_with_trigger.py took 0.050 seconds
[2021-08-11 10:54:57,719] {scheduler_job.py:181} INFO - Started process (PID=70425) to work on /Users/Alex/.local/share/virtualenvs/airflow-1c5-bq0J/lib/python3.9/site-packages/airflow/example_dags/example_latest_only_with_trigger.py
[2021-08-11 10:54:57,719] {scheduler_job.py:632} INFO - Processing file /Users/Alex/.local/share/virtualenvs/airflow-1c5-bq0J/lib/python3.9/site-packages/airflow/example_dags/example_latest_only_with_trigger.py for tasks to queue
[2021-08-11 10:54:57,720] {logging_mixin.py:104} INFO - [2021-08-11 10:54:57,720] {dagbag.py:496} INFO - Filling up the DagBag from /Users/Alex/.local/share/virtualenvs/airflow-1c5-bq0J/lib/python3.9/site-packages/airflow/example_dags/example_latest_only_with_trigger.py
[2021-08-11 10:54:57,725] {scheduler_job.py:642} INFO - DAG(s) dict_keys(['latest_only_with_trigger']) retrieved from /Users/Alex/.local/share/virtualenvs/airflow-1c5-bq0J/lib/python3.9/site-packages/airflow/example_dags/example_latest_only_with_trigger.py
[2021-08-11 10:54:57,750] {logging_mixin.py:104} INFO - [2021-08-11 10:54:57,750] {dag.py:1833} INFO - Sync 1 DAGs
[2021-08-11 10:54:57,756] {logging_mixin.py:104} INFO - [2021-08-11 10:54:57,756] {dag.py:2306} INFO - Setting next_dagrun for latest_only_with_trigger to 2021-08-09 00:00:00+00:00
[2021-08-11 10:54:57,764] {scheduler_job.py:189} INFO - Processing /Users/Alex/.local/share/virtualenvs/airflow-1c5-bq0J/lib/python3.9/site-packages/airflow/example_dags/example_latest_only_with_trigger.py took 0.046 seconds
[2021-08-11 10:55:56,933] {scheduler_job.py:181} INFO - Started process (PID=70536) to work on /Users/Alex/.local/share/virtualenvs/airflow-1c5-bq0J/lib/python3.9/site-packages/airflow/example_dags/example_latest_only_with_trigger.py
[2021-08-11 10:55:56,934] {scheduler_job.py:632} INFO - Processing file /Users/Alex/.local/share/virtualenvs/airflow-1c5-bq0J/lib/python3.9/site-packages/airflow/example_dags/example_latest_only_with_trigger.py for tasks to queue
[2021-08-11 10:55:56,935] {logging_mixin.py:104} INFO - [2021-08-11 10:55:56,935] {dagbag.py:496} INFO - Filling up the DagBag from /Users/Alex/.local/share/virtualenvs/airflow-1c5-bq0J/lib/python3.9/site-packages/airflow/example_dags/example_latest_only_with_trigger.py
[2021-08-11 10:55:56,952] {scheduler_job.py:642} INFO - DAG(s) dict_keys(['latest_only_with_trigger']) retrieved from /Users/Alex/.local/share/virtualenvs/airflow-1c5-bq0J/lib/python3.9/site-packages/airflow/example_dags/example_latest_only_with_trigger.py
[2021-08-11 10:55:57,057] {logging_mixin.py:104} INFO - [2021-08-11 10:55:57,057] {dag.py:1833} INFO - Sync 1 DAGs
[2021-08-11 10:55:57,076] {logging_mixin.py:104} INFO - [2021-08-11 10:55:57,075] {dag.py:2306} INFO - Setting next_dagrun for latest_only_with_trigger to 2021-08-09 00:00:00+00:00
[2021-08-11 10:55:57,105] {scheduler_job.py:189} INFO - Processing /Users/Alex/.local/share/virtualenvs/airflow-1c5-bq0J/lib/python3.9/site-packages/airflow/example_dags/example_latest_only_with_trigger.py took 0.173 seconds
[2021-08-11 10:56:54,760] {scheduler_job.py:181} INFO - Started process (PID=70647) to work on /Users/Alex/.local/share/virtualenvs/airflow-1c5-bq0J/lib/python3.9/site-packages/airflow/example_dags/example_latest_only_with_trigger.py
[2021-08-11 10:56:54,761] {scheduler_job.py:632} INFO - Processing file /Users/Alex/.local/share/virtualenvs/airflow-1c5-bq0J/lib/python3.9/site-packages/airflow/example_dags/example_latest_only_with_trigger.py for tasks to queue
[2021-08-11 10:56:54,761] {logging_mixin.py:104} INFO - [2021-08-11 10:56:54,761] {dagbag.py:496} INFO - Filling up the DagBag from /Users/Alex/.local/share/virtualenvs/airflow-1c5-bq0J/lib/python3.9/site-packages/airflow/example_dags/example_latest_only_with_trigger.py
[2021-08-11 10:56:54,770] {scheduler_job.py:642} INFO - DAG(s) dict_keys(['latest_only_with_trigger']) retrieved from /Users/Alex/.local/share/virtualenvs/airflow-1c5-bq0J/lib/python3.9/site-packages/airflow/example_dags/example_latest_only_with_trigger.py
[2021-08-11 10:56:54,807] {logging_mixin.py:104} INFO - [2021-08-11 10:56:54,807] {dag.py:1833} INFO - Sync 1 DAGs
[2021-08-11 10:56:54,815] {logging_mixin.py:104} INFO - [2021-08-11 10:56:54,815] {dag.py:2306} INFO - Setting next_dagrun for latest_only_with_trigger to 2021-08-09 00:00:00+00:00
[2021-08-11 10:56:54,826] {scheduler_job.py:189} INFO - Processing /Users/Alex/.local/share/virtualenvs/airflow-1c5-bq0J/lib/python3.9/site-packages/airflow/example_dags/example_latest_only_with_trigger.py took 0.067 seconds
[2021-08-11 10:57:51,152] {scheduler_job.py:181} INFO - Started process (PID=70754) to work on /Users/Alex/.local/share/virtualenvs/airflow-1c5-bq0J/lib/python3.9/site-packages/airflow/example_dags/example_latest_only_with_trigger.py
[2021-08-11 10:57:51,153] {scheduler_job.py:632} INFO - Processing file /Users/Alex/.local/share/virtualenvs/airflow-1c5-bq0J/lib/python3.9/site-packages/airflow/example_dags/example_latest_only_with_trigger.py for tasks to queue
[2021-08-11 10:57:51,153] {logging_mixin.py:104} INFO - [2021-08-11 10:57:51,153] {dagbag.py:496} INFO - Filling up the DagBag from /Users/Alex/.local/share/virtualenvs/airflow-1c5-bq0J/lib/python3.9/site-packages/airflow/example_dags/example_latest_only_with_trigger.py
[2021-08-11 10:57:51,161] {scheduler_job.py:642} INFO - DAG(s) dict_keys(['latest_only_with_trigger']) retrieved from /Users/Alex/.local/share/virtualenvs/airflow-1c5-bq0J/lib/python3.9/site-packages/airflow/example_dags/example_latest_only_with_trigger.py
[2021-08-11 10:57:51,190] {logging_mixin.py:104} INFO - [2021-08-11 10:57:51,190] {dag.py:1833} INFO - Sync 1 DAGs
[2021-08-11 10:57:51,197] {logging_mixin.py:104} INFO - [2021-08-11 10:57:51,197] {dag.py:2306} INFO - Setting next_dagrun for latest_only_with_trigger to 2021-08-09 00:00:00+00:00
[2021-08-11 10:57:51,203] {scheduler_job.py:189} INFO - Processing /Users/Alex/.local/share/virtualenvs/airflow-1c5-bq0J/lib/python3.9/site-packages/airflow/example_dags/example_latest_only_with_trigger.py took 0.052 seconds
[2021-08-11 10:58:53,135] {scheduler_job.py:181} INFO - Started process (PID=70867) to work on /Users/Alex/.local/share/virtualenvs/airflow-1c5-bq0J/lib/python3.9/site-packages/airflow/example_dags/example_latest_only_with_trigger.py
[2021-08-11 10:58:53,135] {scheduler_job.py:632} INFO - Processing file /Users/Alex/.local/share/virtualenvs/airflow-1c5-bq0J/lib/python3.9/site-packages/airflow/example_dags/example_latest_only_with_trigger.py for tasks to queue
[2021-08-11 10:58:53,136] {logging_mixin.py:104} INFO - [2021-08-11 10:58:53,136] {dagbag.py:496} INFO - Filling up the DagBag from /Users/Alex/.local/share/virtualenvs/airflow-1c5-bq0J/lib/python3.9/site-packages/airflow/example_dags/example_latest_only_with_trigger.py
[2021-08-11 10:58:53,143] {scheduler_job.py:642} INFO - DAG(s) dict_keys(['latest_only_with_trigger']) retrieved from /Users/Alex/.local/share/virtualenvs/airflow-1c5-bq0J/lib/python3.9/site-packages/airflow/example_dags/example_latest_only_with_trigger.py
[2021-08-11 10:58:53,175] {logging_mixin.py:104} INFO - [2021-08-11 10:58:53,175] {dag.py:1833} INFO - Sync 1 DAGs
[2021-08-11 10:58:53,182] {logging_mixin.py:104} INFO - [2021-08-11 10:58:53,182] {dag.py:2306} INFO - Setting next_dagrun for latest_only_with_trigger to 2021-08-09 00:00:00+00:00
[2021-08-11 10:58:53,191] {scheduler_job.py:189} INFO - Processing /Users/Alex/.local/share/virtualenvs/airflow-1c5-bq0J/lib/python3.9/site-packages/airflow/example_dags/example_latest_only_with_trigger.py took 0.057 seconds
[2021-08-11 10:59:51,019] {scheduler_job.py:181} INFO - Started process (PID=70978) to work on /Users/Alex/.local/share/virtualenvs/airflow-1c5-bq0J/lib/python3.9/site-packages/airflow/example_dags/example_latest_only_with_trigger.py
[2021-08-11 10:59:51,019] {scheduler_job.py:632} INFO - Processing file /Users/Alex/.local/share/virtualenvs/airflow-1c5-bq0J/lib/python3.9/site-packages/airflow/example_dags/example_latest_only_with_trigger.py for tasks to queue
[2021-08-11 10:59:51,019] {logging_mixin.py:104} INFO - [2021-08-11 10:59:51,019] {dagbag.py:496} INFO - Filling up the DagBag from /Users/Alex/.local/share/virtualenvs/airflow-1c5-bq0J/lib/python3.9/site-packages/airflow/example_dags/example_latest_only_with_trigger.py
[2021-08-11 10:59:51,026] {scheduler_job.py:642} INFO - DAG(s) dict_keys(['latest_only_with_trigger']) retrieved from /Users/Alex/.local/share/virtualenvs/airflow-1c5-bq0J/lib/python3.9/site-packages/airflow/example_dags/example_latest_only_with_trigger.py
[2021-08-11 10:59:51,052] {logging_mixin.py:104} INFO - [2021-08-11 10:59:51,052] {dag.py:1833} INFO - Sync 1 DAGs
[2021-08-11 10:59:51,059] {logging_mixin.py:104} INFO - [2021-08-11 10:59:51,059] {dag.py:2306} INFO - Setting next_dagrun for latest_only_with_trigger to 2021-08-09 00:00:00+00:00
[2021-08-11 10:59:51,068] {scheduler_job.py:189} INFO - Processing /Users/Alex/.local/share/virtualenvs/airflow-1c5-bq0J/lib/python3.9/site-packages/airflow/example_dags/example_latest_only_with_trigger.py took 0.050 seconds
[2021-08-11 11:00:50,159] {scheduler_job.py:181} INFO - Started process (PID=71100) to work on /Users/Alex/.local/share/virtualenvs/airflow-1c5-bq0J/lib/python3.9/site-packages/airflow/example_dags/example_latest_only_with_trigger.py
[2021-08-11 11:00:50,160] {scheduler_job.py:632} INFO - Processing file /Users/Alex/.local/share/virtualenvs/airflow-1c5-bq0J/lib/python3.9/site-packages/airflow/example_dags/example_latest_only_with_trigger.py for tasks to queue
[2021-08-11 11:00:50,160] {logging_mixin.py:104} INFO - [2021-08-11 11:00:50,160] {dagbag.py:496} INFO - Filling up the DagBag from /Users/Alex/.local/share/virtualenvs/airflow-1c5-bq0J/lib/python3.9/site-packages/airflow/example_dags/example_latest_only_with_trigger.py
[2021-08-11 11:00:50,167] {scheduler_job.py:642} INFO - DAG(s) dict_keys(['latest_only_with_trigger']) retrieved from /Users/Alex/.local/share/virtualenvs/airflow-1c5-bq0J/lib/python3.9/site-packages/airflow/example_dags/example_latest_only_with_trigger.py
[2021-08-11 11:00:50,198] {logging_mixin.py:104} INFO - [2021-08-11 11:00:50,197] {dag.py:1833} INFO - Sync 1 DAGs
[2021-08-11 11:00:50,203] {logging_mixin.py:104} INFO - [2021-08-11 11:00:50,203] {dag.py:2306} INFO - Setting next_dagrun for latest_only_with_trigger to 2021-08-09 00:00:00+00:00
[2021-08-11 11:00:50,211] {scheduler_job.py:189} INFO - Processing /Users/Alex/.local/share/virtualenvs/airflow-1c5-bq0J/lib/python3.9/site-packages/airflow/example_dags/example_latest_only_with_trigger.py took 0.053 seconds
[2021-08-11 11:01:49,498] {scheduler_job.py:181} INFO - Started process (PID=71207) to work on /Users/Alex/.local/share/virtualenvs/airflow-1c5-bq0J/lib/python3.9/site-packages/airflow/example_dags/example_latest_only_with_trigger.py
[2021-08-11 11:01:49,500] {scheduler_job.py:632} INFO - Processing file /Users/Alex/.local/share/virtualenvs/airflow-1c5-bq0J/lib/python3.9/site-packages/airflow/example_dags/example_latest_only_with_trigger.py for tasks to queue
[2021-08-11 11:01:49,501] {logging_mixin.py:104} INFO - [2021-08-11 11:01:49,501] {dagbag.py:496} INFO - Filling up the DagBag from /Users/Alex/.local/share/virtualenvs/airflow-1c5-bq0J/lib/python3.9/site-packages/airflow/example_dags/example_latest_only_with_trigger.py
[2021-08-11 11:01:49,509] {scheduler_job.py:642} INFO - DAG(s) dict_keys(['latest_only_with_trigger']) retrieved from /Users/Alex/.local/share/virtualenvs/airflow-1c5-bq0J/lib/python3.9/site-packages/airflow/example_dags/example_latest_only_with_trigger.py
[2021-08-11 11:01:49,536] {logging_mixin.py:104} INFO - [2021-08-11 11:01:49,536] {dag.py:1833} INFO - Sync 1 DAGs
[2021-08-11 11:01:49,542] {logging_mixin.py:104} INFO - [2021-08-11 11:01:49,541] {dag.py:2306} INFO - Setting next_dagrun for latest_only_with_trigger to 2021-08-09 00:00:00+00:00
[2021-08-11 11:01:49,548] {scheduler_job.py:189} INFO - Processing /Users/Alex/.local/share/virtualenvs/airflow-1c5-bq0J/lib/python3.9/site-packages/airflow/example_dags/example_latest_only_with_trigger.py took 0.050 seconds
