[2021-08-11 10:44:38,642] {scheduler_job.py:181} INFO - Started process (PID=69452) to work on /Users/Alex/.local/share/virtualenvs/airflow-1c5-bq0J/lib/python3.9/site-packages/airflow/example_dags/example_latest_only.py
[2021-08-11 10:44:38,643] {scheduler_job.py:632} INFO - Processing file /Users/Alex/.local/share/virtualenvs/airflow-1c5-bq0J/lib/python3.9/site-packages/airflow/example_dags/example_latest_only.py for tasks to queue
[2021-08-11 10:44:38,643] {logging_mixin.py:104} INFO - [2021-08-11 10:44:38,643] {dagbag.py:496} INFO - Filling up the DagBag from /Users/Alex/.local/share/virtualenvs/airflow-1c5-bq0J/lib/python3.9/site-packages/airflow/example_dags/example_latest_only.py
[2021-08-11 10:44:38,650] {scheduler_job.py:642} INFO - DAG(s) dict_keys(['latest_only']) retrieved from /Users/Alex/.local/share/virtualenvs/airflow-1c5-bq0J/lib/python3.9/site-packages/airflow/example_dags/example_latest_only.py
[2021-08-11 10:44:38,678] {logging_mixin.py:104} INFO - [2021-08-11 10:44:38,677] {dag.py:1833} INFO - Sync 1 DAGs
[2021-08-11 10:44:38,685] {logging_mixin.py:104} INFO - [2021-08-11 10:44:38,685] {dag.py:2306} INFO - Setting next_dagrun for latest_only to 2021-08-09 00:00:00+00:00
[2021-08-11 10:44:38,694] {scheduler_job.py:189} INFO - Processing /Users/Alex/.local/share/virtualenvs/airflow-1c5-bq0J/lib/python3.9/site-packages/airflow/example_dags/example_latest_only.py took 0.052 seconds
[2021-08-11 10:45:34,203] {scheduler_job.py:181} INFO - Started process (PID=69531) to work on /Users/Alex/.local/share/virtualenvs/airflow-1c5-bq0J/lib/python3.9/site-packages/airflow/example_dags/example_latest_only.py
[2021-08-11 10:45:34,204] {scheduler_job.py:632} INFO - Processing file /Users/Alex/.local/share/virtualenvs/airflow-1c5-bq0J/lib/python3.9/site-packages/airflow/example_dags/example_latest_only.py for tasks to queue
[2021-08-11 10:45:34,204] {logging_mixin.py:104} INFO - [2021-08-11 10:45:34,204] {dagbag.py:496} INFO - Filling up the DagBag from /Users/Alex/.local/share/virtualenvs/airflow-1c5-bq0J/lib/python3.9/site-packages/airflow/example_dags/example_latest_only.py
[2021-08-11 10:45:34,210] {scheduler_job.py:642} INFO - DAG(s) dict_keys(['latest_only']) retrieved from /Users/Alex/.local/share/virtualenvs/airflow-1c5-bq0J/lib/python3.9/site-packages/airflow/example_dags/example_latest_only.py
[2021-08-11 10:45:34,243] {logging_mixin.py:104} INFO - [2021-08-11 10:45:34,243] {dag.py:1833} INFO - Sync 1 DAGs
[2021-08-11 10:45:34,253] {logging_mixin.py:104} INFO - [2021-08-11 10:45:34,252] {dag.py:2306} INFO - Setting next_dagrun for latest_only to 2021-08-09 00:00:00+00:00
[2021-08-11 10:45:34,261] {scheduler_job.py:189} INFO - Processing /Users/Alex/.local/share/virtualenvs/airflow-1c5-bq0J/lib/python3.9/site-packages/airflow/example_dags/example_latest_only.py took 0.058 seconds
[2021-08-11 10:46:29,190] {scheduler_job.py:181} INFO - Started process (PID=69596) to work on /Users/Alex/.local/share/virtualenvs/airflow-1c5-bq0J/lib/python3.9/site-packages/airflow/example_dags/example_latest_only.py
[2021-08-11 10:46:29,190] {scheduler_job.py:632} INFO - Processing file /Users/Alex/.local/share/virtualenvs/airflow-1c5-bq0J/lib/python3.9/site-packages/airflow/example_dags/example_latest_only.py for tasks to queue
[2021-08-11 10:46:29,190] {logging_mixin.py:104} INFO - [2021-08-11 10:46:29,190] {dagbag.py:496} INFO - Filling up the DagBag from /Users/Alex/.local/share/virtualenvs/airflow-1c5-bq0J/lib/python3.9/site-packages/airflow/example_dags/example_latest_only.py
[2021-08-11 10:46:29,196] {scheduler_job.py:642} INFO - DAG(s) dict_keys(['latest_only']) retrieved from /Users/Alex/.local/share/virtualenvs/airflow-1c5-bq0J/lib/python3.9/site-packages/airflow/example_dags/example_latest_only.py
[2021-08-11 10:46:29,223] {logging_mixin.py:104} INFO - [2021-08-11 10:46:29,223] {dag.py:1833} INFO - Sync 1 DAGs
[2021-08-11 10:46:29,229] {logging_mixin.py:104} INFO - [2021-08-11 10:46:29,229] {dag.py:2306} INFO - Setting next_dagrun for latest_only to 2021-08-09 00:00:00+00:00
[2021-08-11 10:46:29,238] {scheduler_job.py:189} INFO - Processing /Users/Alex/.local/share/virtualenvs/airflow-1c5-bq0J/lib/python3.9/site-packages/airflow/example_dags/example_latest_only.py took 0.048 seconds
[2021-08-11 10:47:22,861] {scheduler_job.py:181} INFO - Started process (PID=69633) to work on /Users/Alex/.local/share/virtualenvs/airflow-1c5-bq0J/lib/python3.9/site-packages/airflow/example_dags/example_latest_only.py
[2021-08-11 10:47:22,861] {scheduler_job.py:632} INFO - Processing file /Users/Alex/.local/share/virtualenvs/airflow-1c5-bq0J/lib/python3.9/site-packages/airflow/example_dags/example_latest_only.py for tasks to queue
[2021-08-11 10:47:22,861] {logging_mixin.py:104} INFO - [2021-08-11 10:47:22,861] {dagbag.py:496} INFO - Filling up the DagBag from /Users/Alex/.local/share/virtualenvs/airflow-1c5-bq0J/lib/python3.9/site-packages/airflow/example_dags/example_latest_only.py
[2021-08-11 10:47:22,868] {scheduler_job.py:642} INFO - DAG(s) dict_keys(['latest_only']) retrieved from /Users/Alex/.local/share/virtualenvs/airflow-1c5-bq0J/lib/python3.9/site-packages/airflow/example_dags/example_latest_only.py
[2021-08-11 10:47:22,895] {logging_mixin.py:104} INFO - [2021-08-11 10:47:22,895] {dag.py:1833} INFO - Sync 1 DAGs
[2021-08-11 10:47:22,901] {logging_mixin.py:104} INFO - [2021-08-11 10:47:22,901] {dag.py:2306} INFO - Setting next_dagrun for latest_only to 2021-08-09 00:00:00+00:00
[2021-08-11 10:47:22,910] {scheduler_job.py:189} INFO - Processing /Users/Alex/.local/share/virtualenvs/airflow-1c5-bq0J/lib/python3.9/site-packages/airflow/example_dags/example_latest_only.py took 0.050 seconds
[2021-08-11 10:48:19,015] {scheduler_job.py:181} INFO - Started process (PID=69743) to work on /Users/Alex/.local/share/virtualenvs/airflow-1c5-bq0J/lib/python3.9/site-packages/airflow/example_dags/example_latest_only.py
[2021-08-11 10:48:19,016] {scheduler_job.py:632} INFO - Processing file /Users/Alex/.local/share/virtualenvs/airflow-1c5-bq0J/lib/python3.9/site-packages/airflow/example_dags/example_latest_only.py for tasks to queue
[2021-08-11 10:48:19,016] {logging_mixin.py:104} INFO - [2021-08-11 10:48:19,016] {dagbag.py:496} INFO - Filling up the DagBag from /Users/Alex/.local/share/virtualenvs/airflow-1c5-bq0J/lib/python3.9/site-packages/airflow/example_dags/example_latest_only.py
[2021-08-11 10:48:19,023] {scheduler_job.py:642} INFO - DAG(s) dict_keys(['latest_only']) retrieved from /Users/Alex/.local/share/virtualenvs/airflow-1c5-bq0J/lib/python3.9/site-packages/airflow/example_dags/example_latest_only.py
[2021-08-11 10:48:19,052] {logging_mixin.py:104} INFO - [2021-08-11 10:48:19,052] {dag.py:1833} INFO - Sync 1 DAGs
[2021-08-11 10:48:19,059] {logging_mixin.py:104} INFO - [2021-08-11 10:48:19,059] {dag.py:2306} INFO - Setting next_dagrun for latest_only to 2021-08-09 00:00:00+00:00
[2021-08-11 10:48:19,069] {scheduler_job.py:189} INFO - Processing /Users/Alex/.local/share/virtualenvs/airflow-1c5-bq0J/lib/python3.9/site-packages/airflow/example_dags/example_latest_only.py took 0.054 seconds
[2021-08-11 10:49:17,367] {scheduler_job.py:181} INFO - Started process (PID=69835) to work on /Users/Alex/.local/share/virtualenvs/airflow-1c5-bq0J/lib/python3.9/site-packages/airflow/example_dags/example_latest_only.py
[2021-08-11 10:49:17,368] {scheduler_job.py:632} INFO - Processing file /Users/Alex/.local/share/virtualenvs/airflow-1c5-bq0J/lib/python3.9/site-packages/airflow/example_dags/example_latest_only.py for tasks to queue
[2021-08-11 10:49:17,368] {logging_mixin.py:104} INFO - [2021-08-11 10:49:17,368] {dagbag.py:496} INFO - Filling up the DagBag from /Users/Alex/.local/share/virtualenvs/airflow-1c5-bq0J/lib/python3.9/site-packages/airflow/example_dags/example_latest_only.py
[2021-08-11 10:49:17,376] {scheduler_job.py:642} INFO - DAG(s) dict_keys(['latest_only']) retrieved from /Users/Alex/.local/share/virtualenvs/airflow-1c5-bq0J/lib/python3.9/site-packages/airflow/example_dags/example_latest_only.py
[2021-08-11 10:49:17,409] {logging_mixin.py:104} INFO - [2021-08-11 10:49:17,408] {dag.py:1833} INFO - Sync 1 DAGs
[2021-08-11 10:49:17,420] {logging_mixin.py:104} INFO - [2021-08-11 10:49:17,419] {dag.py:2306} INFO - Setting next_dagrun for latest_only to 2021-08-09 00:00:00+00:00
[2021-08-11 10:49:17,753] {scheduler_job.py:189} INFO - Processing /Users/Alex/.local/share/virtualenvs/airflow-1c5-bq0J/lib/python3.9/site-packages/airflow/example_dags/example_latest_only.py took 0.386 seconds
[2021-08-11 10:50:16,839] {scheduler_job.py:181} INFO - Started process (PID=69915) to work on /Users/Alex/.local/share/virtualenvs/airflow-1c5-bq0J/lib/python3.9/site-packages/airflow/example_dags/example_latest_only.py
[2021-08-11 10:50:16,841] {scheduler_job.py:632} INFO - Processing file /Users/Alex/.local/share/virtualenvs/airflow-1c5-bq0J/lib/python3.9/site-packages/airflow/example_dags/example_latest_only.py for tasks to queue
[2021-08-11 10:50:16,842] {logging_mixin.py:104} INFO - [2021-08-11 10:50:16,842] {dagbag.py:496} INFO - Filling up the DagBag from /Users/Alex/.local/share/virtualenvs/airflow-1c5-bq0J/lib/python3.9/site-packages/airflow/example_dags/example_latest_only.py
[2021-08-11 10:50:16,850] {scheduler_job.py:642} INFO - DAG(s) dict_keys(['latest_only']) retrieved from /Users/Alex/.local/share/virtualenvs/airflow-1c5-bq0J/lib/python3.9/site-packages/airflow/example_dags/example_latest_only.py
[2021-08-11 10:50:16,877] {logging_mixin.py:104} INFO - [2021-08-11 10:50:16,877] {dag.py:1833} INFO - Sync 1 DAGs
[2021-08-11 10:50:16,883] {logging_mixin.py:104} INFO - [2021-08-11 10:50:16,883] {dag.py:2306} INFO - Setting next_dagrun for latest_only to 2021-08-09 00:00:00+00:00
[2021-08-11 10:50:16,892] {scheduler_job.py:189} INFO - Processing /Users/Alex/.local/share/virtualenvs/airflow-1c5-bq0J/lib/python3.9/site-packages/airflow/example_dags/example_latest_only.py took 0.054 seconds
[2021-08-11 10:51:14,950] {scheduler_job.py:181} INFO - Started process (PID=70028) to work on /Users/Alex/.local/share/virtualenvs/airflow-1c5-bq0J/lib/python3.9/site-packages/airflow/example_dags/example_latest_only.py
[2021-08-11 10:51:14,950] {scheduler_job.py:632} INFO - Processing file /Users/Alex/.local/share/virtualenvs/airflow-1c5-bq0J/lib/python3.9/site-packages/airflow/example_dags/example_latest_only.py for tasks to queue
[2021-08-11 10:51:14,951] {logging_mixin.py:104} INFO - [2021-08-11 10:51:14,950] {dagbag.py:496} INFO - Filling up the DagBag from /Users/Alex/.local/share/virtualenvs/airflow-1c5-bq0J/lib/python3.9/site-packages/airflow/example_dags/example_latest_only.py
[2021-08-11 10:51:14,961] {scheduler_job.py:642} INFO - DAG(s) dict_keys(['latest_only']) retrieved from /Users/Alex/.local/share/virtualenvs/airflow-1c5-bq0J/lib/python3.9/site-packages/airflow/example_dags/example_latest_only.py
[2021-08-11 10:51:14,988] {logging_mixin.py:104} INFO - [2021-08-11 10:51:14,988] {dag.py:1833} INFO - Sync 1 DAGs
[2021-08-11 10:51:14,995] {logging_mixin.py:104} INFO - [2021-08-11 10:51:14,994] {dag.py:2306} INFO - Setting next_dagrun for latest_only to 2021-08-09 00:00:00+00:00
[2021-08-11 10:51:15,004] {scheduler_job.py:189} INFO - Processing /Users/Alex/.local/share/virtualenvs/airflow-1c5-bq0J/lib/python3.9/site-packages/airflow/example_dags/example_latest_only.py took 0.054 seconds
[2021-08-11 10:52:10,606] {scheduler_job.py:181} INFO - Started process (PID=70135) to work on /Users/Alex/.local/share/virtualenvs/airflow-1c5-bq0J/lib/python3.9/site-packages/airflow/example_dags/example_latest_only.py
[2021-08-11 10:52:10,606] {scheduler_job.py:632} INFO - Processing file /Users/Alex/.local/share/virtualenvs/airflow-1c5-bq0J/lib/python3.9/site-packages/airflow/example_dags/example_latest_only.py for tasks to queue
[2021-08-11 10:52:10,607] {logging_mixin.py:104} INFO - [2021-08-11 10:52:10,606] {dagbag.py:496} INFO - Filling up the DagBag from /Users/Alex/.local/share/virtualenvs/airflow-1c5-bq0J/lib/python3.9/site-packages/airflow/example_dags/example_latest_only.py
[2021-08-11 10:52:10,614] {scheduler_job.py:642} INFO - DAG(s) dict_keys(['latest_only']) retrieved from /Users/Alex/.local/share/virtualenvs/airflow-1c5-bq0J/lib/python3.9/site-packages/airflow/example_dags/example_latest_only.py
[2021-08-11 10:52:10,642] {logging_mixin.py:104} INFO - [2021-08-11 10:52:10,641] {dag.py:1833} INFO - Sync 1 DAGs
[2021-08-11 10:52:10,648] {logging_mixin.py:104} INFO - [2021-08-11 10:52:10,648] {dag.py:2306} INFO - Setting next_dagrun for latest_only to 2021-08-09 00:00:00+00:00
[2021-08-11 10:52:10,657] {scheduler_job.py:189} INFO - Processing /Users/Alex/.local/share/virtualenvs/airflow-1c5-bq0J/lib/python3.9/site-packages/airflow/example_dags/example_latest_only.py took 0.052 seconds
[2021-08-11 10:53:07,916] {scheduler_job.py:181} INFO - Started process (PID=70251) to work on /Users/Alex/.local/share/virtualenvs/airflow-1c5-bq0J/lib/python3.9/site-packages/airflow/example_dags/example_latest_only.py
[2021-08-11 10:53:07,918] {scheduler_job.py:632} INFO - Processing file /Users/Alex/.local/share/virtualenvs/airflow-1c5-bq0J/lib/python3.9/site-packages/airflow/example_dags/example_latest_only.py for tasks to queue
[2021-08-11 10:53:07,920] {logging_mixin.py:104} INFO - [2021-08-11 10:53:07,920] {dagbag.py:496} INFO - Filling up the DagBag from /Users/Alex/.local/share/virtualenvs/airflow-1c5-bq0J/lib/python3.9/site-packages/airflow/example_dags/example_latest_only.py
[2021-08-11 10:53:07,928] {scheduler_job.py:642} INFO - DAG(s) dict_keys(['latest_only']) retrieved from /Users/Alex/.local/share/virtualenvs/airflow-1c5-bq0J/lib/python3.9/site-packages/airflow/example_dags/example_latest_only.py
[2021-08-11 10:53:07,952] {logging_mixin.py:104} INFO - [2021-08-11 10:53:07,952] {dag.py:1833} INFO - Sync 1 DAGs
[2021-08-11 10:53:07,958] {logging_mixin.py:104} INFO - [2021-08-11 10:53:07,958] {dag.py:2306} INFO - Setting next_dagrun for latest_only to 2021-08-09 00:00:00+00:00
[2021-08-11 10:53:07,964] {scheduler_job.py:189} INFO - Processing /Users/Alex/.local/share/virtualenvs/airflow-1c5-bq0J/lib/python3.9/site-packages/airflow/example_dags/example_latest_only.py took 0.048 seconds
[2021-08-11 10:54:03,169] {scheduler_job.py:181} INFO - Started process (PID=70318) to work on /Users/Alex/.local/share/virtualenvs/airflow-1c5-bq0J/lib/python3.9/site-packages/airflow/example_dags/example_latest_only.py
[2021-08-11 10:54:03,170] {scheduler_job.py:632} INFO - Processing file /Users/Alex/.local/share/virtualenvs/airflow-1c5-bq0J/lib/python3.9/site-packages/airflow/example_dags/example_latest_only.py for tasks to queue
[2021-08-11 10:54:03,170] {logging_mixin.py:104} INFO - [2021-08-11 10:54:03,170] {dagbag.py:496} INFO - Filling up the DagBag from /Users/Alex/.local/share/virtualenvs/airflow-1c5-bq0J/lib/python3.9/site-packages/airflow/example_dags/example_latest_only.py
[2021-08-11 10:54:03,177] {scheduler_job.py:642} INFO - DAG(s) dict_keys(['latest_only']) retrieved from /Users/Alex/.local/share/virtualenvs/airflow-1c5-bq0J/lib/python3.9/site-packages/airflow/example_dags/example_latest_only.py
[2021-08-11 10:54:03,210] {logging_mixin.py:104} INFO - [2021-08-11 10:54:03,210] {dag.py:1833} INFO - Sync 1 DAGs
[2021-08-11 10:54:03,217] {logging_mixin.py:104} INFO - [2021-08-11 10:54:03,217] {dag.py:2306} INFO - Setting next_dagrun for latest_only to 2021-08-09 00:00:00+00:00
[2021-08-11 10:54:03,227] {scheduler_job.py:189} INFO - Processing /Users/Alex/.local/share/virtualenvs/airflow-1c5-bq0J/lib/python3.9/site-packages/airflow/example_dags/example_latest_only.py took 0.058 seconds
[2021-08-11 10:54:59,688] {scheduler_job.py:181} INFO - Started process (PID=70432) to work on /Users/Alex/.local/share/virtualenvs/airflow-1c5-bq0J/lib/python3.9/site-packages/airflow/example_dags/example_latest_only.py
[2021-08-11 10:54:59,689] {scheduler_job.py:632} INFO - Processing file /Users/Alex/.local/share/virtualenvs/airflow-1c5-bq0J/lib/python3.9/site-packages/airflow/example_dags/example_latest_only.py for tasks to queue
[2021-08-11 10:54:59,689] {logging_mixin.py:104} INFO - [2021-08-11 10:54:59,689] {dagbag.py:496} INFO - Filling up the DagBag from /Users/Alex/.local/share/virtualenvs/airflow-1c5-bq0J/lib/python3.9/site-packages/airflow/example_dags/example_latest_only.py
[2021-08-11 10:54:59,694] {scheduler_job.py:642} INFO - DAG(s) dict_keys(['latest_only']) retrieved from /Users/Alex/.local/share/virtualenvs/airflow-1c5-bq0J/lib/python3.9/site-packages/airflow/example_dags/example_latest_only.py
[2021-08-11 10:54:59,718] {logging_mixin.py:104} INFO - [2021-08-11 10:54:59,718] {dag.py:1833} INFO - Sync 1 DAGs
[2021-08-11 10:54:59,723] {logging_mixin.py:104} INFO - [2021-08-11 10:54:59,723] {dag.py:2306} INFO - Setting next_dagrun for latest_only to 2021-08-09 00:00:00+00:00
[2021-08-11 10:54:59,732] {scheduler_job.py:189} INFO - Processing /Users/Alex/.local/share/virtualenvs/airflow-1c5-bq0J/lib/python3.9/site-packages/airflow/example_dags/example_latest_only.py took 0.044 seconds
[2021-08-11 10:55:59,530] {scheduler_job.py:181} INFO - Started process (PID=70537) to work on /Users/Alex/.local/share/virtualenvs/airflow-1c5-bq0J/lib/python3.9/site-packages/airflow/example_dags/example_latest_only.py
[2021-08-11 10:55:59,530] {scheduler_job.py:632} INFO - Processing file /Users/Alex/.local/share/virtualenvs/airflow-1c5-bq0J/lib/python3.9/site-packages/airflow/example_dags/example_latest_only.py for tasks to queue
[2021-08-11 10:55:59,531] {logging_mixin.py:104} INFO - [2021-08-11 10:55:59,530] {dagbag.py:496} INFO - Filling up the DagBag from /Users/Alex/.local/share/virtualenvs/airflow-1c5-bq0J/lib/python3.9/site-packages/airflow/example_dags/example_latest_only.py
[2021-08-11 10:55:59,537] {scheduler_job.py:642} INFO - DAG(s) dict_keys(['latest_only']) retrieved from /Users/Alex/.local/share/virtualenvs/airflow-1c5-bq0J/lib/python3.9/site-packages/airflow/example_dags/example_latest_only.py
[2021-08-11 10:55:59,647] {logging_mixin.py:104} INFO - [2021-08-11 10:55:59,646] {dag.py:1833} INFO - Sync 1 DAGs
[2021-08-11 10:55:59,671] {logging_mixin.py:104} INFO - [2021-08-11 10:55:59,671] {dag.py:2306} INFO - Setting next_dagrun for latest_only to 2021-08-09 00:00:00+00:00
[2021-08-11 10:55:59,686] {scheduler_job.py:189} INFO - Processing /Users/Alex/.local/share/virtualenvs/airflow-1c5-bq0J/lib/python3.9/site-packages/airflow/example_dags/example_latest_only.py took 0.157 seconds
[2021-08-11 10:56:56,756] {scheduler_job.py:181} INFO - Started process (PID=70652) to work on /Users/Alex/.local/share/virtualenvs/airflow-1c5-bq0J/lib/python3.9/site-packages/airflow/example_dags/example_latest_only.py
[2021-08-11 10:56:56,758] {scheduler_job.py:632} INFO - Processing file /Users/Alex/.local/share/virtualenvs/airflow-1c5-bq0J/lib/python3.9/site-packages/airflow/example_dags/example_latest_only.py for tasks to queue
[2021-08-11 10:56:56,759] {logging_mixin.py:104} INFO - [2021-08-11 10:56:56,759] {dagbag.py:496} INFO - Filling up the DagBag from /Users/Alex/.local/share/virtualenvs/airflow-1c5-bq0J/lib/python3.9/site-packages/airflow/example_dags/example_latest_only.py
[2021-08-11 10:56:56,766] {scheduler_job.py:642} INFO - DAG(s) dict_keys(['latest_only']) retrieved from /Users/Alex/.local/share/virtualenvs/airflow-1c5-bq0J/lib/python3.9/site-packages/airflow/example_dags/example_latest_only.py
[2021-08-11 10:56:56,794] {logging_mixin.py:104} INFO - [2021-08-11 10:56:56,794] {dag.py:1833} INFO - Sync 1 DAGs
[2021-08-11 10:56:56,800] {logging_mixin.py:104} INFO - [2021-08-11 10:56:56,799] {dag.py:2306} INFO - Setting next_dagrun for latest_only to 2021-08-09 00:00:00+00:00
[2021-08-11 10:56:56,808] {scheduler_job.py:189} INFO - Processing /Users/Alex/.local/share/virtualenvs/airflow-1c5-bq0J/lib/python3.9/site-packages/airflow/example_dags/example_latest_only.py took 0.054 seconds
[2021-08-11 10:57:53,126] {scheduler_job.py:181} INFO - Started process (PID=70758) to work on /Users/Alex/.local/share/virtualenvs/airflow-1c5-bq0J/lib/python3.9/site-packages/airflow/example_dags/example_latest_only.py
[2021-08-11 10:57:53,127] {scheduler_job.py:632} INFO - Processing file /Users/Alex/.local/share/virtualenvs/airflow-1c5-bq0J/lib/python3.9/site-packages/airflow/example_dags/example_latest_only.py for tasks to queue
[2021-08-11 10:57:53,127] {logging_mixin.py:104} INFO - [2021-08-11 10:57:53,127] {dagbag.py:496} INFO - Filling up the DagBag from /Users/Alex/.local/share/virtualenvs/airflow-1c5-bq0J/lib/python3.9/site-packages/airflow/example_dags/example_latest_only.py
[2021-08-11 10:57:53,133] {scheduler_job.py:642} INFO - DAG(s) dict_keys(['latest_only']) retrieved from /Users/Alex/.local/share/virtualenvs/airflow-1c5-bq0J/lib/python3.9/site-packages/airflow/example_dags/example_latest_only.py
[2021-08-11 10:57:53,157] {logging_mixin.py:104} INFO - [2021-08-11 10:57:53,157] {dag.py:1833} INFO - Sync 1 DAGs
[2021-08-11 10:57:53,164] {logging_mixin.py:104} INFO - [2021-08-11 10:57:53,163] {dag.py:2306} INFO - Setting next_dagrun for latest_only to 2021-08-09 00:00:00+00:00
[2021-08-11 10:57:53,170] {scheduler_job.py:189} INFO - Processing /Users/Alex/.local/share/virtualenvs/airflow-1c5-bq0J/lib/python3.9/site-packages/airflow/example_dags/example_latest_only.py took 0.044 seconds
[2021-08-11 10:58:54,931] {scheduler_job.py:181} INFO - Started process (PID=70874) to work on /Users/Alex/.local/share/virtualenvs/airflow-1c5-bq0J/lib/python3.9/site-packages/airflow/example_dags/example_latest_only.py
[2021-08-11 10:58:54,932] {scheduler_job.py:632} INFO - Processing file /Users/Alex/.local/share/virtualenvs/airflow-1c5-bq0J/lib/python3.9/site-packages/airflow/example_dags/example_latest_only.py for tasks to queue
[2021-08-11 10:58:54,932] {logging_mixin.py:104} INFO - [2021-08-11 10:58:54,932] {dagbag.py:496} INFO - Filling up the DagBag from /Users/Alex/.local/share/virtualenvs/airflow-1c5-bq0J/lib/python3.9/site-packages/airflow/example_dags/example_latest_only.py
[2021-08-11 10:58:54,939] {scheduler_job.py:642} INFO - DAG(s) dict_keys(['latest_only']) retrieved from /Users/Alex/.local/share/virtualenvs/airflow-1c5-bq0J/lib/python3.9/site-packages/airflow/example_dags/example_latest_only.py
[2021-08-11 10:58:54,965] {logging_mixin.py:104} INFO - [2021-08-11 10:58:54,965] {dag.py:1833} INFO - Sync 1 DAGs
[2021-08-11 10:58:54,971] {logging_mixin.py:104} INFO - [2021-08-11 10:58:54,971] {dag.py:2306} INFO - Setting next_dagrun for latest_only to 2021-08-09 00:00:00+00:00
[2021-08-11 10:58:54,978] {scheduler_job.py:189} INFO - Processing /Users/Alex/.local/share/virtualenvs/airflow-1c5-bq0J/lib/python3.9/site-packages/airflow/example_dags/example_latest_only.py took 0.047 seconds
[2021-08-11 10:59:52,812] {scheduler_job.py:181} INFO - Started process (PID=70979) to work on /Users/Alex/.local/share/virtualenvs/airflow-1c5-bq0J/lib/python3.9/site-packages/airflow/example_dags/example_latest_only.py
[2021-08-11 10:59:52,812] {scheduler_job.py:632} INFO - Processing file /Users/Alex/.local/share/virtualenvs/airflow-1c5-bq0J/lib/python3.9/site-packages/airflow/example_dags/example_latest_only.py for tasks to queue
[2021-08-11 10:59:52,813] {logging_mixin.py:104} INFO - [2021-08-11 10:59:52,813] {dagbag.py:496} INFO - Filling up the DagBag from /Users/Alex/.local/share/virtualenvs/airflow-1c5-bq0J/lib/python3.9/site-packages/airflow/example_dags/example_latest_only.py
[2021-08-11 10:59:52,820] {scheduler_job.py:642} INFO - DAG(s) dict_keys(['latest_only']) retrieved from /Users/Alex/.local/share/virtualenvs/airflow-1c5-bq0J/lib/python3.9/site-packages/airflow/example_dags/example_latest_only.py
[2021-08-11 10:59:52,847] {logging_mixin.py:104} INFO - [2021-08-11 10:59:52,847] {dag.py:1833} INFO - Sync 1 DAGs
[2021-08-11 10:59:52,854] {logging_mixin.py:104} INFO - [2021-08-11 10:59:52,854] {dag.py:2306} INFO - Setting next_dagrun for latest_only to 2021-08-09 00:00:00+00:00
[2021-08-11 10:59:52,861] {scheduler_job.py:189} INFO - Processing /Users/Alex/.local/share/virtualenvs/airflow-1c5-bq0J/lib/python3.9/site-packages/airflow/example_dags/example_latest_only.py took 0.050 seconds
[2021-08-11 11:00:51,991] {scheduler_job.py:181} INFO - Started process (PID=71107) to work on /Users/Alex/.local/share/virtualenvs/airflow-1c5-bq0J/lib/python3.9/site-packages/airflow/example_dags/example_latest_only.py
[2021-08-11 11:00:51,992] {scheduler_job.py:632} INFO - Processing file /Users/Alex/.local/share/virtualenvs/airflow-1c5-bq0J/lib/python3.9/site-packages/airflow/example_dags/example_latest_only.py for tasks to queue
[2021-08-11 11:00:51,992] {logging_mixin.py:104} INFO - [2021-08-11 11:00:51,992] {dagbag.py:496} INFO - Filling up the DagBag from /Users/Alex/.local/share/virtualenvs/airflow-1c5-bq0J/lib/python3.9/site-packages/airflow/example_dags/example_latest_only.py
[2021-08-11 11:00:51,999] {scheduler_job.py:642} INFO - DAG(s) dict_keys(['latest_only']) retrieved from /Users/Alex/.local/share/virtualenvs/airflow-1c5-bq0J/lib/python3.9/site-packages/airflow/example_dags/example_latest_only.py
[2021-08-11 11:00:52,029] {logging_mixin.py:104} INFO - [2021-08-11 11:00:52,029] {dag.py:1833} INFO - Sync 1 DAGs
[2021-08-11 11:00:52,035] {logging_mixin.py:104} INFO - [2021-08-11 11:00:52,035] {dag.py:2306} INFO - Setting next_dagrun for latest_only to 2021-08-09 00:00:00+00:00
[2021-08-11 11:00:52,044] {scheduler_job.py:189} INFO - Processing /Users/Alex/.local/share/virtualenvs/airflow-1c5-bq0J/lib/python3.9/site-packages/airflow/example_dags/example_latest_only.py took 0.054 seconds
[2021-08-11 11:01:51,099] {scheduler_job.py:181} INFO - Started process (PID=71208) to work on /Users/Alex/.local/share/virtualenvs/airflow-1c5-bq0J/lib/python3.9/site-packages/airflow/example_dags/example_latest_only.py
[2021-08-11 11:01:51,101] {scheduler_job.py:632} INFO - Processing file /Users/Alex/.local/share/virtualenvs/airflow-1c5-bq0J/lib/python3.9/site-packages/airflow/example_dags/example_latest_only.py for tasks to queue
[2021-08-11 11:01:51,102] {logging_mixin.py:104} INFO - [2021-08-11 11:01:51,101] {dagbag.py:496} INFO - Filling up the DagBag from /Users/Alex/.local/share/virtualenvs/airflow-1c5-bq0J/lib/python3.9/site-packages/airflow/example_dags/example_latest_only.py
[2021-08-11 11:01:51,108] {scheduler_job.py:642} INFO - DAG(s) dict_keys(['latest_only']) retrieved from /Users/Alex/.local/share/virtualenvs/airflow-1c5-bq0J/lib/python3.9/site-packages/airflow/example_dags/example_latest_only.py
[2021-08-11 11:01:51,135] {logging_mixin.py:104} INFO - [2021-08-11 11:01:51,135] {dag.py:1833} INFO - Sync 1 DAGs
[2021-08-11 11:01:51,141] {logging_mixin.py:104} INFO - [2021-08-11 11:01:51,141] {dag.py:2306} INFO - Setting next_dagrun for latest_only to 2021-08-09 00:00:00+00:00
[2021-08-11 11:01:51,150] {scheduler_job.py:189} INFO - Processing /Users/Alex/.local/share/virtualenvs/airflow-1c5-bq0J/lib/python3.9/site-packages/airflow/example_dags/example_latest_only.py took 0.052 seconds
