[2021-08-11 10:44:30,440] {scheduler_job.py:181} INFO - Started process (PID=69445) to work on /Users/Alex/.local/share/virtualenvs/airflow-1c5-bq0J/lib/python3.9/site-packages/airflow/example_dags/example_python_operator.py
[2021-08-11 10:44:30,440] {scheduler_job.py:632} INFO - Processing file /Users/Alex/.local/share/virtualenvs/airflow-1c5-bq0J/lib/python3.9/site-packages/airflow/example_dags/example_python_operator.py for tasks to queue
[2021-08-11 10:44:30,441] {logging_mixin.py:104} INFO - [2021-08-11 10:44:30,441] {dagbag.py:496} INFO - Filling up the DagBag from /Users/Alex/.local/share/virtualenvs/airflow-1c5-bq0J/lib/python3.9/site-packages/airflow/example_dags/example_python_operator.py
[2021-08-11 10:44:30,449] {scheduler_job.py:642} INFO - DAG(s) dict_keys(['example_python_operator']) retrieved from /Users/Alex/.local/share/virtualenvs/airflow-1c5-bq0J/lib/python3.9/site-packages/airflow/example_dags/example_python_operator.py
[2021-08-11 10:44:30,477] {logging_mixin.py:104} INFO - [2021-08-11 10:44:30,477] {dag.py:1833} INFO - Sync 1 DAGs
[2021-08-11 10:44:30,485] {logging_mixin.py:104} INFO - [2021-08-11 10:44:30,485] {dag.py:2306} INFO - Setting next_dagrun for example_python_operator to None
[2021-08-11 10:44:30,491] {scheduler_job.py:189} INFO - Processing /Users/Alex/.local/share/virtualenvs/airflow-1c5-bq0J/lib/python3.9/site-packages/airflow/example_dags/example_python_operator.py took 0.052 seconds
[2021-08-11 10:45:27,604] {scheduler_job.py:181} INFO - Started process (PID=69514) to work on /Users/Alex/.local/share/virtualenvs/airflow-1c5-bq0J/lib/python3.9/site-packages/airflow/example_dags/example_python_operator.py
[2021-08-11 10:45:27,605] {scheduler_job.py:632} INFO - Processing file /Users/Alex/.local/share/virtualenvs/airflow-1c5-bq0J/lib/python3.9/site-packages/airflow/example_dags/example_python_operator.py for tasks to queue
[2021-08-11 10:45:27,605] {logging_mixin.py:104} INFO - [2021-08-11 10:45:27,605] {dagbag.py:496} INFO - Filling up the DagBag from /Users/Alex/.local/share/virtualenvs/airflow-1c5-bq0J/lib/python3.9/site-packages/airflow/example_dags/example_python_operator.py
[2021-08-11 10:45:27,611] {scheduler_job.py:642} INFO - DAG(s) dict_keys(['example_python_operator']) retrieved from /Users/Alex/.local/share/virtualenvs/airflow-1c5-bq0J/lib/python3.9/site-packages/airflow/example_dags/example_python_operator.py
[2021-08-11 10:45:27,636] {logging_mixin.py:104} INFO - [2021-08-11 10:45:27,636] {dag.py:1833} INFO - Sync 1 DAGs
[2021-08-11 10:45:27,642] {logging_mixin.py:104} INFO - [2021-08-11 10:45:27,642] {dag.py:2306} INFO - Setting next_dagrun for example_python_operator to None
[2021-08-11 10:45:27,651] {scheduler_job.py:189} INFO - Processing /Users/Alex/.local/share/virtualenvs/airflow-1c5-bq0J/lib/python3.9/site-packages/airflow/example_dags/example_python_operator.py took 0.047 seconds
[2021-08-11 10:46:21,686] {scheduler_job.py:181} INFO - Started process (PID=69591) to work on /Users/Alex/.local/share/virtualenvs/airflow-1c5-bq0J/lib/python3.9/site-packages/airflow/example_dags/example_python_operator.py
[2021-08-11 10:46:21,686] {scheduler_job.py:632} INFO - Processing file /Users/Alex/.local/share/virtualenvs/airflow-1c5-bq0J/lib/python3.9/site-packages/airflow/example_dags/example_python_operator.py for tasks to queue
[2021-08-11 10:46:21,687] {logging_mixin.py:104} INFO - [2021-08-11 10:46:21,687] {dagbag.py:496} INFO - Filling up the DagBag from /Users/Alex/.local/share/virtualenvs/airflow-1c5-bq0J/lib/python3.9/site-packages/airflow/example_dags/example_python_operator.py
[2021-08-11 10:46:21,693] {scheduler_job.py:642} INFO - DAG(s) dict_keys(['example_python_operator']) retrieved from /Users/Alex/.local/share/virtualenvs/airflow-1c5-bq0J/lib/python3.9/site-packages/airflow/example_dags/example_python_operator.py
[2021-08-11 10:46:21,721] {logging_mixin.py:104} INFO - [2021-08-11 10:46:21,720] {dag.py:1833} INFO - Sync 1 DAGs
[2021-08-11 10:46:21,727] {logging_mixin.py:104} INFO - [2021-08-11 10:46:21,727] {dag.py:2306} INFO - Setting next_dagrun for example_python_operator to None
[2021-08-11 10:46:21,735] {scheduler_job.py:189} INFO - Processing /Users/Alex/.local/share/virtualenvs/airflow-1c5-bq0J/lib/python3.9/site-packages/airflow/example_dags/example_python_operator.py took 0.050 seconds
[2021-08-11 10:47:16,807] {scheduler_job.py:181} INFO - Started process (PID=69629) to work on /Users/Alex/.local/share/virtualenvs/airflow-1c5-bq0J/lib/python3.9/site-packages/airflow/example_dags/example_python_operator.py
[2021-08-11 10:47:16,807] {scheduler_job.py:632} INFO - Processing file /Users/Alex/.local/share/virtualenvs/airflow-1c5-bq0J/lib/python3.9/site-packages/airflow/example_dags/example_python_operator.py for tasks to queue
[2021-08-11 10:47:16,807] {logging_mixin.py:104} INFO - [2021-08-11 10:47:16,807] {dagbag.py:496} INFO - Filling up the DagBag from /Users/Alex/.local/share/virtualenvs/airflow-1c5-bq0J/lib/python3.9/site-packages/airflow/example_dags/example_python_operator.py
[2021-08-11 10:47:16,814] {scheduler_job.py:642} INFO - DAG(s) dict_keys(['example_python_operator']) retrieved from /Users/Alex/.local/share/virtualenvs/airflow-1c5-bq0J/lib/python3.9/site-packages/airflow/example_dags/example_python_operator.py
[2021-08-11 10:47:16,840] {logging_mixin.py:104} INFO - [2021-08-11 10:47:16,839] {dag.py:1833} INFO - Sync 1 DAGs
[2021-08-11 10:47:16,846] {logging_mixin.py:104} INFO - [2021-08-11 10:47:16,846] {dag.py:2306} INFO - Setting next_dagrun for example_python_operator to None
[2021-08-11 10:47:16,854] {scheduler_job.py:189} INFO - Processing /Users/Alex/.local/share/virtualenvs/airflow-1c5-bq0J/lib/python3.9/site-packages/airflow/example_dags/example_python_operator.py took 0.047 seconds
[2021-08-11 10:48:11,212] {scheduler_job.py:181} INFO - Started process (PID=69725) to work on /Users/Alex/.local/share/virtualenvs/airflow-1c5-bq0J/lib/python3.9/site-packages/airflow/example_dags/example_python_operator.py
[2021-08-11 10:48:11,212] {scheduler_job.py:632} INFO - Processing file /Users/Alex/.local/share/virtualenvs/airflow-1c5-bq0J/lib/python3.9/site-packages/airflow/example_dags/example_python_operator.py for tasks to queue
[2021-08-11 10:48:11,213] {logging_mixin.py:104} INFO - [2021-08-11 10:48:11,213] {dagbag.py:496} INFO - Filling up the DagBag from /Users/Alex/.local/share/virtualenvs/airflow-1c5-bq0J/lib/python3.9/site-packages/airflow/example_dags/example_python_operator.py
[2021-08-11 10:48:11,221] {scheduler_job.py:642} INFO - DAG(s) dict_keys(['example_python_operator']) retrieved from /Users/Alex/.local/share/virtualenvs/airflow-1c5-bq0J/lib/python3.9/site-packages/airflow/example_dags/example_python_operator.py
[2021-08-11 10:48:11,248] {logging_mixin.py:104} INFO - [2021-08-11 10:48:11,248] {dag.py:1833} INFO - Sync 1 DAGs
[2021-08-11 10:48:11,255] {logging_mixin.py:104} INFO - [2021-08-11 10:48:11,255] {dag.py:2306} INFO - Setting next_dagrun for example_python_operator to None
[2021-08-11 10:48:11,263] {scheduler_job.py:189} INFO - Processing /Users/Alex/.local/share/virtualenvs/airflow-1c5-bq0J/lib/python3.9/site-packages/airflow/example_dags/example_python_operator.py took 0.053 seconds
[2021-08-11 10:49:09,552] {scheduler_job.py:181} INFO - Started process (PID=69829) to work on /Users/Alex/.local/share/virtualenvs/airflow-1c5-bq0J/lib/python3.9/site-packages/airflow/example_dags/example_python_operator.py
[2021-08-11 10:49:09,553] {scheduler_job.py:632} INFO - Processing file /Users/Alex/.local/share/virtualenvs/airflow-1c5-bq0J/lib/python3.9/site-packages/airflow/example_dags/example_python_operator.py for tasks to queue
[2021-08-11 10:49:09,553] {logging_mixin.py:104} INFO - [2021-08-11 10:49:09,553] {dagbag.py:496} INFO - Filling up the DagBag from /Users/Alex/.local/share/virtualenvs/airflow-1c5-bq0J/lib/python3.9/site-packages/airflow/example_dags/example_python_operator.py
[2021-08-11 10:49:09,560] {scheduler_job.py:642} INFO - DAG(s) dict_keys(['example_python_operator']) retrieved from /Users/Alex/.local/share/virtualenvs/airflow-1c5-bq0J/lib/python3.9/site-packages/airflow/example_dags/example_python_operator.py
[2021-08-11 10:49:09,666] {logging_mixin.py:104} INFO - [2021-08-11 10:49:09,666] {dag.py:1833} INFO - Sync 1 DAGs
[2021-08-11 10:49:09,679] {logging_mixin.py:104} INFO - [2021-08-11 10:49:09,679] {dag.py:2306} INFO - Setting next_dagrun for example_python_operator to None
[2021-08-11 10:49:09,692] {scheduler_job.py:189} INFO - Processing /Users/Alex/.local/share/virtualenvs/airflow-1c5-bq0J/lib/python3.9/site-packages/airflow/example_dags/example_python_operator.py took 0.140 seconds
[2021-08-11 10:50:09,533] {scheduler_job.py:181} INFO - Started process (PID=69898) to work on /Users/Alex/.local/share/virtualenvs/airflow-1c5-bq0J/lib/python3.9/site-packages/airflow/example_dags/example_python_operator.py
[2021-08-11 10:50:09,535] {scheduler_job.py:632} INFO - Processing file /Users/Alex/.local/share/virtualenvs/airflow-1c5-bq0J/lib/python3.9/site-packages/airflow/example_dags/example_python_operator.py for tasks to queue
[2021-08-11 10:50:09,536] {logging_mixin.py:104} INFO - [2021-08-11 10:50:09,536] {dagbag.py:496} INFO - Filling up the DagBag from /Users/Alex/.local/share/virtualenvs/airflow-1c5-bq0J/lib/python3.9/site-packages/airflow/example_dags/example_python_operator.py
[2021-08-11 10:50:09,544] {scheduler_job.py:642} INFO - DAG(s) dict_keys(['example_python_operator']) retrieved from /Users/Alex/.local/share/virtualenvs/airflow-1c5-bq0J/lib/python3.9/site-packages/airflow/example_dags/example_python_operator.py
[2021-08-11 10:50:09,571] {logging_mixin.py:104} INFO - [2021-08-11 10:50:09,571] {dag.py:1833} INFO - Sync 1 DAGs
[2021-08-11 10:50:09,577] {logging_mixin.py:104} INFO - [2021-08-11 10:50:09,577] {dag.py:2306} INFO - Setting next_dagrun for example_python_operator to None
[2021-08-11 10:50:09,587] {scheduler_job.py:189} INFO - Processing /Users/Alex/.local/share/virtualenvs/airflow-1c5-bq0J/lib/python3.9/site-packages/airflow/example_dags/example_python_operator.py took 0.055 seconds
[2021-08-11 10:51:08,338] {scheduler_job.py:181} INFO - Started process (PID=70017) to work on /Users/Alex/.local/share/virtualenvs/airflow-1c5-bq0J/lib/python3.9/site-packages/airflow/example_dags/example_python_operator.py
[2021-08-11 10:51:08,338] {scheduler_job.py:632} INFO - Processing file /Users/Alex/.local/share/virtualenvs/airflow-1c5-bq0J/lib/python3.9/site-packages/airflow/example_dags/example_python_operator.py for tasks to queue
[2021-08-11 10:51:08,338] {logging_mixin.py:104} INFO - [2021-08-11 10:51:08,338] {dagbag.py:496} INFO - Filling up the DagBag from /Users/Alex/.local/share/virtualenvs/airflow-1c5-bq0J/lib/python3.9/site-packages/airflow/example_dags/example_python_operator.py
[2021-08-11 10:51:08,347] {scheduler_job.py:642} INFO - DAG(s) dict_keys(['example_python_operator']) retrieved from /Users/Alex/.local/share/virtualenvs/airflow-1c5-bq0J/lib/python3.9/site-packages/airflow/example_dags/example_python_operator.py
[2021-08-11 10:51:08,377] {logging_mixin.py:104} INFO - [2021-08-11 10:51:08,377] {dag.py:1833} INFO - Sync 1 DAGs
[2021-08-11 10:51:08,384] {logging_mixin.py:104} INFO - [2021-08-11 10:51:08,384] {dag.py:2306} INFO - Setting next_dagrun for example_python_operator to None
[2021-08-11 10:51:08,393] {scheduler_job.py:189} INFO - Processing /Users/Alex/.local/share/virtualenvs/airflow-1c5-bq0J/lib/python3.9/site-packages/airflow/example_dags/example_python_operator.py took 0.056 seconds
[2021-08-11 10:52:03,182] {scheduler_job.py:181} INFO - Started process (PID=70123) to work on /Users/Alex/.local/share/virtualenvs/airflow-1c5-bq0J/lib/python3.9/site-packages/airflow/example_dags/example_python_operator.py
[2021-08-11 10:52:03,183] {scheduler_job.py:632} INFO - Processing file /Users/Alex/.local/share/virtualenvs/airflow-1c5-bq0J/lib/python3.9/site-packages/airflow/example_dags/example_python_operator.py for tasks to queue
[2021-08-11 10:52:03,183] {logging_mixin.py:104} INFO - [2021-08-11 10:52:03,183] {dagbag.py:496} INFO - Filling up the DagBag from /Users/Alex/.local/share/virtualenvs/airflow-1c5-bq0J/lib/python3.9/site-packages/airflow/example_dags/example_python_operator.py
[2021-08-11 10:52:03,189] {scheduler_job.py:642} INFO - DAG(s) dict_keys(['example_python_operator']) retrieved from /Users/Alex/.local/share/virtualenvs/airflow-1c5-bq0J/lib/python3.9/site-packages/airflow/example_dags/example_python_operator.py
[2021-08-11 10:52:03,215] {logging_mixin.py:104} INFO - [2021-08-11 10:52:03,214] {dag.py:1833} INFO - Sync 1 DAGs
[2021-08-11 10:52:03,220] {logging_mixin.py:104} INFO - [2021-08-11 10:52:03,220] {dag.py:2306} INFO - Setting next_dagrun for example_python_operator to None
[2021-08-11 10:52:03,235] {scheduler_job.py:189} INFO - Processing /Users/Alex/.local/share/virtualenvs/airflow-1c5-bq0J/lib/python3.9/site-packages/airflow/example_dags/example_python_operator.py took 0.053 seconds
[2021-08-11 10:53:00,620] {scheduler_job.py:181} INFO - Started process (PID=70229) to work on /Users/Alex/.local/share/virtualenvs/airflow-1c5-bq0J/lib/python3.9/site-packages/airflow/example_dags/example_python_operator.py
[2021-08-11 10:53:00,620] {scheduler_job.py:632} INFO - Processing file /Users/Alex/.local/share/virtualenvs/airflow-1c5-bq0J/lib/python3.9/site-packages/airflow/example_dags/example_python_operator.py for tasks to queue
[2021-08-11 10:53:00,621] {logging_mixin.py:104} INFO - [2021-08-11 10:53:00,621] {dagbag.py:496} INFO - Filling up the DagBag from /Users/Alex/.local/share/virtualenvs/airflow-1c5-bq0J/lib/python3.9/site-packages/airflow/example_dags/example_python_operator.py
[2021-08-11 10:53:00,629] {scheduler_job.py:642} INFO - DAG(s) dict_keys(['example_python_operator']) retrieved from /Users/Alex/.local/share/virtualenvs/airflow-1c5-bq0J/lib/python3.9/site-packages/airflow/example_dags/example_python_operator.py
[2021-08-11 10:53:00,662] {logging_mixin.py:104} INFO - [2021-08-11 10:53:00,662] {dag.py:1833} INFO - Sync 1 DAGs
[2021-08-11 10:53:00,668] {logging_mixin.py:104} INFO - [2021-08-11 10:53:00,668] {dag.py:2306} INFO - Setting next_dagrun for example_python_operator to None
[2021-08-11 10:53:00,675] {scheduler_job.py:189} INFO - Processing /Users/Alex/.local/share/virtualenvs/airflow-1c5-bq0J/lib/python3.9/site-packages/airflow/example_dags/example_python_operator.py took 0.056 seconds
[2021-08-11 10:53:55,712] {scheduler_job.py:181} INFO - Started process (PID=70310) to work on /Users/Alex/.local/share/virtualenvs/airflow-1c5-bq0J/lib/python3.9/site-packages/airflow/example_dags/example_python_operator.py
[2021-08-11 10:53:55,715] {scheduler_job.py:632} INFO - Processing file /Users/Alex/.local/share/virtualenvs/airflow-1c5-bq0J/lib/python3.9/site-packages/airflow/example_dags/example_python_operator.py for tasks to queue
[2021-08-11 10:53:55,715] {logging_mixin.py:104} INFO - [2021-08-11 10:53:55,715] {dagbag.py:496} INFO - Filling up the DagBag from /Users/Alex/.local/share/virtualenvs/airflow-1c5-bq0J/lib/python3.9/site-packages/airflow/example_dags/example_python_operator.py
[2021-08-11 10:53:55,725] {scheduler_job.py:642} INFO - DAG(s) dict_keys(['example_python_operator']) retrieved from /Users/Alex/.local/share/virtualenvs/airflow-1c5-bq0J/lib/python3.9/site-packages/airflow/example_dags/example_python_operator.py
[2021-08-11 10:53:55,752] {logging_mixin.py:104} INFO - [2021-08-11 10:53:55,751] {dag.py:1833} INFO - Sync 1 DAGs
[2021-08-11 10:53:55,757] {logging_mixin.py:104} INFO - [2021-08-11 10:53:55,757] {dag.py:2306} INFO - Setting next_dagrun for example_python_operator to None
[2021-08-11 10:53:55,765] {scheduler_job.py:189} INFO - Processing /Users/Alex/.local/share/virtualenvs/airflow-1c5-bq0J/lib/python3.9/site-packages/airflow/example_dags/example_python_operator.py took 0.054 seconds
[2021-08-11 10:54:51,912] {scheduler_job.py:181} INFO - Started process (PID=70414) to work on /Users/Alex/.local/share/virtualenvs/airflow-1c5-bq0J/lib/python3.9/site-packages/airflow/example_dags/example_python_operator.py
[2021-08-11 10:54:51,914] {scheduler_job.py:632} INFO - Processing file /Users/Alex/.local/share/virtualenvs/airflow-1c5-bq0J/lib/python3.9/site-packages/airflow/example_dags/example_python_operator.py for tasks to queue
[2021-08-11 10:54:51,915] {logging_mixin.py:104} INFO - [2021-08-11 10:54:51,915] {dagbag.py:496} INFO - Filling up the DagBag from /Users/Alex/.local/share/virtualenvs/airflow-1c5-bq0J/lib/python3.9/site-packages/airflow/example_dags/example_python_operator.py
[2021-08-11 10:54:51,924] {scheduler_job.py:642} INFO - DAG(s) dict_keys(['example_python_operator']) retrieved from /Users/Alex/.local/share/virtualenvs/airflow-1c5-bq0J/lib/python3.9/site-packages/airflow/example_dags/example_python_operator.py
[2021-08-11 10:54:52,021] {logging_mixin.py:104} INFO - [2021-08-11 10:54:52,020] {dag.py:1833} INFO - Sync 1 DAGs
[2021-08-11 10:54:52,037] {logging_mixin.py:104} INFO - [2021-08-11 10:54:52,036] {dag.py:2306} INFO - Setting next_dagrun for example_python_operator to None
[2021-08-11 10:54:52,051] {scheduler_job.py:189} INFO - Processing /Users/Alex/.local/share/virtualenvs/airflow-1c5-bq0J/lib/python3.9/site-packages/airflow/example_dags/example_python_operator.py took 0.140 seconds
[2021-08-11 10:55:51,560] {scheduler_job.py:181} INFO - Started process (PID=70526) to work on /Users/Alex/.local/share/virtualenvs/airflow-1c5-bq0J/lib/python3.9/site-packages/airflow/example_dags/example_python_operator.py
[2021-08-11 10:55:51,560] {scheduler_job.py:632} INFO - Processing file /Users/Alex/.local/share/virtualenvs/airflow-1c5-bq0J/lib/python3.9/site-packages/airflow/example_dags/example_python_operator.py for tasks to queue
[2021-08-11 10:55:51,561] {logging_mixin.py:104} INFO - [2021-08-11 10:55:51,561] {dagbag.py:496} INFO - Filling up the DagBag from /Users/Alex/.local/share/virtualenvs/airflow-1c5-bq0J/lib/python3.9/site-packages/airflow/example_dags/example_python_operator.py
[2021-08-11 10:55:51,567] {scheduler_job.py:642} INFO - DAG(s) dict_keys(['example_python_operator']) retrieved from /Users/Alex/.local/share/virtualenvs/airflow-1c5-bq0J/lib/python3.9/site-packages/airflow/example_dags/example_python_operator.py
[2021-08-11 10:55:51,592] {logging_mixin.py:104} INFO - [2021-08-11 10:55:51,592] {dag.py:1833} INFO - Sync 1 DAGs
[2021-08-11 10:55:51,597] {logging_mixin.py:104} INFO - [2021-08-11 10:55:51,597] {dag.py:2306} INFO - Setting next_dagrun for example_python_operator to None
[2021-08-11 10:55:51,605] {scheduler_job.py:189} INFO - Processing /Users/Alex/.local/share/virtualenvs/airflow-1c5-bq0J/lib/python3.9/site-packages/airflow/example_dags/example_python_operator.py took 0.046 seconds
[2021-08-11 10:56:49,361] {scheduler_job.py:181} INFO - Started process (PID=70634) to work on /Users/Alex/.local/share/virtualenvs/airflow-1c5-bq0J/lib/python3.9/site-packages/airflow/example_dags/example_python_operator.py
[2021-08-11 10:56:49,364] {scheduler_job.py:632} INFO - Processing file /Users/Alex/.local/share/virtualenvs/airflow-1c5-bq0J/lib/python3.9/site-packages/airflow/example_dags/example_python_operator.py for tasks to queue
[2021-08-11 10:56:49,365] {logging_mixin.py:104} INFO - [2021-08-11 10:56:49,365] {dagbag.py:496} INFO - Filling up the DagBag from /Users/Alex/.local/share/virtualenvs/airflow-1c5-bq0J/lib/python3.9/site-packages/airflow/example_dags/example_python_operator.py
[2021-08-11 10:56:49,375] {scheduler_job.py:642} INFO - DAG(s) dict_keys(['example_python_operator']) retrieved from /Users/Alex/.local/share/virtualenvs/airflow-1c5-bq0J/lib/python3.9/site-packages/airflow/example_dags/example_python_operator.py
[2021-08-11 10:56:49,399] {logging_mixin.py:104} INFO - [2021-08-11 10:56:49,399] {dag.py:1833} INFO - Sync 1 DAGs
[2021-08-11 10:56:49,405] {logging_mixin.py:104} INFO - [2021-08-11 10:56:49,405] {dag.py:2306} INFO - Setting next_dagrun for example_python_operator to None
[2021-08-11 10:56:49,413] {scheduler_job.py:189} INFO - Processing /Users/Alex/.local/share/virtualenvs/airflow-1c5-bq0J/lib/python3.9/site-packages/airflow/example_dags/example_python_operator.py took 0.052 seconds
[2021-08-11 10:57:43,982] {scheduler_job.py:181} INFO - Started process (PID=70744) to work on /Users/Alex/.local/share/virtualenvs/airflow-1c5-bq0J/lib/python3.9/site-packages/airflow/example_dags/example_python_operator.py
[2021-08-11 10:57:44,179] {scheduler_job.py:632} INFO - Processing file /Users/Alex/.local/share/virtualenvs/airflow-1c5-bq0J/lib/python3.9/site-packages/airflow/example_dags/example_python_operator.py for tasks to queue
[2021-08-11 10:57:44,180] {logging_mixin.py:104} INFO - [2021-08-11 10:57:44,180] {dagbag.py:496} INFO - Filling up the DagBag from /Users/Alex/.local/share/virtualenvs/airflow-1c5-bq0J/lib/python3.9/site-packages/airflow/example_dags/example_python_operator.py
[2021-08-11 10:57:44,188] {scheduler_job.py:642} INFO - DAG(s) dict_keys(['example_python_operator']) retrieved from /Users/Alex/.local/share/virtualenvs/airflow-1c5-bq0J/lib/python3.9/site-packages/airflow/example_dags/example_python_operator.py
[2021-08-11 10:57:44,260] {logging_mixin.py:104} INFO - [2021-08-11 10:57:44,260] {dag.py:1833} INFO - Sync 1 DAGs
[2021-08-11 10:57:44,266] {logging_mixin.py:104} INFO - [2021-08-11 10:57:44,266] {dag.py:2306} INFO - Setting next_dagrun for example_python_operator to None
[2021-08-11 10:57:44,273] {scheduler_job.py:189} INFO - Processing /Users/Alex/.local/share/virtualenvs/airflow-1c5-bq0J/lib/python3.9/site-packages/airflow/example_dags/example_python_operator.py took 0.291 seconds
[2021-08-11 10:58:47,341] {scheduler_job.py:181} INFO - Started process (PID=70857) to work on /Users/Alex/.local/share/virtualenvs/airflow-1c5-bq0J/lib/python3.9/site-packages/airflow/example_dags/example_python_operator.py
[2021-08-11 10:58:47,342] {scheduler_job.py:632} INFO - Processing file /Users/Alex/.local/share/virtualenvs/airflow-1c5-bq0J/lib/python3.9/site-packages/airflow/example_dags/example_python_operator.py for tasks to queue
[2021-08-11 10:58:47,342] {logging_mixin.py:104} INFO - [2021-08-11 10:58:47,342] {dagbag.py:496} INFO - Filling up the DagBag from /Users/Alex/.local/share/virtualenvs/airflow-1c5-bq0J/lib/python3.9/site-packages/airflow/example_dags/example_python_operator.py
[2021-08-11 10:58:47,348] {scheduler_job.py:642} INFO - DAG(s) dict_keys(['example_python_operator']) retrieved from /Users/Alex/.local/share/virtualenvs/airflow-1c5-bq0J/lib/python3.9/site-packages/airflow/example_dags/example_python_operator.py
[2021-08-11 10:58:47,373] {logging_mixin.py:104} INFO - [2021-08-11 10:58:47,372] {dag.py:1833} INFO - Sync 1 DAGs
[2021-08-11 10:58:47,378] {logging_mixin.py:104} INFO - [2021-08-11 10:58:47,378] {dag.py:2306} INFO - Setting next_dagrun for example_python_operator to None
[2021-08-11 10:58:47,386] {scheduler_job.py:189} INFO - Processing /Users/Alex/.local/share/virtualenvs/airflow-1c5-bq0J/lib/python3.9/site-packages/airflow/example_dags/example_python_operator.py took 0.046 seconds
[2021-08-11 10:59:46,024] {scheduler_job.py:181} INFO - Started process (PID=70968) to work on /Users/Alex/.local/share/virtualenvs/airflow-1c5-bq0J/lib/python3.9/site-packages/airflow/example_dags/example_python_operator.py
[2021-08-11 10:59:46,025] {scheduler_job.py:632} INFO - Processing file /Users/Alex/.local/share/virtualenvs/airflow-1c5-bq0J/lib/python3.9/site-packages/airflow/example_dags/example_python_operator.py for tasks to queue
[2021-08-11 10:59:46,025] {logging_mixin.py:104} INFO - [2021-08-11 10:59:46,025] {dagbag.py:496} INFO - Filling up the DagBag from /Users/Alex/.local/share/virtualenvs/airflow-1c5-bq0J/lib/python3.9/site-packages/airflow/example_dags/example_python_operator.py
[2021-08-11 10:59:46,031] {scheduler_job.py:642} INFO - DAG(s) dict_keys(['example_python_operator']) retrieved from /Users/Alex/.local/share/virtualenvs/airflow-1c5-bq0J/lib/python3.9/site-packages/airflow/example_dags/example_python_operator.py
[2021-08-11 10:59:46,055] {logging_mixin.py:104} INFO - [2021-08-11 10:59:46,055] {dag.py:1833} INFO - Sync 1 DAGs
[2021-08-11 10:59:46,061] {logging_mixin.py:104} INFO - [2021-08-11 10:59:46,060] {dag.py:2306} INFO - Setting next_dagrun for example_python_operator to None
[2021-08-11 10:59:46,070] {scheduler_job.py:189} INFO - Processing /Users/Alex/.local/share/virtualenvs/airflow-1c5-bq0J/lib/python3.9/site-packages/airflow/example_dags/example_python_operator.py took 0.046 seconds
[2021-08-11 11:00:44,875] {scheduler_job.py:181} INFO - Started process (PID=71090) to work on /Users/Alex/.local/share/virtualenvs/airflow-1c5-bq0J/lib/python3.9/site-packages/airflow/example_dags/example_python_operator.py
[2021-08-11 11:00:44,875] {scheduler_job.py:632} INFO - Processing file /Users/Alex/.local/share/virtualenvs/airflow-1c5-bq0J/lib/python3.9/site-packages/airflow/example_dags/example_python_operator.py for tasks to queue
[2021-08-11 11:00:44,876] {logging_mixin.py:104} INFO - [2021-08-11 11:00:44,876] {dagbag.py:496} INFO - Filling up the DagBag from /Users/Alex/.local/share/virtualenvs/airflow-1c5-bq0J/lib/python3.9/site-packages/airflow/example_dags/example_python_operator.py
[2021-08-11 11:00:44,890] {scheduler_job.py:642} INFO - DAG(s) dict_keys(['example_python_operator']) retrieved from /Users/Alex/.local/share/virtualenvs/airflow-1c5-bq0J/lib/python3.9/site-packages/airflow/example_dags/example_python_operator.py
[2021-08-11 11:00:44,921] {logging_mixin.py:104} INFO - [2021-08-11 11:00:44,921] {dag.py:1833} INFO - Sync 1 DAGs
[2021-08-11 11:00:44,928] {logging_mixin.py:104} INFO - [2021-08-11 11:00:44,928] {dag.py:2306} INFO - Setting next_dagrun for example_python_operator to None
[2021-08-11 11:00:44,938] {scheduler_job.py:189} INFO - Processing /Users/Alex/.local/share/virtualenvs/airflow-1c5-bq0J/lib/python3.9/site-packages/airflow/example_dags/example_python_operator.py took 0.063 seconds
[2021-08-11 11:01:43,361] {scheduler_job.py:181} INFO - Started process (PID=71195) to work on /Users/Alex/.local/share/virtualenvs/airflow-1c5-bq0J/lib/python3.9/site-packages/airflow/example_dags/example_python_operator.py
[2021-08-11 11:01:43,362] {scheduler_job.py:632} INFO - Processing file /Users/Alex/.local/share/virtualenvs/airflow-1c5-bq0J/lib/python3.9/site-packages/airflow/example_dags/example_python_operator.py for tasks to queue
[2021-08-11 11:01:43,363] {logging_mixin.py:104} INFO - [2021-08-11 11:01:43,362] {dagbag.py:496} INFO - Filling up the DagBag from /Users/Alex/.local/share/virtualenvs/airflow-1c5-bq0J/lib/python3.9/site-packages/airflow/example_dags/example_python_operator.py
[2021-08-11 11:01:43,376] {scheduler_job.py:642} INFO - DAG(s) dict_keys(['example_python_operator']) retrieved from /Users/Alex/.local/share/virtualenvs/airflow-1c5-bq0J/lib/python3.9/site-packages/airflow/example_dags/example_python_operator.py
[2021-08-11 11:01:43,436] {logging_mixin.py:104} INFO - [2021-08-11 11:01:43,436] {dag.py:1833} INFO - Sync 1 DAGs
[2021-08-11 11:01:43,451] {logging_mixin.py:104} INFO - [2021-08-11 11:01:43,451] {dag.py:2306} INFO - Setting next_dagrun for example_python_operator to None
[2021-08-11 11:01:43,462] {scheduler_job.py:189} INFO - Processing /Users/Alex/.local/share/virtualenvs/airflow-1c5-bq0J/lib/python3.9/site-packages/airflow/example_dags/example_python_operator.py took 0.102 seconds
