[2021-08-11 10:44:59,493] {scheduler_job.py:181} INFO - Started process (PID=69467) to work on /Users/Alex/.local/share/virtualenvs/airflow-1c5-bq0J/lib/python3.9/site-packages/airflow/example_dags/example_bash_operator.py
[2021-08-11 10:44:59,494] {scheduler_job.py:632} INFO - Processing file /Users/Alex/.local/share/virtualenvs/airflow-1c5-bq0J/lib/python3.9/site-packages/airflow/example_dags/example_bash_operator.py for tasks to queue
[2021-08-11 10:44:59,494] {logging_mixin.py:104} INFO - [2021-08-11 10:44:59,494] {dagbag.py:496} INFO - Filling up the DagBag from /Users/Alex/.local/share/virtualenvs/airflow-1c5-bq0J/lib/python3.9/site-packages/airflow/example_dags/example_bash_operator.py
[2021-08-11 10:44:59,502] {scheduler_job.py:642} INFO - DAG(s) dict_keys(['example_bash_operator']) retrieved from /Users/Alex/.local/share/virtualenvs/airflow-1c5-bq0J/lib/python3.9/site-packages/airflow/example_dags/example_bash_operator.py
[2021-08-11 10:44:59,531] {logging_mixin.py:104} INFO - [2021-08-11 10:44:59,531] {dag.py:1833} INFO - Sync 1 DAGs
[2021-08-11 10:44:59,539] {logging_mixin.py:104} INFO - [2021-08-11 10:44:59,539] {dag.py:2306} INFO - Setting next_dagrun for example_bash_operator to 2021-08-11 00:00:00+00:00
[2021-08-11 10:44:59,547] {scheduler_job.py:189} INFO - Processing /Users/Alex/.local/share/virtualenvs/airflow-1c5-bq0J/lib/python3.9/site-packages/airflow/example_dags/example_bash_operator.py took 0.055 seconds
[2021-08-11 10:46:14,660] {scheduler_job.py:181} INFO - Started process (PID=69577) to work on /Users/Alex/.local/share/virtualenvs/airflow-1c5-bq0J/lib/python3.9/site-packages/airflow/example_dags/example_bash_operator.py
[2021-08-11 10:46:14,661] {scheduler_job.py:632} INFO - Processing file /Users/Alex/.local/share/virtualenvs/airflow-1c5-bq0J/lib/python3.9/site-packages/airflow/example_dags/example_bash_operator.py for tasks to queue
[2021-08-11 10:46:14,661] {logging_mixin.py:104} INFO - [2021-08-11 10:46:14,661] {dagbag.py:496} INFO - Filling up the DagBag from /Users/Alex/.local/share/virtualenvs/airflow-1c5-bq0J/lib/python3.9/site-packages/airflow/example_dags/example_bash_operator.py
[2021-08-11 10:46:14,669] {scheduler_job.py:642} INFO - DAG(s) dict_keys(['example_bash_operator']) retrieved from /Users/Alex/.local/share/virtualenvs/airflow-1c5-bq0J/lib/python3.9/site-packages/airflow/example_dags/example_bash_operator.py
[2021-08-11 10:46:14,696] {logging_mixin.py:104} INFO - [2021-08-11 10:46:14,696] {dag.py:1833} INFO - Sync 1 DAGs
[2021-08-11 10:46:14,704] {logging_mixin.py:104} INFO - [2021-08-11 10:46:14,703] {dag.py:2306} INFO - Setting next_dagrun for example_bash_operator to 2021-08-11 00:00:00+00:00
[2021-08-11 10:46:14,710] {scheduler_job.py:189} INFO - Processing /Users/Alex/.local/share/virtualenvs/airflow-1c5-bq0J/lib/python3.9/site-packages/airflow/example_dags/example_bash_operator.py took 0.050 seconds
[2021-08-11 10:47:37,520] {scheduler_job.py:181} INFO - Started process (PID=69672) to work on /Users/Alex/.local/share/virtualenvs/airflow-1c5-bq0J/lib/python3.9/site-packages/airflow/example_dags/example_bash_operator.py
[2021-08-11 10:47:37,521] {scheduler_job.py:632} INFO - Processing file /Users/Alex/.local/share/virtualenvs/airflow-1c5-bq0J/lib/python3.9/site-packages/airflow/example_dags/example_bash_operator.py for tasks to queue
[2021-08-11 10:47:37,521] {logging_mixin.py:104} INFO - [2021-08-11 10:47:37,521] {dagbag.py:496} INFO - Filling up the DagBag from /Users/Alex/.local/share/virtualenvs/airflow-1c5-bq0J/lib/python3.9/site-packages/airflow/example_dags/example_bash_operator.py
[2021-08-11 10:47:37,528] {scheduler_job.py:642} INFO - DAG(s) dict_keys(['example_bash_operator']) retrieved from /Users/Alex/.local/share/virtualenvs/airflow-1c5-bq0J/lib/python3.9/site-packages/airflow/example_dags/example_bash_operator.py
[2021-08-11 10:47:37,553] {logging_mixin.py:104} INFO - [2021-08-11 10:47:37,552] {dag.py:1833} INFO - Sync 1 DAGs
[2021-08-11 10:47:37,559] {logging_mixin.py:104} INFO - [2021-08-11 10:47:37,559] {dag.py:2306} INFO - Setting next_dagrun for example_bash_operator to 2021-08-11 00:00:00+00:00
[2021-08-11 10:47:37,568] {scheduler_job.py:189} INFO - Processing /Users/Alex/.local/share/virtualenvs/airflow-1c5-bq0J/lib/python3.9/site-packages/airflow/example_dags/example_bash_operator.py took 0.048 seconds
[2021-08-11 10:49:01,917] {scheduler_job.py:181} INFO - Started process (PID=69821) to work on /Users/Alex/.local/share/virtualenvs/airflow-1c5-bq0J/lib/python3.9/site-packages/airflow/example_dags/example_bash_operator.py
[2021-08-11 10:49:01,917] {scheduler_job.py:632} INFO - Processing file /Users/Alex/.local/share/virtualenvs/airflow-1c5-bq0J/lib/python3.9/site-packages/airflow/example_dags/example_bash_operator.py for tasks to queue
[2021-08-11 10:49:01,918] {logging_mixin.py:104} INFO - [2021-08-11 10:49:01,918] {dagbag.py:496} INFO - Filling up the DagBag from /Users/Alex/.local/share/virtualenvs/airflow-1c5-bq0J/lib/python3.9/site-packages/airflow/example_dags/example_bash_operator.py
[2021-08-11 10:49:01,925] {scheduler_job.py:642} INFO - DAG(s) dict_keys(['example_bash_operator']) retrieved from /Users/Alex/.local/share/virtualenvs/airflow-1c5-bq0J/lib/python3.9/site-packages/airflow/example_dags/example_bash_operator.py
[2021-08-11 10:49:02,029] {logging_mixin.py:104} INFO - [2021-08-11 10:49:02,028] {dag.py:1833} INFO - Sync 1 DAGs
[2021-08-11 10:49:02,054] {logging_mixin.py:104} INFO - [2021-08-11 10:49:02,054] {dag.py:2306} INFO - Setting next_dagrun for example_bash_operator to 2021-08-11 00:00:00+00:00
[2021-08-11 10:49:02,075] {scheduler_job.py:189} INFO - Processing /Users/Alex/.local/share/virtualenvs/airflow-1c5-bq0J/lib/python3.9/site-packages/airflow/example_dags/example_bash_operator.py took 0.159 seconds
[2021-08-11 10:50:01,733] {scheduler_job.py:181} INFO - Started process (PID=69881) to work on /Users/Alex/.local/share/virtualenvs/airflow-1c5-bq0J/lib/python3.9/site-packages/airflow/example_dags/example_bash_operator.py
[2021-08-11 10:50:01,735] {scheduler_job.py:632} INFO - Processing file /Users/Alex/.local/share/virtualenvs/airflow-1c5-bq0J/lib/python3.9/site-packages/airflow/example_dags/example_bash_operator.py for tasks to queue
[2021-08-11 10:50:01,736] {logging_mixin.py:104} INFO - [2021-08-11 10:50:01,736] {dagbag.py:496} INFO - Filling up the DagBag from /Users/Alex/.local/share/virtualenvs/airflow-1c5-bq0J/lib/python3.9/site-packages/airflow/example_dags/example_bash_operator.py
[2021-08-11 10:50:01,746] {scheduler_job.py:642} INFO - DAG(s) dict_keys(['example_bash_operator']) retrieved from /Users/Alex/.local/share/virtualenvs/airflow-1c5-bq0J/lib/python3.9/site-packages/airflow/example_dags/example_bash_operator.py
[2021-08-11 10:50:01,779] {logging_mixin.py:104} INFO - [2021-08-11 10:50:01,779] {dag.py:1833} INFO - Sync 1 DAGs
[2021-08-11 10:50:01,791] {logging_mixin.py:104} INFO - [2021-08-11 10:50:01,791] {dag.py:2306} INFO - Setting next_dagrun for example_bash_operator to 2021-08-11 00:00:00+00:00
[2021-08-11 10:50:01,801] {scheduler_job.py:189} INFO - Processing /Users/Alex/.local/share/virtualenvs/airflow-1c5-bq0J/lib/python3.9/site-packages/airflow/example_dags/example_bash_operator.py took 0.069 seconds
[2021-08-11 10:51:00,971] {scheduler_job.py:181} INFO - Started process (PID=70006) to work on /Users/Alex/.local/share/virtualenvs/airflow-1c5-bq0J/lib/python3.9/site-packages/airflow/example_dags/example_bash_operator.py
[2021-08-11 10:51:00,971] {scheduler_job.py:632} INFO - Processing file /Users/Alex/.local/share/virtualenvs/airflow-1c5-bq0J/lib/python3.9/site-packages/airflow/example_dags/example_bash_operator.py for tasks to queue
[2021-08-11 10:51:00,972] {logging_mixin.py:104} INFO - [2021-08-11 10:51:00,972] {dagbag.py:496} INFO - Filling up the DagBag from /Users/Alex/.local/share/virtualenvs/airflow-1c5-bq0J/lib/python3.9/site-packages/airflow/example_dags/example_bash_operator.py
[2021-08-11 10:51:00,983] {scheduler_job.py:642} INFO - DAG(s) dict_keys(['example_bash_operator']) retrieved from /Users/Alex/.local/share/virtualenvs/airflow-1c5-bq0J/lib/python3.9/site-packages/airflow/example_dags/example_bash_operator.py
[2021-08-11 10:51:01,010] {logging_mixin.py:104} INFO - [2021-08-11 10:51:01,010] {dag.py:1833} INFO - Sync 1 DAGs
[2021-08-11 10:51:01,017] {logging_mixin.py:104} INFO - [2021-08-11 10:51:01,017] {dag.py:2306} INFO - Setting next_dagrun for example_bash_operator to 2021-08-11 00:00:00+00:00
[2021-08-11 10:51:01,026] {scheduler_job.py:189} INFO - Processing /Users/Alex/.local/share/virtualenvs/airflow-1c5-bq0J/lib/python3.9/site-packages/airflow/example_dags/example_bash_operator.py took 0.056 seconds
[2021-08-11 10:52:23,745] {scheduler_job.py:181} INFO - Started process (PID=70162) to work on /Users/Alex/.local/share/virtualenvs/airflow-1c5-bq0J/lib/python3.9/site-packages/airflow/example_dags/example_bash_operator.py
[2021-08-11 10:52:23,745] {scheduler_job.py:632} INFO - Processing file /Users/Alex/.local/share/virtualenvs/airflow-1c5-bq0J/lib/python3.9/site-packages/airflow/example_dags/example_bash_operator.py for tasks to queue
[2021-08-11 10:52:23,746] {logging_mixin.py:104} INFO - [2021-08-11 10:52:23,746] {dagbag.py:496} INFO - Filling up the DagBag from /Users/Alex/.local/share/virtualenvs/airflow-1c5-bq0J/lib/python3.9/site-packages/airflow/example_dags/example_bash_operator.py
[2021-08-11 10:52:23,754] {scheduler_job.py:642} INFO - DAG(s) dict_keys(['example_bash_operator']) retrieved from /Users/Alex/.local/share/virtualenvs/airflow-1c5-bq0J/lib/python3.9/site-packages/airflow/example_dags/example_bash_operator.py
[2021-08-11 10:52:23,783] {logging_mixin.py:104} INFO - [2021-08-11 10:52:23,782] {dag.py:1833} INFO - Sync 1 DAGs
[2021-08-11 10:52:23,793] {logging_mixin.py:104} INFO - [2021-08-11 10:52:23,792] {dag.py:2306} INFO - Setting next_dagrun for example_bash_operator to 2021-08-11 00:00:00+00:00
[2021-08-11 10:52:23,800] {scheduler_job.py:189} INFO - Processing /Users/Alex/.local/share/virtualenvs/airflow-1c5-bq0J/lib/python3.9/site-packages/airflow/example_dags/example_bash_operator.py took 0.056 seconds
[2021-08-11 10:53:23,126] {scheduler_job.py:181} INFO - Started process (PID=70281) to work on /Users/Alex/.local/share/virtualenvs/airflow-1c5-bq0J/lib/python3.9/site-packages/airflow/example_dags/example_bash_operator.py
[2021-08-11 10:53:23,128] {scheduler_job.py:632} INFO - Processing file /Users/Alex/.local/share/virtualenvs/airflow-1c5-bq0J/lib/python3.9/site-packages/airflow/example_dags/example_bash_operator.py for tasks to queue
[2021-08-11 10:53:23,129] {logging_mixin.py:104} INFO - [2021-08-11 10:53:23,129] {dagbag.py:496} INFO - Filling up the DagBag from /Users/Alex/.local/share/virtualenvs/airflow-1c5-bq0J/lib/python3.9/site-packages/airflow/example_dags/example_bash_operator.py
[2021-08-11 10:53:23,139] {scheduler_job.py:642} INFO - DAG(s) dict_keys(['example_bash_operator']) retrieved from /Users/Alex/.local/share/virtualenvs/airflow-1c5-bq0J/lib/python3.9/site-packages/airflow/example_dags/example_bash_operator.py
[2021-08-11 10:53:23,164] {logging_mixin.py:104} INFO - [2021-08-11 10:53:23,164] {dag.py:1833} INFO - Sync 1 DAGs
[2021-08-11 10:53:23,170] {logging_mixin.py:104} INFO - [2021-08-11 10:53:23,170] {dag.py:2306} INFO - Setting next_dagrun for example_bash_operator to 2021-08-11 00:00:00+00:00
[2021-08-11 10:53:23,179] {scheduler_job.py:189} INFO - Processing /Users/Alex/.local/share/virtualenvs/airflow-1c5-bq0J/lib/python3.9/site-packages/airflow/example_dags/example_bash_operator.py took 0.054 seconds
[2021-08-11 10:54:44,455] {scheduler_job.py:181} INFO - Started process (PID=70403) to work on /Users/Alex/.local/share/virtualenvs/airflow-1c5-bq0J/lib/python3.9/site-packages/airflow/example_dags/example_bash_operator.py
[2021-08-11 10:54:44,458] {scheduler_job.py:632} INFO - Processing file /Users/Alex/.local/share/virtualenvs/airflow-1c5-bq0J/lib/python3.9/site-packages/airflow/example_dags/example_bash_operator.py for tasks to queue
[2021-08-11 10:54:44,458] {logging_mixin.py:104} INFO - [2021-08-11 10:54:44,458] {dagbag.py:496} INFO - Filling up the DagBag from /Users/Alex/.local/share/virtualenvs/airflow-1c5-bq0J/lib/python3.9/site-packages/airflow/example_dags/example_bash_operator.py
[2021-08-11 10:54:44,468] {scheduler_job.py:642} INFO - DAG(s) dict_keys(['example_bash_operator']) retrieved from /Users/Alex/.local/share/virtualenvs/airflow-1c5-bq0J/lib/python3.9/site-packages/airflow/example_dags/example_bash_operator.py
[2021-08-11 10:54:44,492] {logging_mixin.py:104} INFO - [2021-08-11 10:54:44,492] {dag.py:1833} INFO - Sync 1 DAGs
[2021-08-11 10:54:44,499] {logging_mixin.py:104} INFO - [2021-08-11 10:54:44,498] {dag.py:2306} INFO - Setting next_dagrun for example_bash_operator to 2021-08-11 00:00:00+00:00
[2021-08-11 10:54:44,507] {scheduler_job.py:189} INFO - Processing /Users/Alex/.local/share/virtualenvs/airflow-1c5-bq0J/lib/python3.9/site-packages/airflow/example_dags/example_bash_operator.py took 0.052 seconds
[2021-08-11 10:55:44,469] {scheduler_job.py:181} INFO - Started process (PID=70508) to work on /Users/Alex/.local/share/virtualenvs/airflow-1c5-bq0J/lib/python3.9/site-packages/airflow/example_dags/example_bash_operator.py
[2021-08-11 10:55:44,469] {scheduler_job.py:632} INFO - Processing file /Users/Alex/.local/share/virtualenvs/airflow-1c5-bq0J/lib/python3.9/site-packages/airflow/example_dags/example_bash_operator.py for tasks to queue
[2021-08-11 10:55:44,470] {logging_mixin.py:104} INFO - [2021-08-11 10:55:44,470] {dagbag.py:496} INFO - Filling up the DagBag from /Users/Alex/.local/share/virtualenvs/airflow-1c5-bq0J/lib/python3.9/site-packages/airflow/example_dags/example_bash_operator.py
[2021-08-11 10:55:44,477] {scheduler_job.py:642} INFO - DAG(s) dict_keys(['example_bash_operator']) retrieved from /Users/Alex/.local/share/virtualenvs/airflow-1c5-bq0J/lib/python3.9/site-packages/airflow/example_dags/example_bash_operator.py
[2021-08-11 10:55:44,503] {logging_mixin.py:104} INFO - [2021-08-11 10:55:44,503] {dag.py:1833} INFO - Sync 1 DAGs
[2021-08-11 10:55:44,510] {logging_mixin.py:104} INFO - [2021-08-11 10:55:44,510] {dag.py:2306} INFO - Setting next_dagrun for example_bash_operator to 2021-08-11 00:00:00+00:00
[2021-08-11 10:55:44,519] {scheduler_job.py:189} INFO - Processing /Users/Alex/.local/share/virtualenvs/airflow-1c5-bq0J/lib/python3.9/site-packages/airflow/example_dags/example_bash_operator.py took 0.050 seconds
[2021-08-11 10:56:43,200] {scheduler_job.py:181} INFO - Started process (PID=70617) to work on /Users/Alex/.local/share/virtualenvs/airflow-1c5-bq0J/lib/python3.9/site-packages/airflow/example_dags/example_bash_operator.py
[2021-08-11 10:56:43,201] {scheduler_job.py:632} INFO - Processing file /Users/Alex/.local/share/virtualenvs/airflow-1c5-bq0J/lib/python3.9/site-packages/airflow/example_dags/example_bash_operator.py for tasks to queue
[2021-08-11 10:56:43,201] {logging_mixin.py:104} INFO - [2021-08-11 10:56:43,201] {dagbag.py:496} INFO - Filling up the DagBag from /Users/Alex/.local/share/virtualenvs/airflow-1c5-bq0J/lib/python3.9/site-packages/airflow/example_dags/example_bash_operator.py
[2021-08-11 10:56:43,209] {scheduler_job.py:642} INFO - DAG(s) dict_keys(['example_bash_operator']) retrieved from /Users/Alex/.local/share/virtualenvs/airflow-1c5-bq0J/lib/python3.9/site-packages/airflow/example_dags/example_bash_operator.py
[2021-08-11 10:56:43,236] {logging_mixin.py:104} INFO - [2021-08-11 10:56:43,236] {dag.py:1833} INFO - Sync 1 DAGs
[2021-08-11 10:56:43,242] {logging_mixin.py:104} INFO - [2021-08-11 10:56:43,242] {dag.py:2306} INFO - Setting next_dagrun for example_bash_operator to 2021-08-11 00:00:00+00:00
[2021-08-11 10:56:43,251] {scheduler_job.py:189} INFO - Processing /Users/Alex/.local/share/virtualenvs/airflow-1c5-bq0J/lib/python3.9/site-packages/airflow/example_dags/example_bash_operator.py took 0.051 seconds
[2021-08-11 10:58:06,368] {scheduler_job.py:181} INFO - Started process (PID=70782) to work on /Users/Alex/.local/share/virtualenvs/airflow-1c5-bq0J/lib/python3.9/site-packages/airflow/example_dags/example_bash_operator.py
[2021-08-11 10:58:06,368] {scheduler_job.py:632} INFO - Processing file /Users/Alex/.local/share/virtualenvs/airflow-1c5-bq0J/lib/python3.9/site-packages/airflow/example_dags/example_bash_operator.py for tasks to queue
[2021-08-11 10:58:06,369] {logging_mixin.py:104} INFO - [2021-08-11 10:58:06,369] {dagbag.py:496} INFO - Filling up the DagBag from /Users/Alex/.local/share/virtualenvs/airflow-1c5-bq0J/lib/python3.9/site-packages/airflow/example_dags/example_bash_operator.py
[2021-08-11 10:58:06,377] {scheduler_job.py:642} INFO - DAG(s) dict_keys(['example_bash_operator']) retrieved from /Users/Alex/.local/share/virtualenvs/airflow-1c5-bq0J/lib/python3.9/site-packages/airflow/example_dags/example_bash_operator.py
[2021-08-11 10:58:06,406] {logging_mixin.py:104} INFO - [2021-08-11 10:58:06,406] {dag.py:1833} INFO - Sync 1 DAGs
[2021-08-11 10:58:06,413] {logging_mixin.py:104} INFO - [2021-08-11 10:58:06,413] {dag.py:2306} INFO - Setting next_dagrun for example_bash_operator to 2021-08-11 00:00:00+00:00
[2021-08-11 10:58:06,422] {scheduler_job.py:189} INFO - Processing /Users/Alex/.local/share/virtualenvs/airflow-1c5-bq0J/lib/python3.9/site-packages/airflow/example_dags/example_bash_operator.py took 0.055 seconds
[2021-08-11 10:59:08,357] {scheduler_job.py:181} INFO - Started process (PID=70895) to work on /Users/Alex/.local/share/virtualenvs/airflow-1c5-bq0J/lib/python3.9/site-packages/airflow/example_dags/example_bash_operator.py
[2021-08-11 10:59:08,357] {scheduler_job.py:632} INFO - Processing file /Users/Alex/.local/share/virtualenvs/airflow-1c5-bq0J/lib/python3.9/site-packages/airflow/example_dags/example_bash_operator.py for tasks to queue
[2021-08-11 10:59:08,357] {logging_mixin.py:104} INFO - [2021-08-11 10:59:08,357] {dagbag.py:496} INFO - Filling up the DagBag from /Users/Alex/.local/share/virtualenvs/airflow-1c5-bq0J/lib/python3.9/site-packages/airflow/example_dags/example_bash_operator.py
[2021-08-11 10:59:08,365] {scheduler_job.py:642} INFO - DAG(s) dict_keys(['example_bash_operator']) retrieved from /Users/Alex/.local/share/virtualenvs/airflow-1c5-bq0J/lib/python3.9/site-packages/airflow/example_dags/example_bash_operator.py
[2021-08-11 10:59:08,392] {logging_mixin.py:104} INFO - [2021-08-11 10:59:08,392] {dag.py:1833} INFO - Sync 1 DAGs
[2021-08-11 10:59:08,399] {logging_mixin.py:104} INFO - [2021-08-11 10:59:08,399] {dag.py:2306} INFO - Setting next_dagrun for example_bash_operator to 2021-08-11 00:00:00+00:00
[2021-08-11 10:59:08,405] {scheduler_job.py:189} INFO - Processing /Users/Alex/.local/share/virtualenvs/airflow-1c5-bq0J/lib/python3.9/site-packages/airflow/example_dags/example_bash_operator.py took 0.049 seconds
[2021-08-11 11:00:34,948] {scheduler_job.py:181} INFO - Started process (PID=71076) to work on /Users/Alex/.local/share/virtualenvs/airflow-1c5-bq0J/lib/python3.9/site-packages/airflow/example_dags/example_bash_operator.py
[2021-08-11 11:00:34,949] {scheduler_job.py:632} INFO - Processing file /Users/Alex/.local/share/virtualenvs/airflow-1c5-bq0J/lib/python3.9/site-packages/airflow/example_dags/example_bash_operator.py for tasks to queue
[2021-08-11 11:00:34,949] {logging_mixin.py:104} INFO - [2021-08-11 11:00:34,949] {dagbag.py:496} INFO - Filling up the DagBag from /Users/Alex/.local/share/virtualenvs/airflow-1c5-bq0J/lib/python3.9/site-packages/airflow/example_dags/example_bash_operator.py
[2021-08-11 11:00:34,959] {scheduler_job.py:642} INFO - DAG(s) dict_keys(['example_bash_operator']) retrieved from /Users/Alex/.local/share/virtualenvs/airflow-1c5-bq0J/lib/python3.9/site-packages/airflow/example_dags/example_bash_operator.py
[2021-08-11 11:00:34,992] {logging_mixin.py:104} INFO - [2021-08-11 11:00:34,992] {dag.py:1833} INFO - Sync 1 DAGs
[2021-08-11 11:00:35,001] {logging_mixin.py:104} INFO - [2021-08-11 11:00:35,000] {dag.py:2306} INFO - Setting next_dagrun for example_bash_operator to 2021-08-11 00:00:00+00:00
[2021-08-11 11:00:35,009] {scheduler_job.py:189} INFO - Processing /Users/Alex/.local/share/virtualenvs/airflow-1c5-bq0J/lib/python3.9/site-packages/airflow/example_dags/example_bash_operator.py took 0.061 seconds
[2021-08-11 11:01:34,782] {scheduler_job.py:181} INFO - Started process (PID=71183) to work on /Users/Alex/.local/share/virtualenvs/airflow-1c5-bq0J/lib/python3.9/site-packages/airflow/example_dags/example_bash_operator.py
[2021-08-11 11:01:34,783] {scheduler_job.py:632} INFO - Processing file /Users/Alex/.local/share/virtualenvs/airflow-1c5-bq0J/lib/python3.9/site-packages/airflow/example_dags/example_bash_operator.py for tasks to queue
[2021-08-11 11:01:34,784] {logging_mixin.py:104} INFO - [2021-08-11 11:01:34,784] {dagbag.py:496} INFO - Filling up the DagBag from /Users/Alex/.local/share/virtualenvs/airflow-1c5-bq0J/lib/python3.9/site-packages/airflow/example_dags/example_bash_operator.py
[2021-08-11 11:01:34,799] {scheduler_job.py:642} INFO - DAG(s) dict_keys(['example_bash_operator']) retrieved from /Users/Alex/.local/share/virtualenvs/airflow-1c5-bq0J/lib/python3.9/site-packages/airflow/example_dags/example_bash_operator.py
[2021-08-11 11:01:34,842] {logging_mixin.py:104} INFO - [2021-08-11 11:01:34,842] {dag.py:1833} INFO - Sync 1 DAGs
[2021-08-11 11:01:34,851] {logging_mixin.py:104} INFO - [2021-08-11 11:01:34,851] {dag.py:2306} INFO - Setting next_dagrun for example_bash_operator to 2021-08-11 00:00:00+00:00
[2021-08-11 11:01:34,862] {scheduler_job.py:189} INFO - Processing /Users/Alex/.local/share/virtualenvs/airflow-1c5-bq0J/lib/python3.9/site-packages/airflow/example_dags/example_bash_operator.py took 0.081 seconds
