[2021-08-11 10:44:27,902] {scheduler_job.py:181} INFO - Started process (PID=69439) to work on /Users/Alex/.local/share/virtualenvs/airflow-1c5-bq0J/lib/python3.9/site-packages/airflow/example_dags/example_short_circuit_operator.py
[2021-08-11 10:44:27,902] {scheduler_job.py:632} INFO - Processing file /Users/Alex/.local/share/virtualenvs/airflow-1c5-bq0J/lib/python3.9/site-packages/airflow/example_dags/example_short_circuit_operator.py for tasks to queue
[2021-08-11 10:44:27,902] {logging_mixin.py:104} INFO - [2021-08-11 10:44:27,902] {dagbag.py:496} INFO - Filling up the DagBag from /Users/Alex/.local/share/virtualenvs/airflow-1c5-bq0J/lib/python3.9/site-packages/airflow/example_dags/example_short_circuit_operator.py
[2021-08-11 10:44:27,909] {scheduler_job.py:642} INFO - DAG(s) dict_keys(['example_short_circuit_operator']) retrieved from /Users/Alex/.local/share/virtualenvs/airflow-1c5-bq0J/lib/python3.9/site-packages/airflow/example_dags/example_short_circuit_operator.py
[2021-08-11 10:44:27,939] {logging_mixin.py:104} INFO - [2021-08-11 10:44:27,939] {dag.py:1833} INFO - Sync 1 DAGs
[2021-08-11 10:44:27,946] {logging_mixin.py:104} INFO - [2021-08-11 10:44:27,946] {dag.py:2306} INFO - Setting next_dagrun for example_short_circuit_operator to 2021-08-09 00:00:00+00:00
[2021-08-11 10:44:27,954] {scheduler_job.py:189} INFO - Processing /Users/Alex/.local/share/virtualenvs/airflow-1c5-bq0J/lib/python3.9/site-packages/airflow/example_dags/example_short_circuit_operator.py took 0.053 seconds
[2021-08-11 10:45:25,850] {scheduler_job.py:181} INFO - Started process (PID=69506) to work on /Users/Alex/.local/share/virtualenvs/airflow-1c5-bq0J/lib/python3.9/site-packages/airflow/example_dags/example_short_circuit_operator.py
[2021-08-11 10:45:25,851] {scheduler_job.py:632} INFO - Processing file /Users/Alex/.local/share/virtualenvs/airflow-1c5-bq0J/lib/python3.9/site-packages/airflow/example_dags/example_short_circuit_operator.py for tasks to queue
[2021-08-11 10:45:25,851] {logging_mixin.py:104} INFO - [2021-08-11 10:45:25,851] {dagbag.py:496} INFO - Filling up the DagBag from /Users/Alex/.local/share/virtualenvs/airflow-1c5-bq0J/lib/python3.9/site-packages/airflow/example_dags/example_short_circuit_operator.py
[2021-08-11 10:45:25,859] {scheduler_job.py:642} INFO - DAG(s) dict_keys(['example_short_circuit_operator']) retrieved from /Users/Alex/.local/share/virtualenvs/airflow-1c5-bq0J/lib/python3.9/site-packages/airflow/example_dags/example_short_circuit_operator.py
[2021-08-11 10:45:25,890] {logging_mixin.py:104} INFO - [2021-08-11 10:45:25,890] {dag.py:1833} INFO - Sync 1 DAGs
[2021-08-11 10:45:25,898] {logging_mixin.py:104} INFO - [2021-08-11 10:45:25,898] {dag.py:2306} INFO - Setting next_dagrun for example_short_circuit_operator to 2021-08-09 00:00:00+00:00
[2021-08-11 10:45:25,905] {scheduler_job.py:189} INFO - Processing /Users/Alex/.local/share/virtualenvs/airflow-1c5-bq0J/lib/python3.9/site-packages/airflow/example_dags/example_short_circuit_operator.py took 0.056 seconds
[2021-08-11 10:46:19,818] {scheduler_job.py:181} INFO - Started process (PID=69589) to work on /Users/Alex/.local/share/virtualenvs/airflow-1c5-bq0J/lib/python3.9/site-packages/airflow/example_dags/example_short_circuit_operator.py
[2021-08-11 10:46:19,819] {scheduler_job.py:632} INFO - Processing file /Users/Alex/.local/share/virtualenvs/airflow-1c5-bq0J/lib/python3.9/site-packages/airflow/example_dags/example_short_circuit_operator.py for tasks to queue
[2021-08-11 10:46:19,819] {logging_mixin.py:104} INFO - [2021-08-11 10:46:19,819] {dagbag.py:496} INFO - Filling up the DagBag from /Users/Alex/.local/share/virtualenvs/airflow-1c5-bq0J/lib/python3.9/site-packages/airflow/example_dags/example_short_circuit_operator.py
[2021-08-11 10:46:19,826] {scheduler_job.py:642} INFO - DAG(s) dict_keys(['example_short_circuit_operator']) retrieved from /Users/Alex/.local/share/virtualenvs/airflow-1c5-bq0J/lib/python3.9/site-packages/airflow/example_dags/example_short_circuit_operator.py
[2021-08-11 10:46:19,854] {logging_mixin.py:104} INFO - [2021-08-11 10:46:19,854] {dag.py:1833} INFO - Sync 1 DAGs
[2021-08-11 10:46:19,860] {logging_mixin.py:104} INFO - [2021-08-11 10:46:19,860] {dag.py:2306} INFO - Setting next_dagrun for example_short_circuit_operator to 2021-08-09 00:00:00+00:00
[2021-08-11 10:46:19,867] {scheduler_job.py:189} INFO - Processing /Users/Alex/.local/share/virtualenvs/airflow-1c5-bq0J/lib/python3.9/site-packages/airflow/example_dags/example_short_circuit_operator.py took 0.050 seconds
[2021-08-11 10:47:15,008] {scheduler_job.py:181} INFO - Started process (PID=69628) to work on /Users/Alex/.local/share/virtualenvs/airflow-1c5-bq0J/lib/python3.9/site-packages/airflow/example_dags/example_short_circuit_operator.py
[2021-08-11 10:47:15,009] {scheduler_job.py:632} INFO - Processing file /Users/Alex/.local/share/virtualenvs/airflow-1c5-bq0J/lib/python3.9/site-packages/airflow/example_dags/example_short_circuit_operator.py for tasks to queue
[2021-08-11 10:47:15,009] {logging_mixin.py:104} INFO - [2021-08-11 10:47:15,009] {dagbag.py:496} INFO - Filling up the DagBag from /Users/Alex/.local/share/virtualenvs/airflow-1c5-bq0J/lib/python3.9/site-packages/airflow/example_dags/example_short_circuit_operator.py
[2021-08-11 10:47:15,016] {scheduler_job.py:642} INFO - DAG(s) dict_keys(['example_short_circuit_operator']) retrieved from /Users/Alex/.local/share/virtualenvs/airflow-1c5-bq0J/lib/python3.9/site-packages/airflow/example_dags/example_short_circuit_operator.py
[2021-08-11 10:47:15,044] {logging_mixin.py:104} INFO - [2021-08-11 10:47:15,044] {dag.py:1833} INFO - Sync 1 DAGs
[2021-08-11 10:47:15,051] {logging_mixin.py:104} INFO - [2021-08-11 10:47:15,050] {dag.py:2306} INFO - Setting next_dagrun for example_short_circuit_operator to 2021-08-09 00:00:00+00:00
[2021-08-11 10:47:15,059] {scheduler_job.py:189} INFO - Processing /Users/Alex/.local/share/virtualenvs/airflow-1c5-bq0J/lib/python3.9/site-packages/airflow/example_dags/example_short_circuit_operator.py took 0.052 seconds
[2021-08-11 10:48:10,136] {scheduler_job.py:181} INFO - Started process (PID=69724) to work on /Users/Alex/.local/share/virtualenvs/airflow-1c5-bq0J/lib/python3.9/site-packages/airflow/example_dags/example_short_circuit_operator.py
[2021-08-11 10:48:10,137] {scheduler_job.py:632} INFO - Processing file /Users/Alex/.local/share/virtualenvs/airflow-1c5-bq0J/lib/python3.9/site-packages/airflow/example_dags/example_short_circuit_operator.py for tasks to queue
[2021-08-11 10:48:10,137] {logging_mixin.py:104} INFO - [2021-08-11 10:48:10,137] {dagbag.py:496} INFO - Filling up the DagBag from /Users/Alex/.local/share/virtualenvs/airflow-1c5-bq0J/lib/python3.9/site-packages/airflow/example_dags/example_short_circuit_operator.py
[2021-08-11 10:48:10,145] {scheduler_job.py:642} INFO - DAG(s) dict_keys(['example_short_circuit_operator']) retrieved from /Users/Alex/.local/share/virtualenvs/airflow-1c5-bq0J/lib/python3.9/site-packages/airflow/example_dags/example_short_circuit_operator.py
[2021-08-11 10:48:10,176] {logging_mixin.py:104} INFO - [2021-08-11 10:48:10,176] {dag.py:1833} INFO - Sync 1 DAGs
[2021-08-11 10:48:10,184] {logging_mixin.py:104} INFO - [2021-08-11 10:48:10,184] {dag.py:2306} INFO - Setting next_dagrun for example_short_circuit_operator to 2021-08-09 00:00:00+00:00
[2021-08-11 10:48:10,194] {scheduler_job.py:189} INFO - Processing /Users/Alex/.local/share/virtualenvs/airflow-1c5-bq0J/lib/python3.9/site-packages/airflow/example_dags/example_short_circuit_operator.py took 0.058 seconds
[2021-08-11 10:49:07,692] {scheduler_job.py:181} INFO - Started process (PID=69827) to work on /Users/Alex/.local/share/virtualenvs/airflow-1c5-bq0J/lib/python3.9/site-packages/airflow/example_dags/example_short_circuit_operator.py
[2021-08-11 10:49:07,693] {scheduler_job.py:632} INFO - Processing file /Users/Alex/.local/share/virtualenvs/airflow-1c5-bq0J/lib/python3.9/site-packages/airflow/example_dags/example_short_circuit_operator.py for tasks to queue
[2021-08-11 10:49:07,693] {logging_mixin.py:104} INFO - [2021-08-11 10:49:07,693] {dagbag.py:496} INFO - Filling up the DagBag from /Users/Alex/.local/share/virtualenvs/airflow-1c5-bq0J/lib/python3.9/site-packages/airflow/example_dags/example_short_circuit_operator.py
[2021-08-11 10:49:07,700] {scheduler_job.py:642} INFO - DAG(s) dict_keys(['example_short_circuit_operator']) retrieved from /Users/Alex/.local/share/virtualenvs/airflow-1c5-bq0J/lib/python3.9/site-packages/airflow/example_dags/example_short_circuit_operator.py
[2021-08-11 10:49:07,729] {logging_mixin.py:104} INFO - [2021-08-11 10:49:07,729] {dag.py:1833} INFO - Sync 1 DAGs
[2021-08-11 10:49:07,736] {logging_mixin.py:104} INFO - [2021-08-11 10:49:07,735] {dag.py:2306} INFO - Setting next_dagrun for example_short_circuit_operator to 2021-08-09 00:00:00+00:00
[2021-08-11 10:49:07,745] {scheduler_job.py:189} INFO - Processing /Users/Alex/.local/share/virtualenvs/airflow-1c5-bq0J/lib/python3.9/site-packages/airflow/example_dags/example_short_circuit_operator.py took 0.053 seconds
[2021-08-11 10:50:07,617] {scheduler_job.py:181} INFO - Started process (PID=69897) to work on /Users/Alex/.local/share/virtualenvs/airflow-1c5-bq0J/lib/python3.9/site-packages/airflow/example_dags/example_short_circuit_operator.py
[2021-08-11 10:50:07,618] {scheduler_job.py:632} INFO - Processing file /Users/Alex/.local/share/virtualenvs/airflow-1c5-bq0J/lib/python3.9/site-packages/airflow/example_dags/example_short_circuit_operator.py for tasks to queue
[2021-08-11 10:50:07,618] {logging_mixin.py:104} INFO - [2021-08-11 10:50:07,618] {dagbag.py:496} INFO - Filling up the DagBag from /Users/Alex/.local/share/virtualenvs/airflow-1c5-bq0J/lib/python3.9/site-packages/airflow/example_dags/example_short_circuit_operator.py
[2021-08-11 10:50:07,626] {scheduler_job.py:642} INFO - DAG(s) dict_keys(['example_short_circuit_operator']) retrieved from /Users/Alex/.local/share/virtualenvs/airflow-1c5-bq0J/lib/python3.9/site-packages/airflow/example_dags/example_short_circuit_operator.py
[2021-08-11 10:50:07,656] {logging_mixin.py:104} INFO - [2021-08-11 10:50:07,656] {dag.py:1833} INFO - Sync 1 DAGs
[2021-08-11 10:50:07,662] {logging_mixin.py:104} INFO - [2021-08-11 10:50:07,662] {dag.py:2306} INFO - Setting next_dagrun for example_short_circuit_operator to 2021-08-09 00:00:00+00:00
[2021-08-11 10:50:07,671] {scheduler_job.py:189} INFO - Processing /Users/Alex/.local/share/virtualenvs/airflow-1c5-bq0J/lib/python3.9/site-packages/airflow/example_dags/example_short_circuit_operator.py took 0.054 seconds
[2021-08-11 10:51:06,394] {scheduler_job.py:181} INFO - Started process (PID=70016) to work on /Users/Alex/.local/share/virtualenvs/airflow-1c5-bq0J/lib/python3.9/site-packages/airflow/example_dags/example_short_circuit_operator.py
[2021-08-11 10:51:06,394] {scheduler_job.py:632} INFO - Processing file /Users/Alex/.local/share/virtualenvs/airflow-1c5-bq0J/lib/python3.9/site-packages/airflow/example_dags/example_short_circuit_operator.py for tasks to queue
[2021-08-11 10:51:06,395] {logging_mixin.py:104} INFO - [2021-08-11 10:51:06,395] {dagbag.py:496} INFO - Filling up the DagBag from /Users/Alex/.local/share/virtualenvs/airflow-1c5-bq0J/lib/python3.9/site-packages/airflow/example_dags/example_short_circuit_operator.py
[2021-08-11 10:51:06,404] {scheduler_job.py:642} INFO - DAG(s) dict_keys(['example_short_circuit_operator']) retrieved from /Users/Alex/.local/share/virtualenvs/airflow-1c5-bq0J/lib/python3.9/site-packages/airflow/example_dags/example_short_circuit_operator.py
[2021-08-11 10:51:06,429] {logging_mixin.py:104} INFO - [2021-08-11 10:51:06,429] {dag.py:1833} INFO - Sync 1 DAGs
[2021-08-11 10:51:06,435] {logging_mixin.py:104} INFO - [2021-08-11 10:51:06,435] {dag.py:2306} INFO - Setting next_dagrun for example_short_circuit_operator to 2021-08-09 00:00:00+00:00
[2021-08-11 10:51:06,444] {scheduler_job.py:189} INFO - Processing /Users/Alex/.local/share/virtualenvs/airflow-1c5-bq0J/lib/python3.9/site-packages/airflow/example_dags/example_short_circuit_operator.py took 0.051 seconds
[2021-08-11 10:52:01,376] {scheduler_job.py:181} INFO - Started process (PID=70113) to work on /Users/Alex/.local/share/virtualenvs/airflow-1c5-bq0J/lib/python3.9/site-packages/airflow/example_dags/example_short_circuit_operator.py
[2021-08-11 10:52:01,376] {scheduler_job.py:632} INFO - Processing file /Users/Alex/.local/share/virtualenvs/airflow-1c5-bq0J/lib/python3.9/site-packages/airflow/example_dags/example_short_circuit_operator.py for tasks to queue
[2021-08-11 10:52:01,377] {logging_mixin.py:104} INFO - [2021-08-11 10:52:01,377] {dagbag.py:496} INFO - Filling up the DagBag from /Users/Alex/.local/share/virtualenvs/airflow-1c5-bq0J/lib/python3.9/site-packages/airflow/example_dags/example_short_circuit_operator.py
[2021-08-11 10:52:01,384] {scheduler_job.py:642} INFO - DAG(s) dict_keys(['example_short_circuit_operator']) retrieved from /Users/Alex/.local/share/virtualenvs/airflow-1c5-bq0J/lib/python3.9/site-packages/airflow/example_dags/example_short_circuit_operator.py
[2021-08-11 10:52:01,412] {logging_mixin.py:104} INFO - [2021-08-11 10:52:01,412] {dag.py:1833} INFO - Sync 1 DAGs
[2021-08-11 10:52:01,418] {logging_mixin.py:104} INFO - [2021-08-11 10:52:01,418] {dag.py:2306} INFO - Setting next_dagrun for example_short_circuit_operator to 2021-08-09 00:00:00+00:00
[2021-08-11 10:52:01,426] {scheduler_job.py:189} INFO - Processing /Users/Alex/.local/share/virtualenvs/airflow-1c5-bq0J/lib/python3.9/site-packages/airflow/example_dags/example_short_circuit_operator.py took 0.051 seconds
[2021-08-11 10:52:58,726] {scheduler_job.py:181} INFO - Started process (PID=70228) to work on /Users/Alex/.local/share/virtualenvs/airflow-1c5-bq0J/lib/python3.9/site-packages/airflow/example_dags/example_short_circuit_operator.py
[2021-08-11 10:52:58,726] {scheduler_job.py:632} INFO - Processing file /Users/Alex/.local/share/virtualenvs/airflow-1c5-bq0J/lib/python3.9/site-packages/airflow/example_dags/example_short_circuit_operator.py for tasks to queue
[2021-08-11 10:52:58,727] {logging_mixin.py:104} INFO - [2021-08-11 10:52:58,727] {dagbag.py:496} INFO - Filling up the DagBag from /Users/Alex/.local/share/virtualenvs/airflow-1c5-bq0J/lib/python3.9/site-packages/airflow/example_dags/example_short_circuit_operator.py
[2021-08-11 10:52:58,733] {scheduler_job.py:642} INFO - DAG(s) dict_keys(['example_short_circuit_operator']) retrieved from /Users/Alex/.local/share/virtualenvs/airflow-1c5-bq0J/lib/python3.9/site-packages/airflow/example_dags/example_short_circuit_operator.py
[2021-08-11 10:52:58,757] {logging_mixin.py:104} INFO - [2021-08-11 10:52:58,757] {dag.py:1833} INFO - Sync 1 DAGs
[2021-08-11 10:52:58,763] {logging_mixin.py:104} INFO - [2021-08-11 10:52:58,763] {dag.py:2306} INFO - Setting next_dagrun for example_short_circuit_operator to 2021-08-09 00:00:00+00:00
[2021-08-11 10:52:58,771] {scheduler_job.py:189} INFO - Processing /Users/Alex/.local/share/virtualenvs/airflow-1c5-bq0J/lib/python3.9/site-packages/airflow/example_dags/example_short_circuit_operator.py took 0.045 seconds
[2021-08-11 10:53:53,907] {scheduler_job.py:181} INFO - Started process (PID=70308) to work on /Users/Alex/.local/share/virtualenvs/airflow-1c5-bq0J/lib/python3.9/site-packages/airflow/example_dags/example_short_circuit_operator.py
[2021-08-11 10:53:53,909] {scheduler_job.py:632} INFO - Processing file /Users/Alex/.local/share/virtualenvs/airflow-1c5-bq0J/lib/python3.9/site-packages/airflow/example_dags/example_short_circuit_operator.py for tasks to queue
[2021-08-11 10:53:53,910] {logging_mixin.py:104} INFO - [2021-08-11 10:53:53,910] {dagbag.py:496} INFO - Filling up the DagBag from /Users/Alex/.local/share/virtualenvs/airflow-1c5-bq0J/lib/python3.9/site-packages/airflow/example_dags/example_short_circuit_operator.py
[2021-08-11 10:53:53,918] {scheduler_job.py:642} INFO - DAG(s) dict_keys(['example_short_circuit_operator']) retrieved from /Users/Alex/.local/share/virtualenvs/airflow-1c5-bq0J/lib/python3.9/site-packages/airflow/example_dags/example_short_circuit_operator.py
[2021-08-11 10:53:53,942] {logging_mixin.py:104} INFO - [2021-08-11 10:53:53,942] {dag.py:1833} INFO - Sync 1 DAGs
[2021-08-11 10:53:53,947] {logging_mixin.py:104} INFO - [2021-08-11 10:53:53,947] {dag.py:2306} INFO - Setting next_dagrun for example_short_circuit_operator to 2021-08-09 00:00:00+00:00
[2021-08-11 10:53:53,956] {scheduler_job.py:189} INFO - Processing /Users/Alex/.local/share/virtualenvs/airflow-1c5-bq0J/lib/python3.9/site-packages/airflow/example_dags/example_short_circuit_operator.py took 0.050 seconds
[2021-08-11 10:54:50,073] {scheduler_job.py:181} INFO - Started process (PID=70413) to work on /Users/Alex/.local/share/virtualenvs/airflow-1c5-bq0J/lib/python3.9/site-packages/airflow/example_dags/example_short_circuit_operator.py
[2021-08-11 10:54:50,076] {scheduler_job.py:632} INFO - Processing file /Users/Alex/.local/share/virtualenvs/airflow-1c5-bq0J/lib/python3.9/site-packages/airflow/example_dags/example_short_circuit_operator.py for tasks to queue
[2021-08-11 10:54:50,077] {logging_mixin.py:104} INFO - [2021-08-11 10:54:50,077] {dagbag.py:496} INFO - Filling up the DagBag from /Users/Alex/.local/share/virtualenvs/airflow-1c5-bq0J/lib/python3.9/site-packages/airflow/example_dags/example_short_circuit_operator.py
[2021-08-11 10:54:50,085] {scheduler_job.py:642} INFO - DAG(s) dict_keys(['example_short_circuit_operator']) retrieved from /Users/Alex/.local/share/virtualenvs/airflow-1c5-bq0J/lib/python3.9/site-packages/airflow/example_dags/example_short_circuit_operator.py
[2021-08-11 10:54:50,112] {logging_mixin.py:104} INFO - [2021-08-11 10:54:50,112] {dag.py:1833} INFO - Sync 1 DAGs
[2021-08-11 10:54:50,118] {logging_mixin.py:104} INFO - [2021-08-11 10:54:50,118] {dag.py:2306} INFO - Setting next_dagrun for example_short_circuit_operator to 2021-08-09 00:00:00+00:00
[2021-08-11 10:54:50,128] {scheduler_job.py:189} INFO - Processing /Users/Alex/.local/share/virtualenvs/airflow-1c5-bq0J/lib/python3.9/site-packages/airflow/example_dags/example_short_circuit_operator.py took 0.055 seconds
[2021-08-11 10:55:49,802] {scheduler_job.py:181} INFO - Started process (PID=70525) to work on /Users/Alex/.local/share/virtualenvs/airflow-1c5-bq0J/lib/python3.9/site-packages/airflow/example_dags/example_short_circuit_operator.py
[2021-08-11 10:55:49,802] {scheduler_job.py:632} INFO - Processing file /Users/Alex/.local/share/virtualenvs/airflow-1c5-bq0J/lib/python3.9/site-packages/airflow/example_dags/example_short_circuit_operator.py for tasks to queue
[2021-08-11 10:55:49,802] {logging_mixin.py:104} INFO - [2021-08-11 10:55:49,802] {dagbag.py:496} INFO - Filling up the DagBag from /Users/Alex/.local/share/virtualenvs/airflow-1c5-bq0J/lib/python3.9/site-packages/airflow/example_dags/example_short_circuit_operator.py
[2021-08-11 10:55:49,808] {scheduler_job.py:642} INFO - DAG(s) dict_keys(['example_short_circuit_operator']) retrieved from /Users/Alex/.local/share/virtualenvs/airflow-1c5-bq0J/lib/python3.9/site-packages/airflow/example_dags/example_short_circuit_operator.py
[2021-08-11 10:55:49,832] {logging_mixin.py:104} INFO - [2021-08-11 10:55:49,832] {dag.py:1833} INFO - Sync 1 DAGs
[2021-08-11 10:55:49,838] {logging_mixin.py:104} INFO - [2021-08-11 10:55:49,838] {dag.py:2306} INFO - Setting next_dagrun for example_short_circuit_operator to 2021-08-09 00:00:00+00:00
[2021-08-11 10:55:49,846] {scheduler_job.py:189} INFO - Processing /Users/Alex/.local/share/virtualenvs/airflow-1c5-bq0J/lib/python3.9/site-packages/airflow/example_dags/example_short_circuit_operator.py took 0.045 seconds
[2021-08-11 10:56:47,367] {scheduler_job.py:181} INFO - Started process (PID=70631) to work on /Users/Alex/.local/share/virtualenvs/airflow-1c5-bq0J/lib/python3.9/site-packages/airflow/example_dags/example_short_circuit_operator.py
[2021-08-11 10:56:47,370] {scheduler_job.py:632} INFO - Processing file /Users/Alex/.local/share/virtualenvs/airflow-1c5-bq0J/lib/python3.9/site-packages/airflow/example_dags/example_short_circuit_operator.py for tasks to queue
[2021-08-11 10:56:47,371] {logging_mixin.py:104} INFO - [2021-08-11 10:56:47,371] {dagbag.py:496} INFO - Filling up the DagBag from /Users/Alex/.local/share/virtualenvs/airflow-1c5-bq0J/lib/python3.9/site-packages/airflow/example_dags/example_short_circuit_operator.py
[2021-08-11 10:56:47,379] {scheduler_job.py:642} INFO - DAG(s) dict_keys(['example_short_circuit_operator']) retrieved from /Users/Alex/.local/share/virtualenvs/airflow-1c5-bq0J/lib/python3.9/site-packages/airflow/example_dags/example_short_circuit_operator.py
[2021-08-11 10:56:47,406] {logging_mixin.py:104} INFO - [2021-08-11 10:56:47,406] {dag.py:1833} INFO - Sync 1 DAGs
[2021-08-11 10:56:47,411] {logging_mixin.py:104} INFO - [2021-08-11 10:56:47,411] {dag.py:2306} INFO - Setting next_dagrun for example_short_circuit_operator to 2021-08-09 00:00:00+00:00
[2021-08-11 10:56:47,417] {scheduler_job.py:189} INFO - Processing /Users/Alex/.local/share/virtualenvs/airflow-1c5-bq0J/lib/python3.9/site-packages/airflow/example_dags/example_short_circuit_operator.py took 0.051 seconds
[2021-08-11 10:57:42,129] {scheduler_job.py:181} INFO - Started process (PID=70737) to work on /Users/Alex/.local/share/virtualenvs/airflow-1c5-bq0J/lib/python3.9/site-packages/airflow/example_dags/example_short_circuit_operator.py
[2021-08-11 10:57:42,129] {scheduler_job.py:632} INFO - Processing file /Users/Alex/.local/share/virtualenvs/airflow-1c5-bq0J/lib/python3.9/site-packages/airflow/example_dags/example_short_circuit_operator.py for tasks to queue
[2021-08-11 10:57:42,130] {logging_mixin.py:104} INFO - [2021-08-11 10:57:42,130] {dagbag.py:496} INFO - Filling up the DagBag from /Users/Alex/.local/share/virtualenvs/airflow-1c5-bq0J/lib/python3.9/site-packages/airflow/example_dags/example_short_circuit_operator.py
[2021-08-11 10:57:42,137] {scheduler_job.py:642} INFO - DAG(s) dict_keys(['example_short_circuit_operator']) retrieved from /Users/Alex/.local/share/virtualenvs/airflow-1c5-bq0J/lib/python3.9/site-packages/airflow/example_dags/example_short_circuit_operator.py
[2021-08-11 10:57:42,169] {logging_mixin.py:104} INFO - [2021-08-11 10:57:42,169] {dag.py:1833} INFO - Sync 1 DAGs
[2021-08-11 10:57:42,177] {logging_mixin.py:104} INFO - [2021-08-11 10:57:42,177] {dag.py:2306} INFO - Setting next_dagrun for example_short_circuit_operator to 2021-08-09 00:00:00+00:00
[2021-08-11 10:57:42,184] {scheduler_job.py:189} INFO - Processing /Users/Alex/.local/share/virtualenvs/airflow-1c5-bq0J/lib/python3.9/site-packages/airflow/example_dags/example_short_circuit_operator.py took 0.056 seconds
[2021-08-11 10:58:45,408] {scheduler_job.py:181} INFO - Started process (PID=70856) to work on /Users/Alex/.local/share/virtualenvs/airflow-1c5-bq0J/lib/python3.9/site-packages/airflow/example_dags/example_short_circuit_operator.py
[2021-08-11 10:58:45,408] {scheduler_job.py:632} INFO - Processing file /Users/Alex/.local/share/virtualenvs/airflow-1c5-bq0J/lib/python3.9/site-packages/airflow/example_dags/example_short_circuit_operator.py for tasks to queue
[2021-08-11 10:58:45,409] {logging_mixin.py:104} INFO - [2021-08-11 10:58:45,409] {dagbag.py:496} INFO - Filling up the DagBag from /Users/Alex/.local/share/virtualenvs/airflow-1c5-bq0J/lib/python3.9/site-packages/airflow/example_dags/example_short_circuit_operator.py
[2021-08-11 10:58:45,416] {scheduler_job.py:642} INFO - DAG(s) dict_keys(['example_short_circuit_operator']) retrieved from /Users/Alex/.local/share/virtualenvs/airflow-1c5-bq0J/lib/python3.9/site-packages/airflow/example_dags/example_short_circuit_operator.py
[2021-08-11 10:58:45,443] {logging_mixin.py:104} INFO - [2021-08-11 10:58:45,443] {dag.py:1833} INFO - Sync 1 DAGs
[2021-08-11 10:58:45,449] {logging_mixin.py:104} INFO - [2021-08-11 10:58:45,449] {dag.py:2306} INFO - Setting next_dagrun for example_short_circuit_operator to 2021-08-09 00:00:00+00:00
[2021-08-11 10:58:45,458] {scheduler_job.py:189} INFO - Processing /Users/Alex/.local/share/virtualenvs/airflow-1c5-bq0J/lib/python3.9/site-packages/airflow/example_dags/example_short_circuit_operator.py took 0.051 seconds
[2021-08-11 10:59:44,244] {scheduler_job.py:181} INFO - Started process (PID=70967) to work on /Users/Alex/.local/share/virtualenvs/airflow-1c5-bq0J/lib/python3.9/site-packages/airflow/example_dags/example_short_circuit_operator.py
[2021-08-11 10:59:44,244] {scheduler_job.py:632} INFO - Processing file /Users/Alex/.local/share/virtualenvs/airflow-1c5-bq0J/lib/python3.9/site-packages/airflow/example_dags/example_short_circuit_operator.py for tasks to queue
[2021-08-11 10:59:44,244] {logging_mixin.py:104} INFO - [2021-08-11 10:59:44,244] {dagbag.py:496} INFO - Filling up the DagBag from /Users/Alex/.local/share/virtualenvs/airflow-1c5-bq0J/lib/python3.9/site-packages/airflow/example_dags/example_short_circuit_operator.py
[2021-08-11 10:59:44,251] {scheduler_job.py:642} INFO - DAG(s) dict_keys(['example_short_circuit_operator']) retrieved from /Users/Alex/.local/share/virtualenvs/airflow-1c5-bq0J/lib/python3.9/site-packages/airflow/example_dags/example_short_circuit_operator.py
[2021-08-11 10:59:44,280] {logging_mixin.py:104} INFO - [2021-08-11 10:59:44,280] {dag.py:1833} INFO - Sync 1 DAGs
[2021-08-11 10:59:44,287] {logging_mixin.py:104} INFO - [2021-08-11 10:59:44,287] {dag.py:2306} INFO - Setting next_dagrun for example_short_circuit_operator to 2021-08-09 00:00:00+00:00
[2021-08-11 10:59:44,295] {scheduler_job.py:189} INFO - Processing /Users/Alex/.local/share/virtualenvs/airflow-1c5-bq0J/lib/python3.9/site-packages/airflow/example_dags/example_short_circuit_operator.py took 0.052 seconds
[2021-08-11 11:00:42,173] {scheduler_job.py:181} INFO - Started process (PID=71089) to work on /Users/Alex/.local/share/virtualenvs/airflow-1c5-bq0J/lib/python3.9/site-packages/airflow/example_dags/example_short_circuit_operator.py
[2021-08-11 11:00:42,174] {scheduler_job.py:632} INFO - Processing file /Users/Alex/.local/share/virtualenvs/airflow-1c5-bq0J/lib/python3.9/site-packages/airflow/example_dags/example_short_circuit_operator.py for tasks to queue
[2021-08-11 11:00:42,174] {logging_mixin.py:104} INFO - [2021-08-11 11:00:42,174] {dagbag.py:496} INFO - Filling up the DagBag from /Users/Alex/.local/share/virtualenvs/airflow-1c5-bq0J/lib/python3.9/site-packages/airflow/example_dags/example_short_circuit_operator.py
[2021-08-11 11:00:42,181] {scheduler_job.py:642} INFO - DAG(s) dict_keys(['example_short_circuit_operator']) retrieved from /Users/Alex/.local/share/virtualenvs/airflow-1c5-bq0J/lib/python3.9/site-packages/airflow/example_dags/example_short_circuit_operator.py
[2021-08-11 11:00:42,208] {logging_mixin.py:104} INFO - [2021-08-11 11:00:42,207] {dag.py:1833} INFO - Sync 1 DAGs
[2021-08-11 11:00:42,214] {logging_mixin.py:104} INFO - [2021-08-11 11:00:42,214] {dag.py:2306} INFO - Setting next_dagrun for example_short_circuit_operator to 2021-08-09 00:00:00+00:00
[2021-08-11 11:00:42,222] {scheduler_job.py:189} INFO - Processing /Users/Alex/.local/share/virtualenvs/airflow-1c5-bq0J/lib/python3.9/site-packages/airflow/example_dags/example_short_circuit_operator.py took 0.049 seconds
[2021-08-11 11:01:41,428] {scheduler_job.py:181} INFO - Started process (PID=71193) to work on /Users/Alex/.local/share/virtualenvs/airflow-1c5-bq0J/lib/python3.9/site-packages/airflow/example_dags/example_short_circuit_operator.py
[2021-08-11 11:01:41,429] {scheduler_job.py:632} INFO - Processing file /Users/Alex/.local/share/virtualenvs/airflow-1c5-bq0J/lib/python3.9/site-packages/airflow/example_dags/example_short_circuit_operator.py for tasks to queue
[2021-08-11 11:01:41,429] {logging_mixin.py:104} INFO - [2021-08-11 11:01:41,429] {dagbag.py:496} INFO - Filling up the DagBag from /Users/Alex/.local/share/virtualenvs/airflow-1c5-bq0J/lib/python3.9/site-packages/airflow/example_dags/example_short_circuit_operator.py
[2021-08-11 11:01:41,438] {scheduler_job.py:642} INFO - DAG(s) dict_keys(['example_short_circuit_operator']) retrieved from /Users/Alex/.local/share/virtualenvs/airflow-1c5-bq0J/lib/python3.9/site-packages/airflow/example_dags/example_short_circuit_operator.py
[2021-08-11 11:01:41,470] {logging_mixin.py:104} INFO - [2021-08-11 11:01:41,470] {dag.py:1833} INFO - Sync 1 DAGs
[2021-08-11 11:01:41,476] {logging_mixin.py:104} INFO - [2021-08-11 11:01:41,476] {dag.py:2306} INFO - Setting next_dagrun for example_short_circuit_operator to 2021-08-09 00:00:00+00:00
[2021-08-11 11:01:41,483] {scheduler_job.py:189} INFO - Processing /Users/Alex/.local/share/virtualenvs/airflow-1c5-bq0J/lib/python3.9/site-packages/airflow/example_dags/example_short_circuit_operator.py took 0.056 seconds
