[2021-08-11 10:44:14,627] {scheduler_job.py:181} INFO - Started process (PID=69402) to work on /Users/Alex/.local/share/virtualenvs/airflow-1c5-bq0J/lib/python3.9/site-packages/airflow/example_dags/example_skip_dag.py
[2021-08-11 10:44:14,628] {scheduler_job.py:632} INFO - Processing file /Users/Alex/.local/share/virtualenvs/airflow-1c5-bq0J/lib/python3.9/site-packages/airflow/example_dags/example_skip_dag.py for tasks to queue
[2021-08-11 10:44:14,628] {logging_mixin.py:104} INFO - [2021-08-11 10:44:14,628] {dagbag.py:496} INFO - Filling up the DagBag from /Users/Alex/.local/share/virtualenvs/airflow-1c5-bq0J/lib/python3.9/site-packages/airflow/example_dags/example_skip_dag.py
[2021-08-11 10:44:14,635] {scheduler_job.py:642} INFO - DAG(s) dict_keys(['example_skip_dag']) retrieved from /Users/Alex/.local/share/virtualenvs/airflow-1c5-bq0J/lib/python3.9/site-packages/airflow/example_dags/example_skip_dag.py
[2021-08-11 10:44:14,670] {logging_mixin.py:104} INFO - [2021-08-11 10:44:14,670] {dag.py:1833} INFO - Sync 1 DAGs
[2021-08-11 10:44:14,680] {logging_mixin.py:104} INFO - [2021-08-11 10:44:14,680] {dag.py:2306} INFO - Setting next_dagrun for example_skip_dag to 2021-08-09 00:00:00+00:00
[2021-08-11 10:44:14,694] {scheduler_job.py:189} INFO - Processing /Users/Alex/.local/share/virtualenvs/airflow-1c5-bq0J/lib/python3.9/site-packages/airflow/example_dags/example_skip_dag.py took 0.067 seconds
[2021-08-11 10:45:24,071] {scheduler_job.py:181} INFO - Started process (PID=69489) to work on /Users/Alex/.local/share/virtualenvs/airflow-1c5-bq0J/lib/python3.9/site-packages/airflow/example_dags/example_skip_dag.py
[2021-08-11 10:45:24,072] {scheduler_job.py:632} INFO - Processing file /Users/Alex/.local/share/virtualenvs/airflow-1c5-bq0J/lib/python3.9/site-packages/airflow/example_dags/example_skip_dag.py for tasks to queue
[2021-08-11 10:45:24,072] {logging_mixin.py:104} INFO - [2021-08-11 10:45:24,072] {dagbag.py:496} INFO - Filling up the DagBag from /Users/Alex/.local/share/virtualenvs/airflow-1c5-bq0J/lib/python3.9/site-packages/airflow/example_dags/example_skip_dag.py
[2021-08-11 10:45:24,078] {scheduler_job.py:642} INFO - DAG(s) dict_keys(['example_skip_dag']) retrieved from /Users/Alex/.local/share/virtualenvs/airflow-1c5-bq0J/lib/python3.9/site-packages/airflow/example_dags/example_skip_dag.py
[2021-08-11 10:45:24,106] {logging_mixin.py:104} INFO - [2021-08-11 10:45:24,106] {dag.py:1833} INFO - Sync 1 DAGs
[2021-08-11 10:45:24,112] {logging_mixin.py:104} INFO - [2021-08-11 10:45:24,111] {dag.py:2306} INFO - Setting next_dagrun for example_skip_dag to 2021-08-09 00:00:00+00:00
[2021-08-11 10:45:24,120] {scheduler_job.py:189} INFO - Processing /Users/Alex/.local/share/virtualenvs/airflow-1c5-bq0J/lib/python3.9/site-packages/airflow/example_dags/example_skip_dag.py took 0.049 seconds
[2021-08-11 10:46:18,553] {scheduler_job.py:181} INFO - Started process (PID=69588) to work on /Users/Alex/.local/share/virtualenvs/airflow-1c5-bq0J/lib/python3.9/site-packages/airflow/example_dags/example_skip_dag.py
[2021-08-11 10:46:18,553] {scheduler_job.py:632} INFO - Processing file /Users/Alex/.local/share/virtualenvs/airflow-1c5-bq0J/lib/python3.9/site-packages/airflow/example_dags/example_skip_dag.py for tasks to queue
[2021-08-11 10:46:18,553] {logging_mixin.py:104} INFO - [2021-08-11 10:46:18,553] {dagbag.py:496} INFO - Filling up the DagBag from /Users/Alex/.local/share/virtualenvs/airflow-1c5-bq0J/lib/python3.9/site-packages/airflow/example_dags/example_skip_dag.py
[2021-08-11 10:46:18,559] {scheduler_job.py:642} INFO - DAG(s) dict_keys(['example_skip_dag']) retrieved from /Users/Alex/.local/share/virtualenvs/airflow-1c5-bq0J/lib/python3.9/site-packages/airflow/example_dags/example_skip_dag.py
[2021-08-11 10:46:18,590] {logging_mixin.py:104} INFO - [2021-08-11 10:46:18,590] {dag.py:1833} INFO - Sync 1 DAGs
[2021-08-11 10:46:18,596] {logging_mixin.py:104} INFO - [2021-08-11 10:46:18,596] {dag.py:2306} INFO - Setting next_dagrun for example_skip_dag to 2021-08-09 00:00:00+00:00
[2021-08-11 10:46:18,605] {scheduler_job.py:189} INFO - Processing /Users/Alex/.local/share/virtualenvs/airflow-1c5-bq0J/lib/python3.9/site-packages/airflow/example_dags/example_skip_dag.py took 0.053 seconds
[2021-08-11 10:47:13,210] {scheduler_job.py:181} INFO - Started process (PID=69626) to work on /Users/Alex/.local/share/virtualenvs/airflow-1c5-bq0J/lib/python3.9/site-packages/airflow/example_dags/example_skip_dag.py
[2021-08-11 10:47:13,210] {scheduler_job.py:632} INFO - Processing file /Users/Alex/.local/share/virtualenvs/airflow-1c5-bq0J/lib/python3.9/site-packages/airflow/example_dags/example_skip_dag.py for tasks to queue
[2021-08-11 10:47:13,211] {logging_mixin.py:104} INFO - [2021-08-11 10:47:13,210] {dagbag.py:496} INFO - Filling up the DagBag from /Users/Alex/.local/share/virtualenvs/airflow-1c5-bq0J/lib/python3.9/site-packages/airflow/example_dags/example_skip_dag.py
[2021-08-11 10:47:13,217] {scheduler_job.py:642} INFO - DAG(s) dict_keys(['example_skip_dag']) retrieved from /Users/Alex/.local/share/virtualenvs/airflow-1c5-bq0J/lib/python3.9/site-packages/airflow/example_dags/example_skip_dag.py
[2021-08-11 10:47:13,247] {logging_mixin.py:104} INFO - [2021-08-11 10:47:13,247] {dag.py:1833} INFO - Sync 1 DAGs
[2021-08-11 10:47:13,254] {logging_mixin.py:104} INFO - [2021-08-11 10:47:13,254] {dag.py:2306} INFO - Setting next_dagrun for example_skip_dag to 2021-08-09 00:00:00+00:00
[2021-08-11 10:47:13,263] {scheduler_job.py:189} INFO - Processing /Users/Alex/.local/share/virtualenvs/airflow-1c5-bq0J/lib/python3.9/site-packages/airflow/example_dags/example_skip_dag.py took 0.054 seconds
[2021-08-11 10:48:08,369] {scheduler_job.py:181} INFO - Started process (PID=69723) to work on /Users/Alex/.local/share/virtualenvs/airflow-1c5-bq0J/lib/python3.9/site-packages/airflow/example_dags/example_skip_dag.py
[2021-08-11 10:48:08,369] {scheduler_job.py:632} INFO - Processing file /Users/Alex/.local/share/virtualenvs/airflow-1c5-bq0J/lib/python3.9/site-packages/airflow/example_dags/example_skip_dag.py for tasks to queue
[2021-08-11 10:48:08,369] {logging_mixin.py:104} INFO - [2021-08-11 10:48:08,369] {dagbag.py:496} INFO - Filling up the DagBag from /Users/Alex/.local/share/virtualenvs/airflow-1c5-bq0J/lib/python3.9/site-packages/airflow/example_dags/example_skip_dag.py
[2021-08-11 10:48:08,375] {scheduler_job.py:642} INFO - DAG(s) dict_keys(['example_skip_dag']) retrieved from /Users/Alex/.local/share/virtualenvs/airflow-1c5-bq0J/lib/python3.9/site-packages/airflow/example_dags/example_skip_dag.py
[2021-08-11 10:48:08,400] {logging_mixin.py:104} INFO - [2021-08-11 10:48:08,400] {dag.py:1833} INFO - Sync 1 DAGs
[2021-08-11 10:48:08,407] {logging_mixin.py:104} INFO - [2021-08-11 10:48:08,407] {dag.py:2306} INFO - Setting next_dagrun for example_skip_dag to 2021-08-09 00:00:00+00:00
[2021-08-11 10:48:08,415] {scheduler_job.py:189} INFO - Processing /Users/Alex/.local/share/virtualenvs/airflow-1c5-bq0J/lib/python3.9/site-packages/airflow/example_dags/example_skip_dag.py took 0.047 seconds
[2021-08-11 10:49:05,868] {scheduler_job.py:181} INFO - Started process (PID=69826) to work on /Users/Alex/.local/share/virtualenvs/airflow-1c5-bq0J/lib/python3.9/site-packages/airflow/example_dags/example_skip_dag.py
[2021-08-11 10:49:05,869] {scheduler_job.py:632} INFO - Processing file /Users/Alex/.local/share/virtualenvs/airflow-1c5-bq0J/lib/python3.9/site-packages/airflow/example_dags/example_skip_dag.py for tasks to queue
[2021-08-11 10:49:05,869] {logging_mixin.py:104} INFO - [2021-08-11 10:49:05,869] {dagbag.py:496} INFO - Filling up the DagBag from /Users/Alex/.local/share/virtualenvs/airflow-1c5-bq0J/lib/python3.9/site-packages/airflow/example_dags/example_skip_dag.py
[2021-08-11 10:49:05,875] {scheduler_job.py:642} INFO - DAG(s) dict_keys(['example_skip_dag']) retrieved from /Users/Alex/.local/share/virtualenvs/airflow-1c5-bq0J/lib/python3.9/site-packages/airflow/example_dags/example_skip_dag.py
[2021-08-11 10:49:05,903] {logging_mixin.py:104} INFO - [2021-08-11 10:49:05,903] {dag.py:1833} INFO - Sync 1 DAGs
[2021-08-11 10:49:05,909] {logging_mixin.py:104} INFO - [2021-08-11 10:49:05,909] {dag.py:2306} INFO - Setting next_dagrun for example_skip_dag to 2021-08-09 00:00:00+00:00
[2021-08-11 10:49:05,918] {scheduler_job.py:189} INFO - Processing /Users/Alex/.local/share/virtualenvs/airflow-1c5-bq0J/lib/python3.9/site-packages/airflow/example_dags/example_skip_dag.py took 0.050 seconds
[2021-08-11 10:50:05,988] {scheduler_job.py:181} INFO - Started process (PID=69896) to work on /Users/Alex/.local/share/virtualenvs/airflow-1c5-bq0J/lib/python3.9/site-packages/airflow/example_dags/example_skip_dag.py
[2021-08-11 10:50:05,990] {scheduler_job.py:632} INFO - Processing file /Users/Alex/.local/share/virtualenvs/airflow-1c5-bq0J/lib/python3.9/site-packages/airflow/example_dags/example_skip_dag.py for tasks to queue
[2021-08-11 10:50:05,992] {logging_mixin.py:104} INFO - [2021-08-11 10:50:05,992] {dagbag.py:496} INFO - Filling up the DagBag from /Users/Alex/.local/share/virtualenvs/airflow-1c5-bq0J/lib/python3.9/site-packages/airflow/example_dags/example_skip_dag.py
[2021-08-11 10:50:05,999] {scheduler_job.py:642} INFO - DAG(s) dict_keys(['example_skip_dag']) retrieved from /Users/Alex/.local/share/virtualenvs/airflow-1c5-bq0J/lib/python3.9/site-packages/airflow/example_dags/example_skip_dag.py
[2021-08-11 10:50:06,035] {logging_mixin.py:104} INFO - [2021-08-11 10:50:06,035] {dag.py:1833} INFO - Sync 1 DAGs
[2021-08-11 10:50:06,043] {logging_mixin.py:104} INFO - [2021-08-11 10:50:06,042] {dag.py:2306} INFO - Setting next_dagrun for example_skip_dag to 2021-08-09 00:00:00+00:00
[2021-08-11 10:50:06,053] {scheduler_job.py:189} INFO - Processing /Users/Alex/.local/share/virtualenvs/airflow-1c5-bq0J/lib/python3.9/site-packages/airflow/example_dags/example_skip_dag.py took 0.066 seconds
[2021-08-11 10:51:04,557] {scheduler_job.py:181} INFO - Started process (PID=70008) to work on /Users/Alex/.local/share/virtualenvs/airflow-1c5-bq0J/lib/python3.9/site-packages/airflow/example_dags/example_skip_dag.py
[2021-08-11 10:51:04,558] {scheduler_job.py:632} INFO - Processing file /Users/Alex/.local/share/virtualenvs/airflow-1c5-bq0J/lib/python3.9/site-packages/airflow/example_dags/example_skip_dag.py for tasks to queue
[2021-08-11 10:51:04,558] {logging_mixin.py:104} INFO - [2021-08-11 10:51:04,558] {dagbag.py:496} INFO - Filling up the DagBag from /Users/Alex/.local/share/virtualenvs/airflow-1c5-bq0J/lib/python3.9/site-packages/airflow/example_dags/example_skip_dag.py
[2021-08-11 10:51:04,567] {scheduler_job.py:642} INFO - DAG(s) dict_keys(['example_skip_dag']) retrieved from /Users/Alex/.local/share/virtualenvs/airflow-1c5-bq0J/lib/python3.9/site-packages/airflow/example_dags/example_skip_dag.py
[2021-08-11 10:51:04,592] {logging_mixin.py:104} INFO - [2021-08-11 10:51:04,592] {dag.py:1833} INFO - Sync 1 DAGs
[2021-08-11 10:51:04,597] {logging_mixin.py:104} INFO - [2021-08-11 10:51:04,597] {dag.py:2306} INFO - Setting next_dagrun for example_skip_dag to 2021-08-09 00:00:00+00:00
[2021-08-11 10:51:04,607] {scheduler_job.py:189} INFO - Processing /Users/Alex/.local/share/virtualenvs/airflow-1c5-bq0J/lib/python3.9/site-packages/airflow/example_dags/example_skip_dag.py took 0.050 seconds
[2021-08-11 10:51:59,416] {scheduler_job.py:181} INFO - Started process (PID=70112) to work on /Users/Alex/.local/share/virtualenvs/airflow-1c5-bq0J/lib/python3.9/site-packages/airflow/example_dags/example_skip_dag.py
[2021-08-11 10:51:59,417] {scheduler_job.py:632} INFO - Processing file /Users/Alex/.local/share/virtualenvs/airflow-1c5-bq0J/lib/python3.9/site-packages/airflow/example_dags/example_skip_dag.py for tasks to queue
[2021-08-11 10:51:59,417] {logging_mixin.py:104} INFO - [2021-08-11 10:51:59,417] {dagbag.py:496} INFO - Filling up the DagBag from /Users/Alex/.local/share/virtualenvs/airflow-1c5-bq0J/lib/python3.9/site-packages/airflow/example_dags/example_skip_dag.py
[2021-08-11 10:51:59,423] {scheduler_job.py:642} INFO - DAG(s) dict_keys(['example_skip_dag']) retrieved from /Users/Alex/.local/share/virtualenvs/airflow-1c5-bq0J/lib/python3.9/site-packages/airflow/example_dags/example_skip_dag.py
[2021-08-11 10:51:59,448] {logging_mixin.py:104} INFO - [2021-08-11 10:51:59,447] {dag.py:1833} INFO - Sync 1 DAGs
[2021-08-11 10:51:59,453] {logging_mixin.py:104} INFO - [2021-08-11 10:51:59,453] {dag.py:2306} INFO - Setting next_dagrun for example_skip_dag to 2021-08-09 00:00:00+00:00
[2021-08-11 10:51:59,462] {scheduler_job.py:189} INFO - Processing /Users/Alex/.local/share/virtualenvs/airflow-1c5-bq0J/lib/python3.9/site-packages/airflow/example_dags/example_skip_dag.py took 0.046 seconds
[2021-08-11 10:52:56,905] {scheduler_job.py:181} INFO - Started process (PID=70221) to work on /Users/Alex/.local/share/virtualenvs/airflow-1c5-bq0J/lib/python3.9/site-packages/airflow/example_dags/example_skip_dag.py
[2021-08-11 10:52:56,905] {scheduler_job.py:632} INFO - Processing file /Users/Alex/.local/share/virtualenvs/airflow-1c5-bq0J/lib/python3.9/site-packages/airflow/example_dags/example_skip_dag.py for tasks to queue
[2021-08-11 10:52:56,906] {logging_mixin.py:104} INFO - [2021-08-11 10:52:56,906] {dagbag.py:496} INFO - Filling up the DagBag from /Users/Alex/.local/share/virtualenvs/airflow-1c5-bq0J/lib/python3.9/site-packages/airflow/example_dags/example_skip_dag.py
[2021-08-11 10:52:56,911] {scheduler_job.py:642} INFO - DAG(s) dict_keys(['example_skip_dag']) retrieved from /Users/Alex/.local/share/virtualenvs/airflow-1c5-bq0J/lib/python3.9/site-packages/airflow/example_dags/example_skip_dag.py
[2021-08-11 10:52:56,937] {logging_mixin.py:104} INFO - [2021-08-11 10:52:56,937] {dag.py:1833} INFO - Sync 1 DAGs
[2021-08-11 10:52:56,943] {logging_mixin.py:104} INFO - [2021-08-11 10:52:56,942] {dag.py:2306} INFO - Setting next_dagrun for example_skip_dag to 2021-08-09 00:00:00+00:00
[2021-08-11 10:52:56,951] {scheduler_job.py:189} INFO - Processing /Users/Alex/.local/share/virtualenvs/airflow-1c5-bq0J/lib/python3.9/site-packages/airflow/example_dags/example_skip_dag.py took 0.047 seconds
[2021-08-11 10:53:52,122] {scheduler_job.py:181} INFO - Started process (PID=70307) to work on /Users/Alex/.local/share/virtualenvs/airflow-1c5-bq0J/lib/python3.9/site-packages/airflow/example_dags/example_skip_dag.py
[2021-08-11 10:53:52,124] {scheduler_job.py:632} INFO - Processing file /Users/Alex/.local/share/virtualenvs/airflow-1c5-bq0J/lib/python3.9/site-packages/airflow/example_dags/example_skip_dag.py for tasks to queue
[2021-08-11 10:53:52,125] {logging_mixin.py:104} INFO - [2021-08-11 10:53:52,125] {dagbag.py:496} INFO - Filling up the DagBag from /Users/Alex/.local/share/virtualenvs/airflow-1c5-bq0J/lib/python3.9/site-packages/airflow/example_dags/example_skip_dag.py
[2021-08-11 10:53:52,131] {scheduler_job.py:642} INFO - DAG(s) dict_keys(['example_skip_dag']) retrieved from /Users/Alex/.local/share/virtualenvs/airflow-1c5-bq0J/lib/python3.9/site-packages/airflow/example_dags/example_skip_dag.py
[2021-08-11 10:53:52,159] {logging_mixin.py:104} INFO - [2021-08-11 10:53:52,159] {dag.py:1833} INFO - Sync 1 DAGs
[2021-08-11 10:53:52,165] {logging_mixin.py:104} INFO - [2021-08-11 10:53:52,165] {dag.py:2306} INFO - Setting next_dagrun for example_skip_dag to 2021-08-09 00:00:00+00:00
[2021-08-11 10:53:52,173] {scheduler_job.py:189} INFO - Processing /Users/Alex/.local/share/virtualenvs/airflow-1c5-bq0J/lib/python3.9/site-packages/airflow/example_dags/example_skip_dag.py took 0.051 seconds
[2021-08-11 10:54:48,275] {scheduler_job.py:181} INFO - Started process (PID=70406) to work on /Users/Alex/.local/share/virtualenvs/airflow-1c5-bq0J/lib/python3.9/site-packages/airflow/example_dags/example_skip_dag.py
[2021-08-11 10:54:48,277] {scheduler_job.py:632} INFO - Processing file /Users/Alex/.local/share/virtualenvs/airflow-1c5-bq0J/lib/python3.9/site-packages/airflow/example_dags/example_skip_dag.py for tasks to queue
[2021-08-11 10:54:48,279] {logging_mixin.py:104} INFO - [2021-08-11 10:54:48,279] {dagbag.py:496} INFO - Filling up the DagBag from /Users/Alex/.local/share/virtualenvs/airflow-1c5-bq0J/lib/python3.9/site-packages/airflow/example_dags/example_skip_dag.py
[2021-08-11 10:54:48,290] {scheduler_job.py:642} INFO - DAG(s) dict_keys(['example_skip_dag']) retrieved from /Users/Alex/.local/share/virtualenvs/airflow-1c5-bq0J/lib/python3.9/site-packages/airflow/example_dags/example_skip_dag.py
[2021-08-11 10:54:48,333] {logging_mixin.py:104} INFO - [2021-08-11 10:54:48,333] {dag.py:1833} INFO - Sync 1 DAGs
[2021-08-11 10:54:48,341] {logging_mixin.py:104} INFO - [2021-08-11 10:54:48,341] {dag.py:2306} INFO - Setting next_dagrun for example_skip_dag to 2021-08-09 00:00:00+00:00
[2021-08-11 10:54:48,350] {scheduler_job.py:189} INFO - Processing /Users/Alex/.local/share/virtualenvs/airflow-1c5-bq0J/lib/python3.9/site-packages/airflow/example_dags/example_skip_dag.py took 0.077 seconds
[2021-08-11 10:55:47,998] {scheduler_job.py:181} INFO - Started process (PID=70517) to work on /Users/Alex/.local/share/virtualenvs/airflow-1c5-bq0J/lib/python3.9/site-packages/airflow/example_dags/example_skip_dag.py
[2021-08-11 10:55:47,998] {scheduler_job.py:632} INFO - Processing file /Users/Alex/.local/share/virtualenvs/airflow-1c5-bq0J/lib/python3.9/site-packages/airflow/example_dags/example_skip_dag.py for tasks to queue
[2021-08-11 10:55:47,998] {logging_mixin.py:104} INFO - [2021-08-11 10:55:47,998] {dagbag.py:496} INFO - Filling up the DagBag from /Users/Alex/.local/share/virtualenvs/airflow-1c5-bq0J/lib/python3.9/site-packages/airflow/example_dags/example_skip_dag.py
[2021-08-11 10:55:48,005] {scheduler_job.py:642} INFO - DAG(s) dict_keys(['example_skip_dag']) retrieved from /Users/Alex/.local/share/virtualenvs/airflow-1c5-bq0J/lib/python3.9/site-packages/airflow/example_dags/example_skip_dag.py
[2021-08-11 10:55:48,032] {logging_mixin.py:104} INFO - [2021-08-11 10:55:48,032] {dag.py:1833} INFO - Sync 1 DAGs
[2021-08-11 10:55:48,038] {logging_mixin.py:104} INFO - [2021-08-11 10:55:48,038] {dag.py:2306} INFO - Setting next_dagrun for example_skip_dag to 2021-08-09 00:00:00+00:00
[2021-08-11 10:55:48,044] {scheduler_job.py:189} INFO - Processing /Users/Alex/.local/share/virtualenvs/airflow-1c5-bq0J/lib/python3.9/site-packages/airflow/example_dags/example_skip_dag.py took 0.047 seconds
[2021-08-11 10:56:45,350] {scheduler_job.py:181} INFO - Started process (PID=70620) to work on /Users/Alex/.local/share/virtualenvs/airflow-1c5-bq0J/lib/python3.9/site-packages/airflow/example_dags/example_skip_dag.py
[2021-08-11 10:56:45,350] {scheduler_job.py:632} INFO - Processing file /Users/Alex/.local/share/virtualenvs/airflow-1c5-bq0J/lib/python3.9/site-packages/airflow/example_dags/example_skip_dag.py for tasks to queue
[2021-08-11 10:56:45,351] {logging_mixin.py:104} INFO - [2021-08-11 10:56:45,351] {dagbag.py:496} INFO - Filling up the DagBag from /Users/Alex/.local/share/virtualenvs/airflow-1c5-bq0J/lib/python3.9/site-packages/airflow/example_dags/example_skip_dag.py
[2021-08-11 10:56:45,357] {scheduler_job.py:642} INFO - DAG(s) dict_keys(['example_skip_dag']) retrieved from /Users/Alex/.local/share/virtualenvs/airflow-1c5-bq0J/lib/python3.9/site-packages/airflow/example_dags/example_skip_dag.py
[2021-08-11 10:56:45,383] {logging_mixin.py:104} INFO - [2021-08-11 10:56:45,383] {dag.py:1833} INFO - Sync 1 DAGs
[2021-08-11 10:56:45,389] {logging_mixin.py:104} INFO - [2021-08-11 10:56:45,389] {dag.py:2306} INFO - Setting next_dagrun for example_skip_dag to 2021-08-09 00:00:00+00:00
[2021-08-11 10:56:45,398] {scheduler_job.py:189} INFO - Processing /Users/Alex/.local/share/virtualenvs/airflow-1c5-bq0J/lib/python3.9/site-packages/airflow/example_dags/example_skip_dag.py took 0.049 seconds
[2021-08-11 10:57:40,356] {scheduler_job.py:181} INFO - Started process (PID=70735) to work on /Users/Alex/.local/share/virtualenvs/airflow-1c5-bq0J/lib/python3.9/site-packages/airflow/example_dags/example_skip_dag.py
[2021-08-11 10:57:40,357] {scheduler_job.py:632} INFO - Processing file /Users/Alex/.local/share/virtualenvs/airflow-1c5-bq0J/lib/python3.9/site-packages/airflow/example_dags/example_skip_dag.py for tasks to queue
[2021-08-11 10:57:40,357] {logging_mixin.py:104} INFO - [2021-08-11 10:57:40,357] {dagbag.py:496} INFO - Filling up the DagBag from /Users/Alex/.local/share/virtualenvs/airflow-1c5-bq0J/lib/python3.9/site-packages/airflow/example_dags/example_skip_dag.py
[2021-08-11 10:57:40,362] {scheduler_job.py:642} INFO - DAG(s) dict_keys(['example_skip_dag']) retrieved from /Users/Alex/.local/share/virtualenvs/airflow-1c5-bq0J/lib/python3.9/site-packages/airflow/example_dags/example_skip_dag.py
[2021-08-11 10:57:40,387] {logging_mixin.py:104} INFO - [2021-08-11 10:57:40,387] {dag.py:1833} INFO - Sync 1 DAGs
[2021-08-11 10:57:40,393] {logging_mixin.py:104} INFO - [2021-08-11 10:57:40,392] {dag.py:2306} INFO - Setting next_dagrun for example_skip_dag to 2021-08-09 00:00:00+00:00
[2021-08-11 10:57:40,402] {scheduler_job.py:189} INFO - Processing /Users/Alex/.local/share/virtualenvs/airflow-1c5-bq0J/lib/python3.9/site-packages/airflow/example_dags/example_skip_dag.py took 0.047 seconds
[2021-08-11 10:58:43,611] {scheduler_job.py:181} INFO - Started process (PID=70849) to work on /Users/Alex/.local/share/virtualenvs/airflow-1c5-bq0J/lib/python3.9/site-packages/airflow/example_dags/example_skip_dag.py
[2021-08-11 10:58:43,611] {scheduler_job.py:632} INFO - Processing file /Users/Alex/.local/share/virtualenvs/airflow-1c5-bq0J/lib/python3.9/site-packages/airflow/example_dags/example_skip_dag.py for tasks to queue
[2021-08-11 10:58:43,611] {logging_mixin.py:104} INFO - [2021-08-11 10:58:43,611] {dagbag.py:496} INFO - Filling up the DagBag from /Users/Alex/.local/share/virtualenvs/airflow-1c5-bq0J/lib/python3.9/site-packages/airflow/example_dags/example_skip_dag.py
[2021-08-11 10:58:43,617] {scheduler_job.py:642} INFO - DAG(s) dict_keys(['example_skip_dag']) retrieved from /Users/Alex/.local/share/virtualenvs/airflow-1c5-bq0J/lib/python3.9/site-packages/airflow/example_dags/example_skip_dag.py
[2021-08-11 10:58:43,645] {logging_mixin.py:104} INFO - [2021-08-11 10:58:43,645] {dag.py:1833} INFO - Sync 1 DAGs
[2021-08-11 10:58:43,651] {logging_mixin.py:104} INFO - [2021-08-11 10:58:43,651] {dag.py:2306} INFO - Setting next_dagrun for example_skip_dag to 2021-08-09 00:00:00+00:00
[2021-08-11 10:58:43,660] {scheduler_job.py:189} INFO - Processing /Users/Alex/.local/share/virtualenvs/airflow-1c5-bq0J/lib/python3.9/site-packages/airflow/example_dags/example_skip_dag.py took 0.050 seconds
[2021-08-11 10:59:42,438] {scheduler_job.py:181} INFO - Started process (PID=70960) to work on /Users/Alex/.local/share/virtualenvs/airflow-1c5-bq0J/lib/python3.9/site-packages/airflow/example_dags/example_skip_dag.py
[2021-08-11 10:59:42,438] {scheduler_job.py:632} INFO - Processing file /Users/Alex/.local/share/virtualenvs/airflow-1c5-bq0J/lib/python3.9/site-packages/airflow/example_dags/example_skip_dag.py for tasks to queue
[2021-08-11 10:59:42,438] {logging_mixin.py:104} INFO - [2021-08-11 10:59:42,438] {dagbag.py:496} INFO - Filling up the DagBag from /Users/Alex/.local/share/virtualenvs/airflow-1c5-bq0J/lib/python3.9/site-packages/airflow/example_dags/example_skip_dag.py
[2021-08-11 10:59:42,445] {scheduler_job.py:642} INFO - DAG(s) dict_keys(['example_skip_dag']) retrieved from /Users/Alex/.local/share/virtualenvs/airflow-1c5-bq0J/lib/python3.9/site-packages/airflow/example_dags/example_skip_dag.py
[2021-08-11 10:59:42,473] {logging_mixin.py:104} INFO - [2021-08-11 10:59:42,473] {dag.py:1833} INFO - Sync 1 DAGs
[2021-08-11 10:59:42,480] {logging_mixin.py:104} INFO - [2021-08-11 10:59:42,480] {dag.py:2306} INFO - Setting next_dagrun for example_skip_dag to 2021-08-09 00:00:00+00:00
[2021-08-11 10:59:42,488] {scheduler_job.py:189} INFO - Processing /Users/Alex/.local/share/virtualenvs/airflow-1c5-bq0J/lib/python3.9/site-packages/airflow/example_dags/example_skip_dag.py took 0.051 seconds
[2021-08-11 11:00:40,418] {scheduler_job.py:181} INFO - Started process (PID=71087) to work on /Users/Alex/.local/share/virtualenvs/airflow-1c5-bq0J/lib/python3.9/site-packages/airflow/example_dags/example_skip_dag.py
[2021-08-11 11:00:40,419] {scheduler_job.py:632} INFO - Processing file /Users/Alex/.local/share/virtualenvs/airflow-1c5-bq0J/lib/python3.9/site-packages/airflow/example_dags/example_skip_dag.py for tasks to queue
[2021-08-11 11:00:40,419] {logging_mixin.py:104} INFO - [2021-08-11 11:00:40,419] {dagbag.py:496} INFO - Filling up the DagBag from /Users/Alex/.local/share/virtualenvs/airflow-1c5-bq0J/lib/python3.9/site-packages/airflow/example_dags/example_skip_dag.py
[2021-08-11 11:00:40,426] {scheduler_job.py:642} INFO - DAG(s) dict_keys(['example_skip_dag']) retrieved from /Users/Alex/.local/share/virtualenvs/airflow-1c5-bq0J/lib/python3.9/site-packages/airflow/example_dags/example_skip_dag.py
[2021-08-11 11:00:40,455] {logging_mixin.py:104} INFO - [2021-08-11 11:00:40,455] {dag.py:1833} INFO - Sync 1 DAGs
[2021-08-11 11:00:40,463] {logging_mixin.py:104} INFO - [2021-08-11 11:00:40,463] {dag.py:2306} INFO - Setting next_dagrun for example_skip_dag to 2021-08-09 00:00:00+00:00
[2021-08-11 11:00:40,471] {scheduler_job.py:189} INFO - Processing /Users/Alex/.local/share/virtualenvs/airflow-1c5-bq0J/lib/python3.9/site-packages/airflow/example_dags/example_skip_dag.py took 0.054 seconds
[2021-08-11 11:01:40,336] {scheduler_job.py:181} INFO - Started process (PID=71192) to work on /Users/Alex/.local/share/virtualenvs/airflow-1c5-bq0J/lib/python3.9/site-packages/airflow/example_dags/example_skip_dag.py
[2021-08-11 11:01:40,336] {scheduler_job.py:632} INFO - Processing file /Users/Alex/.local/share/virtualenvs/airflow-1c5-bq0J/lib/python3.9/site-packages/airflow/example_dags/example_skip_dag.py for tasks to queue
[2021-08-11 11:01:40,337] {logging_mixin.py:104} INFO - [2021-08-11 11:01:40,337] {dagbag.py:496} INFO - Filling up the DagBag from /Users/Alex/.local/share/virtualenvs/airflow-1c5-bq0J/lib/python3.9/site-packages/airflow/example_dags/example_skip_dag.py
[2021-08-11 11:01:40,343] {scheduler_job.py:642} INFO - DAG(s) dict_keys(['example_skip_dag']) retrieved from /Users/Alex/.local/share/virtualenvs/airflow-1c5-bq0J/lib/python3.9/site-packages/airflow/example_dags/example_skip_dag.py
[2021-08-11 11:01:40,369] {logging_mixin.py:104} INFO - [2021-08-11 11:01:40,368] {dag.py:1833} INFO - Sync 1 DAGs
[2021-08-11 11:01:40,376] {logging_mixin.py:104} INFO - [2021-08-11 11:01:40,376] {dag.py:2306} INFO - Setting next_dagrun for example_skip_dag to 2021-08-09 00:00:00+00:00
[2021-08-11 11:01:40,384] {scheduler_job.py:189} INFO - Processing /Users/Alex/.local/share/virtualenvs/airflow-1c5-bq0J/lib/python3.9/site-packages/airflow/example_dags/example_skip_dag.py took 0.049 seconds
