[2021-08-11 10:44:50,446] {scheduler_job.py:181} INFO - Started process (PID=69461) to work on /Users/Alex/.local/share/virtualenvs/airflow-1c5-bq0J/lib/python3.9/site-packages/airflow/example_dags/example_branch_python_dop_operator_3.py
[2021-08-11 10:44:50,446] {scheduler_job.py:632} INFO - Processing file /Users/Alex/.local/share/virtualenvs/airflow-1c5-bq0J/lib/python3.9/site-packages/airflow/example_dags/example_branch_python_dop_operator_3.py for tasks to queue
[2021-08-11 10:44:50,446] {logging_mixin.py:104} INFO - [2021-08-11 10:44:50,446] {dagbag.py:496} INFO - Filling up the DagBag from /Users/Alex/.local/share/virtualenvs/airflow-1c5-bq0J/lib/python3.9/site-packages/airflow/example_dags/example_branch_python_dop_operator_3.py
[2021-08-11 10:44:50,453] {scheduler_job.py:642} INFO - DAG(s) dict_keys(['example_branch_dop_operator_v3']) retrieved from /Users/Alex/.local/share/virtualenvs/airflow-1c5-bq0J/lib/python3.9/site-packages/airflow/example_dags/example_branch_python_dop_operator_3.py
[2021-08-11 10:44:50,477] {logging_mixin.py:104} INFO - [2021-08-11 10:44:50,477] {dag.py:1833} INFO - Sync 1 DAGs
[2021-08-11 10:44:50,488] {logging_mixin.py:104} INFO - [2021-08-11 10:44:50,488] {dag.py:2306} INFO - Setting next_dagrun for example_branch_dop_operator_v3 to 2021-08-09 00:00:00+00:00
[2021-08-11 10:44:50,496] {scheduler_job.py:189} INFO - Processing /Users/Alex/.local/share/virtualenvs/airflow-1c5-bq0J/lib/python3.9/site-packages/airflow/example_dags/example_branch_python_dop_operator_3.py took 0.051 seconds
[2021-08-11 10:45:44,737] {scheduler_job.py:181} INFO - Started process (PID=69546) to work on /Users/Alex/.local/share/virtualenvs/airflow-1c5-bq0J/lib/python3.9/site-packages/airflow/example_dags/example_branch_python_dop_operator_3.py
[2021-08-11 10:45:44,738] {scheduler_job.py:632} INFO - Processing file /Users/Alex/.local/share/virtualenvs/airflow-1c5-bq0J/lib/python3.9/site-packages/airflow/example_dags/example_branch_python_dop_operator_3.py for tasks to queue
[2021-08-11 10:45:44,738] {logging_mixin.py:104} INFO - [2021-08-11 10:45:44,738] {dagbag.py:496} INFO - Filling up the DagBag from /Users/Alex/.local/share/virtualenvs/airflow-1c5-bq0J/lib/python3.9/site-packages/airflow/example_dags/example_branch_python_dop_operator_3.py
[2021-08-11 10:45:44,745] {scheduler_job.py:642} INFO - DAG(s) dict_keys(['example_branch_dop_operator_v3']) retrieved from /Users/Alex/.local/share/virtualenvs/airflow-1c5-bq0J/lib/python3.9/site-packages/airflow/example_dags/example_branch_python_dop_operator_3.py
[2021-08-11 10:45:44,769] {logging_mixin.py:104} INFO - [2021-08-11 10:45:44,769] {dag.py:1833} INFO - Sync 1 DAGs
[2021-08-11 10:45:44,780] {logging_mixin.py:104} INFO - [2021-08-11 10:45:44,780] {dag.py:2306} INFO - Setting next_dagrun for example_branch_dop_operator_v3 to 2021-08-09 00:00:00+00:00
[2021-08-11 10:45:44,788] {scheduler_job.py:189} INFO - Processing /Users/Alex/.local/share/virtualenvs/airflow-1c5-bq0J/lib/python3.9/site-packages/airflow/example_dags/example_branch_python_dop_operator_3.py took 0.051 seconds
[2021-08-11 10:46:40,580] {scheduler_job.py:181} INFO - Started process (PID=69605) to work on /Users/Alex/.local/share/virtualenvs/airflow-1c5-bq0J/lib/python3.9/site-packages/airflow/example_dags/example_branch_python_dop_operator_3.py
[2021-08-11 10:46:40,580] {scheduler_job.py:632} INFO - Processing file /Users/Alex/.local/share/virtualenvs/airflow-1c5-bq0J/lib/python3.9/site-packages/airflow/example_dags/example_branch_python_dop_operator_3.py for tasks to queue
[2021-08-11 10:46:40,581] {logging_mixin.py:104} INFO - [2021-08-11 10:46:40,581] {dagbag.py:496} INFO - Filling up the DagBag from /Users/Alex/.local/share/virtualenvs/airflow-1c5-bq0J/lib/python3.9/site-packages/airflow/example_dags/example_branch_python_dop_operator_3.py
[2021-08-11 10:46:40,587] {scheduler_job.py:642} INFO - DAG(s) dict_keys(['example_branch_dop_operator_v3']) retrieved from /Users/Alex/.local/share/virtualenvs/airflow-1c5-bq0J/lib/python3.9/site-packages/airflow/example_dags/example_branch_python_dop_operator_3.py
[2021-08-11 10:46:40,612] {logging_mixin.py:104} INFO - [2021-08-11 10:46:40,611] {dag.py:1833} INFO - Sync 1 DAGs
[2021-08-11 10:46:40,627] {logging_mixin.py:104} INFO - [2021-08-11 10:46:40,626] {dag.py:2306} INFO - Setting next_dagrun for example_branch_dop_operator_v3 to 2021-08-09 00:00:00+00:00
[2021-08-11 10:46:40,634] {scheduler_job.py:189} INFO - Processing /Users/Alex/.local/share/virtualenvs/airflow-1c5-bq0J/lib/python3.9/site-packages/airflow/example_dags/example_branch_python_dop_operator_3.py took 0.054 seconds
[2021-08-11 10:47:34,547] {scheduler_job.py:181} INFO - Started process (PID=69663) to work on /Users/Alex/.local/share/virtualenvs/airflow-1c5-bq0J/lib/python3.9/site-packages/airflow/example_dags/example_branch_python_dop_operator_3.py
[2021-08-11 10:47:34,548] {scheduler_job.py:632} INFO - Processing file /Users/Alex/.local/share/virtualenvs/airflow-1c5-bq0J/lib/python3.9/site-packages/airflow/example_dags/example_branch_python_dop_operator_3.py for tasks to queue
[2021-08-11 10:47:34,548] {logging_mixin.py:104} INFO - [2021-08-11 10:47:34,548] {dagbag.py:496} INFO - Filling up the DagBag from /Users/Alex/.local/share/virtualenvs/airflow-1c5-bq0J/lib/python3.9/site-packages/airflow/example_dags/example_branch_python_dop_operator_3.py
[2021-08-11 10:47:34,566] {scheduler_job.py:642} INFO - DAG(s) dict_keys(['example_branch_dop_operator_v3']) retrieved from /Users/Alex/.local/share/virtualenvs/airflow-1c5-bq0J/lib/python3.9/site-packages/airflow/example_dags/example_branch_python_dop_operator_3.py
[2021-08-11 10:47:34,631] {logging_mixin.py:104} INFO - [2021-08-11 10:47:34,630] {dag.py:1833} INFO - Sync 1 DAGs
[2021-08-11 10:47:34,658] {logging_mixin.py:104} INFO - [2021-08-11 10:47:34,658] {dag.py:2306} INFO - Setting next_dagrun for example_branch_dop_operator_v3 to 2021-08-09 00:00:00+00:00
[2021-08-11 10:47:34,668] {scheduler_job.py:189} INFO - Processing /Users/Alex/.local/share/virtualenvs/airflow-1c5-bq0J/lib/python3.9/site-packages/airflow/example_dags/example_branch_python_dop_operator_3.py took 0.123 seconds
[2021-08-11 10:48:30,823] {scheduler_job.py:181} INFO - Started process (PID=69762) to work on /Users/Alex/.local/share/virtualenvs/airflow-1c5-bq0J/lib/python3.9/site-packages/airflow/example_dags/example_branch_python_dop_operator_3.py
[2021-08-11 10:48:30,823] {scheduler_job.py:632} INFO - Processing file /Users/Alex/.local/share/virtualenvs/airflow-1c5-bq0J/lib/python3.9/site-packages/airflow/example_dags/example_branch_python_dop_operator_3.py for tasks to queue
[2021-08-11 10:48:30,823] {logging_mixin.py:104} INFO - [2021-08-11 10:48:30,823] {dagbag.py:496} INFO - Filling up the DagBag from /Users/Alex/.local/share/virtualenvs/airflow-1c5-bq0J/lib/python3.9/site-packages/airflow/example_dags/example_branch_python_dop_operator_3.py
[2021-08-11 10:48:30,830] {scheduler_job.py:642} INFO - DAG(s) dict_keys(['example_branch_dop_operator_v3']) retrieved from /Users/Alex/.local/share/virtualenvs/airflow-1c5-bq0J/lib/python3.9/site-packages/airflow/example_dags/example_branch_python_dop_operator_3.py
[2021-08-11 10:48:30,854] {logging_mixin.py:104} INFO - [2021-08-11 10:48:30,853] {dag.py:1833} INFO - Sync 1 DAGs
[2021-08-11 10:48:30,865] {logging_mixin.py:104} INFO - [2021-08-11 10:48:30,865] {dag.py:2306} INFO - Setting next_dagrun for example_branch_dop_operator_v3 to 2021-08-09 00:00:00+00:00
[2021-08-11 10:48:30,874] {scheduler_job.py:189} INFO - Processing /Users/Alex/.local/share/virtualenvs/airflow-1c5-bq0J/lib/python3.9/site-packages/airflow/example_dags/example_branch_python_dop_operator_3.py took 0.052 seconds
[2021-08-11 10:49:28,940] {scheduler_job.py:181} INFO - Started process (PID=69843) to work on /Users/Alex/.local/share/virtualenvs/airflow-1c5-bq0J/lib/python3.9/site-packages/airflow/example_dags/example_branch_python_dop_operator_3.py
[2021-08-11 10:49:28,940] {scheduler_job.py:632} INFO - Processing file /Users/Alex/.local/share/virtualenvs/airflow-1c5-bq0J/lib/python3.9/site-packages/airflow/example_dags/example_branch_python_dop_operator_3.py for tasks to queue
[2021-08-11 10:49:28,941] {logging_mixin.py:104} INFO - [2021-08-11 10:49:28,941] {dagbag.py:496} INFO - Filling up the DagBag from /Users/Alex/.local/share/virtualenvs/airflow-1c5-bq0J/lib/python3.9/site-packages/airflow/example_dags/example_branch_python_dop_operator_3.py
[2021-08-11 10:49:28,948] {scheduler_job.py:642} INFO - DAG(s) dict_keys(['example_branch_dop_operator_v3']) retrieved from /Users/Alex/.local/share/virtualenvs/airflow-1c5-bq0J/lib/python3.9/site-packages/airflow/example_dags/example_branch_python_dop_operator_3.py
[2021-08-11 10:49:28,972] {logging_mixin.py:104} INFO - [2021-08-11 10:49:28,972] {dag.py:1833} INFO - Sync 1 DAGs
[2021-08-11 10:49:28,983] {logging_mixin.py:104} INFO - [2021-08-11 10:49:28,983] {dag.py:2306} INFO - Setting next_dagrun for example_branch_dop_operator_v3 to 2021-08-09 00:00:00+00:00
[2021-08-11 10:49:28,991] {scheduler_job.py:189} INFO - Processing /Users/Alex/.local/share/virtualenvs/airflow-1c5-bq0J/lib/python3.9/site-packages/airflow/example_dags/example_branch_python_dop_operator_3.py took 0.052 seconds
[2021-08-11 10:50:28,615] {scheduler_job.py:181} INFO - Started process (PID=69934) to work on /Users/Alex/.local/share/virtualenvs/airflow-1c5-bq0J/lib/python3.9/site-packages/airflow/example_dags/example_branch_python_dop_operator_3.py
[2021-08-11 10:50:28,617] {scheduler_job.py:632} INFO - Processing file /Users/Alex/.local/share/virtualenvs/airflow-1c5-bq0J/lib/python3.9/site-packages/airflow/example_dags/example_branch_python_dop_operator_3.py for tasks to queue
[2021-08-11 10:50:28,618] {logging_mixin.py:104} INFO - [2021-08-11 10:50:28,618] {dagbag.py:496} INFO - Filling up the DagBag from /Users/Alex/.local/share/virtualenvs/airflow-1c5-bq0J/lib/python3.9/site-packages/airflow/example_dags/example_branch_python_dop_operator_3.py
[2021-08-11 10:50:28,627] {scheduler_job.py:642} INFO - DAG(s) dict_keys(['example_branch_dop_operator_v3']) retrieved from /Users/Alex/.local/share/virtualenvs/airflow-1c5-bq0J/lib/python3.9/site-packages/airflow/example_dags/example_branch_python_dop_operator_3.py
[2021-08-11 10:50:28,655] {logging_mixin.py:104} INFO - [2021-08-11 10:50:28,655] {dag.py:1833} INFO - Sync 1 DAGs
[2021-08-11 10:50:28,669] {logging_mixin.py:104} INFO - [2021-08-11 10:50:28,668] {dag.py:2306} INFO - Setting next_dagrun for example_branch_dop_operator_v3 to 2021-08-09 00:00:00+00:00
[2021-08-11 10:50:28,677] {scheduler_job.py:189} INFO - Processing /Users/Alex/.local/share/virtualenvs/airflow-1c5-bq0J/lib/python3.9/site-packages/airflow/example_dags/example_branch_python_dop_operator_3.py took 0.063 seconds
[2021-08-11 10:51:26,452] {scheduler_job.py:181} INFO - Started process (PID=70049) to work on /Users/Alex/.local/share/virtualenvs/airflow-1c5-bq0J/lib/python3.9/site-packages/airflow/example_dags/example_branch_python_dop_operator_3.py
[2021-08-11 10:51:26,453] {scheduler_job.py:632} INFO - Processing file /Users/Alex/.local/share/virtualenvs/airflow-1c5-bq0J/lib/python3.9/site-packages/airflow/example_dags/example_branch_python_dop_operator_3.py for tasks to queue
[2021-08-11 10:51:26,453] {logging_mixin.py:104} INFO - [2021-08-11 10:51:26,453] {dagbag.py:496} INFO - Filling up the DagBag from /Users/Alex/.local/share/virtualenvs/airflow-1c5-bq0J/lib/python3.9/site-packages/airflow/example_dags/example_branch_python_dop_operator_3.py
[2021-08-11 10:51:26,478] {scheduler_job.py:642} INFO - DAG(s) dict_keys(['example_branch_dop_operator_v3']) retrieved from /Users/Alex/.local/share/virtualenvs/airflow-1c5-bq0J/lib/python3.9/site-packages/airflow/example_dags/example_branch_python_dop_operator_3.py
[2021-08-11 10:51:26,593] {logging_mixin.py:104} INFO - [2021-08-11 10:51:26,593] {dag.py:1833} INFO - Sync 1 DAGs
[2021-08-11 10:51:26,623] {logging_mixin.py:104} INFO - [2021-08-11 10:51:26,623] {dag.py:2306} INFO - Setting next_dagrun for example_branch_dop_operator_v3 to 2021-08-09 00:00:00+00:00
[2021-08-11 10:51:26,631] {scheduler_job.py:189} INFO - Processing /Users/Alex/.local/share/virtualenvs/airflow-1c5-bq0J/lib/python3.9/site-packages/airflow/example_dags/example_branch_python_dop_operator_3.py took 0.180 seconds
[2021-08-11 10:52:19,950] {scheduler_job.py:181} INFO - Started process (PID=70154) to work on /Users/Alex/.local/share/virtualenvs/airflow-1c5-bq0J/lib/python3.9/site-packages/airflow/example_dags/example_branch_python_dop_operator_3.py
[2021-08-11 10:52:19,951] {scheduler_job.py:632} INFO - Processing file /Users/Alex/.local/share/virtualenvs/airflow-1c5-bq0J/lib/python3.9/site-packages/airflow/example_dags/example_branch_python_dop_operator_3.py for tasks to queue
[2021-08-11 10:52:19,951] {logging_mixin.py:104} INFO - [2021-08-11 10:52:19,951] {dagbag.py:496} INFO - Filling up the DagBag from /Users/Alex/.local/share/virtualenvs/airflow-1c5-bq0J/lib/python3.9/site-packages/airflow/example_dags/example_branch_python_dop_operator_3.py
[2021-08-11 10:52:19,957] {scheduler_job.py:642} INFO - DAG(s) dict_keys(['example_branch_dop_operator_v3']) retrieved from /Users/Alex/.local/share/virtualenvs/airflow-1c5-bq0J/lib/python3.9/site-packages/airflow/example_dags/example_branch_python_dop_operator_3.py
[2021-08-11 10:52:19,984] {logging_mixin.py:104} INFO - [2021-08-11 10:52:19,984] {dag.py:1833} INFO - Sync 1 DAGs
[2021-08-11 10:52:19,998] {logging_mixin.py:104} INFO - [2021-08-11 10:52:19,998] {dag.py:2306} INFO - Setting next_dagrun for example_branch_dop_operator_v3 to 2021-08-09 00:00:00+00:00
[2021-08-11 10:52:20,006] {scheduler_job.py:189} INFO - Processing /Users/Alex/.local/share/virtualenvs/airflow-1c5-bq0J/lib/python3.9/site-packages/airflow/example_dags/example_branch_python_dop_operator_3.py took 0.057 seconds
[2021-08-11 10:53:19,142] {scheduler_job.py:181} INFO - Started process (PID=70271) to work on /Users/Alex/.local/share/virtualenvs/airflow-1c5-bq0J/lib/python3.9/site-packages/airflow/example_dags/example_branch_python_dop_operator_3.py
[2021-08-11 10:53:19,145] {scheduler_job.py:632} INFO - Processing file /Users/Alex/.local/share/virtualenvs/airflow-1c5-bq0J/lib/python3.9/site-packages/airflow/example_dags/example_branch_python_dop_operator_3.py for tasks to queue
[2021-08-11 10:53:19,146] {logging_mixin.py:104} INFO - [2021-08-11 10:53:19,145] {dagbag.py:496} INFO - Filling up the DagBag from /Users/Alex/.local/share/virtualenvs/airflow-1c5-bq0J/lib/python3.9/site-packages/airflow/example_dags/example_branch_python_dop_operator_3.py
[2021-08-11 10:53:19,155] {scheduler_job.py:642} INFO - DAG(s) dict_keys(['example_branch_dop_operator_v3']) retrieved from /Users/Alex/.local/share/virtualenvs/airflow-1c5-bq0J/lib/python3.9/site-packages/airflow/example_dags/example_branch_python_dop_operator_3.py
[2021-08-11 10:53:19,178] {logging_mixin.py:104} INFO - [2021-08-11 10:53:19,178] {dag.py:1833} INFO - Sync 1 DAGs
[2021-08-11 10:53:19,190] {logging_mixin.py:104} INFO - [2021-08-11 10:53:19,190] {dag.py:2306} INFO - Setting next_dagrun for example_branch_dop_operator_v3 to 2021-08-09 00:00:00+00:00
[2021-08-11 10:53:19,199] {scheduler_job.py:189} INFO - Processing /Users/Alex/.local/share/virtualenvs/airflow-1c5-bq0J/lib/python3.9/site-packages/airflow/example_dags/example_branch_python_dop_operator_3.py took 0.057 seconds
[2021-08-11 10:54:14,004] {scheduler_job.py:181} INFO - Started process (PID=70345) to work on /Users/Alex/.local/share/virtualenvs/airflow-1c5-bq0J/lib/python3.9/site-packages/airflow/example_dags/example_branch_python_dop_operator_3.py
[2021-08-11 10:54:14,007] {scheduler_job.py:632} INFO - Processing file /Users/Alex/.local/share/virtualenvs/airflow-1c5-bq0J/lib/python3.9/site-packages/airflow/example_dags/example_branch_python_dop_operator_3.py for tasks to queue
[2021-08-11 10:54:14,007] {logging_mixin.py:104} INFO - [2021-08-11 10:54:14,007] {dagbag.py:496} INFO - Filling up the DagBag from /Users/Alex/.local/share/virtualenvs/airflow-1c5-bq0J/lib/python3.9/site-packages/airflow/example_dags/example_branch_python_dop_operator_3.py
[2021-08-11 10:54:14,016] {scheduler_job.py:642} INFO - DAG(s) dict_keys(['example_branch_dop_operator_v3']) retrieved from /Users/Alex/.local/share/virtualenvs/airflow-1c5-bq0J/lib/python3.9/site-packages/airflow/example_dags/example_branch_python_dop_operator_3.py
[2021-08-11 10:54:14,040] {logging_mixin.py:104} INFO - [2021-08-11 10:54:14,040] {dag.py:1833} INFO - Sync 1 DAGs
[2021-08-11 10:54:14,052] {logging_mixin.py:104} INFO - [2021-08-11 10:54:14,052] {dag.py:2306} INFO - Setting next_dagrun for example_branch_dop_operator_v3 to 2021-08-09 00:00:00+00:00
[2021-08-11 10:54:14,060] {scheduler_job.py:189} INFO - Processing /Users/Alex/.local/share/virtualenvs/airflow-1c5-bq0J/lib/python3.9/site-packages/airflow/example_dags/example_branch_python_dop_operator_3.py took 0.057 seconds
[2021-08-11 10:55:11,018] {scheduler_job.py:181} INFO - Started process (PID=70451) to work on /Users/Alex/.local/share/virtualenvs/airflow-1c5-bq0J/lib/python3.9/site-packages/airflow/example_dags/example_branch_python_dop_operator_3.py
[2021-08-11 10:55:11,019] {scheduler_job.py:632} INFO - Processing file /Users/Alex/.local/share/virtualenvs/airflow-1c5-bq0J/lib/python3.9/site-packages/airflow/example_dags/example_branch_python_dop_operator_3.py for tasks to queue
[2021-08-11 10:55:11,019] {logging_mixin.py:104} INFO - [2021-08-11 10:55:11,019] {dagbag.py:496} INFO - Filling up the DagBag from /Users/Alex/.local/share/virtualenvs/airflow-1c5-bq0J/lib/python3.9/site-packages/airflow/example_dags/example_branch_python_dop_operator_3.py
[2021-08-11 10:55:11,026] {scheduler_job.py:642} INFO - DAG(s) dict_keys(['example_branch_dop_operator_v3']) retrieved from /Users/Alex/.local/share/virtualenvs/airflow-1c5-bq0J/lib/python3.9/site-packages/airflow/example_dags/example_branch_python_dop_operator_3.py
[2021-08-11 10:55:11,050] {logging_mixin.py:104} INFO - [2021-08-11 10:55:11,050] {dag.py:1833} INFO - Sync 1 DAGs
[2021-08-11 10:55:11,062] {logging_mixin.py:104} INFO - [2021-08-11 10:55:11,062] {dag.py:2306} INFO - Setting next_dagrun for example_branch_dop_operator_v3 to 2021-08-09 00:00:00+00:00
[2021-08-11 10:55:11,071] {scheduler_job.py:189} INFO - Processing /Users/Alex/.local/share/virtualenvs/airflow-1c5-bq0J/lib/python3.9/site-packages/airflow/example_dags/example_branch_python_dop_operator_3.py took 0.053 seconds
[2021-08-11 10:56:11,322] {scheduler_job.py:181} INFO - Started process (PID=70557) to work on /Users/Alex/.local/share/virtualenvs/airflow-1c5-bq0J/lib/python3.9/site-packages/airflow/example_dags/example_branch_python_dop_operator_3.py
[2021-08-11 10:56:11,323] {scheduler_job.py:632} INFO - Processing file /Users/Alex/.local/share/virtualenvs/airflow-1c5-bq0J/lib/python3.9/site-packages/airflow/example_dags/example_branch_python_dop_operator_3.py for tasks to queue
[2021-08-11 10:56:11,323] {logging_mixin.py:104} INFO - [2021-08-11 10:56:11,323] {dagbag.py:496} INFO - Filling up the DagBag from /Users/Alex/.local/share/virtualenvs/airflow-1c5-bq0J/lib/python3.9/site-packages/airflow/example_dags/example_branch_python_dop_operator_3.py
[2021-08-11 10:56:11,330] {scheduler_job.py:642} INFO - DAG(s) dict_keys(['example_branch_dop_operator_v3']) retrieved from /Users/Alex/.local/share/virtualenvs/airflow-1c5-bq0J/lib/python3.9/site-packages/airflow/example_dags/example_branch_python_dop_operator_3.py
[2021-08-11 10:56:11,354] {logging_mixin.py:104} INFO - [2021-08-11 10:56:11,354] {dag.py:1833} INFO - Sync 1 DAGs
[2021-08-11 10:56:11,365] {logging_mixin.py:104} INFO - [2021-08-11 10:56:11,365] {dag.py:2306} INFO - Setting next_dagrun for example_branch_dop_operator_v3 to 2021-08-09 00:00:00+00:00
[2021-08-11 10:56:11,373] {scheduler_job.py:189} INFO - Processing /Users/Alex/.local/share/virtualenvs/airflow-1c5-bq0J/lib/python3.9/site-packages/airflow/example_dags/example_branch_python_dop_operator_3.py took 0.052 seconds
[2021-08-11 10:57:07,880] {scheduler_job.py:181} INFO - Started process (PID=70678) to work on /Users/Alex/.local/share/virtualenvs/airflow-1c5-bq0J/lib/python3.9/site-packages/airflow/example_dags/example_branch_python_dop_operator_3.py
[2021-08-11 10:57:07,882] {scheduler_job.py:632} INFO - Processing file /Users/Alex/.local/share/virtualenvs/airflow-1c5-bq0J/lib/python3.9/site-packages/airflow/example_dags/example_branch_python_dop_operator_3.py for tasks to queue
[2021-08-11 10:57:07,883] {logging_mixin.py:104} INFO - [2021-08-11 10:57:07,883] {dagbag.py:496} INFO - Filling up the DagBag from /Users/Alex/.local/share/virtualenvs/airflow-1c5-bq0J/lib/python3.9/site-packages/airflow/example_dags/example_branch_python_dop_operator_3.py
[2021-08-11 10:57:07,891] {scheduler_job.py:642} INFO - DAG(s) dict_keys(['example_branch_dop_operator_v3']) retrieved from /Users/Alex/.local/share/virtualenvs/airflow-1c5-bq0J/lib/python3.9/site-packages/airflow/example_dags/example_branch_python_dop_operator_3.py
[2021-08-11 10:57:07,916] {logging_mixin.py:104} INFO - [2021-08-11 10:57:07,916] {dag.py:1833} INFO - Sync 1 DAGs
[2021-08-11 10:57:07,929] {logging_mixin.py:104} INFO - [2021-08-11 10:57:07,929] {dag.py:2306} INFO - Setting next_dagrun for example_branch_dop_operator_v3 to 2021-08-09 00:00:00+00:00
[2021-08-11 10:57:07,937] {scheduler_job.py:189} INFO - Processing /Users/Alex/.local/share/virtualenvs/airflow-1c5-bq0J/lib/python3.9/site-packages/airflow/example_dags/example_branch_python_dop_operator_3.py took 0.058 seconds
[2021-08-11 10:58:31,719] {scheduler_job.py:181} INFO - Started process (PID=70829) to work on /Users/Alex/.local/share/virtualenvs/airflow-1c5-bq0J/lib/python3.9/site-packages/airflow/example_dags/example_branch_python_dop_operator_3.py
[2021-08-11 10:58:31,720] {scheduler_job.py:632} INFO - Processing file /Users/Alex/.local/share/virtualenvs/airflow-1c5-bq0J/lib/python3.9/site-packages/airflow/example_dags/example_branch_python_dop_operator_3.py for tasks to queue
[2021-08-11 10:58:31,720] {logging_mixin.py:104} INFO - [2021-08-11 10:58:31,720] {dagbag.py:496} INFO - Filling up the DagBag from /Users/Alex/.local/share/virtualenvs/airflow-1c5-bq0J/lib/python3.9/site-packages/airflow/example_dags/example_branch_python_dop_operator_3.py
[2021-08-11 10:58:31,727] {scheduler_job.py:642} INFO - DAG(s) dict_keys(['example_branch_dop_operator_v3']) retrieved from /Users/Alex/.local/share/virtualenvs/airflow-1c5-bq0J/lib/python3.9/site-packages/airflow/example_dags/example_branch_python_dop_operator_3.py
[2021-08-11 10:58:31,755] {logging_mixin.py:104} INFO - [2021-08-11 10:58:31,755] {dag.py:1833} INFO - Sync 1 DAGs
[2021-08-11 10:58:31,769] {logging_mixin.py:104} INFO - [2021-08-11 10:58:31,769] {dag.py:2306} INFO - Setting next_dagrun for example_branch_dop_operator_v3 to 2021-08-09 00:00:00+00:00
[2021-08-11 10:58:31,778] {scheduler_job.py:189} INFO - Processing /Users/Alex/.local/share/virtualenvs/airflow-1c5-bq0J/lib/python3.9/site-packages/airflow/example_dags/example_branch_python_dop_operator_3.py took 0.060 seconds
[2021-08-11 10:59:31,616] {scheduler_job.py:181} INFO - Started process (PID=70939) to work on /Users/Alex/.local/share/virtualenvs/airflow-1c5-bq0J/lib/python3.9/site-packages/airflow/example_dags/example_branch_python_dop_operator_3.py
[2021-08-11 10:59:31,617] {scheduler_job.py:632} INFO - Processing file /Users/Alex/.local/share/virtualenvs/airflow-1c5-bq0J/lib/python3.9/site-packages/airflow/example_dags/example_branch_python_dop_operator_3.py for tasks to queue
[2021-08-11 10:59:31,617] {logging_mixin.py:104} INFO - [2021-08-11 10:59:31,617] {dagbag.py:496} INFO - Filling up the DagBag from /Users/Alex/.local/share/virtualenvs/airflow-1c5-bq0J/lib/python3.9/site-packages/airflow/example_dags/example_branch_python_dop_operator_3.py
[2021-08-11 10:59:31,625] {scheduler_job.py:642} INFO - DAG(s) dict_keys(['example_branch_dop_operator_v3']) retrieved from /Users/Alex/.local/share/virtualenvs/airflow-1c5-bq0J/lib/python3.9/site-packages/airflow/example_dags/example_branch_python_dop_operator_3.py
[2021-08-11 10:59:31,655] {logging_mixin.py:104} INFO - [2021-08-11 10:59:31,655] {dag.py:1833} INFO - Sync 1 DAGs
[2021-08-11 10:59:31,669] {logging_mixin.py:104} INFO - [2021-08-11 10:59:31,669] {dag.py:2306} INFO - Setting next_dagrun for example_branch_dop_operator_v3 to 2021-08-09 00:00:00+00:00
[2021-08-11 10:59:31,678] {scheduler_job.py:189} INFO - Processing /Users/Alex/.local/share/virtualenvs/airflow-1c5-bq0J/lib/python3.9/site-packages/airflow/example_dags/example_branch_python_dop_operator_3.py took 0.062 seconds
[2021-08-11 11:00:29,218] {scheduler_job.py:181} INFO - Started process (PID=71058) to work on /Users/Alex/.local/share/virtualenvs/airflow-1c5-bq0J/lib/python3.9/site-packages/airflow/example_dags/example_branch_python_dop_operator_3.py
[2021-08-11 11:00:29,218] {scheduler_job.py:632} INFO - Processing file /Users/Alex/.local/share/virtualenvs/airflow-1c5-bq0J/lib/python3.9/site-packages/airflow/example_dags/example_branch_python_dop_operator_3.py for tasks to queue
[2021-08-11 11:00:29,218] {logging_mixin.py:104} INFO - [2021-08-11 11:00:29,218] {dagbag.py:496} INFO - Filling up the DagBag from /Users/Alex/.local/share/virtualenvs/airflow-1c5-bq0J/lib/python3.9/site-packages/airflow/example_dags/example_branch_python_dop_operator_3.py
[2021-08-11 11:00:29,226] {scheduler_job.py:642} INFO - DAG(s) dict_keys(['example_branch_dop_operator_v3']) retrieved from /Users/Alex/.local/share/virtualenvs/airflow-1c5-bq0J/lib/python3.9/site-packages/airflow/example_dags/example_branch_python_dop_operator_3.py
[2021-08-11 11:00:29,251] {logging_mixin.py:104} INFO - [2021-08-11 11:00:29,251] {dag.py:1833} INFO - Sync 1 DAGs
[2021-08-11 11:00:29,269] {logging_mixin.py:104} INFO - [2021-08-11 11:00:29,268] {dag.py:2306} INFO - Setting next_dagrun for example_branch_dop_operator_v3 to 2021-08-09 00:00:00+00:00
[2021-08-11 11:00:29,315] {scheduler_job.py:189} INFO - Processing /Users/Alex/.local/share/virtualenvs/airflow-1c5-bq0J/lib/python3.9/site-packages/airflow/example_dags/example_branch_python_dop_operator_3.py took 0.098 seconds
[2021-08-11 11:01:29,289] {scheduler_job.py:181} INFO - Started process (PID=71173) to work on /Users/Alex/.local/share/virtualenvs/airflow-1c5-bq0J/lib/python3.9/site-packages/airflow/example_dags/example_branch_python_dop_operator_3.py
[2021-08-11 11:01:29,289] {scheduler_job.py:632} INFO - Processing file /Users/Alex/.local/share/virtualenvs/airflow-1c5-bq0J/lib/python3.9/site-packages/airflow/example_dags/example_branch_python_dop_operator_3.py for tasks to queue
[2021-08-11 11:01:29,289] {logging_mixin.py:104} INFO - [2021-08-11 11:01:29,289] {dagbag.py:496} INFO - Filling up the DagBag from /Users/Alex/.local/share/virtualenvs/airflow-1c5-bq0J/lib/python3.9/site-packages/airflow/example_dags/example_branch_python_dop_operator_3.py
[2021-08-11 11:01:29,299] {scheduler_job.py:642} INFO - DAG(s) dict_keys(['example_branch_dop_operator_v3']) retrieved from /Users/Alex/.local/share/virtualenvs/airflow-1c5-bq0J/lib/python3.9/site-packages/airflow/example_dags/example_branch_python_dop_operator_3.py
[2021-08-11 11:01:29,326] {logging_mixin.py:104} INFO - [2021-08-11 11:01:29,325] {dag.py:1833} INFO - Sync 1 DAGs
[2021-08-11 11:01:29,339] {logging_mixin.py:104} INFO - [2021-08-11 11:01:29,339] {dag.py:2306} INFO - Setting next_dagrun for example_branch_dop_operator_v3 to 2021-08-09 00:00:00+00:00
[2021-08-11 11:01:29,349] {scheduler_job.py:189} INFO - Processing /Users/Alex/.local/share/virtualenvs/airflow-1c5-bq0J/lib/python3.9/site-packages/airflow/example_dags/example_branch_python_dop_operator_3.py took 0.061 seconds
