[2021-08-11 10:44:40,736] {scheduler_job.py:181} INFO - Started process (PID=69454) to work on /Users/Alex/.local/share/virtualenvs/airflow-1c5-bq0J/lib/python3.9/site-packages/airflow/example_dags/example_kubernetes_executor_config.py
[2021-08-11 10:44:40,736] {scheduler_job.py:632} INFO - Processing file /Users/Alex/.local/share/virtualenvs/airflow-1c5-bq0J/lib/python3.9/site-packages/airflow/example_dags/example_kubernetes_executor_config.py for tasks to queue
[2021-08-11 10:44:40,737] {logging_mixin.py:104} INFO - [2021-08-11 10:44:40,737] {dagbag.py:496} INFO - Filling up the DagBag from /Users/Alex/.local/share/virtualenvs/airflow-1c5-bq0J/lib/python3.9/site-packages/airflow/example_dags/example_kubernetes_executor_config.py
[2021-08-11 10:44:40,740] {logging_mixin.py:104} INFO - [2021-08-11 10:44:40,740] {example_kubernetes_executor_config.py:175} WARNING - Could not import DAGs in example_kubernetes_executor_config.py: No module named 'kubernetes'
[2021-08-11 10:44:40,740] {logging_mixin.py:104} INFO - [2021-08-11 10:44:40,740] {example_kubernetes_executor_config.py:176} WARNING - Install kubernetes dependencies with: pip install apache-airflow['cncf.kubernetes']
[2021-08-11 10:44:40,741] {scheduler_job.py:644} WARNING - No viable dags retrieved from /Users/Alex/.local/share/virtualenvs/airflow-1c5-bq0J/lib/python3.9/site-packages/airflow/example_dags/example_kubernetes_executor_config.py
[2021-08-11 10:44:40,769] {scheduler_job.py:189} INFO - Processing /Users/Alex/.local/share/virtualenvs/airflow-1c5-bq0J/lib/python3.9/site-packages/airflow/example_dags/example_kubernetes_executor_config.py took 0.034 seconds
[2021-08-11 10:45:35,141] {scheduler_job.py:181} INFO - Started process (PID=69532) to work on /Users/Alex/.local/share/virtualenvs/airflow-1c5-bq0J/lib/python3.9/site-packages/airflow/example_dags/example_kubernetes_executor_config.py
[2021-08-11 10:45:35,141] {scheduler_job.py:632} INFO - Processing file /Users/Alex/.local/share/virtualenvs/airflow-1c5-bq0J/lib/python3.9/site-packages/airflow/example_dags/example_kubernetes_executor_config.py for tasks to queue
[2021-08-11 10:45:35,141] {logging_mixin.py:104} INFO - [2021-08-11 10:45:35,141] {dagbag.py:496} INFO - Filling up the DagBag from /Users/Alex/.local/share/virtualenvs/airflow-1c5-bq0J/lib/python3.9/site-packages/airflow/example_dags/example_kubernetes_executor_config.py
[2021-08-11 10:45:35,144] {logging_mixin.py:104} INFO - [2021-08-11 10:45:35,144] {example_kubernetes_executor_config.py:175} WARNING - Could not import DAGs in example_kubernetes_executor_config.py: No module named 'kubernetes'
[2021-08-11 10:45:35,145] {logging_mixin.py:104} INFO - [2021-08-11 10:45:35,144] {example_kubernetes_executor_config.py:176} WARNING - Install kubernetes dependencies with: pip install apache-airflow['cncf.kubernetes']
[2021-08-11 10:45:35,145] {scheduler_job.py:644} WARNING - No viable dags retrieved from /Users/Alex/.local/share/virtualenvs/airflow-1c5-bq0J/lib/python3.9/site-packages/airflow/example_dags/example_kubernetes_executor_config.py
[2021-08-11 10:45:35,166] {scheduler_job.py:189} INFO - Processing /Users/Alex/.local/share/virtualenvs/airflow-1c5-bq0J/lib/python3.9/site-packages/airflow/example_dags/example_kubernetes_executor_config.py took 0.025 seconds
[2021-08-11 10:46:30,922] {scheduler_job.py:181} INFO - Started process (PID=69598) to work on /Users/Alex/.local/share/virtualenvs/airflow-1c5-bq0J/lib/python3.9/site-packages/airflow/example_dags/example_kubernetes_executor_config.py
[2021-08-11 10:46:30,923] {scheduler_job.py:632} INFO - Processing file /Users/Alex/.local/share/virtualenvs/airflow-1c5-bq0J/lib/python3.9/site-packages/airflow/example_dags/example_kubernetes_executor_config.py for tasks to queue
[2021-08-11 10:46:30,923] {logging_mixin.py:104} INFO - [2021-08-11 10:46:30,923] {dagbag.py:496} INFO - Filling up the DagBag from /Users/Alex/.local/share/virtualenvs/airflow-1c5-bq0J/lib/python3.9/site-packages/airflow/example_dags/example_kubernetes_executor_config.py
[2021-08-11 10:46:30,926] {logging_mixin.py:104} INFO - [2021-08-11 10:46:30,926] {example_kubernetes_executor_config.py:175} WARNING - Could not import DAGs in example_kubernetes_executor_config.py: No module named 'kubernetes'
[2021-08-11 10:46:30,926] {logging_mixin.py:104} INFO - [2021-08-11 10:46:30,926] {example_kubernetes_executor_config.py:176} WARNING - Install kubernetes dependencies with: pip install apache-airflow['cncf.kubernetes']
[2021-08-11 10:46:30,926] {scheduler_job.py:644} WARNING - No viable dags retrieved from /Users/Alex/.local/share/virtualenvs/airflow-1c5-bq0J/lib/python3.9/site-packages/airflow/example_dags/example_kubernetes_executor_config.py
[2021-08-11 10:46:30,946] {scheduler_job.py:189} INFO - Processing /Users/Alex/.local/share/virtualenvs/airflow-1c5-bq0J/lib/python3.9/site-packages/airflow/example_dags/example_kubernetes_executor_config.py took 0.024 seconds
[2021-08-11 10:47:24,722] {scheduler_job.py:181} INFO - Started process (PID=69645) to work on /Users/Alex/.local/share/virtualenvs/airflow-1c5-bq0J/lib/python3.9/site-packages/airflow/example_dags/example_kubernetes_executor_config.py
[2021-08-11 10:47:24,723] {scheduler_job.py:632} INFO - Processing file /Users/Alex/.local/share/virtualenvs/airflow-1c5-bq0J/lib/python3.9/site-packages/airflow/example_dags/example_kubernetes_executor_config.py for tasks to queue
[2021-08-11 10:47:24,723] {logging_mixin.py:104} INFO - [2021-08-11 10:47:24,723] {dagbag.py:496} INFO - Filling up the DagBag from /Users/Alex/.local/share/virtualenvs/airflow-1c5-bq0J/lib/python3.9/site-packages/airflow/example_dags/example_kubernetes_executor_config.py
[2021-08-11 10:47:24,726] {logging_mixin.py:104} INFO - [2021-08-11 10:47:24,726] {example_kubernetes_executor_config.py:175} WARNING - Could not import DAGs in example_kubernetes_executor_config.py: No module named 'kubernetes'
[2021-08-11 10:47:24,726] {logging_mixin.py:104} INFO - [2021-08-11 10:47:24,726] {example_kubernetes_executor_config.py:176} WARNING - Install kubernetes dependencies with: pip install apache-airflow['cncf.kubernetes']
[2021-08-11 10:47:24,726] {scheduler_job.py:644} WARNING - No viable dags retrieved from /Users/Alex/.local/share/virtualenvs/airflow-1c5-bq0J/lib/python3.9/site-packages/airflow/example_dags/example_kubernetes_executor_config.py
[2021-08-11 10:47:24,750] {scheduler_job.py:189} INFO - Processing /Users/Alex/.local/share/virtualenvs/airflow-1c5-bq0J/lib/python3.9/site-packages/airflow/example_dags/example_kubernetes_executor_config.py took 0.028 seconds
[2021-08-11 10:48:20,896] {scheduler_job.py:181} INFO - Started process (PID=69744) to work on /Users/Alex/.local/share/virtualenvs/airflow-1c5-bq0J/lib/python3.9/site-packages/airflow/example_dags/example_kubernetes_executor_config.py
[2021-08-11 10:48:20,896] {scheduler_job.py:632} INFO - Processing file /Users/Alex/.local/share/virtualenvs/airflow-1c5-bq0J/lib/python3.9/site-packages/airflow/example_dags/example_kubernetes_executor_config.py for tasks to queue
[2021-08-11 10:48:20,896] {logging_mixin.py:104} INFO - [2021-08-11 10:48:20,896] {dagbag.py:496} INFO - Filling up the DagBag from /Users/Alex/.local/share/virtualenvs/airflow-1c5-bq0J/lib/python3.9/site-packages/airflow/example_dags/example_kubernetes_executor_config.py
[2021-08-11 10:48:20,900] {logging_mixin.py:104} INFO - [2021-08-11 10:48:20,900] {example_kubernetes_executor_config.py:175} WARNING - Could not import DAGs in example_kubernetes_executor_config.py: No module named 'kubernetes'
[2021-08-11 10:48:20,901] {logging_mixin.py:104} INFO - [2021-08-11 10:48:20,901] {example_kubernetes_executor_config.py:176} WARNING - Install kubernetes dependencies with: pip install apache-airflow['cncf.kubernetes']
[2021-08-11 10:48:20,901] {scheduler_job.py:644} WARNING - No viable dags retrieved from /Users/Alex/.local/share/virtualenvs/airflow-1c5-bq0J/lib/python3.9/site-packages/airflow/example_dags/example_kubernetes_executor_config.py
[2021-08-11 10:48:20,944] {scheduler_job.py:189} INFO - Processing /Users/Alex/.local/share/virtualenvs/airflow-1c5-bq0J/lib/python3.9/site-packages/airflow/example_dags/example_kubernetes_executor_config.py took 0.049 seconds
[2021-08-11 10:49:19,486] {scheduler_job.py:181} INFO - Started process (PID=69836) to work on /Users/Alex/.local/share/virtualenvs/airflow-1c5-bq0J/lib/python3.9/site-packages/airflow/example_dags/example_kubernetes_executor_config.py
[2021-08-11 10:49:19,487] {scheduler_job.py:632} INFO - Processing file /Users/Alex/.local/share/virtualenvs/airflow-1c5-bq0J/lib/python3.9/site-packages/airflow/example_dags/example_kubernetes_executor_config.py for tasks to queue
[2021-08-11 10:49:19,487] {logging_mixin.py:104} INFO - [2021-08-11 10:49:19,487] {dagbag.py:496} INFO - Filling up the DagBag from /Users/Alex/.local/share/virtualenvs/airflow-1c5-bq0J/lib/python3.9/site-packages/airflow/example_dags/example_kubernetes_executor_config.py
[2021-08-11 10:49:19,490] {logging_mixin.py:104} INFO - [2021-08-11 10:49:19,490] {example_kubernetes_executor_config.py:175} WARNING - Could not import DAGs in example_kubernetes_executor_config.py: No module named 'kubernetes'
[2021-08-11 10:49:19,490] {logging_mixin.py:104} INFO - [2021-08-11 10:49:19,490] {example_kubernetes_executor_config.py:176} WARNING - Install kubernetes dependencies with: pip install apache-airflow['cncf.kubernetes']
[2021-08-11 10:49:19,490] {scheduler_job.py:644} WARNING - No viable dags retrieved from /Users/Alex/.local/share/virtualenvs/airflow-1c5-bq0J/lib/python3.9/site-packages/airflow/example_dags/example_kubernetes_executor_config.py
[2021-08-11 10:49:19,510] {scheduler_job.py:189} INFO - Processing /Users/Alex/.local/share/virtualenvs/airflow-1c5-bq0J/lib/python3.9/site-packages/airflow/example_dags/example_kubernetes_executor_config.py took 0.024 seconds
[2021-08-11 10:50:18,727] {scheduler_job.py:181} INFO - Started process (PID=69916) to work on /Users/Alex/.local/share/virtualenvs/airflow-1c5-bq0J/lib/python3.9/site-packages/airflow/example_dags/example_kubernetes_executor_config.py
[2021-08-11 10:50:18,729] {scheduler_job.py:632} INFO - Processing file /Users/Alex/.local/share/virtualenvs/airflow-1c5-bq0J/lib/python3.9/site-packages/airflow/example_dags/example_kubernetes_executor_config.py for tasks to queue
[2021-08-11 10:50:18,730] {logging_mixin.py:104} INFO - [2021-08-11 10:50:18,730] {dagbag.py:496} INFO - Filling up the DagBag from /Users/Alex/.local/share/virtualenvs/airflow-1c5-bq0J/lib/python3.9/site-packages/airflow/example_dags/example_kubernetes_executor_config.py
[2021-08-11 10:50:18,735] {logging_mixin.py:104} INFO - [2021-08-11 10:50:18,735] {example_kubernetes_executor_config.py:175} WARNING - Could not import DAGs in example_kubernetes_executor_config.py: No module named 'kubernetes'
[2021-08-11 10:50:18,736] {logging_mixin.py:104} INFO - [2021-08-11 10:50:18,735] {example_kubernetes_executor_config.py:176} WARNING - Install kubernetes dependencies with: pip install apache-airflow['cncf.kubernetes']
[2021-08-11 10:50:18,736] {scheduler_job.py:644} WARNING - No viable dags retrieved from /Users/Alex/.local/share/virtualenvs/airflow-1c5-bq0J/lib/python3.9/site-packages/airflow/example_dags/example_kubernetes_executor_config.py
[2021-08-11 10:50:18,763] {scheduler_job.py:189} INFO - Processing /Users/Alex/.local/share/virtualenvs/airflow-1c5-bq0J/lib/python3.9/site-packages/airflow/example_dags/example_kubernetes_executor_config.py took 0.037 seconds
[2021-08-11 10:51:15,986] {scheduler_job.py:181} INFO - Started process (PID=70035) to work on /Users/Alex/.local/share/virtualenvs/airflow-1c5-bq0J/lib/python3.9/site-packages/airflow/example_dags/example_kubernetes_executor_config.py
[2021-08-11 10:51:15,987] {scheduler_job.py:632} INFO - Processing file /Users/Alex/.local/share/virtualenvs/airflow-1c5-bq0J/lib/python3.9/site-packages/airflow/example_dags/example_kubernetes_executor_config.py for tasks to queue
[2021-08-11 10:51:15,987] {logging_mixin.py:104} INFO - [2021-08-11 10:51:15,987] {dagbag.py:496} INFO - Filling up the DagBag from /Users/Alex/.local/share/virtualenvs/airflow-1c5-bq0J/lib/python3.9/site-packages/airflow/example_dags/example_kubernetes_executor_config.py
[2021-08-11 10:51:15,993] {logging_mixin.py:104} INFO - [2021-08-11 10:51:15,993] {example_kubernetes_executor_config.py:175} WARNING - Could not import DAGs in example_kubernetes_executor_config.py: No module named 'kubernetes'
[2021-08-11 10:51:15,994] {logging_mixin.py:104} INFO - [2021-08-11 10:51:15,993] {example_kubernetes_executor_config.py:176} WARNING - Install kubernetes dependencies with: pip install apache-airflow['cncf.kubernetes']
[2021-08-11 10:51:15,994] {scheduler_job.py:644} WARNING - No viable dags retrieved from /Users/Alex/.local/share/virtualenvs/airflow-1c5-bq0J/lib/python3.9/site-packages/airflow/example_dags/example_kubernetes_executor_config.py
[2021-08-11 10:51:16,017] {scheduler_job.py:189} INFO - Processing /Users/Alex/.local/share/virtualenvs/airflow-1c5-bq0J/lib/python3.9/site-packages/airflow/example_dags/example_kubernetes_executor_config.py took 0.032 seconds
[2021-08-11 10:52:12,446] {scheduler_job.py:181} INFO - Started process (PID=70142) to work on /Users/Alex/.local/share/virtualenvs/airflow-1c5-bq0J/lib/python3.9/site-packages/airflow/example_dags/example_kubernetes_executor_config.py
[2021-08-11 10:52:12,446] {scheduler_job.py:632} INFO - Processing file /Users/Alex/.local/share/virtualenvs/airflow-1c5-bq0J/lib/python3.9/site-packages/airflow/example_dags/example_kubernetes_executor_config.py for tasks to queue
[2021-08-11 10:52:12,447] {logging_mixin.py:104} INFO - [2021-08-11 10:52:12,447] {dagbag.py:496} INFO - Filling up the DagBag from /Users/Alex/.local/share/virtualenvs/airflow-1c5-bq0J/lib/python3.9/site-packages/airflow/example_dags/example_kubernetes_executor_config.py
[2021-08-11 10:52:12,450] {logging_mixin.py:104} INFO - [2021-08-11 10:52:12,450] {example_kubernetes_executor_config.py:175} WARNING - Could not import DAGs in example_kubernetes_executor_config.py: No module named 'kubernetes'
[2021-08-11 10:52:12,450] {logging_mixin.py:104} INFO - [2021-08-11 10:52:12,450] {example_kubernetes_executor_config.py:176} WARNING - Install kubernetes dependencies with: pip install apache-airflow['cncf.kubernetes']
[2021-08-11 10:52:12,450] {scheduler_job.py:644} WARNING - No viable dags retrieved from /Users/Alex/.local/share/virtualenvs/airflow-1c5-bq0J/lib/python3.9/site-packages/airflow/example_dags/example_kubernetes_executor_config.py
[2021-08-11 10:52:12,475] {scheduler_job.py:189} INFO - Processing /Users/Alex/.local/share/virtualenvs/airflow-1c5-bq0J/lib/python3.9/site-packages/airflow/example_dags/example_kubernetes_executor_config.py took 0.029 seconds
[2021-08-11 10:53:09,656] {scheduler_job.py:181} INFO - Started process (PID=70252) to work on /Users/Alex/.local/share/virtualenvs/airflow-1c5-bq0J/lib/python3.9/site-packages/airflow/example_dags/example_kubernetes_executor_config.py
[2021-08-11 10:53:09,659] {scheduler_job.py:632} INFO - Processing file /Users/Alex/.local/share/virtualenvs/airflow-1c5-bq0J/lib/python3.9/site-packages/airflow/example_dags/example_kubernetes_executor_config.py for tasks to queue
[2021-08-11 10:53:09,659] {logging_mixin.py:104} INFO - [2021-08-11 10:53:09,659] {dagbag.py:496} INFO - Filling up the DagBag from /Users/Alex/.local/share/virtualenvs/airflow-1c5-bq0J/lib/python3.9/site-packages/airflow/example_dags/example_kubernetes_executor_config.py
[2021-08-11 10:53:09,664] {logging_mixin.py:104} INFO - [2021-08-11 10:53:09,664] {example_kubernetes_executor_config.py:175} WARNING - Could not import DAGs in example_kubernetes_executor_config.py: No module named 'kubernetes'
[2021-08-11 10:53:09,664] {logging_mixin.py:104} INFO - [2021-08-11 10:53:09,664] {example_kubernetes_executor_config.py:176} WARNING - Install kubernetes dependencies with: pip install apache-airflow['cncf.kubernetes']
[2021-08-11 10:53:09,664] {scheduler_job.py:644} WARNING - No viable dags retrieved from /Users/Alex/.local/share/virtualenvs/airflow-1c5-bq0J/lib/python3.9/site-packages/airflow/example_dags/example_kubernetes_executor_config.py
[2021-08-11 10:53:09,685] {scheduler_job.py:189} INFO - Processing /Users/Alex/.local/share/virtualenvs/airflow-1c5-bq0J/lib/python3.9/site-packages/airflow/example_dags/example_kubernetes_executor_config.py took 0.029 seconds
[2021-08-11 10:54:05,153] {scheduler_job.py:181} INFO - Started process (PID=70326) to work on /Users/Alex/.local/share/virtualenvs/airflow-1c5-bq0J/lib/python3.9/site-packages/airflow/example_dags/example_kubernetes_executor_config.py
[2021-08-11 10:54:05,156] {scheduler_job.py:632} INFO - Processing file /Users/Alex/.local/share/virtualenvs/airflow-1c5-bq0J/lib/python3.9/site-packages/airflow/example_dags/example_kubernetes_executor_config.py for tasks to queue
[2021-08-11 10:54:05,157] {logging_mixin.py:104} INFO - [2021-08-11 10:54:05,157] {dagbag.py:496} INFO - Filling up the DagBag from /Users/Alex/.local/share/virtualenvs/airflow-1c5-bq0J/lib/python3.9/site-packages/airflow/example_dags/example_kubernetes_executor_config.py
[2021-08-11 10:54:05,161] {logging_mixin.py:104} INFO - [2021-08-11 10:54:05,161] {example_kubernetes_executor_config.py:175} WARNING - Could not import DAGs in example_kubernetes_executor_config.py: No module named 'kubernetes'
[2021-08-11 10:54:05,161] {logging_mixin.py:104} INFO - [2021-08-11 10:54:05,161] {example_kubernetes_executor_config.py:176} WARNING - Install kubernetes dependencies with: pip install apache-airflow['cncf.kubernetes']
[2021-08-11 10:54:05,162] {scheduler_job.py:644} WARNING - No viable dags retrieved from /Users/Alex/.local/share/virtualenvs/airflow-1c5-bq0J/lib/python3.9/site-packages/airflow/example_dags/example_kubernetes_executor_config.py
[2021-08-11 10:54:05,185] {scheduler_job.py:189} INFO - Processing /Users/Alex/.local/share/virtualenvs/airflow-1c5-bq0J/lib/python3.9/site-packages/airflow/example_dags/example_kubernetes_executor_config.py took 0.033 seconds
[2021-08-11 10:55:01,455] {scheduler_job.py:181} INFO - Started process (PID=70433) to work on /Users/Alex/.local/share/virtualenvs/airflow-1c5-bq0J/lib/python3.9/site-packages/airflow/example_dags/example_kubernetes_executor_config.py
[2021-08-11 10:55:01,455] {scheduler_job.py:632} INFO - Processing file /Users/Alex/.local/share/virtualenvs/airflow-1c5-bq0J/lib/python3.9/site-packages/airflow/example_dags/example_kubernetes_executor_config.py for tasks to queue
[2021-08-11 10:55:01,456] {logging_mixin.py:104} INFO - [2021-08-11 10:55:01,456] {dagbag.py:496} INFO - Filling up the DagBag from /Users/Alex/.local/share/virtualenvs/airflow-1c5-bq0J/lib/python3.9/site-packages/airflow/example_dags/example_kubernetes_executor_config.py
[2021-08-11 10:55:01,459] {logging_mixin.py:104} INFO - [2021-08-11 10:55:01,459] {example_kubernetes_executor_config.py:175} WARNING - Could not import DAGs in example_kubernetes_executor_config.py: No module named 'kubernetes'
[2021-08-11 10:55:01,459] {logging_mixin.py:104} INFO - [2021-08-11 10:55:01,459] {example_kubernetes_executor_config.py:176} WARNING - Install kubernetes dependencies with: pip install apache-airflow['cncf.kubernetes']
[2021-08-11 10:55:01,459] {scheduler_job.py:644} WARNING - No viable dags retrieved from /Users/Alex/.local/share/virtualenvs/airflow-1c5-bq0J/lib/python3.9/site-packages/airflow/example_dags/example_kubernetes_executor_config.py
[2021-08-11 10:55:01,481] {scheduler_job.py:189} INFO - Processing /Users/Alex/.local/share/virtualenvs/airflow-1c5-bq0J/lib/python3.9/site-packages/airflow/example_dags/example_kubernetes_executor_config.py took 0.026 seconds
[2021-08-11 10:56:01,798] {scheduler_job.py:181} INFO - Started process (PID=70545) to work on /Users/Alex/.local/share/virtualenvs/airflow-1c5-bq0J/lib/python3.9/site-packages/airflow/example_dags/example_kubernetes_executor_config.py
[2021-08-11 10:56:01,798] {scheduler_job.py:632} INFO - Processing file /Users/Alex/.local/share/virtualenvs/airflow-1c5-bq0J/lib/python3.9/site-packages/airflow/example_dags/example_kubernetes_executor_config.py for tasks to queue
[2021-08-11 10:56:01,799] {logging_mixin.py:104} INFO - [2021-08-11 10:56:01,799] {dagbag.py:496} INFO - Filling up the DagBag from /Users/Alex/.local/share/virtualenvs/airflow-1c5-bq0J/lib/python3.9/site-packages/airflow/example_dags/example_kubernetes_executor_config.py
[2021-08-11 10:56:01,802] {logging_mixin.py:104} INFO - [2021-08-11 10:56:01,802] {example_kubernetes_executor_config.py:175} WARNING - Could not import DAGs in example_kubernetes_executor_config.py: No module named 'kubernetes'
[2021-08-11 10:56:01,802] {logging_mixin.py:104} INFO - [2021-08-11 10:56:01,802] {example_kubernetes_executor_config.py:176} WARNING - Install kubernetes dependencies with: pip install apache-airflow['cncf.kubernetes']
[2021-08-11 10:56:01,803] {scheduler_job.py:644} WARNING - No viable dags retrieved from /Users/Alex/.local/share/virtualenvs/airflow-1c5-bq0J/lib/python3.9/site-packages/airflow/example_dags/example_kubernetes_executor_config.py
[2021-08-11 10:56:01,829] {scheduler_job.py:189} INFO - Processing /Users/Alex/.local/share/virtualenvs/airflow-1c5-bq0J/lib/python3.9/site-packages/airflow/example_dags/example_kubernetes_executor_config.py took 0.032 seconds
[2021-08-11 10:56:58,590] {scheduler_job.py:181} INFO - Started process (PID=70660) to work on /Users/Alex/.local/share/virtualenvs/airflow-1c5-bq0J/lib/python3.9/site-packages/airflow/example_dags/example_kubernetes_executor_config.py
[2021-08-11 10:56:58,592] {scheduler_job.py:632} INFO - Processing file /Users/Alex/.local/share/virtualenvs/airflow-1c5-bq0J/lib/python3.9/site-packages/airflow/example_dags/example_kubernetes_executor_config.py for tasks to queue
[2021-08-11 10:56:58,593] {logging_mixin.py:104} INFO - [2021-08-11 10:56:58,593] {dagbag.py:496} INFO - Filling up the DagBag from /Users/Alex/.local/share/virtualenvs/airflow-1c5-bq0J/lib/python3.9/site-packages/airflow/example_dags/example_kubernetes_executor_config.py
[2021-08-11 10:56:58,597] {logging_mixin.py:104} INFO - [2021-08-11 10:56:58,597] {example_kubernetes_executor_config.py:175} WARNING - Could not import DAGs in example_kubernetes_executor_config.py: No module named 'kubernetes'
[2021-08-11 10:56:58,597] {logging_mixin.py:104} INFO - [2021-08-11 10:56:58,597] {example_kubernetes_executor_config.py:176} WARNING - Install kubernetes dependencies with: pip install apache-airflow['cncf.kubernetes']
[2021-08-11 10:56:58,597] {scheduler_job.py:644} WARNING - No viable dags retrieved from /Users/Alex/.local/share/virtualenvs/airflow-1c5-bq0J/lib/python3.9/site-packages/airflow/example_dags/example_kubernetes_executor_config.py
[2021-08-11 10:56:58,621] {scheduler_job.py:189} INFO - Processing /Users/Alex/.local/share/virtualenvs/airflow-1c5-bq0J/lib/python3.9/site-packages/airflow/example_dags/example_kubernetes_executor_config.py took 0.031 seconds
[2021-08-11 10:57:54,589] {scheduler_job.py:181} INFO - Started process (PID=70762) to work on /Users/Alex/.local/share/virtualenvs/airflow-1c5-bq0J/lib/python3.9/site-packages/airflow/example_dags/example_kubernetes_executor_config.py
[2021-08-11 10:57:54,589] {scheduler_job.py:632} INFO - Processing file /Users/Alex/.local/share/virtualenvs/airflow-1c5-bq0J/lib/python3.9/site-packages/airflow/example_dags/example_kubernetes_executor_config.py for tasks to queue
[2021-08-11 10:57:54,589] {logging_mixin.py:104} INFO - [2021-08-11 10:57:54,589] {dagbag.py:496} INFO - Filling up the DagBag from /Users/Alex/.local/share/virtualenvs/airflow-1c5-bq0J/lib/python3.9/site-packages/airflow/example_dags/example_kubernetes_executor_config.py
[2021-08-11 10:57:54,592] {logging_mixin.py:104} INFO - [2021-08-11 10:57:54,592] {example_kubernetes_executor_config.py:175} WARNING - Could not import DAGs in example_kubernetes_executor_config.py: No module named 'kubernetes'
[2021-08-11 10:57:54,592] {logging_mixin.py:104} INFO - [2021-08-11 10:57:54,592] {example_kubernetes_executor_config.py:176} WARNING - Install kubernetes dependencies with: pip install apache-airflow['cncf.kubernetes']
[2021-08-11 10:57:54,592] {scheduler_job.py:644} WARNING - No viable dags retrieved from /Users/Alex/.local/share/virtualenvs/airflow-1c5-bq0J/lib/python3.9/site-packages/airflow/example_dags/example_kubernetes_executor_config.py
[2021-08-11 10:57:54,612] {scheduler_job.py:189} INFO - Processing /Users/Alex/.local/share/virtualenvs/airflow-1c5-bq0J/lib/python3.9/site-packages/airflow/example_dags/example_kubernetes_executor_config.py took 0.024 seconds
[2021-08-11 10:58:56,899] {scheduler_job.py:181} INFO - Started process (PID=70876) to work on /Users/Alex/.local/share/virtualenvs/airflow-1c5-bq0J/lib/python3.9/site-packages/airflow/example_dags/example_kubernetes_executor_config.py
[2021-08-11 10:58:56,899] {scheduler_job.py:632} INFO - Processing file /Users/Alex/.local/share/virtualenvs/airflow-1c5-bq0J/lib/python3.9/site-packages/airflow/example_dags/example_kubernetes_executor_config.py for tasks to queue
[2021-08-11 10:58:56,899] {logging_mixin.py:104} INFO - [2021-08-11 10:58:56,899] {dagbag.py:496} INFO - Filling up the DagBag from /Users/Alex/.local/share/virtualenvs/airflow-1c5-bq0J/lib/python3.9/site-packages/airflow/example_dags/example_kubernetes_executor_config.py
[2021-08-11 10:58:56,902] {logging_mixin.py:104} INFO - [2021-08-11 10:58:56,902] {example_kubernetes_executor_config.py:175} WARNING - Could not import DAGs in example_kubernetes_executor_config.py: No module named 'kubernetes'
[2021-08-11 10:58:56,902] {logging_mixin.py:104} INFO - [2021-08-11 10:58:56,902] {example_kubernetes_executor_config.py:176} WARNING - Install kubernetes dependencies with: pip install apache-airflow['cncf.kubernetes']
[2021-08-11 10:58:56,903] {scheduler_job.py:644} WARNING - No viable dags retrieved from /Users/Alex/.local/share/virtualenvs/airflow-1c5-bq0J/lib/python3.9/site-packages/airflow/example_dags/example_kubernetes_executor_config.py
[2021-08-11 10:58:56,924] {scheduler_job.py:189} INFO - Processing /Users/Alex/.local/share/virtualenvs/airflow-1c5-bq0J/lib/python3.9/site-packages/airflow/example_dags/example_kubernetes_executor_config.py took 0.025 seconds
[2021-08-11 10:59:54,694] {scheduler_job.py:181} INFO - Started process (PID=70986) to work on /Users/Alex/.local/share/virtualenvs/airflow-1c5-bq0J/lib/python3.9/site-packages/airflow/example_dags/example_kubernetes_executor_config.py
[2021-08-11 10:59:54,694] {scheduler_job.py:632} INFO - Processing file /Users/Alex/.local/share/virtualenvs/airflow-1c5-bq0J/lib/python3.9/site-packages/airflow/example_dags/example_kubernetes_executor_config.py for tasks to queue
[2021-08-11 10:59:54,695] {logging_mixin.py:104} INFO - [2021-08-11 10:59:54,694] {dagbag.py:496} INFO - Filling up the DagBag from /Users/Alex/.local/share/virtualenvs/airflow-1c5-bq0J/lib/python3.9/site-packages/airflow/example_dags/example_kubernetes_executor_config.py
[2021-08-11 10:59:54,698] {logging_mixin.py:104} INFO - [2021-08-11 10:59:54,698] {example_kubernetes_executor_config.py:175} WARNING - Could not import DAGs in example_kubernetes_executor_config.py: No module named 'kubernetes'
[2021-08-11 10:59:54,698] {logging_mixin.py:104} INFO - [2021-08-11 10:59:54,698] {example_kubernetes_executor_config.py:176} WARNING - Install kubernetes dependencies with: pip install apache-airflow['cncf.kubernetes']
[2021-08-11 10:59:54,698] {scheduler_job.py:644} WARNING - No viable dags retrieved from /Users/Alex/.local/share/virtualenvs/airflow-1c5-bq0J/lib/python3.9/site-packages/airflow/example_dags/example_kubernetes_executor_config.py
[2021-08-11 10:59:54,720] {scheduler_job.py:189} INFO - Processing /Users/Alex/.local/share/virtualenvs/airflow-1c5-bq0J/lib/python3.9/site-packages/airflow/example_dags/example_kubernetes_executor_config.py took 0.027 seconds
[2021-08-11 11:00:53,774] {scheduler_job.py:181} INFO - Started process (PID=71108) to work on /Users/Alex/.local/share/virtualenvs/airflow-1c5-bq0J/lib/python3.9/site-packages/airflow/example_dags/example_kubernetes_executor_config.py
[2021-08-11 11:00:53,774] {scheduler_job.py:632} INFO - Processing file /Users/Alex/.local/share/virtualenvs/airflow-1c5-bq0J/lib/python3.9/site-packages/airflow/example_dags/example_kubernetes_executor_config.py for tasks to queue
[2021-08-11 11:00:53,775] {logging_mixin.py:104} INFO - [2021-08-11 11:00:53,775] {dagbag.py:496} INFO - Filling up the DagBag from /Users/Alex/.local/share/virtualenvs/airflow-1c5-bq0J/lib/python3.9/site-packages/airflow/example_dags/example_kubernetes_executor_config.py
[2021-08-11 11:00:53,778] {logging_mixin.py:104} INFO - [2021-08-11 11:00:53,778] {example_kubernetes_executor_config.py:175} WARNING - Could not import DAGs in example_kubernetes_executor_config.py: No module named 'kubernetes'
[2021-08-11 11:00:53,778] {logging_mixin.py:104} INFO - [2021-08-11 11:00:53,778] {example_kubernetes_executor_config.py:176} WARNING - Install kubernetes dependencies with: pip install apache-airflow['cncf.kubernetes']
[2021-08-11 11:00:53,778] {scheduler_job.py:644} WARNING - No viable dags retrieved from /Users/Alex/.local/share/virtualenvs/airflow-1c5-bq0J/lib/python3.9/site-packages/airflow/example_dags/example_kubernetes_executor_config.py
[2021-08-11 11:00:53,800] {scheduler_job.py:189} INFO - Processing /Users/Alex/.local/share/virtualenvs/airflow-1c5-bq0J/lib/python3.9/site-packages/airflow/example_dags/example_kubernetes_executor_config.py took 0.026 seconds
[2021-08-11 11:01:52,913] {scheduler_job.py:181} INFO - Started process (PID=71209) to work on /Users/Alex/.local/share/virtualenvs/airflow-1c5-bq0J/lib/python3.9/site-packages/airflow/example_dags/example_kubernetes_executor_config.py
[2021-08-11 11:01:52,915] {scheduler_job.py:632} INFO - Processing file /Users/Alex/.local/share/virtualenvs/airflow-1c5-bq0J/lib/python3.9/site-packages/airflow/example_dags/example_kubernetes_executor_config.py for tasks to queue
[2021-08-11 11:01:52,915] {logging_mixin.py:104} INFO - [2021-08-11 11:01:52,915] {dagbag.py:496} INFO - Filling up the DagBag from /Users/Alex/.local/share/virtualenvs/airflow-1c5-bq0J/lib/python3.9/site-packages/airflow/example_dags/example_kubernetes_executor_config.py
[2021-08-11 11:01:52,921] {logging_mixin.py:104} INFO - [2021-08-11 11:01:52,921] {example_kubernetes_executor_config.py:175} WARNING - Could not import DAGs in example_kubernetes_executor_config.py: No module named 'kubernetes'
[2021-08-11 11:01:52,921] {logging_mixin.py:104} INFO - [2021-08-11 11:01:52,921] {example_kubernetes_executor_config.py:176} WARNING - Install kubernetes dependencies with: pip install apache-airflow['cncf.kubernetes']
[2021-08-11 11:01:52,921] {scheduler_job.py:644} WARNING - No viable dags retrieved from /Users/Alex/.local/share/virtualenvs/airflow-1c5-bq0J/lib/python3.9/site-packages/airflow/example_dags/example_kubernetes_executor_config.py
[2021-08-11 11:01:52,942] {scheduler_job.py:189} INFO - Processing /Users/Alex/.local/share/virtualenvs/airflow-1c5-bq0J/lib/python3.9/site-packages/airflow/example_dags/example_kubernetes_executor_config.py took 0.030 seconds
