[2021-08-11 10:44:03,259] {scheduler_job.py:181} INFO - Started process (PID=69371) to work on /Users/Alex/.local/share/virtualenvs/airflow-1c5-bq0J/lib/python3.9/site-packages/airflow/example_dags/example_subdag_operator.py
[2021-08-11 10:44:03,259] {scheduler_job.py:632} INFO - Processing file /Users/Alex/.local/share/virtualenvs/airflow-1c5-bq0J/lib/python3.9/site-packages/airflow/example_dags/example_subdag_operator.py for tasks to queue
[2021-08-11 10:44:03,260] {logging_mixin.py:104} INFO - [2021-08-11 10:44:03,260] {dagbag.py:496} INFO - Filling up the DagBag from /Users/Alex/.local/share/virtualenvs/airflow-1c5-bq0J/lib/python3.9/site-packages/airflow/example_dags/example_subdag_operator.py
[2021-08-11 10:44:03,381] {scheduler_job.py:642} INFO - DAG(s) dict_keys(['example_subdag_operator.section-1', 'example_subdag_operator.section-2', 'example_subdag_operator']) retrieved from /Users/Alex/.local/share/virtualenvs/airflow-1c5-bq0J/lib/python3.9/site-packages/airflow/example_dags/example_subdag_operator.py
[2021-08-11 10:44:03,400] {logging_mixin.py:104} INFO - [2021-08-11 10:44:03,400] {dag.py:1833} INFO - Sync 3 DAGs
[2021-08-11 10:44:03,415] {logging_mixin.py:104} INFO - [2021-08-11 10:44:03,415] {dag.py:2306} INFO - Setting next_dagrun for example_subdag_operator to 2021-08-09 00:00:00+00:00
[2021-08-11 10:44:03,416] {logging_mixin.py:104} INFO - [2021-08-11 10:44:03,416] {dag.py:2306} INFO - Setting next_dagrun for example_subdag_operator.section-1 to None
[2021-08-11 10:44:03,416] {logging_mixin.py:104} INFO - [2021-08-11 10:44:03,416] {dag.py:2306} INFO - Setting next_dagrun for example_subdag_operator.section-2 to None
[2021-08-11 10:44:03,430] {logging_mixin.py:104} INFO - [2021-08-11 10:44:03,430] {dag.py:1833} INFO - Sync 2 DAGs
[2021-08-11 10:44:03,439] {logging_mixin.py:104} INFO - [2021-08-11 10:44:03,438] {dag.py:2306} INFO - Setting next_dagrun for example_subdag_operator.section-1 to None
[2021-08-11 10:44:03,439] {logging_mixin.py:104} INFO - [2021-08-11 10:44:03,439] {dag.py:2306} INFO - Setting next_dagrun for example_subdag_operator.section-2 to None
[2021-08-11 10:44:03,446] {scheduler_job.py:189} INFO - Processing /Users/Alex/.local/share/virtualenvs/airflow-1c5-bq0J/lib/python3.9/site-packages/airflow/example_dags/example_subdag_operator.py took 0.189 seconds
[2021-08-11 10:45:22,299] {scheduler_job.py:181} INFO - Started process (PID=69485) to work on /Users/Alex/.local/share/virtualenvs/airflow-1c5-bq0J/lib/python3.9/site-packages/airflow/example_dags/example_subdag_operator.py
[2021-08-11 10:45:22,299] {scheduler_job.py:632} INFO - Processing file /Users/Alex/.local/share/virtualenvs/airflow-1c5-bq0J/lib/python3.9/site-packages/airflow/example_dags/example_subdag_operator.py for tasks to queue
[2021-08-11 10:45:22,300] {logging_mixin.py:104} INFO - [2021-08-11 10:45:22,300] {dagbag.py:496} INFO - Filling up the DagBag from /Users/Alex/.local/share/virtualenvs/airflow-1c5-bq0J/lib/python3.9/site-packages/airflow/example_dags/example_subdag_operator.py
[2021-08-11 10:45:22,337] {scheduler_job.py:642} INFO - DAG(s) dict_keys(['example_subdag_operator.section-1', 'example_subdag_operator.section-2', 'example_subdag_operator']) retrieved from /Users/Alex/.local/share/virtualenvs/airflow-1c5-bq0J/lib/python3.9/site-packages/airflow/example_dags/example_subdag_operator.py
[2021-08-11 10:45:22,344] {logging_mixin.py:104} INFO - [2021-08-11 10:45:22,344] {dag.py:1833} INFO - Sync 3 DAGs
[2021-08-11 10:45:22,353] {logging_mixin.py:104} INFO - [2021-08-11 10:45:22,353] {dag.py:2306} INFO - Setting next_dagrun for example_subdag_operator to 2021-08-09 00:00:00+00:00
[2021-08-11 10:45:22,354] {logging_mixin.py:104} INFO - [2021-08-11 10:45:22,354] {dag.py:2306} INFO - Setting next_dagrun for example_subdag_operator.section-1 to None
[2021-08-11 10:45:22,354] {logging_mixin.py:104} INFO - [2021-08-11 10:45:22,354] {dag.py:2306} INFO - Setting next_dagrun for example_subdag_operator.section-2 to None
[2021-08-11 10:45:22,360] {logging_mixin.py:104} INFO - [2021-08-11 10:45:22,360] {dag.py:1833} INFO - Sync 2 DAGs
[2021-08-11 10:45:22,365] {logging_mixin.py:104} INFO - [2021-08-11 10:45:22,365] {dag.py:2306} INFO - Setting next_dagrun for example_subdag_operator.section-1 to None
[2021-08-11 10:45:22,365] {logging_mixin.py:104} INFO - [2021-08-11 10:45:22,365] {dag.py:2306} INFO - Setting next_dagrun for example_subdag_operator.section-2 to None
[2021-08-11 10:45:22,369] {scheduler_job.py:189} INFO - Processing /Users/Alex/.local/share/virtualenvs/airflow-1c5-bq0J/lib/python3.9/site-packages/airflow/example_dags/example_subdag_operator.py took 0.071 seconds
