[2021-08-11 10:44:00,953] {scheduler_job.py:181} INFO - Started process (PID=69370) to work on /Users/Alex/.local/share/virtualenvs/airflow-1c5-bq0J/lib/python3.9/site-packages/airflow/example_dags/example_task_group.py
[2021-08-11 10:44:00,954] {scheduler_job.py:632} INFO - Processing file /Users/Alex/.local/share/virtualenvs/airflow-1c5-bq0J/lib/python3.9/site-packages/airflow/example_dags/example_task_group.py for tasks to queue
[2021-08-11 10:44:00,954] {logging_mixin.py:104} INFO - [2021-08-11 10:44:00,954] {dagbag.py:496} INFO - Filling up the DagBag from /Users/Alex/.local/share/virtualenvs/airflow-1c5-bq0J/lib/python3.9/site-packages/airflow/example_dags/example_task_group.py
[2021-08-11 10:44:00,964] {scheduler_job.py:642} INFO - DAG(s) dict_keys(['example_task_group']) retrieved from /Users/Alex/.local/share/virtualenvs/airflow-1c5-bq0J/lib/python3.9/site-packages/airflow/example_dags/example_task_group.py
[2021-08-11 10:44:01,239] {logging_mixin.py:104} INFO - [2021-08-11 10:44:01,239] {dag.py:1833} INFO - Sync 1 DAGs
[2021-08-11 10:44:01,245] {logging_mixin.py:104} INFO - [2021-08-11 10:44:01,245] {dag.py:2306} INFO - Setting next_dagrun for example_task_group to 2021-08-09 00:00:00+00:00
[2021-08-11 10:44:01,254] {scheduler_job.py:189} INFO - Processing /Users/Alex/.local/share/virtualenvs/airflow-1c5-bq0J/lib/python3.9/site-packages/airflow/example_dags/example_task_group.py took 0.301 seconds
[2021-08-11 10:45:20,509] {scheduler_job.py:181} INFO - Started process (PID=69484) to work on /Users/Alex/.local/share/virtualenvs/airflow-1c5-bq0J/lib/python3.9/site-packages/airflow/example_dags/example_task_group.py
[2021-08-11 10:45:20,509] {scheduler_job.py:632} INFO - Processing file /Users/Alex/.local/share/virtualenvs/airflow-1c5-bq0J/lib/python3.9/site-packages/airflow/example_dags/example_task_group.py for tasks to queue
[2021-08-11 10:45:20,509] {logging_mixin.py:104} INFO - [2021-08-11 10:45:20,509] {dagbag.py:496} INFO - Filling up the DagBag from /Users/Alex/.local/share/virtualenvs/airflow-1c5-bq0J/lib/python3.9/site-packages/airflow/example_dags/example_task_group.py
[2021-08-11 10:45:20,516] {scheduler_job.py:642} INFO - DAG(s) dict_keys(['example_task_group']) retrieved from /Users/Alex/.local/share/virtualenvs/airflow-1c5-bq0J/lib/python3.9/site-packages/airflow/example_dags/example_task_group.py
[2021-08-11 10:45:20,542] {logging_mixin.py:104} INFO - [2021-08-11 10:45:20,542] {dag.py:1833} INFO - Sync 1 DAGs
[2021-08-11 10:45:20,548] {logging_mixin.py:104} INFO - [2021-08-11 10:45:20,548] {dag.py:2306} INFO - Setting next_dagrun for example_task_group to 2021-08-09 00:00:00+00:00
[2021-08-11 10:45:20,557] {scheduler_job.py:189} INFO - Processing /Users/Alex/.local/share/virtualenvs/airflow-1c5-bq0J/lib/python3.9/site-packages/airflow/example_dags/example_task_group.py took 0.049 seconds
[2021-08-11 10:46:10,975] {scheduler_job.py:181} INFO - Started process (PID=69574) to work on /Users/Alex/.local/share/virtualenvs/airflow-1c5-bq0J/lib/python3.9/site-packages/airflow/example_dags/example_task_group.py
[2021-08-11 10:46:10,976] {scheduler_job.py:632} INFO - Processing file /Users/Alex/.local/share/virtualenvs/airflow-1c5-bq0J/lib/python3.9/site-packages/airflow/example_dags/example_task_group.py for tasks to queue
[2021-08-11 10:46:10,976] {logging_mixin.py:104} INFO - [2021-08-11 10:46:10,976] {dagbag.py:496} INFO - Filling up the DagBag from /Users/Alex/.local/share/virtualenvs/airflow-1c5-bq0J/lib/python3.9/site-packages/airflow/example_dags/example_task_group.py
[2021-08-11 10:46:10,983] {scheduler_job.py:642} INFO - DAG(s) dict_keys(['example_task_group']) retrieved from /Users/Alex/.local/share/virtualenvs/airflow-1c5-bq0J/lib/python3.9/site-packages/airflow/example_dags/example_task_group.py
[2021-08-11 10:46:11,008] {logging_mixin.py:104} INFO - [2021-08-11 10:46:11,008] {dag.py:1833} INFO - Sync 1 DAGs
[2021-08-11 10:46:11,014] {logging_mixin.py:104} INFO - [2021-08-11 10:46:11,014] {dag.py:2306} INFO - Setting next_dagrun for example_task_group to 2021-08-09 00:00:00+00:00
[2021-08-11 10:46:11,022] {scheduler_job.py:189} INFO - Processing /Users/Alex/.local/share/virtualenvs/airflow-1c5-bq0J/lib/python3.9/site-packages/airflow/example_dags/example_task_group.py took 0.047 seconds
[2021-08-11 10:47:04,082] {scheduler_job.py:181} INFO - Started process (PID=69620) to work on /Users/Alex/.local/share/virtualenvs/airflow-1c5-bq0J/lib/python3.9/site-packages/airflow/example_dags/example_task_group.py
[2021-08-11 10:47:04,082] {scheduler_job.py:632} INFO - Processing file /Users/Alex/.local/share/virtualenvs/airflow-1c5-bq0J/lib/python3.9/site-packages/airflow/example_dags/example_task_group.py for tasks to queue
[2021-08-11 10:47:04,083] {logging_mixin.py:104} INFO - [2021-08-11 10:47:04,083] {dagbag.py:496} INFO - Filling up the DagBag from /Users/Alex/.local/share/virtualenvs/airflow-1c5-bq0J/lib/python3.9/site-packages/airflow/example_dags/example_task_group.py
[2021-08-11 10:47:04,091] {scheduler_job.py:642} INFO - DAG(s) dict_keys(['example_task_group']) retrieved from /Users/Alex/.local/share/virtualenvs/airflow-1c5-bq0J/lib/python3.9/site-packages/airflow/example_dags/example_task_group.py
[2021-08-11 10:47:04,515] {logging_mixin.py:104} INFO - [2021-08-11 10:47:04,514] {dag.py:1833} INFO - Sync 1 DAGs
[2021-08-11 10:47:04,520] {logging_mixin.py:104} INFO - [2021-08-11 10:47:04,520] {dag.py:2306} INFO - Setting next_dagrun for example_task_group to 2021-08-09 00:00:00+00:00
[2021-08-11 10:47:04,529] {scheduler_job.py:189} INFO - Processing /Users/Alex/.local/share/virtualenvs/airflow-1c5-bq0J/lib/python3.9/site-packages/airflow/example_dags/example_task_group.py took 0.448 seconds
[2021-08-11 10:48:01,156] {scheduler_job.py:181} INFO - Started process (PID=69706) to work on /Users/Alex/.local/share/virtualenvs/airflow-1c5-bq0J/lib/python3.9/site-packages/airflow/example_dags/example_task_group.py
[2021-08-11 10:48:01,156] {scheduler_job.py:632} INFO - Processing file /Users/Alex/.local/share/virtualenvs/airflow-1c5-bq0J/lib/python3.9/site-packages/airflow/example_dags/example_task_group.py for tasks to queue
[2021-08-11 10:48:01,156] {logging_mixin.py:104} INFO - [2021-08-11 10:48:01,156] {dagbag.py:496} INFO - Filling up the DagBag from /Users/Alex/.local/share/virtualenvs/airflow-1c5-bq0J/lib/python3.9/site-packages/airflow/example_dags/example_task_group.py
[2021-08-11 10:48:01,164] {scheduler_job.py:642} INFO - DAG(s) dict_keys(['example_task_group']) retrieved from /Users/Alex/.local/share/virtualenvs/airflow-1c5-bq0J/lib/python3.9/site-packages/airflow/example_dags/example_task_group.py
[2021-08-11 10:48:01,426] {logging_mixin.py:104} INFO - [2021-08-11 10:48:01,426] {dag.py:1833} INFO - Sync 1 DAGs
[2021-08-11 10:48:01,431] {logging_mixin.py:104} INFO - [2021-08-11 10:48:01,431] {dag.py:2306} INFO - Setting next_dagrun for example_task_group to 2021-08-09 00:00:00+00:00
[2021-08-11 10:48:01,441] {scheduler_job.py:189} INFO - Processing /Users/Alex/.local/share/virtualenvs/airflow-1c5-bq0J/lib/python3.9/site-packages/airflow/example_dags/example_task_group.py took 0.286 seconds
[2021-08-11 10:48:56,192] {scheduler_job.py:181} INFO - Started process (PID=69810) to work on /Users/Alex/.local/share/virtualenvs/airflow-1c5-bq0J/lib/python3.9/site-packages/airflow/example_dags/example_task_group.py
[2021-08-11 10:48:56,193] {scheduler_job.py:632} INFO - Processing file /Users/Alex/.local/share/virtualenvs/airflow-1c5-bq0J/lib/python3.9/site-packages/airflow/example_dags/example_task_group.py for tasks to queue
[2021-08-11 10:48:56,193] {logging_mixin.py:104} INFO - [2021-08-11 10:48:56,193] {dagbag.py:496} INFO - Filling up the DagBag from /Users/Alex/.local/share/virtualenvs/airflow-1c5-bq0J/lib/python3.9/site-packages/airflow/example_dags/example_task_group.py
[2021-08-11 10:48:56,210] {scheduler_job.py:642} INFO - DAG(s) dict_keys(['example_task_group']) retrieved from /Users/Alex/.local/share/virtualenvs/airflow-1c5-bq0J/lib/python3.9/site-packages/airflow/example_dags/example_task_group.py
[2021-08-11 10:48:56,270] {logging_mixin.py:104} INFO - [2021-08-11 10:48:56,269] {dag.py:1833} INFO - Sync 1 DAGs
[2021-08-11 10:48:56,284] {logging_mixin.py:104} INFO - [2021-08-11 10:48:56,284] {dag.py:2306} INFO - Setting next_dagrun for example_task_group to 2021-08-09 00:00:00+00:00
[2021-08-11 10:48:56,301] {scheduler_job.py:189} INFO - Processing /Users/Alex/.local/share/virtualenvs/airflow-1c5-bq0J/lib/python3.9/site-packages/airflow/example_dags/example_task_group.py took 0.110 seconds
[2021-08-11 10:49:55,839] {scheduler_job.py:181} INFO - Started process (PID=69877) to work on /Users/Alex/.local/share/virtualenvs/airflow-1c5-bq0J/lib/python3.9/site-packages/airflow/example_dags/example_task_group.py
[2021-08-11 10:49:55,839] {scheduler_job.py:632} INFO - Processing file /Users/Alex/.local/share/virtualenvs/airflow-1c5-bq0J/lib/python3.9/site-packages/airflow/example_dags/example_task_group.py for tasks to queue
[2021-08-11 10:49:55,840] {logging_mixin.py:104} INFO - [2021-08-11 10:49:55,840] {dagbag.py:496} INFO - Filling up the DagBag from /Users/Alex/.local/share/virtualenvs/airflow-1c5-bq0J/lib/python3.9/site-packages/airflow/example_dags/example_task_group.py
[2021-08-11 10:49:55,847] {scheduler_job.py:642} INFO - DAG(s) dict_keys(['example_task_group']) retrieved from /Users/Alex/.local/share/virtualenvs/airflow-1c5-bq0J/lib/python3.9/site-packages/airflow/example_dags/example_task_group.py
[2021-08-11 10:49:55,876] {logging_mixin.py:104} INFO - [2021-08-11 10:49:55,876] {dag.py:1833} INFO - Sync 1 DAGs
[2021-08-11 10:49:55,883] {logging_mixin.py:104} INFO - [2021-08-11 10:49:55,883] {dag.py:2306} INFO - Setting next_dagrun for example_task_group to 2021-08-09 00:00:00+00:00
[2021-08-11 10:49:55,892] {scheduler_job.py:189} INFO - Processing /Users/Alex/.local/share/virtualenvs/airflow-1c5-bq0J/lib/python3.9/site-packages/airflow/example_dags/example_task_group.py took 0.053 seconds
[2021-08-11 10:50:55,366] {scheduler_job.py:181} INFO - Started process (PID=69991) to work on /Users/Alex/.local/share/virtualenvs/airflow-1c5-bq0J/lib/python3.9/site-packages/airflow/example_dags/example_task_group.py
[2021-08-11 10:50:55,367] {scheduler_job.py:632} INFO - Processing file /Users/Alex/.local/share/virtualenvs/airflow-1c5-bq0J/lib/python3.9/site-packages/airflow/example_dags/example_task_group.py for tasks to queue
[2021-08-11 10:50:55,367] {logging_mixin.py:104} INFO - [2021-08-11 10:50:55,367] {dagbag.py:496} INFO - Filling up the DagBag from /Users/Alex/.local/share/virtualenvs/airflow-1c5-bq0J/lib/python3.9/site-packages/airflow/example_dags/example_task_group.py
[2021-08-11 10:50:55,375] {scheduler_job.py:642} INFO - DAG(s) dict_keys(['example_task_group']) retrieved from /Users/Alex/.local/share/virtualenvs/airflow-1c5-bq0J/lib/python3.9/site-packages/airflow/example_dags/example_task_group.py
[2021-08-11 10:50:55,605] {logging_mixin.py:104} INFO - [2021-08-11 10:50:55,605] {dag.py:1833} INFO - Sync 1 DAGs
[2021-08-11 10:50:55,610] {logging_mixin.py:104} INFO - [2021-08-11 10:50:55,610] {dag.py:2306} INFO - Setting next_dagrun for example_task_group to 2021-08-09 00:00:00+00:00
[2021-08-11 10:50:55,619] {scheduler_job.py:189} INFO - Processing /Users/Alex/.local/share/virtualenvs/airflow-1c5-bq0J/lib/python3.9/site-packages/airflow/example_dags/example_task_group.py took 0.254 seconds
[2021-08-11 10:51:51,983] {scheduler_job.py:181} INFO - Started process (PID=70101) to work on /Users/Alex/.local/share/virtualenvs/airflow-1c5-bq0J/lib/python3.9/site-packages/airflow/example_dags/example_task_group.py
[2021-08-11 10:51:51,984] {scheduler_job.py:632} INFO - Processing file /Users/Alex/.local/share/virtualenvs/airflow-1c5-bq0J/lib/python3.9/site-packages/airflow/example_dags/example_task_group.py for tasks to queue
[2021-08-11 10:51:51,984] {logging_mixin.py:104} INFO - [2021-08-11 10:51:51,984] {dagbag.py:496} INFO - Filling up the DagBag from /Users/Alex/.local/share/virtualenvs/airflow-1c5-bq0J/lib/python3.9/site-packages/airflow/example_dags/example_task_group.py
[2021-08-11 10:51:51,992] {scheduler_job.py:642} INFO - DAG(s) dict_keys(['example_task_group']) retrieved from /Users/Alex/.local/share/virtualenvs/airflow-1c5-bq0J/lib/python3.9/site-packages/airflow/example_dags/example_task_group.py
[2021-08-11 10:51:52,249] {logging_mixin.py:104} INFO - [2021-08-11 10:51:52,249] {dag.py:1833} INFO - Sync 1 DAGs
[2021-08-11 10:51:52,256] {logging_mixin.py:104} INFO - [2021-08-11 10:51:52,256] {dag.py:2306} INFO - Setting next_dagrun for example_task_group to 2021-08-09 00:00:00+00:00
[2021-08-11 10:51:52,265] {scheduler_job.py:189} INFO - Processing /Users/Alex/.local/share/virtualenvs/airflow-1c5-bq0J/lib/python3.9/site-packages/airflow/example_dags/example_task_group.py took 0.282 seconds
[2021-08-11 10:52:48,721] {scheduler_job.py:181} INFO - Started process (PID=70209) to work on /Users/Alex/.local/share/virtualenvs/airflow-1c5-bq0J/lib/python3.9/site-packages/airflow/example_dags/example_task_group.py
[2021-08-11 10:52:48,722] {scheduler_job.py:632} INFO - Processing file /Users/Alex/.local/share/virtualenvs/airflow-1c5-bq0J/lib/python3.9/site-packages/airflow/example_dags/example_task_group.py for tasks to queue
[2021-08-11 10:52:48,722] {logging_mixin.py:104} INFO - [2021-08-11 10:52:48,722] {dagbag.py:496} INFO - Filling up the DagBag from /Users/Alex/.local/share/virtualenvs/airflow-1c5-bq0J/lib/python3.9/site-packages/airflow/example_dags/example_task_group.py
[2021-08-11 10:52:48,731] {scheduler_job.py:642} INFO - DAG(s) dict_keys(['example_task_group']) retrieved from /Users/Alex/.local/share/virtualenvs/airflow-1c5-bq0J/lib/python3.9/site-packages/airflow/example_dags/example_task_group.py
[2021-08-11 10:52:48,760] {logging_mixin.py:104} INFO - [2021-08-11 10:52:48,760] {dag.py:1833} INFO - Sync 1 DAGs
[2021-08-11 10:52:48,767] {logging_mixin.py:104} INFO - [2021-08-11 10:52:48,766] {dag.py:2306} INFO - Setting next_dagrun for example_task_group to 2021-08-09 00:00:00+00:00
[2021-08-11 10:52:48,775] {scheduler_job.py:189} INFO - Processing /Users/Alex/.local/share/virtualenvs/airflow-1c5-bq0J/lib/python3.9/site-packages/airflow/example_dags/example_task_group.py took 0.054 seconds
[2021-08-11 10:53:44,785] {scheduler_job.py:181} INFO - Started process (PID=70302) to work on /Users/Alex/.local/share/virtualenvs/airflow-1c5-bq0J/lib/python3.9/site-packages/airflow/example_dags/example_task_group.py
[2021-08-11 10:53:44,787] {scheduler_job.py:632} INFO - Processing file /Users/Alex/.local/share/virtualenvs/airflow-1c5-bq0J/lib/python3.9/site-packages/airflow/example_dags/example_task_group.py for tasks to queue
[2021-08-11 10:53:44,788] {logging_mixin.py:104} INFO - [2021-08-11 10:53:44,788] {dagbag.py:496} INFO - Filling up the DagBag from /Users/Alex/.local/share/virtualenvs/airflow-1c5-bq0J/lib/python3.9/site-packages/airflow/example_dags/example_task_group.py
[2021-08-11 10:53:44,796] {scheduler_job.py:642} INFO - DAG(s) dict_keys(['example_task_group']) retrieved from /Users/Alex/.local/share/virtualenvs/airflow-1c5-bq0J/lib/python3.9/site-packages/airflow/example_dags/example_task_group.py
[2021-08-11 10:53:44,820] {logging_mixin.py:104} INFO - [2021-08-11 10:53:44,820] {dag.py:1833} INFO - Sync 1 DAGs
[2021-08-11 10:53:44,826] {logging_mixin.py:104} INFO - [2021-08-11 10:53:44,826] {dag.py:2306} INFO - Setting next_dagrun for example_task_group to 2021-08-09 00:00:00+00:00
[2021-08-11 10:53:44,831] {scheduler_job.py:189} INFO - Processing /Users/Alex/.local/share/virtualenvs/airflow-1c5-bq0J/lib/python3.9/site-packages/airflow/example_dags/example_task_group.py took 0.047 seconds
[2021-08-11 10:54:37,841] {scheduler_job.py:181} INFO - Started process (PID=70385) to work on /Users/Alex/.local/share/virtualenvs/airflow-1c5-bq0J/lib/python3.9/site-packages/airflow/example_dags/example_task_group.py
[2021-08-11 10:54:37,843] {scheduler_job.py:632} INFO - Processing file /Users/Alex/.local/share/virtualenvs/airflow-1c5-bq0J/lib/python3.9/site-packages/airflow/example_dags/example_task_group.py for tasks to queue
[2021-08-11 10:54:37,844] {logging_mixin.py:104} INFO - [2021-08-11 10:54:37,844] {dagbag.py:496} INFO - Filling up the DagBag from /Users/Alex/.local/share/virtualenvs/airflow-1c5-bq0J/lib/python3.9/site-packages/airflow/example_dags/example_task_group.py
[2021-08-11 10:54:37,865] {scheduler_job.py:642} INFO - DAG(s) dict_keys(['example_task_group']) retrieved from /Users/Alex/.local/share/virtualenvs/airflow-1c5-bq0J/lib/python3.9/site-packages/airflow/example_dags/example_task_group.py
[2021-08-11 10:54:38,643] {logging_mixin.py:104} INFO - [2021-08-11 10:54:38,643] {dag.py:1833} INFO - Sync 1 DAGs
[2021-08-11 10:54:38,652] {logging_mixin.py:104} INFO - [2021-08-11 10:54:38,651] {dag.py:2306} INFO - Setting next_dagrun for example_task_group to 2021-08-09 00:00:00+00:00
[2021-08-11 10:54:38,664] {scheduler_job.py:189} INFO - Processing /Users/Alex/.local/share/virtualenvs/airflow-1c5-bq0J/lib/python3.9/site-packages/airflow/example_dags/example_task_group.py took 0.825 seconds
[2021-08-11 10:55:38,914] {scheduler_job.py:181} INFO - Started process (PID=70498) to work on /Users/Alex/.local/share/virtualenvs/airflow-1c5-bq0J/lib/python3.9/site-packages/airflow/example_dags/example_task_group.py
[2021-08-11 10:55:38,914] {scheduler_job.py:632} INFO - Processing file /Users/Alex/.local/share/virtualenvs/airflow-1c5-bq0J/lib/python3.9/site-packages/airflow/example_dags/example_task_group.py for tasks to queue
[2021-08-11 10:55:38,915] {logging_mixin.py:104} INFO - [2021-08-11 10:55:38,915] {dagbag.py:496} INFO - Filling up the DagBag from /Users/Alex/.local/share/virtualenvs/airflow-1c5-bq0J/lib/python3.9/site-packages/airflow/example_dags/example_task_group.py
[2021-08-11 10:55:38,928] {scheduler_job.py:642} INFO - DAG(s) dict_keys(['example_task_group']) retrieved from /Users/Alex/.local/share/virtualenvs/airflow-1c5-bq0J/lib/python3.9/site-packages/airflow/example_dags/example_task_group.py
[2021-08-11 10:55:38,968] {logging_mixin.py:104} INFO - [2021-08-11 10:55:38,967] {dag.py:1833} INFO - Sync 1 DAGs
[2021-08-11 10:55:38,975] {logging_mixin.py:104} INFO - [2021-08-11 10:55:38,975] {dag.py:2306} INFO - Setting next_dagrun for example_task_group to 2021-08-09 00:00:00+00:00
[2021-08-11 10:55:38,984] {scheduler_job.py:189} INFO - Processing /Users/Alex/.local/share/virtualenvs/airflow-1c5-bq0J/lib/python3.9/site-packages/airflow/example_dags/example_task_group.py took 0.071 seconds
[2021-08-11 10:56:37,750] {scheduler_job.py:181} INFO - Started process (PID=70607) to work on /Users/Alex/.local/share/virtualenvs/airflow-1c5-bq0J/lib/python3.9/site-packages/airflow/example_dags/example_task_group.py
[2021-08-11 10:56:37,751] {scheduler_job.py:632} INFO - Processing file /Users/Alex/.local/share/virtualenvs/airflow-1c5-bq0J/lib/python3.9/site-packages/airflow/example_dags/example_task_group.py for tasks to queue
[2021-08-11 10:56:37,753] {logging_mixin.py:104} INFO - [2021-08-11 10:56:37,753] {dagbag.py:496} INFO - Filling up the DagBag from /Users/Alex/.local/share/virtualenvs/airflow-1c5-bq0J/lib/python3.9/site-packages/airflow/example_dags/example_task_group.py
[2021-08-11 10:56:37,781] {scheduler_job.py:642} INFO - DAG(s) dict_keys(['example_task_group']) retrieved from /Users/Alex/.local/share/virtualenvs/airflow-1c5-bq0J/lib/python3.9/site-packages/airflow/example_dags/example_task_group.py
[2021-08-11 10:56:37,843] {logging_mixin.py:104} INFO - [2021-08-11 10:56:37,843] {dag.py:1833} INFO - Sync 1 DAGs
[2021-08-11 10:56:37,853] {logging_mixin.py:104} INFO - [2021-08-11 10:56:37,853] {dag.py:2306} INFO - Setting next_dagrun for example_task_group to 2021-08-09 00:00:00+00:00
[2021-08-11 10:56:37,863] {scheduler_job.py:189} INFO - Processing /Users/Alex/.local/share/virtualenvs/airflow-1c5-bq0J/lib/python3.9/site-packages/airflow/example_dags/example_task_group.py took 0.113 seconds
[2021-08-11 10:57:32,753] {scheduler_job.py:181} INFO - Started process (PID=70724) to work on /Users/Alex/.local/share/virtualenvs/airflow-1c5-bq0J/lib/python3.9/site-packages/airflow/example_dags/example_task_group.py
[2021-08-11 10:57:32,753] {scheduler_job.py:632} INFO - Processing file /Users/Alex/.local/share/virtualenvs/airflow-1c5-bq0J/lib/python3.9/site-packages/airflow/example_dags/example_task_group.py for tasks to queue
[2021-08-11 10:57:32,754] {logging_mixin.py:104} INFO - [2021-08-11 10:57:32,754] {dagbag.py:496} INFO - Filling up the DagBag from /Users/Alex/.local/share/virtualenvs/airflow-1c5-bq0J/lib/python3.9/site-packages/airflow/example_dags/example_task_group.py
[2021-08-11 10:57:32,762] {scheduler_job.py:642} INFO - DAG(s) dict_keys(['example_task_group']) retrieved from /Users/Alex/.local/share/virtualenvs/airflow-1c5-bq0J/lib/python3.9/site-packages/airflow/example_dags/example_task_group.py
[2021-08-11 10:57:33,002] {logging_mixin.py:104} INFO - [2021-08-11 10:57:33,001] {dag.py:1833} INFO - Sync 1 DAGs
[2021-08-11 10:57:33,007] {logging_mixin.py:104} INFO - [2021-08-11 10:57:33,007] {dag.py:2306} INFO - Setting next_dagrun for example_task_group to 2021-08-09 00:00:00+00:00
[2021-08-11 10:57:33,016] {scheduler_job.py:189} INFO - Processing /Users/Alex/.local/share/virtualenvs/airflow-1c5-bq0J/lib/python3.9/site-packages/airflow/example_dags/example_task_group.py took 0.263 seconds
[2021-08-11 10:58:29,522] {scheduler_job.py:181} INFO - Started process (PID=70828) to work on /Users/Alex/.local/share/virtualenvs/airflow-1c5-bq0J/lib/python3.9/site-packages/airflow/example_dags/example_task_group.py
[2021-08-11 10:58:29,522] {scheduler_job.py:632} INFO - Processing file /Users/Alex/.local/share/virtualenvs/airflow-1c5-bq0J/lib/python3.9/site-packages/airflow/example_dags/example_task_group.py for tasks to queue
[2021-08-11 10:58:29,525] {logging_mixin.py:104} INFO - [2021-08-11 10:58:29,525] {dagbag.py:496} INFO - Filling up the DagBag from /Users/Alex/.local/share/virtualenvs/airflow-1c5-bq0J/lib/python3.9/site-packages/airflow/example_dags/example_task_group.py
[2021-08-11 10:58:29,533] {scheduler_job.py:642} INFO - DAG(s) dict_keys(['example_task_group']) retrieved from /Users/Alex/.local/share/virtualenvs/airflow-1c5-bq0J/lib/python3.9/site-packages/airflow/example_dags/example_task_group.py
[2021-08-11 10:58:29,922] {logging_mixin.py:104} INFO - [2021-08-11 10:58:29,922] {dag.py:1833} INFO - Sync 1 DAGs
[2021-08-11 10:58:29,927] {logging_mixin.py:104} INFO - [2021-08-11 10:58:29,927] {dag.py:2306} INFO - Setting next_dagrun for example_task_group to 2021-08-09 00:00:00+00:00
[2021-08-11 10:58:29,955] {scheduler_job.py:189} INFO - Processing /Users/Alex/.local/share/virtualenvs/airflow-1c5-bq0J/lib/python3.9/site-packages/airflow/example_dags/example_task_group.py took 0.434 seconds
[2021-08-11 10:59:29,406] {scheduler_job.py:181} INFO - Started process (PID=70938) to work on /Users/Alex/.local/share/virtualenvs/airflow-1c5-bq0J/lib/python3.9/site-packages/airflow/example_dags/example_task_group.py
[2021-08-11 10:59:29,407] {scheduler_job.py:632} INFO - Processing file /Users/Alex/.local/share/virtualenvs/airflow-1c5-bq0J/lib/python3.9/site-packages/airflow/example_dags/example_task_group.py for tasks to queue
[2021-08-11 10:59:29,407] {logging_mixin.py:104} INFO - [2021-08-11 10:59:29,407] {dagbag.py:496} INFO - Filling up the DagBag from /Users/Alex/.local/share/virtualenvs/airflow-1c5-bq0J/lib/python3.9/site-packages/airflow/example_dags/example_task_group.py
[2021-08-11 10:59:29,415] {scheduler_job.py:642} INFO - DAG(s) dict_keys(['example_task_group']) retrieved from /Users/Alex/.local/share/virtualenvs/airflow-1c5-bq0J/lib/python3.9/site-packages/airflow/example_dags/example_task_group.py
[2021-08-11 10:59:29,670] {logging_mixin.py:104} INFO - [2021-08-11 10:59:29,670] {dag.py:1833} INFO - Sync 1 DAGs
[2021-08-11 10:59:29,676] {logging_mixin.py:104} INFO - [2021-08-11 10:59:29,676] {dag.py:2306} INFO - Setting next_dagrun for example_task_group to 2021-08-09 00:00:00+00:00
[2021-08-11 10:59:29,685] {scheduler_job.py:189} INFO - Processing /Users/Alex/.local/share/virtualenvs/airflow-1c5-bq0J/lib/python3.9/site-packages/airflow/example_dags/example_task_group.py took 0.279 seconds
[2021-08-11 11:00:26,838] {scheduler_job.py:181} INFO - Started process (PID=71057) to work on /Users/Alex/.local/share/virtualenvs/airflow-1c5-bq0J/lib/python3.9/site-packages/airflow/example_dags/example_task_group.py
[2021-08-11 11:00:26,838] {scheduler_job.py:632} INFO - Processing file /Users/Alex/.local/share/virtualenvs/airflow-1c5-bq0J/lib/python3.9/site-packages/airflow/example_dags/example_task_group.py for tasks to queue
[2021-08-11 11:00:26,839] {logging_mixin.py:104} INFO - [2021-08-11 11:00:26,839] {dagbag.py:496} INFO - Filling up the DagBag from /Users/Alex/.local/share/virtualenvs/airflow-1c5-bq0J/lib/python3.9/site-packages/airflow/example_dags/example_task_group.py
[2021-08-11 11:00:26,846] {scheduler_job.py:642} INFO - DAG(s) dict_keys(['example_task_group']) retrieved from /Users/Alex/.local/share/virtualenvs/airflow-1c5-bq0J/lib/python3.9/site-packages/airflow/example_dags/example_task_group.py
[2021-08-11 11:00:26,881] {logging_mixin.py:104} INFO - [2021-08-11 11:00:26,881] {dag.py:1833} INFO - Sync 1 DAGs
[2021-08-11 11:00:26,887] {logging_mixin.py:104} INFO - [2021-08-11 11:00:26,887] {dag.py:2306} INFO - Setting next_dagrun for example_task_group to 2021-08-09 00:00:00+00:00
[2021-08-11 11:00:26,894] {scheduler_job.py:189} INFO - Processing /Users/Alex/.local/share/virtualenvs/airflow-1c5-bq0J/lib/python3.9/site-packages/airflow/example_dags/example_task_group.py took 0.057 seconds
[2021-08-11 11:01:27,370] {scheduler_job.py:181} INFO - Started process (PID=71172) to work on /Users/Alex/.local/share/virtualenvs/airflow-1c5-bq0J/lib/python3.9/site-packages/airflow/example_dags/example_task_group.py
[2021-08-11 11:01:27,371] {scheduler_job.py:632} INFO - Processing file /Users/Alex/.local/share/virtualenvs/airflow-1c5-bq0J/lib/python3.9/site-packages/airflow/example_dags/example_task_group.py for tasks to queue
[2021-08-11 11:01:27,371] {logging_mixin.py:104} INFO - [2021-08-11 11:01:27,371] {dagbag.py:496} INFO - Filling up the DagBag from /Users/Alex/.local/share/virtualenvs/airflow-1c5-bq0J/lib/python3.9/site-packages/airflow/example_dags/example_task_group.py
[2021-08-11 11:01:27,378] {scheduler_job.py:642} INFO - DAG(s) dict_keys(['example_task_group']) retrieved from /Users/Alex/.local/share/virtualenvs/airflow-1c5-bq0J/lib/python3.9/site-packages/airflow/example_dags/example_task_group.py
[2021-08-11 11:01:27,404] {logging_mixin.py:104} INFO - [2021-08-11 11:01:27,404] {dag.py:1833} INFO - Sync 1 DAGs
[2021-08-11 11:01:27,412] {logging_mixin.py:104} INFO - [2021-08-11 11:01:27,412] {dag.py:2306} INFO - Setting next_dagrun for example_task_group to 2021-08-09 00:00:00+00:00
[2021-08-11 11:01:27,420] {scheduler_job.py:189} INFO - Processing /Users/Alex/.local/share/virtualenvs/airflow-1c5-bq0J/lib/python3.9/site-packages/airflow/example_dags/example_task_group.py took 0.050 seconds
