[2021-08-11 10:44:34,515] {scheduler_job.py:181} INFO - Started process (PID=69450) to work on /Users/Alex/.local/share/virtualenvs/airflow-1c5-bq0J/lib/python3.9/site-packages/airflow/example_dags/example_nested_branch_dag.py
[2021-08-11 10:44:34,516] {scheduler_job.py:632} INFO - Processing file /Users/Alex/.local/share/virtualenvs/airflow-1c5-bq0J/lib/python3.9/site-packages/airflow/example_dags/example_nested_branch_dag.py for tasks to queue
[2021-08-11 10:44:34,517] {logging_mixin.py:104} INFO - [2021-08-11 10:44:34,517] {dagbag.py:496} INFO - Filling up the DagBag from /Users/Alex/.local/share/virtualenvs/airflow-1c5-bq0J/lib/python3.9/site-packages/airflow/example_dags/example_nested_branch_dag.py
[2021-08-11 10:44:34,524] {scheduler_job.py:642} INFO - DAG(s) dict_keys(['example_nested_branch_dag']) retrieved from /Users/Alex/.local/share/virtualenvs/airflow-1c5-bq0J/lib/python3.9/site-packages/airflow/example_dags/example_nested_branch_dag.py
[2021-08-11 10:44:34,554] {logging_mixin.py:104} INFO - [2021-08-11 10:44:34,553] {dag.py:1833} INFO - Sync 1 DAGs
[2021-08-11 10:44:34,561] {logging_mixin.py:104} INFO - [2021-08-11 10:44:34,561] {dag.py:2306} INFO - Setting next_dagrun for example_nested_branch_dag to 2021-08-09 00:00:00+00:00
[2021-08-11 10:44:34,569] {scheduler_job.py:189} INFO - Processing /Users/Alex/.local/share/virtualenvs/airflow-1c5-bq0J/lib/python3.9/site-packages/airflow/example_dags/example_nested_branch_dag.py took 0.055 seconds
[2021-08-11 10:45:31,136] {scheduler_job.py:181} INFO - Started process (PID=69517) to work on /Users/Alex/.local/share/virtualenvs/airflow-1c5-bq0J/lib/python3.9/site-packages/airflow/example_dags/example_nested_branch_dag.py
[2021-08-11 10:45:31,136] {scheduler_job.py:632} INFO - Processing file /Users/Alex/.local/share/virtualenvs/airflow-1c5-bq0J/lib/python3.9/site-packages/airflow/example_dags/example_nested_branch_dag.py for tasks to queue
[2021-08-11 10:45:31,136] {logging_mixin.py:104} INFO - [2021-08-11 10:45:31,136] {dagbag.py:496} INFO - Filling up the DagBag from /Users/Alex/.local/share/virtualenvs/airflow-1c5-bq0J/lib/python3.9/site-packages/airflow/example_dags/example_nested_branch_dag.py
[2021-08-11 10:45:31,143] {scheduler_job.py:642} INFO - DAG(s) dict_keys(['example_nested_branch_dag']) retrieved from /Users/Alex/.local/share/virtualenvs/airflow-1c5-bq0J/lib/python3.9/site-packages/airflow/example_dags/example_nested_branch_dag.py
[2021-08-11 10:45:31,168] {logging_mixin.py:104} INFO - [2021-08-11 10:45:31,167] {dag.py:1833} INFO - Sync 1 DAGs
[2021-08-11 10:45:31,174] {logging_mixin.py:104} INFO - [2021-08-11 10:45:31,174] {dag.py:2306} INFO - Setting next_dagrun for example_nested_branch_dag to 2021-08-09 00:00:00+00:00
[2021-08-11 10:45:31,181] {scheduler_job.py:189} INFO - Processing /Users/Alex/.local/share/virtualenvs/airflow-1c5-bq0J/lib/python3.9/site-packages/airflow/example_dags/example_nested_branch_dag.py took 0.046 seconds
[2021-08-11 10:46:25,313] {scheduler_job.py:181} INFO - Started process (PID=69594) to work on /Users/Alex/.local/share/virtualenvs/airflow-1c5-bq0J/lib/python3.9/site-packages/airflow/example_dags/example_nested_branch_dag.py
[2021-08-11 10:46:25,313] {scheduler_job.py:632} INFO - Processing file /Users/Alex/.local/share/virtualenvs/airflow-1c5-bq0J/lib/python3.9/site-packages/airflow/example_dags/example_nested_branch_dag.py for tasks to queue
[2021-08-11 10:46:25,313] {logging_mixin.py:104} INFO - [2021-08-11 10:46:25,313] {dagbag.py:496} INFO - Filling up the DagBag from /Users/Alex/.local/share/virtualenvs/airflow-1c5-bq0J/lib/python3.9/site-packages/airflow/example_dags/example_nested_branch_dag.py
[2021-08-11 10:46:25,321] {scheduler_job.py:642} INFO - DAG(s) dict_keys(['example_nested_branch_dag']) retrieved from /Users/Alex/.local/share/virtualenvs/airflow-1c5-bq0J/lib/python3.9/site-packages/airflow/example_dags/example_nested_branch_dag.py
[2021-08-11 10:46:25,346] {logging_mixin.py:104} INFO - [2021-08-11 10:46:25,346] {dag.py:1833} INFO - Sync 1 DAGs
[2021-08-11 10:46:25,353] {logging_mixin.py:104} INFO - [2021-08-11 10:46:25,353] {dag.py:2306} INFO - Setting next_dagrun for example_nested_branch_dag to 2021-08-09 00:00:00+00:00
[2021-08-11 10:46:25,362] {scheduler_job.py:189} INFO - Processing /Users/Alex/.local/share/virtualenvs/airflow-1c5-bq0J/lib/python3.9/site-packages/airflow/example_dags/example_nested_branch_dag.py took 0.050 seconds
[2021-08-11 10:47:20,804] {scheduler_job.py:181} INFO - Started process (PID=69631) to work on /Users/Alex/.local/share/virtualenvs/airflow-1c5-bq0J/lib/python3.9/site-packages/airflow/example_dags/example_nested_branch_dag.py
[2021-08-11 10:47:20,804] {scheduler_job.py:632} INFO - Processing file /Users/Alex/.local/share/virtualenvs/airflow-1c5-bq0J/lib/python3.9/site-packages/airflow/example_dags/example_nested_branch_dag.py for tasks to queue
[2021-08-11 10:47:20,805] {logging_mixin.py:104} INFO - [2021-08-11 10:47:20,805] {dagbag.py:496} INFO - Filling up the DagBag from /Users/Alex/.local/share/virtualenvs/airflow-1c5-bq0J/lib/python3.9/site-packages/airflow/example_dags/example_nested_branch_dag.py
[2021-08-11 10:47:20,812] {scheduler_job.py:642} INFO - DAG(s) dict_keys(['example_nested_branch_dag']) retrieved from /Users/Alex/.local/share/virtualenvs/airflow-1c5-bq0J/lib/python3.9/site-packages/airflow/example_dags/example_nested_branch_dag.py
[2021-08-11 10:47:20,841] {logging_mixin.py:104} INFO - [2021-08-11 10:47:20,841] {dag.py:1833} INFO - Sync 1 DAGs
[2021-08-11 10:47:20,850] {logging_mixin.py:104} INFO - [2021-08-11 10:47:20,850] {dag.py:2306} INFO - Setting next_dagrun for example_nested_branch_dag to 2021-08-09 00:00:00+00:00
[2021-08-11 10:47:20,859] {scheduler_job.py:189} INFO - Processing /Users/Alex/.local/share/virtualenvs/airflow-1c5-bq0J/lib/python3.9/site-packages/airflow/example_dags/example_nested_branch_dag.py took 0.055 seconds
[2021-08-11 10:48:15,047] {scheduler_job.py:181} INFO - Started process (PID=69735) to work on /Users/Alex/.local/share/virtualenvs/airflow-1c5-bq0J/lib/python3.9/site-packages/airflow/example_dags/example_nested_branch_dag.py
[2021-08-11 10:48:15,047] {scheduler_job.py:632} INFO - Processing file /Users/Alex/.local/share/virtualenvs/airflow-1c5-bq0J/lib/python3.9/site-packages/airflow/example_dags/example_nested_branch_dag.py for tasks to queue
[2021-08-11 10:48:15,048] {logging_mixin.py:104} INFO - [2021-08-11 10:48:15,048] {dagbag.py:496} INFO - Filling up the DagBag from /Users/Alex/.local/share/virtualenvs/airflow-1c5-bq0J/lib/python3.9/site-packages/airflow/example_dags/example_nested_branch_dag.py
[2021-08-11 10:48:15,059] {scheduler_job.py:642} INFO - DAG(s) dict_keys(['example_nested_branch_dag']) retrieved from /Users/Alex/.local/share/virtualenvs/airflow-1c5-bq0J/lib/python3.9/site-packages/airflow/example_dags/example_nested_branch_dag.py
[2021-08-11 10:48:15,089] {logging_mixin.py:104} INFO - [2021-08-11 10:48:15,089] {dag.py:1833} INFO - Sync 1 DAGs
[2021-08-11 10:48:15,098] {logging_mixin.py:104} INFO - [2021-08-11 10:48:15,098] {dag.py:2306} INFO - Setting next_dagrun for example_nested_branch_dag to 2021-08-09 00:00:00+00:00
[2021-08-11 10:48:15,106] {scheduler_job.py:189} INFO - Processing /Users/Alex/.local/share/virtualenvs/airflow-1c5-bq0J/lib/python3.9/site-packages/airflow/example_dags/example_nested_branch_dag.py took 0.060 seconds
[2021-08-11 10:49:13,398] {scheduler_job.py:181} INFO - Started process (PID=69832) to work on /Users/Alex/.local/share/virtualenvs/airflow-1c5-bq0J/lib/python3.9/site-packages/airflow/example_dags/example_nested_branch_dag.py
[2021-08-11 10:49:13,398] {scheduler_job.py:632} INFO - Processing file /Users/Alex/.local/share/virtualenvs/airflow-1c5-bq0J/lib/python3.9/site-packages/airflow/example_dags/example_nested_branch_dag.py for tasks to queue
[2021-08-11 10:49:13,399] {logging_mixin.py:104} INFO - [2021-08-11 10:49:13,399] {dagbag.py:496} INFO - Filling up the DagBag from /Users/Alex/.local/share/virtualenvs/airflow-1c5-bq0J/lib/python3.9/site-packages/airflow/example_dags/example_nested_branch_dag.py
[2021-08-11 10:49:13,409] {scheduler_job.py:642} INFO - DAG(s) dict_keys(['example_nested_branch_dag']) retrieved from /Users/Alex/.local/share/virtualenvs/airflow-1c5-bq0J/lib/python3.9/site-packages/airflow/example_dags/example_nested_branch_dag.py
[2021-08-11 10:49:13,448] {logging_mixin.py:104} INFO - [2021-08-11 10:49:13,448] {dag.py:1833} INFO - Sync 1 DAGs
[2021-08-11 10:49:13,459] {logging_mixin.py:104} INFO - [2021-08-11 10:49:13,459] {dag.py:2306} INFO - Setting next_dagrun for example_nested_branch_dag to 2021-08-09 00:00:00+00:00
[2021-08-11 10:49:13,466] {scheduler_job.py:189} INFO - Processing /Users/Alex/.local/share/virtualenvs/airflow-1c5-bq0J/lib/python3.9/site-packages/airflow/example_dags/example_nested_branch_dag.py took 0.069 seconds
[2021-08-11 10:50:13,056] {scheduler_job.py:181} INFO - Started process (PID=69906) to work on /Users/Alex/.local/share/virtualenvs/airflow-1c5-bq0J/lib/python3.9/site-packages/airflow/example_dags/example_nested_branch_dag.py
[2021-08-11 10:50:13,058] {scheduler_job.py:632} INFO - Processing file /Users/Alex/.local/share/virtualenvs/airflow-1c5-bq0J/lib/python3.9/site-packages/airflow/example_dags/example_nested_branch_dag.py for tasks to queue
[2021-08-11 10:50:13,059] {logging_mixin.py:104} INFO - [2021-08-11 10:50:13,059] {dagbag.py:496} INFO - Filling up the DagBag from /Users/Alex/.local/share/virtualenvs/airflow-1c5-bq0J/lib/python3.9/site-packages/airflow/example_dags/example_nested_branch_dag.py
[2021-08-11 10:50:13,066] {scheduler_job.py:642} INFO - DAG(s) dict_keys(['example_nested_branch_dag']) retrieved from /Users/Alex/.local/share/virtualenvs/airflow-1c5-bq0J/lib/python3.9/site-packages/airflow/example_dags/example_nested_branch_dag.py
[2021-08-11 10:50:13,092] {logging_mixin.py:104} INFO - [2021-08-11 10:50:13,091] {dag.py:1833} INFO - Sync 1 DAGs
[2021-08-11 10:50:13,099] {logging_mixin.py:104} INFO - [2021-08-11 10:50:13,099] {dag.py:2306} INFO - Setting next_dagrun for example_nested_branch_dag to 2021-08-09 00:00:00+00:00
[2021-08-11 10:50:13,105] {scheduler_job.py:189} INFO - Processing /Users/Alex/.local/share/virtualenvs/airflow-1c5-bq0J/lib/python3.9/site-packages/airflow/example_dags/example_nested_branch_dag.py took 0.049 seconds
[2021-08-11 10:51:11,892] {scheduler_job.py:181} INFO - Started process (PID=70025) to work on /Users/Alex/.local/share/virtualenvs/airflow-1c5-bq0J/lib/python3.9/site-packages/airflow/example_dags/example_nested_branch_dag.py
[2021-08-11 10:51:11,892] {scheduler_job.py:632} INFO - Processing file /Users/Alex/.local/share/virtualenvs/airflow-1c5-bq0J/lib/python3.9/site-packages/airflow/example_dags/example_nested_branch_dag.py for tasks to queue
[2021-08-11 10:51:11,893] {logging_mixin.py:104} INFO - [2021-08-11 10:51:11,893] {dagbag.py:496} INFO - Filling up the DagBag from /Users/Alex/.local/share/virtualenvs/airflow-1c5-bq0J/lib/python3.9/site-packages/airflow/example_dags/example_nested_branch_dag.py
[2021-08-11 10:51:11,903] {scheduler_job.py:642} INFO - DAG(s) dict_keys(['example_nested_branch_dag']) retrieved from /Users/Alex/.local/share/virtualenvs/airflow-1c5-bq0J/lib/python3.9/site-packages/airflow/example_dags/example_nested_branch_dag.py
[2021-08-11 10:51:11,929] {logging_mixin.py:104} INFO - [2021-08-11 10:51:11,928] {dag.py:1833} INFO - Sync 1 DAGs
[2021-08-11 10:51:11,936] {logging_mixin.py:104} INFO - [2021-08-11 10:51:11,936] {dag.py:2306} INFO - Setting next_dagrun for example_nested_branch_dag to 2021-08-09 00:00:00+00:00
[2021-08-11 10:51:11,945] {scheduler_job.py:189} INFO - Processing /Users/Alex/.local/share/virtualenvs/airflow-1c5-bq0J/lib/python3.9/site-packages/airflow/example_dags/example_nested_branch_dag.py took 0.053 seconds
[2021-08-11 10:52:06,904] {scheduler_job.py:181} INFO - Started process (PID=70132) to work on /Users/Alex/.local/share/virtualenvs/airflow-1c5-bq0J/lib/python3.9/site-packages/airflow/example_dags/example_nested_branch_dag.py
[2021-08-11 10:52:06,905] {scheduler_job.py:632} INFO - Processing file /Users/Alex/.local/share/virtualenvs/airflow-1c5-bq0J/lib/python3.9/site-packages/airflow/example_dags/example_nested_branch_dag.py for tasks to queue
[2021-08-11 10:52:06,905] {logging_mixin.py:104} INFO - [2021-08-11 10:52:06,905] {dagbag.py:496} INFO - Filling up the DagBag from /Users/Alex/.local/share/virtualenvs/airflow-1c5-bq0J/lib/python3.9/site-packages/airflow/example_dags/example_nested_branch_dag.py
[2021-08-11 10:52:06,912] {scheduler_job.py:642} INFO - DAG(s) dict_keys(['example_nested_branch_dag']) retrieved from /Users/Alex/.local/share/virtualenvs/airflow-1c5-bq0J/lib/python3.9/site-packages/airflow/example_dags/example_nested_branch_dag.py
[2021-08-11 10:52:06,938] {logging_mixin.py:104} INFO - [2021-08-11 10:52:06,938] {dag.py:1833} INFO - Sync 1 DAGs
[2021-08-11 10:52:06,945] {logging_mixin.py:104} INFO - [2021-08-11 10:52:06,945] {dag.py:2306} INFO - Setting next_dagrun for example_nested_branch_dag to 2021-08-09 00:00:00+00:00
[2021-08-11 10:52:06,953] {scheduler_job.py:189} INFO - Processing /Users/Alex/.local/share/virtualenvs/airflow-1c5-bq0J/lib/python3.9/site-packages/airflow/example_dags/example_nested_branch_dag.py took 0.050 seconds
[2021-08-11 10:53:04,379] {scheduler_job.py:181} INFO - Started process (PID=70241) to work on /Users/Alex/.local/share/virtualenvs/airflow-1c5-bq0J/lib/python3.9/site-packages/airflow/example_dags/example_nested_branch_dag.py
[2021-08-11 10:53:04,382] {scheduler_job.py:632} INFO - Processing file /Users/Alex/.local/share/virtualenvs/airflow-1c5-bq0J/lib/python3.9/site-packages/airflow/example_dags/example_nested_branch_dag.py for tasks to queue
[2021-08-11 10:53:04,382] {logging_mixin.py:104} INFO - [2021-08-11 10:53:04,382] {dagbag.py:496} INFO - Filling up the DagBag from /Users/Alex/.local/share/virtualenvs/airflow-1c5-bq0J/lib/python3.9/site-packages/airflow/example_dags/example_nested_branch_dag.py
[2021-08-11 10:53:04,394] {scheduler_job.py:642} INFO - DAG(s) dict_keys(['example_nested_branch_dag']) retrieved from /Users/Alex/.local/share/virtualenvs/airflow-1c5-bq0J/lib/python3.9/site-packages/airflow/example_dags/example_nested_branch_dag.py
[2021-08-11 10:53:04,420] {logging_mixin.py:104} INFO - [2021-08-11 10:53:04,420] {dag.py:1833} INFO - Sync 1 DAGs
[2021-08-11 10:53:04,427] {logging_mixin.py:104} INFO - [2021-08-11 10:53:04,427] {dag.py:2306} INFO - Setting next_dagrun for example_nested_branch_dag to 2021-08-09 00:00:00+00:00
[2021-08-11 10:53:04,436] {scheduler_job.py:189} INFO - Processing /Users/Alex/.local/share/virtualenvs/airflow-1c5-bq0J/lib/python3.9/site-packages/airflow/example_dags/example_nested_branch_dag.py took 0.057 seconds
[2021-08-11 10:53:59,474] {scheduler_job.py:181} INFO - Started process (PID=70316) to work on /Users/Alex/.local/share/virtualenvs/airflow-1c5-bq0J/lib/python3.9/site-packages/airflow/example_dags/example_nested_branch_dag.py
[2021-08-11 10:53:59,476] {scheduler_job.py:632} INFO - Processing file /Users/Alex/.local/share/virtualenvs/airflow-1c5-bq0J/lib/python3.9/site-packages/airflow/example_dags/example_nested_branch_dag.py for tasks to queue
[2021-08-11 10:53:59,477] {logging_mixin.py:104} INFO - [2021-08-11 10:53:59,477] {dagbag.py:496} INFO - Filling up the DagBag from /Users/Alex/.local/share/virtualenvs/airflow-1c5-bq0J/lib/python3.9/site-packages/airflow/example_dags/example_nested_branch_dag.py
[2021-08-11 10:53:59,485] {scheduler_job.py:642} INFO - DAG(s) dict_keys(['example_nested_branch_dag']) retrieved from /Users/Alex/.local/share/virtualenvs/airflow-1c5-bq0J/lib/python3.9/site-packages/airflow/example_dags/example_nested_branch_dag.py
[2021-08-11 10:53:59,512] {logging_mixin.py:104} INFO - [2021-08-11 10:53:59,512] {dag.py:1833} INFO - Sync 1 DAGs
[2021-08-11 10:53:59,519] {logging_mixin.py:104} INFO - [2021-08-11 10:53:59,519] {dag.py:2306} INFO - Setting next_dagrun for example_nested_branch_dag to 2021-08-09 00:00:00+00:00
[2021-08-11 10:53:59,528] {scheduler_job.py:189} INFO - Processing /Users/Alex/.local/share/virtualenvs/airflow-1c5-bq0J/lib/python3.9/site-packages/airflow/example_dags/example_nested_branch_dag.py took 0.055 seconds
[2021-08-11 10:54:55,907] {scheduler_job.py:181} INFO - Started process (PID=70423) to work on /Users/Alex/.local/share/virtualenvs/airflow-1c5-bq0J/lib/python3.9/site-packages/airflow/example_dags/example_nested_branch_dag.py
[2021-08-11 10:54:55,907] {scheduler_job.py:632} INFO - Processing file /Users/Alex/.local/share/virtualenvs/airflow-1c5-bq0J/lib/python3.9/site-packages/airflow/example_dags/example_nested_branch_dag.py for tasks to queue
[2021-08-11 10:54:55,908] {logging_mixin.py:104} INFO - [2021-08-11 10:54:55,908] {dagbag.py:496} INFO - Filling up the DagBag from /Users/Alex/.local/share/virtualenvs/airflow-1c5-bq0J/lib/python3.9/site-packages/airflow/example_dags/example_nested_branch_dag.py
[2021-08-11 10:54:55,915] {scheduler_job.py:642} INFO - DAG(s) dict_keys(['example_nested_branch_dag']) retrieved from /Users/Alex/.local/share/virtualenvs/airflow-1c5-bq0J/lib/python3.9/site-packages/airflow/example_dags/example_nested_branch_dag.py
[2021-08-11 10:54:55,939] {logging_mixin.py:104} INFO - [2021-08-11 10:54:55,939] {dag.py:1833} INFO - Sync 1 DAGs
[2021-08-11 10:54:55,947] {logging_mixin.py:104} INFO - [2021-08-11 10:54:55,947] {dag.py:2306} INFO - Setting next_dagrun for example_nested_branch_dag to 2021-08-09 00:00:00+00:00
[2021-08-11 10:54:55,957] {scheduler_job.py:189} INFO - Processing /Users/Alex/.local/share/virtualenvs/airflow-1c5-bq0J/lib/python3.9/site-packages/airflow/example_dags/example_nested_branch_dag.py took 0.051 seconds
[2021-08-11 10:55:55,263] {scheduler_job.py:181} INFO - Started process (PID=70535) to work on /Users/Alex/.local/share/virtualenvs/airflow-1c5-bq0J/lib/python3.9/site-packages/airflow/example_dags/example_nested_branch_dag.py
[2021-08-11 10:55:55,263] {scheduler_job.py:632} INFO - Processing file /Users/Alex/.local/share/virtualenvs/airflow-1c5-bq0J/lib/python3.9/site-packages/airflow/example_dags/example_nested_branch_dag.py for tasks to queue
[2021-08-11 10:55:55,265] {logging_mixin.py:104} INFO - [2021-08-11 10:55:55,265] {dagbag.py:496} INFO - Filling up the DagBag from /Users/Alex/.local/share/virtualenvs/airflow-1c5-bq0J/lib/python3.9/site-packages/airflow/example_dags/example_nested_branch_dag.py
[2021-08-11 10:55:55,272] {scheduler_job.py:642} INFO - DAG(s) dict_keys(['example_nested_branch_dag']) retrieved from /Users/Alex/.local/share/virtualenvs/airflow-1c5-bq0J/lib/python3.9/site-packages/airflow/example_dags/example_nested_branch_dag.py
[2021-08-11 10:55:55,297] {logging_mixin.py:104} INFO - [2021-08-11 10:55:55,297] {dag.py:1833} INFO - Sync 1 DAGs
[2021-08-11 10:55:55,305] {logging_mixin.py:104} INFO - [2021-08-11 10:55:55,305] {dag.py:2306} INFO - Setting next_dagrun for example_nested_branch_dag to 2021-08-09 00:00:00+00:00
[2021-08-11 10:55:55,313] {scheduler_job.py:189} INFO - Processing /Users/Alex/.local/share/virtualenvs/airflow-1c5-bq0J/lib/python3.9/site-packages/airflow/example_dags/example_nested_branch_dag.py took 0.051 seconds
[2021-08-11 10:56:52,934] {scheduler_job.py:181} INFO - Started process (PID=70645) to work on /Users/Alex/.local/share/virtualenvs/airflow-1c5-bq0J/lib/python3.9/site-packages/airflow/example_dags/example_nested_branch_dag.py
[2021-08-11 10:56:52,936] {scheduler_job.py:632} INFO - Processing file /Users/Alex/.local/share/virtualenvs/airflow-1c5-bq0J/lib/python3.9/site-packages/airflow/example_dags/example_nested_branch_dag.py for tasks to queue
[2021-08-11 10:56:52,938] {logging_mixin.py:104} INFO - [2021-08-11 10:56:52,938] {dagbag.py:496} INFO - Filling up the DagBag from /Users/Alex/.local/share/virtualenvs/airflow-1c5-bq0J/lib/python3.9/site-packages/airflow/example_dags/example_nested_branch_dag.py
[2021-08-11 10:56:52,946] {scheduler_job.py:642} INFO - DAG(s) dict_keys(['example_nested_branch_dag']) retrieved from /Users/Alex/.local/share/virtualenvs/airflow-1c5-bq0J/lib/python3.9/site-packages/airflow/example_dags/example_nested_branch_dag.py
[2021-08-11 10:56:52,977] {logging_mixin.py:104} INFO - [2021-08-11 10:56:52,977] {dag.py:1833} INFO - Sync 1 DAGs
[2021-08-11 10:56:52,985] {logging_mixin.py:104} INFO - [2021-08-11 10:56:52,985] {dag.py:2306} INFO - Setting next_dagrun for example_nested_branch_dag to 2021-08-09 00:00:00+00:00
[2021-08-11 10:56:52,993] {scheduler_job.py:189} INFO - Processing /Users/Alex/.local/share/virtualenvs/airflow-1c5-bq0J/lib/python3.9/site-packages/airflow/example_dags/example_nested_branch_dag.py took 0.059 seconds
[2021-08-11 10:57:48,370] {scheduler_job.py:181} INFO - Started process (PID=70753) to work on /Users/Alex/.local/share/virtualenvs/airflow-1c5-bq0J/lib/python3.9/site-packages/airflow/example_dags/example_nested_branch_dag.py
[2021-08-11 10:57:48,371] {scheduler_job.py:632} INFO - Processing file /Users/Alex/.local/share/virtualenvs/airflow-1c5-bq0J/lib/python3.9/site-packages/airflow/example_dags/example_nested_branch_dag.py for tasks to queue
[2021-08-11 10:57:48,372] {logging_mixin.py:104} INFO - [2021-08-11 10:57:48,372] {dagbag.py:496} INFO - Filling up the DagBag from /Users/Alex/.local/share/virtualenvs/airflow-1c5-bq0J/lib/python3.9/site-packages/airflow/example_dags/example_nested_branch_dag.py
[2021-08-11 10:57:48,393] {scheduler_job.py:642} INFO - DAG(s) dict_keys(['example_nested_branch_dag']) retrieved from /Users/Alex/.local/share/virtualenvs/airflow-1c5-bq0J/lib/python3.9/site-packages/airflow/example_dags/example_nested_branch_dag.py
[2021-08-11 10:57:48,512] {logging_mixin.py:104} INFO - [2021-08-11 10:57:48,512] {dag.py:1833} INFO - Sync 1 DAGs
[2021-08-11 10:57:48,539] {logging_mixin.py:104} INFO - [2021-08-11 10:57:48,539] {dag.py:2306} INFO - Setting next_dagrun for example_nested_branch_dag to 2021-08-09 00:00:00+00:00
[2021-08-11 10:57:48,557] {scheduler_job.py:189} INFO - Processing /Users/Alex/.local/share/virtualenvs/airflow-1c5-bq0J/lib/python3.9/site-packages/airflow/example_dags/example_nested_branch_dag.py took 0.188 seconds
[2021-08-11 10:58:51,089] {scheduler_job.py:181} INFO - Started process (PID=70866) to work on /Users/Alex/.local/share/virtualenvs/airflow-1c5-bq0J/lib/python3.9/site-packages/airflow/example_dags/example_nested_branch_dag.py
[2021-08-11 10:58:51,089] {scheduler_job.py:632} INFO - Processing file /Users/Alex/.local/share/virtualenvs/airflow-1c5-bq0J/lib/python3.9/site-packages/airflow/example_dags/example_nested_branch_dag.py for tasks to queue
[2021-08-11 10:58:51,090] {logging_mixin.py:104} INFO - [2021-08-11 10:58:51,090] {dagbag.py:496} INFO - Filling up the DagBag from /Users/Alex/.local/share/virtualenvs/airflow-1c5-bq0J/lib/python3.9/site-packages/airflow/example_dags/example_nested_branch_dag.py
[2021-08-11 10:58:51,096] {scheduler_job.py:642} INFO - DAG(s) dict_keys(['example_nested_branch_dag']) retrieved from /Users/Alex/.local/share/virtualenvs/airflow-1c5-bq0J/lib/python3.9/site-packages/airflow/example_dags/example_nested_branch_dag.py
[2021-08-11 10:58:51,124] {logging_mixin.py:104} INFO - [2021-08-11 10:58:51,124] {dag.py:1833} INFO - Sync 1 DAGs
[2021-08-11 10:58:51,132] {logging_mixin.py:104} INFO - [2021-08-11 10:58:51,132] {dag.py:2306} INFO - Setting next_dagrun for example_nested_branch_dag to 2021-08-09 00:00:00+00:00
[2021-08-11 10:58:51,140] {scheduler_job.py:189} INFO - Processing /Users/Alex/.local/share/virtualenvs/airflow-1c5-bq0J/lib/python3.9/site-packages/airflow/example_dags/example_nested_branch_dag.py took 0.052 seconds
[2021-08-11 10:59:49,563] {scheduler_job.py:181} INFO - Started process (PID=70977) to work on /Users/Alex/.local/share/virtualenvs/airflow-1c5-bq0J/lib/python3.9/site-packages/airflow/example_dags/example_nested_branch_dag.py
[2021-08-11 10:59:49,564] {scheduler_job.py:632} INFO - Processing file /Users/Alex/.local/share/virtualenvs/airflow-1c5-bq0J/lib/python3.9/site-packages/airflow/example_dags/example_nested_branch_dag.py for tasks to queue
[2021-08-11 10:59:49,564] {logging_mixin.py:104} INFO - [2021-08-11 10:59:49,564] {dagbag.py:496} INFO - Filling up the DagBag from /Users/Alex/.local/share/virtualenvs/airflow-1c5-bq0J/lib/python3.9/site-packages/airflow/example_dags/example_nested_branch_dag.py
[2021-08-11 10:59:49,572] {scheduler_job.py:642} INFO - DAG(s) dict_keys(['example_nested_branch_dag']) retrieved from /Users/Alex/.local/share/virtualenvs/airflow-1c5-bq0J/lib/python3.9/site-packages/airflow/example_dags/example_nested_branch_dag.py
[2021-08-11 10:59:49,602] {logging_mixin.py:104} INFO - [2021-08-11 10:59:49,601] {dag.py:1833} INFO - Sync 1 DAGs
[2021-08-11 10:59:49,611] {logging_mixin.py:104} INFO - [2021-08-11 10:59:49,610] {dag.py:2306} INFO - Setting next_dagrun for example_nested_branch_dag to 2021-08-09 00:00:00+00:00
[2021-08-11 10:59:49,620] {scheduler_job.py:189} INFO - Processing /Users/Alex/.local/share/virtualenvs/airflow-1c5-bq0J/lib/python3.9/site-packages/airflow/example_dags/example_nested_branch_dag.py took 0.057 seconds
[2021-08-11 11:00:48,098] {scheduler_job.py:181} INFO - Started process (PID=71099) to work on /Users/Alex/.local/share/virtualenvs/airflow-1c5-bq0J/lib/python3.9/site-packages/airflow/example_dags/example_nested_branch_dag.py
[2021-08-11 11:00:48,098] {scheduler_job.py:632} INFO - Processing file /Users/Alex/.local/share/virtualenvs/airflow-1c5-bq0J/lib/python3.9/site-packages/airflow/example_dags/example_nested_branch_dag.py for tasks to queue
[2021-08-11 11:00:48,098] {logging_mixin.py:104} INFO - [2021-08-11 11:00:48,098] {dagbag.py:496} INFO - Filling up the DagBag from /Users/Alex/.local/share/virtualenvs/airflow-1c5-bq0J/lib/python3.9/site-packages/airflow/example_dags/example_nested_branch_dag.py
[2021-08-11 11:00:48,106] {scheduler_job.py:642} INFO - DAG(s) dict_keys(['example_nested_branch_dag']) retrieved from /Users/Alex/.local/share/virtualenvs/airflow-1c5-bq0J/lib/python3.9/site-packages/airflow/example_dags/example_nested_branch_dag.py
[2021-08-11 11:00:48,136] {logging_mixin.py:104} INFO - [2021-08-11 11:00:48,136] {dag.py:1833} INFO - Sync 1 DAGs
[2021-08-11 11:00:48,144] {logging_mixin.py:104} INFO - [2021-08-11 11:00:48,144] {dag.py:2306} INFO - Setting next_dagrun for example_nested_branch_dag to 2021-08-09 00:00:00+00:00
[2021-08-11 11:00:48,152] {scheduler_job.py:189} INFO - Processing /Users/Alex/.local/share/virtualenvs/airflow-1c5-bq0J/lib/python3.9/site-packages/airflow/example_dags/example_nested_branch_dag.py took 0.055 seconds
[2021-08-11 11:01:47,724] {scheduler_job.py:181} INFO - Started process (PID=71199) to work on /Users/Alex/.local/share/virtualenvs/airflow-1c5-bq0J/lib/python3.9/site-packages/airflow/example_dags/example_nested_branch_dag.py
[2021-08-11 11:01:47,725] {scheduler_job.py:632} INFO - Processing file /Users/Alex/.local/share/virtualenvs/airflow-1c5-bq0J/lib/python3.9/site-packages/airflow/example_dags/example_nested_branch_dag.py for tasks to queue
[2021-08-11 11:01:47,725] {logging_mixin.py:104} INFO - [2021-08-11 11:01:47,725] {dagbag.py:496} INFO - Filling up the DagBag from /Users/Alex/.local/share/virtualenvs/airflow-1c5-bq0J/lib/python3.9/site-packages/airflow/example_dags/example_nested_branch_dag.py
[2021-08-11 11:01:47,733] {scheduler_job.py:642} INFO - DAG(s) dict_keys(['example_nested_branch_dag']) retrieved from /Users/Alex/.local/share/virtualenvs/airflow-1c5-bq0J/lib/python3.9/site-packages/airflow/example_dags/example_nested_branch_dag.py
[2021-08-11 11:01:47,760] {logging_mixin.py:104} INFO - [2021-08-11 11:01:47,760] {dag.py:1833} INFO - Sync 1 DAGs
[2021-08-11 11:01:47,768] {logging_mixin.py:104} INFO - [2021-08-11 11:01:47,768] {dag.py:2306} INFO - Setting next_dagrun for example_nested_branch_dag to 2021-08-09 00:00:00+00:00
[2021-08-11 11:01:47,774] {scheduler_job.py:189} INFO - Processing /Users/Alex/.local/share/virtualenvs/airflow-1c5-bq0J/lib/python3.9/site-packages/airflow/example_dags/example_nested_branch_dag.py took 0.051 seconds
