[2021-08-11 10:43:58,888] {scheduler_job.py:181} INFO - Started process (PID=69369) to work on /Users/Alex/.local/share/virtualenvs/airflow-1c5-bq0J/lib/python3.9/site-packages/airflow/example_dags/example_task_group_decorator.py
[2021-08-11 10:43:58,890] {scheduler_job.py:632} INFO - Processing file /Users/Alex/.local/share/virtualenvs/airflow-1c5-bq0J/lib/python3.9/site-packages/airflow/example_dags/example_task_group_decorator.py for tasks to queue
[2021-08-11 10:43:58,891] {logging_mixin.py:104} INFO - [2021-08-11 10:43:58,891] {dagbag.py:496} INFO - Filling up the DagBag from /Users/Alex/.local/share/virtualenvs/airflow-1c5-bq0J/lib/python3.9/site-packages/airflow/example_dags/example_task_group_decorator.py
[2021-08-11 10:43:58,909] {scheduler_job.py:642} INFO - DAG(s) dict_keys(['example_task_group_decorator']) retrieved from /Users/Alex/.local/share/virtualenvs/airflow-1c5-bq0J/lib/python3.9/site-packages/airflow/example_dags/example_task_group_decorator.py
[2021-08-11 10:43:59,187] {logging_mixin.py:104} INFO - [2021-08-11 10:43:59,186] {dag.py:1833} INFO - Sync 1 DAGs
[2021-08-11 10:43:59,194] {logging_mixin.py:104} INFO - [2021-08-11 10:43:59,194] {dag.py:2306} INFO - Setting next_dagrun for example_task_group_decorator to 2021-08-09 00:00:00+00:00
[2021-08-11 10:43:59,205] {scheduler_job.py:189} INFO - Processing /Users/Alex/.local/share/virtualenvs/airflow-1c5-bq0J/lib/python3.9/site-packages/airflow/example_dags/example_task_group_decorator.py took 0.317 seconds
[2021-08-11 10:45:18,423] {scheduler_job.py:181} INFO - Started process (PID=69480) to work on /Users/Alex/.local/share/virtualenvs/airflow-1c5-bq0J/lib/python3.9/site-packages/airflow/example_dags/example_task_group_decorator.py
[2021-08-11 10:45:18,423] {scheduler_job.py:632} INFO - Processing file /Users/Alex/.local/share/virtualenvs/airflow-1c5-bq0J/lib/python3.9/site-packages/airflow/example_dags/example_task_group_decorator.py for tasks to queue
[2021-08-11 10:45:18,424] {logging_mixin.py:104} INFO - [2021-08-11 10:45:18,424] {dagbag.py:496} INFO - Filling up the DagBag from /Users/Alex/.local/share/virtualenvs/airflow-1c5-bq0J/lib/python3.9/site-packages/airflow/example_dags/example_task_group_decorator.py
[2021-08-11 10:45:18,454] {scheduler_job.py:642} INFO - DAG(s) dict_keys(['example_task_group_decorator']) retrieved from /Users/Alex/.local/share/virtualenvs/airflow-1c5-bq0J/lib/python3.9/site-packages/airflow/example_dags/example_task_group_decorator.py
[2021-08-11 10:45:18,743] {logging_mixin.py:104} INFO - [2021-08-11 10:45:18,743] {dag.py:1833} INFO - Sync 1 DAGs
[2021-08-11 10:45:18,749] {logging_mixin.py:104} INFO - [2021-08-11 10:45:18,749] {dag.py:2306} INFO - Setting next_dagrun for example_task_group_decorator to 2021-08-09 00:00:00+00:00
[2021-08-11 10:45:18,759] {scheduler_job.py:189} INFO - Processing /Users/Alex/.local/share/virtualenvs/airflow-1c5-bq0J/lib/python3.9/site-packages/airflow/example_dags/example_task_group_decorator.py took 0.337 seconds
[2021-08-11 10:46:08,889] {scheduler_job.py:181} INFO - Started process (PID=69573) to work on /Users/Alex/.local/share/virtualenvs/airflow-1c5-bq0J/lib/python3.9/site-packages/airflow/example_dags/example_task_group_decorator.py
[2021-08-11 10:46:08,889] {scheduler_job.py:632} INFO - Processing file /Users/Alex/.local/share/virtualenvs/airflow-1c5-bq0J/lib/python3.9/site-packages/airflow/example_dags/example_task_group_decorator.py for tasks to queue
[2021-08-11 10:46:08,889] {logging_mixin.py:104} INFO - [2021-08-11 10:46:08,889] {dagbag.py:496} INFO - Filling up the DagBag from /Users/Alex/.local/share/virtualenvs/airflow-1c5-bq0J/lib/python3.9/site-packages/airflow/example_dags/example_task_group_decorator.py
[2021-08-11 10:46:08,903] {scheduler_job.py:642} INFO - DAG(s) dict_keys(['example_task_group_decorator']) retrieved from /Users/Alex/.local/share/virtualenvs/airflow-1c5-bq0J/lib/python3.9/site-packages/airflow/example_dags/example_task_group_decorator.py
[2021-08-11 10:46:09,174] {logging_mixin.py:104} INFO - [2021-08-11 10:46:09,174] {dag.py:1833} INFO - Sync 1 DAGs
[2021-08-11 10:46:09,181] {logging_mixin.py:104} INFO - [2021-08-11 10:46:09,181] {dag.py:2306} INFO - Setting next_dagrun for example_task_group_decorator to 2021-08-09 00:00:00+00:00
[2021-08-11 10:46:09,191] {scheduler_job.py:189} INFO - Processing /Users/Alex/.local/share/virtualenvs/airflow-1c5-bq0J/lib/python3.9/site-packages/airflow/example_dags/example_task_group_decorator.py took 0.303 seconds
[2021-08-11 10:47:01,943] {scheduler_job.py:181} INFO - Started process (PID=69619) to work on /Users/Alex/.local/share/virtualenvs/airflow-1c5-bq0J/lib/python3.9/site-packages/airflow/example_dags/example_task_group_decorator.py
[2021-08-11 10:47:01,944] {scheduler_job.py:632} INFO - Processing file /Users/Alex/.local/share/virtualenvs/airflow-1c5-bq0J/lib/python3.9/site-packages/airflow/example_dags/example_task_group_decorator.py for tasks to queue
[2021-08-11 10:47:01,945] {logging_mixin.py:104} INFO - [2021-08-11 10:47:01,945] {dagbag.py:496} INFO - Filling up the DagBag from /Users/Alex/.local/share/virtualenvs/airflow-1c5-bq0J/lib/python3.9/site-packages/airflow/example_dags/example_task_group_decorator.py
[2021-08-11 10:47:01,969] {scheduler_job.py:642} INFO - DAG(s) dict_keys(['example_task_group_decorator']) retrieved from /Users/Alex/.local/share/virtualenvs/airflow-1c5-bq0J/lib/python3.9/site-packages/airflow/example_dags/example_task_group_decorator.py
[2021-08-11 10:47:02,270] {logging_mixin.py:104} INFO - [2021-08-11 10:47:02,270] {dag.py:1833} INFO - Sync 1 DAGs
[2021-08-11 10:47:02,278] {logging_mixin.py:104} INFO - [2021-08-11 10:47:02,278] {dag.py:2306} INFO - Setting next_dagrun for example_task_group_decorator to 2021-08-09 00:00:00+00:00
[2021-08-11 10:47:02,288] {scheduler_job.py:189} INFO - Processing /Users/Alex/.local/share/virtualenvs/airflow-1c5-bq0J/lib/python3.9/site-packages/airflow/example_dags/example_task_group_decorator.py took 0.347 seconds
[2021-08-11 10:47:59,029] {scheduler_job.py:181} INFO - Started process (PID=69704) to work on /Users/Alex/.local/share/virtualenvs/airflow-1c5-bq0J/lib/python3.9/site-packages/airflow/example_dags/example_task_group_decorator.py
[2021-08-11 10:47:59,030] {scheduler_job.py:632} INFO - Processing file /Users/Alex/.local/share/virtualenvs/airflow-1c5-bq0J/lib/python3.9/site-packages/airflow/example_dags/example_task_group_decorator.py for tasks to queue
[2021-08-11 10:47:59,030] {logging_mixin.py:104} INFO - [2021-08-11 10:47:59,030] {dagbag.py:496} INFO - Filling up the DagBag from /Users/Alex/.local/share/virtualenvs/airflow-1c5-bq0J/lib/python3.9/site-packages/airflow/example_dags/example_task_group_decorator.py
[2021-08-11 10:47:59,049] {scheduler_job.py:642} INFO - DAG(s) dict_keys(['example_task_group_decorator']) retrieved from /Users/Alex/.local/share/virtualenvs/airflow-1c5-bq0J/lib/python3.9/site-packages/airflow/example_dags/example_task_group_decorator.py
[2021-08-11 10:47:59,388] {logging_mixin.py:104} INFO - [2021-08-11 10:47:59,387] {dag.py:1833} INFO - Sync 1 DAGs
[2021-08-11 10:47:59,393] {logging_mixin.py:104} INFO - [2021-08-11 10:47:59,393] {dag.py:2306} INFO - Setting next_dagrun for example_task_group_decorator to 2021-08-09 00:00:00+00:00
[2021-08-11 10:47:59,403] {scheduler_job.py:189} INFO - Processing /Users/Alex/.local/share/virtualenvs/airflow-1c5-bq0J/lib/python3.9/site-packages/airflow/example_dags/example_task_group_decorator.py took 0.375 seconds
[2021-08-11 10:48:53,583] {scheduler_job.py:181} INFO - Started process (PID=69808) to work on /Users/Alex/.local/share/virtualenvs/airflow-1c5-bq0J/lib/python3.9/site-packages/airflow/example_dags/example_task_group_decorator.py
[2021-08-11 10:48:53,583] {scheduler_job.py:632} INFO - Processing file /Users/Alex/.local/share/virtualenvs/airflow-1c5-bq0J/lib/python3.9/site-packages/airflow/example_dags/example_task_group_decorator.py for tasks to queue
[2021-08-11 10:48:53,583] {logging_mixin.py:104} INFO - [2021-08-11 10:48:53,583] {dagbag.py:496} INFO - Filling up the DagBag from /Users/Alex/.local/share/virtualenvs/airflow-1c5-bq0J/lib/python3.9/site-packages/airflow/example_dags/example_task_group_decorator.py
[2021-08-11 10:48:53,605] {scheduler_job.py:642} INFO - DAG(s) dict_keys(['example_task_group_decorator']) retrieved from /Users/Alex/.local/share/virtualenvs/airflow-1c5-bq0J/lib/python3.9/site-packages/airflow/example_dags/example_task_group_decorator.py
[2021-08-11 10:48:53,851] {logging_mixin.py:104} INFO - [2021-08-11 10:48:53,851] {dag.py:1833} INFO - Sync 1 DAGs
[2021-08-11 10:48:53,856] {logging_mixin.py:104} INFO - [2021-08-11 10:48:53,856] {dag.py:2306} INFO - Setting next_dagrun for example_task_group_decorator to 2021-08-09 00:00:00+00:00
[2021-08-11 10:48:53,881] {scheduler_job.py:189} INFO - Processing /Users/Alex/.local/share/virtualenvs/airflow-1c5-bq0J/lib/python3.9/site-packages/airflow/example_dags/example_task_group_decorator.py took 0.299 seconds
[2021-08-11 10:49:53,794] {scheduler_job.py:181} INFO - Started process (PID=69869) to work on /Users/Alex/.local/share/virtualenvs/airflow-1c5-bq0J/lib/python3.9/site-packages/airflow/example_dags/example_task_group_decorator.py
[2021-08-11 10:49:53,794] {scheduler_job.py:632} INFO - Processing file /Users/Alex/.local/share/virtualenvs/airflow-1c5-bq0J/lib/python3.9/site-packages/airflow/example_dags/example_task_group_decorator.py for tasks to queue
[2021-08-11 10:49:53,795] {logging_mixin.py:104} INFO - [2021-08-11 10:49:53,795] {dagbag.py:496} INFO - Filling up the DagBag from /Users/Alex/.local/share/virtualenvs/airflow-1c5-bq0J/lib/python3.9/site-packages/airflow/example_dags/example_task_group_decorator.py
[2021-08-11 10:49:53,840] {scheduler_job.py:642} INFO - DAG(s) dict_keys(['example_task_group_decorator']) retrieved from /Users/Alex/.local/share/virtualenvs/airflow-1c5-bq0J/lib/python3.9/site-packages/airflow/example_dags/example_task_group_decorator.py
[2021-08-11 10:49:54,170] {logging_mixin.py:104} INFO - [2021-08-11 10:49:54,170] {dag.py:1833} INFO - Sync 1 DAGs
[2021-08-11 10:49:54,176] {logging_mixin.py:104} INFO - [2021-08-11 10:49:54,176] {dag.py:2306} INFO - Setting next_dagrun for example_task_group_decorator to 2021-08-09 00:00:00+00:00
[2021-08-11 10:49:54,186] {scheduler_job.py:189} INFO - Processing /Users/Alex/.local/share/virtualenvs/airflow-1c5-bq0J/lib/python3.9/site-packages/airflow/example_dags/example_task_group_decorator.py took 0.394 seconds
[2021-08-11 10:50:53,266] {scheduler_job.py:181} INFO - Started process (PID=69989) to work on /Users/Alex/.local/share/virtualenvs/airflow-1c5-bq0J/lib/python3.9/site-packages/airflow/example_dags/example_task_group_decorator.py
[2021-08-11 10:50:53,266] {scheduler_job.py:632} INFO - Processing file /Users/Alex/.local/share/virtualenvs/airflow-1c5-bq0J/lib/python3.9/site-packages/airflow/example_dags/example_task_group_decorator.py for tasks to queue
[2021-08-11 10:50:53,266] {logging_mixin.py:104} INFO - [2021-08-11 10:50:53,266] {dagbag.py:496} INFO - Filling up the DagBag from /Users/Alex/.local/share/virtualenvs/airflow-1c5-bq0J/lib/python3.9/site-packages/airflow/example_dags/example_task_group_decorator.py
[2021-08-11 10:50:53,279] {scheduler_job.py:642} INFO - DAG(s) dict_keys(['example_task_group_decorator']) retrieved from /Users/Alex/.local/share/virtualenvs/airflow-1c5-bq0J/lib/python3.9/site-packages/airflow/example_dags/example_task_group_decorator.py
[2021-08-11 10:50:53,529] {logging_mixin.py:104} INFO - [2021-08-11 10:50:53,529] {dag.py:1833} INFO - Sync 1 DAGs
[2021-08-11 10:50:53,535] {logging_mixin.py:104} INFO - [2021-08-11 10:50:53,535] {dag.py:2306} INFO - Setting next_dagrun for example_task_group_decorator to 2021-08-09 00:00:00+00:00
[2021-08-11 10:50:53,545] {scheduler_job.py:189} INFO - Processing /Users/Alex/.local/share/virtualenvs/airflow-1c5-bq0J/lib/python3.9/site-packages/airflow/example_dags/example_task_group_decorator.py took 0.280 seconds
[2021-08-11 10:51:49,921] {scheduler_job.py:181} INFO - Started process (PID=70094) to work on /Users/Alex/.local/share/virtualenvs/airflow-1c5-bq0J/lib/python3.9/site-packages/airflow/example_dags/example_task_group_decorator.py
[2021-08-11 10:51:49,922] {scheduler_job.py:632} INFO - Processing file /Users/Alex/.local/share/virtualenvs/airflow-1c5-bq0J/lib/python3.9/site-packages/airflow/example_dags/example_task_group_decorator.py for tasks to queue
[2021-08-11 10:51:49,922] {logging_mixin.py:104} INFO - [2021-08-11 10:51:49,922] {dagbag.py:496} INFO - Filling up the DagBag from /Users/Alex/.local/share/virtualenvs/airflow-1c5-bq0J/lib/python3.9/site-packages/airflow/example_dags/example_task_group_decorator.py
[2021-08-11 10:51:49,937] {scheduler_job.py:642} INFO - DAG(s) dict_keys(['example_task_group_decorator']) retrieved from /Users/Alex/.local/share/virtualenvs/airflow-1c5-bq0J/lib/python3.9/site-packages/airflow/example_dags/example_task_group_decorator.py
[2021-08-11 10:51:50,211] {logging_mixin.py:104} INFO - [2021-08-11 10:51:50,211] {dag.py:1833} INFO - Sync 1 DAGs
[2021-08-11 10:51:50,219] {logging_mixin.py:104} INFO - [2021-08-11 10:51:50,219] {dag.py:2306} INFO - Setting next_dagrun for example_task_group_decorator to 2021-08-09 00:00:00+00:00
[2021-08-11 10:51:50,229] {scheduler_job.py:189} INFO - Processing /Users/Alex/.local/share/virtualenvs/airflow-1c5-bq0J/lib/python3.9/site-packages/airflow/example_dags/example_task_group_decorator.py took 0.308 seconds
[2021-08-11 10:52:46,308] {scheduler_job.py:181} INFO - Started process (PID=70201) to work on /Users/Alex/.local/share/virtualenvs/airflow-1c5-bq0J/lib/python3.9/site-packages/airflow/example_dags/example_task_group_decorator.py
[2021-08-11 10:52:46,308] {scheduler_job.py:632} INFO - Processing file /Users/Alex/.local/share/virtualenvs/airflow-1c5-bq0J/lib/python3.9/site-packages/airflow/example_dags/example_task_group_decorator.py for tasks to queue
[2021-08-11 10:52:46,308] {logging_mixin.py:104} INFO - [2021-08-11 10:52:46,308] {dagbag.py:496} INFO - Filling up the DagBag from /Users/Alex/.local/share/virtualenvs/airflow-1c5-bq0J/lib/python3.9/site-packages/airflow/example_dags/example_task_group_decorator.py
[2021-08-11 10:52:46,329] {scheduler_job.py:642} INFO - DAG(s) dict_keys(['example_task_group_decorator']) retrieved from /Users/Alex/.local/share/virtualenvs/airflow-1c5-bq0J/lib/python3.9/site-packages/airflow/example_dags/example_task_group_decorator.py
[2021-08-11 10:52:46,871] {logging_mixin.py:104} INFO - [2021-08-11 10:52:46,871] {dag.py:1833} INFO - Sync 1 DAGs
[2021-08-11 10:52:46,879] {logging_mixin.py:104} INFO - [2021-08-11 10:52:46,879] {dag.py:2306} INFO - Setting next_dagrun for example_task_group_decorator to 2021-08-09 00:00:00+00:00
[2021-08-11 10:52:46,889] {scheduler_job.py:189} INFO - Processing /Users/Alex/.local/share/virtualenvs/airflow-1c5-bq0J/lib/python3.9/site-packages/airflow/example_dags/example_task_group_decorator.py took 0.582 seconds
[2021-08-11 10:53:42,639] {scheduler_job.py:181} INFO - Started process (PID=70301) to work on /Users/Alex/.local/share/virtualenvs/airflow-1c5-bq0J/lib/python3.9/site-packages/airflow/example_dags/example_task_group_decorator.py
[2021-08-11 10:53:42,641] {scheduler_job.py:632} INFO - Processing file /Users/Alex/.local/share/virtualenvs/airflow-1c5-bq0J/lib/python3.9/site-packages/airflow/example_dags/example_task_group_decorator.py for tasks to queue
[2021-08-11 10:53:42,642] {logging_mixin.py:104} INFO - [2021-08-11 10:53:42,641] {dagbag.py:496} INFO - Filling up the DagBag from /Users/Alex/.local/share/virtualenvs/airflow-1c5-bq0J/lib/python3.9/site-packages/airflow/example_dags/example_task_group_decorator.py
[2021-08-11 10:53:42,656] {scheduler_job.py:642} INFO - DAG(s) dict_keys(['example_task_group_decorator']) retrieved from /Users/Alex/.local/share/virtualenvs/airflow-1c5-bq0J/lib/python3.9/site-packages/airflow/example_dags/example_task_group_decorator.py
[2021-08-11 10:53:43,034] {logging_mixin.py:104} INFO - [2021-08-11 10:53:43,034] {dag.py:1833} INFO - Sync 1 DAGs
[2021-08-11 10:53:43,039] {logging_mixin.py:104} INFO - [2021-08-11 10:53:43,039] {dag.py:2306} INFO - Setting next_dagrun for example_task_group_decorator to 2021-08-09 00:00:00+00:00
[2021-08-11 10:53:43,049] {scheduler_job.py:189} INFO - Processing /Users/Alex/.local/share/virtualenvs/airflow-1c5-bq0J/lib/python3.9/site-packages/airflow/example_dags/example_task_group_decorator.py took 0.411 seconds
[2021-08-11 10:54:34,973] {scheduler_job.py:181} INFO - Started process (PID=70384) to work on /Users/Alex/.local/share/virtualenvs/airflow-1c5-bq0J/lib/python3.9/site-packages/airflow/example_dags/example_task_group_decorator.py
[2021-08-11 10:54:34,976] {scheduler_job.py:632} INFO - Processing file /Users/Alex/.local/share/virtualenvs/airflow-1c5-bq0J/lib/python3.9/site-packages/airflow/example_dags/example_task_group_decorator.py for tasks to queue
[2021-08-11 10:54:34,977] {logging_mixin.py:104} INFO - [2021-08-11 10:54:34,977] {dagbag.py:496} INFO - Filling up the DagBag from /Users/Alex/.local/share/virtualenvs/airflow-1c5-bq0J/lib/python3.9/site-packages/airflow/example_dags/example_task_group_decorator.py
[2021-08-11 10:54:35,015] {scheduler_job.py:642} INFO - DAG(s) dict_keys(['example_task_group_decorator']) retrieved from /Users/Alex/.local/share/virtualenvs/airflow-1c5-bq0J/lib/python3.9/site-packages/airflow/example_dags/example_task_group_decorator.py
[2021-08-11 10:54:35,308] {logging_mixin.py:104} INFO - [2021-08-11 10:54:35,308] {dag.py:1833} INFO - Sync 1 DAGs
[2021-08-11 10:54:35,313] {logging_mixin.py:104} INFO - [2021-08-11 10:54:35,313] {dag.py:2306} INFO - Setting next_dagrun for example_task_group_decorator to 2021-08-09 00:00:00+00:00
[2021-08-11 10:54:35,323] {scheduler_job.py:189} INFO - Processing /Users/Alex/.local/share/virtualenvs/airflow-1c5-bq0J/lib/python3.9/site-packages/airflow/example_dags/example_task_group_decorator.py took 0.352 seconds
[2021-08-11 10:55:36,488] {scheduler_job.py:181} INFO - Started process (PID=70497) to work on /Users/Alex/.local/share/virtualenvs/airflow-1c5-bq0J/lib/python3.9/site-packages/airflow/example_dags/example_task_group_decorator.py
[2021-08-11 10:55:36,489] {scheduler_job.py:632} INFO - Processing file /Users/Alex/.local/share/virtualenvs/airflow-1c5-bq0J/lib/python3.9/site-packages/airflow/example_dags/example_task_group_decorator.py for tasks to queue
[2021-08-11 10:55:36,489] {logging_mixin.py:104} INFO - [2021-08-11 10:55:36,489] {dagbag.py:496} INFO - Filling up the DagBag from /Users/Alex/.local/share/virtualenvs/airflow-1c5-bq0J/lib/python3.9/site-packages/airflow/example_dags/example_task_group_decorator.py
[2021-08-11 10:55:36,502] {scheduler_job.py:642} INFO - DAG(s) dict_keys(['example_task_group_decorator']) retrieved from /Users/Alex/.local/share/virtualenvs/airflow-1c5-bq0J/lib/python3.9/site-packages/airflow/example_dags/example_task_group_decorator.py
[2021-08-11 10:55:36,740] {logging_mixin.py:104} INFO - [2021-08-11 10:55:36,740] {dag.py:1833} INFO - Sync 1 DAGs
[2021-08-11 10:55:36,745] {logging_mixin.py:104} INFO - [2021-08-11 10:55:36,745] {dag.py:2306} INFO - Setting next_dagrun for example_task_group_decorator to 2021-08-09 00:00:00+00:00
[2021-08-11 10:55:36,755] {scheduler_job.py:189} INFO - Processing /Users/Alex/.local/share/virtualenvs/airflow-1c5-bq0J/lib/python3.9/site-packages/airflow/example_dags/example_task_group_decorator.py took 0.267 seconds
[2021-08-11 10:56:35,375] {scheduler_job.py:181} INFO - Started process (PID=70598) to work on /Users/Alex/.local/share/virtualenvs/airflow-1c5-bq0J/lib/python3.9/site-packages/airflow/example_dags/example_task_group_decorator.py
[2021-08-11 10:56:35,376] {scheduler_job.py:632} INFO - Processing file /Users/Alex/.local/share/virtualenvs/airflow-1c5-bq0J/lib/python3.9/site-packages/airflow/example_dags/example_task_group_decorator.py for tasks to queue
[2021-08-11 10:56:35,376] {logging_mixin.py:104} INFO - [2021-08-11 10:56:35,376] {dagbag.py:496} INFO - Filling up the DagBag from /Users/Alex/.local/share/virtualenvs/airflow-1c5-bq0J/lib/python3.9/site-packages/airflow/example_dags/example_task_group_decorator.py
[2021-08-11 10:56:35,391] {scheduler_job.py:642} INFO - DAG(s) dict_keys(['example_task_group_decorator']) retrieved from /Users/Alex/.local/share/virtualenvs/airflow-1c5-bq0J/lib/python3.9/site-packages/airflow/example_dags/example_task_group_decorator.py
[2021-08-11 10:56:35,625] {logging_mixin.py:104} INFO - [2021-08-11 10:56:35,625] {dag.py:1833} INFO - Sync 1 DAGs
[2021-08-11 10:56:35,631] {logging_mixin.py:104} INFO - [2021-08-11 10:56:35,630] {dag.py:2306} INFO - Setting next_dagrun for example_task_group_decorator to 2021-08-09 00:00:00+00:00
[2021-08-11 10:56:35,638] {scheduler_job.py:189} INFO - Processing /Users/Alex/.local/share/virtualenvs/airflow-1c5-bq0J/lib/python3.9/site-packages/airflow/example_dags/example_task_group_decorator.py took 0.263 seconds
[2021-08-11 10:57:30,733] {scheduler_job.py:181} INFO - Started process (PID=70716) to work on /Users/Alex/.local/share/virtualenvs/airflow-1c5-bq0J/lib/python3.9/site-packages/airflow/example_dags/example_task_group_decorator.py
[2021-08-11 10:57:30,733] {scheduler_job.py:632} INFO - Processing file /Users/Alex/.local/share/virtualenvs/airflow-1c5-bq0J/lib/python3.9/site-packages/airflow/example_dags/example_task_group_decorator.py for tasks to queue
[2021-08-11 10:57:30,734] {logging_mixin.py:104} INFO - [2021-08-11 10:57:30,734] {dagbag.py:496} INFO - Filling up the DagBag from /Users/Alex/.local/share/virtualenvs/airflow-1c5-bq0J/lib/python3.9/site-packages/airflow/example_dags/example_task_group_decorator.py
[2021-08-11 10:57:30,748] {scheduler_job.py:642} INFO - DAG(s) dict_keys(['example_task_group_decorator']) retrieved from /Users/Alex/.local/share/virtualenvs/airflow-1c5-bq0J/lib/python3.9/site-packages/airflow/example_dags/example_task_group_decorator.py
[2021-08-11 10:57:30,977] {logging_mixin.py:104} INFO - [2021-08-11 10:57:30,977] {dag.py:1833} INFO - Sync 1 DAGs
[2021-08-11 10:57:30,982] {logging_mixin.py:104} INFO - [2021-08-11 10:57:30,982] {dag.py:2306} INFO - Setting next_dagrun for example_task_group_decorator to 2021-08-09 00:00:00+00:00
[2021-08-11 10:57:30,991] {scheduler_job.py:189} INFO - Processing /Users/Alex/.local/share/virtualenvs/airflow-1c5-bq0J/lib/python3.9/site-packages/airflow/example_dags/example_task_group_decorator.py took 0.259 seconds
[2021-08-11 10:58:27,350] {scheduler_job.py:181} INFO - Started process (PID=70821) to work on /Users/Alex/.local/share/virtualenvs/airflow-1c5-bq0J/lib/python3.9/site-packages/airflow/example_dags/example_task_group_decorator.py
[2021-08-11 10:58:27,350] {scheduler_job.py:632} INFO - Processing file /Users/Alex/.local/share/virtualenvs/airflow-1c5-bq0J/lib/python3.9/site-packages/airflow/example_dags/example_task_group_decorator.py for tasks to queue
[2021-08-11 10:58:27,351] {logging_mixin.py:104} INFO - [2021-08-11 10:58:27,351] {dagbag.py:496} INFO - Filling up the DagBag from /Users/Alex/.local/share/virtualenvs/airflow-1c5-bq0J/lib/python3.9/site-packages/airflow/example_dags/example_task_group_decorator.py
[2021-08-11 10:58:27,366] {scheduler_job.py:642} INFO - DAG(s) dict_keys(['example_task_group_decorator']) retrieved from /Users/Alex/.local/share/virtualenvs/airflow-1c5-bq0J/lib/python3.9/site-packages/airflow/example_dags/example_task_group_decorator.py
[2021-08-11 10:58:27,758] {logging_mixin.py:104} INFO - [2021-08-11 10:58:27,758] {dag.py:1833} INFO - Sync 1 DAGs
[2021-08-11 10:58:27,764] {logging_mixin.py:104} INFO - [2021-08-11 10:58:27,764] {dag.py:2306} INFO - Setting next_dagrun for example_task_group_decorator to 2021-08-09 00:00:00+00:00
[2021-08-11 10:58:27,775] {scheduler_job.py:189} INFO - Processing /Users/Alex/.local/share/virtualenvs/airflow-1c5-bq0J/lib/python3.9/site-packages/airflow/example_dags/example_task_group_decorator.py took 0.425 seconds
[2021-08-11 10:59:27,204] {scheduler_job.py:181} INFO - Started process (PID=70931) to work on /Users/Alex/.local/share/virtualenvs/airflow-1c5-bq0J/lib/python3.9/site-packages/airflow/example_dags/example_task_group_decorator.py
[2021-08-11 10:59:27,204] {scheduler_job.py:632} INFO - Processing file /Users/Alex/.local/share/virtualenvs/airflow-1c5-bq0J/lib/python3.9/site-packages/airflow/example_dags/example_task_group_decorator.py for tasks to queue
[2021-08-11 10:59:27,204] {logging_mixin.py:104} INFO - [2021-08-11 10:59:27,204] {dagbag.py:496} INFO - Filling up the DagBag from /Users/Alex/.local/share/virtualenvs/airflow-1c5-bq0J/lib/python3.9/site-packages/airflow/example_dags/example_task_group_decorator.py
[2021-08-11 10:59:27,221] {scheduler_job.py:642} INFO - DAG(s) dict_keys(['example_task_group_decorator']) retrieved from /Users/Alex/.local/share/virtualenvs/airflow-1c5-bq0J/lib/python3.9/site-packages/airflow/example_dags/example_task_group_decorator.py
[2021-08-11 10:59:27,475] {logging_mixin.py:104} INFO - [2021-08-11 10:59:27,475] {dag.py:1833} INFO - Sync 1 DAGs
[2021-08-11 10:59:27,481] {logging_mixin.py:104} INFO - [2021-08-11 10:59:27,481] {dag.py:2306} INFO - Setting next_dagrun for example_task_group_decorator to 2021-08-09 00:00:00+00:00
[2021-08-11 10:59:27,490] {scheduler_job.py:189} INFO - Processing /Users/Alex/.local/share/virtualenvs/airflow-1c5-bq0J/lib/python3.9/site-packages/airflow/example_dags/example_task_group_decorator.py took 0.287 seconds
[2021-08-11 11:00:24,497] {scheduler_job.py:181} INFO - Started process (PID=71049) to work on /Users/Alex/.local/share/virtualenvs/airflow-1c5-bq0J/lib/python3.9/site-packages/airflow/example_dags/example_task_group_decorator.py
[2021-08-11 11:00:24,497] {scheduler_job.py:632} INFO - Processing file /Users/Alex/.local/share/virtualenvs/airflow-1c5-bq0J/lib/python3.9/site-packages/airflow/example_dags/example_task_group_decorator.py for tasks to queue
[2021-08-11 11:00:24,497] {logging_mixin.py:104} INFO - [2021-08-11 11:00:24,497] {dagbag.py:496} INFO - Filling up the DagBag from /Users/Alex/.local/share/virtualenvs/airflow-1c5-bq0J/lib/python3.9/site-packages/airflow/example_dags/example_task_group_decorator.py
[2021-08-11 11:00:24,511] {scheduler_job.py:642} INFO - DAG(s) dict_keys(['example_task_group_decorator']) retrieved from /Users/Alex/.local/share/virtualenvs/airflow-1c5-bq0J/lib/python3.9/site-packages/airflow/example_dags/example_task_group_decorator.py
[2021-08-11 11:00:24,914] {logging_mixin.py:104} INFO - [2021-08-11 11:00:24,914] {dag.py:1833} INFO - Sync 1 DAGs
[2021-08-11 11:00:24,920] {logging_mixin.py:104} INFO - [2021-08-11 11:00:24,920] {dag.py:2306} INFO - Setting next_dagrun for example_task_group_decorator to 2021-08-09 00:00:00+00:00
[2021-08-11 11:00:24,930] {scheduler_job.py:189} INFO - Processing /Users/Alex/.local/share/virtualenvs/airflow-1c5-bq0J/lib/python3.9/site-packages/airflow/example_dags/example_task_group_decorator.py took 0.434 seconds
[2021-08-11 11:01:25,311] {scheduler_job.py:181} INFO - Started process (PID=71165) to work on /Users/Alex/.local/share/virtualenvs/airflow-1c5-bq0J/lib/python3.9/site-packages/airflow/example_dags/example_task_group_decorator.py
[2021-08-11 11:01:25,312] {scheduler_job.py:632} INFO - Processing file /Users/Alex/.local/share/virtualenvs/airflow-1c5-bq0J/lib/python3.9/site-packages/airflow/example_dags/example_task_group_decorator.py for tasks to queue
[2021-08-11 11:01:25,312] {logging_mixin.py:104} INFO - [2021-08-11 11:01:25,312] {dagbag.py:496} INFO - Filling up the DagBag from /Users/Alex/.local/share/virtualenvs/airflow-1c5-bq0J/lib/python3.9/site-packages/airflow/example_dags/example_task_group_decorator.py
[2021-08-11 11:01:25,328] {scheduler_job.py:642} INFO - DAG(s) dict_keys(['example_task_group_decorator']) retrieved from /Users/Alex/.local/share/virtualenvs/airflow-1c5-bq0J/lib/python3.9/site-packages/airflow/example_dags/example_task_group_decorator.py
[2021-08-11 11:01:25,572] {logging_mixin.py:104} INFO - [2021-08-11 11:01:25,571] {dag.py:1833} INFO - Sync 1 DAGs
[2021-08-11 11:01:25,577] {logging_mixin.py:104} INFO - [2021-08-11 11:01:25,577] {dag.py:2306} INFO - Setting next_dagrun for example_task_group_decorator to 2021-08-09 00:00:00+00:00
[2021-08-11 11:01:25,587] {scheduler_job.py:189} INFO - Processing /Users/Alex/.local/share/virtualenvs/airflow-1c5-bq0J/lib/python3.9/site-packages/airflow/example_dags/example_task_group_decorator.py took 0.276 seconds
