[2021-08-11 10:44:46,613] {scheduler_job.py:181} INFO - Started process (PID=69458) to work on /Users/Alex/.local/share/virtualenvs/airflow-1c5-bq0J/lib/python3.9/site-packages/airflow/example_dags/example_dag_decorator.py
[2021-08-11 10:44:46,613] {scheduler_job.py:632} INFO - Processing file /Users/Alex/.local/share/virtualenvs/airflow-1c5-bq0J/lib/python3.9/site-packages/airflow/example_dags/example_dag_decorator.py for tasks to queue
[2021-08-11 10:44:46,613] {logging_mixin.py:104} INFO - [2021-08-11 10:44:46,613] {dagbag.py:496} INFO - Filling up the DagBag from /Users/Alex/.local/share/virtualenvs/airflow-1c5-bq0J/lib/python3.9/site-packages/airflow/example_dags/example_dag_decorator.py
[2021-08-11 10:44:46,624] {scheduler_job.py:642} INFO - DAG(s) dict_keys(['example_dag_decorator']) retrieved from /Users/Alex/.local/share/virtualenvs/airflow-1c5-bq0J/lib/python3.9/site-packages/airflow/example_dags/example_dag_decorator.py
[2021-08-11 10:44:46,866] {logging_mixin.py:104} INFO - [2021-08-11 10:44:46,866] {dag.py:1833} INFO - Sync 1 DAGs
[2021-08-11 10:44:46,871] {logging_mixin.py:104} INFO - [2021-08-11 10:44:46,871] {dag.py:2306} INFO - Setting next_dagrun for example_dag_decorator to None
[2021-08-11 10:44:46,880] {scheduler_job.py:189} INFO - Processing /Users/Alex/.local/share/virtualenvs/airflow-1c5-bq0J/lib/python3.9/site-packages/airflow/example_dags/example_dag_decorator.py took 0.268 seconds
[2021-08-11 10:45:40,938] {scheduler_job.py:181} INFO - Started process (PID=69536) to work on /Users/Alex/.local/share/virtualenvs/airflow-1c5-bq0J/lib/python3.9/site-packages/airflow/example_dags/example_dag_decorator.py
[2021-08-11 10:45:40,938] {scheduler_job.py:632} INFO - Processing file /Users/Alex/.local/share/virtualenvs/airflow-1c5-bq0J/lib/python3.9/site-packages/airflow/example_dags/example_dag_decorator.py for tasks to queue
[2021-08-11 10:45:40,938] {logging_mixin.py:104} INFO - [2021-08-11 10:45:40,938] {dagbag.py:496} INFO - Filling up the DagBag from /Users/Alex/.local/share/virtualenvs/airflow-1c5-bq0J/lib/python3.9/site-packages/airflow/example_dags/example_dag_decorator.py
[2021-08-11 10:45:40,949] {scheduler_job.py:642} INFO - DAG(s) dict_keys(['example_dag_decorator']) retrieved from /Users/Alex/.local/share/virtualenvs/airflow-1c5-bq0J/lib/python3.9/site-packages/airflow/example_dags/example_dag_decorator.py
[2021-08-11 10:45:41,189] {logging_mixin.py:104} INFO - [2021-08-11 10:45:41,189] {dag.py:1833} INFO - Sync 1 DAGs
[2021-08-11 10:45:41,195] {logging_mixin.py:104} INFO - [2021-08-11 10:45:41,195] {dag.py:2306} INFO - Setting next_dagrun for example_dag_decorator to None
[2021-08-11 10:45:41,204] {scheduler_job.py:189} INFO - Processing /Users/Alex/.local/share/virtualenvs/airflow-1c5-bq0J/lib/python3.9/site-packages/airflow/example_dags/example_dag_decorator.py took 0.267 seconds
[2021-08-11 10:46:36,678] {scheduler_job.py:181} INFO - Started process (PID=69602) to work on /Users/Alex/.local/share/virtualenvs/airflow-1c5-bq0J/lib/python3.9/site-packages/airflow/example_dags/example_dag_decorator.py
[2021-08-11 10:46:36,678] {scheduler_job.py:632} INFO - Processing file /Users/Alex/.local/share/virtualenvs/airflow-1c5-bq0J/lib/python3.9/site-packages/airflow/example_dags/example_dag_decorator.py for tasks to queue
[2021-08-11 10:46:36,679] {logging_mixin.py:104} INFO - [2021-08-11 10:46:36,679] {dagbag.py:496} INFO - Filling up the DagBag from /Users/Alex/.local/share/virtualenvs/airflow-1c5-bq0J/lib/python3.9/site-packages/airflow/example_dags/example_dag_decorator.py
[2021-08-11 10:46:36,688] {scheduler_job.py:642} INFO - DAG(s) dict_keys(['example_dag_decorator']) retrieved from /Users/Alex/.local/share/virtualenvs/airflow-1c5-bq0J/lib/python3.9/site-packages/airflow/example_dags/example_dag_decorator.py
[2021-08-11 10:46:36,920] {logging_mixin.py:104} INFO - [2021-08-11 10:46:36,920] {dag.py:1833} INFO - Sync 1 DAGs
[2021-08-11 10:46:36,925] {logging_mixin.py:104} INFO - [2021-08-11 10:46:36,925] {dag.py:2306} INFO - Setting next_dagrun for example_dag_decorator to None
[2021-08-11 10:46:36,934] {scheduler_job.py:189} INFO - Processing /Users/Alex/.local/share/virtualenvs/airflow-1c5-bq0J/lib/python3.9/site-packages/airflow/example_dags/example_dag_decorator.py took 0.257 seconds
[2021-08-11 10:47:30,503] {scheduler_job.py:181} INFO - Started process (PID=69654) to work on /Users/Alex/.local/share/virtualenvs/airflow-1c5-bq0J/lib/python3.9/site-packages/airflow/example_dags/example_dag_decorator.py
[2021-08-11 10:47:30,504] {scheduler_job.py:632} INFO - Processing file /Users/Alex/.local/share/virtualenvs/airflow-1c5-bq0J/lib/python3.9/site-packages/airflow/example_dags/example_dag_decorator.py for tasks to queue
[2021-08-11 10:47:30,504] {logging_mixin.py:104} INFO - [2021-08-11 10:47:30,504] {dagbag.py:496} INFO - Filling up the DagBag from /Users/Alex/.local/share/virtualenvs/airflow-1c5-bq0J/lib/python3.9/site-packages/airflow/example_dags/example_dag_decorator.py
[2021-08-11 10:47:30,516] {scheduler_job.py:642} INFO - DAG(s) dict_keys(['example_dag_decorator']) retrieved from /Users/Alex/.local/share/virtualenvs/airflow-1c5-bq0J/lib/python3.9/site-packages/airflow/example_dags/example_dag_decorator.py
[2021-08-11 10:47:30,756] {logging_mixin.py:104} INFO - [2021-08-11 10:47:30,756] {dag.py:1833} INFO - Sync 1 DAGs
[2021-08-11 10:47:30,761] {logging_mixin.py:104} INFO - [2021-08-11 10:47:30,761] {dag.py:2306} INFO - Setting next_dagrun for example_dag_decorator to None
[2021-08-11 10:47:30,770] {scheduler_job.py:189} INFO - Processing /Users/Alex/.local/share/virtualenvs/airflow-1c5-bq0J/lib/python3.9/site-packages/airflow/example_dags/example_dag_decorator.py took 0.268 seconds
[2021-08-11 10:48:26,752] {scheduler_job.py:181} INFO - Started process (PID=69754) to work on /Users/Alex/.local/share/virtualenvs/airflow-1c5-bq0J/lib/python3.9/site-packages/airflow/example_dags/example_dag_decorator.py
[2021-08-11 10:48:26,752] {scheduler_job.py:632} INFO - Processing file /Users/Alex/.local/share/virtualenvs/airflow-1c5-bq0J/lib/python3.9/site-packages/airflow/example_dags/example_dag_decorator.py for tasks to queue
[2021-08-11 10:48:26,752] {logging_mixin.py:104} INFO - [2021-08-11 10:48:26,752] {dagbag.py:496} INFO - Filling up the DagBag from /Users/Alex/.local/share/virtualenvs/airflow-1c5-bq0J/lib/python3.9/site-packages/airflow/example_dags/example_dag_decorator.py
[2021-08-11 10:48:26,763] {scheduler_job.py:642} INFO - DAG(s) dict_keys(['example_dag_decorator']) retrieved from /Users/Alex/.local/share/virtualenvs/airflow-1c5-bq0J/lib/python3.9/site-packages/airflow/example_dags/example_dag_decorator.py
[2021-08-11 10:48:27,015] {logging_mixin.py:104} INFO - [2021-08-11 10:48:27,015] {dag.py:1833} INFO - Sync 1 DAGs
[2021-08-11 10:48:27,021] {logging_mixin.py:104} INFO - [2021-08-11 10:48:27,021] {dag.py:2306} INFO - Setting next_dagrun for example_dag_decorator to None
[2021-08-11 10:48:27,027] {scheduler_job.py:189} INFO - Processing /Users/Alex/.local/share/virtualenvs/airflow-1c5-bq0J/lib/python3.9/site-packages/airflow/example_dags/example_dag_decorator.py took 0.276 seconds
[2021-08-11 10:49:25,430] {scheduler_job.py:181} INFO - Started process (PID=69841) to work on /Users/Alex/.local/share/virtualenvs/airflow-1c5-bq0J/lib/python3.9/site-packages/airflow/example_dags/example_dag_decorator.py
[2021-08-11 10:49:25,431] {scheduler_job.py:632} INFO - Processing file /Users/Alex/.local/share/virtualenvs/airflow-1c5-bq0J/lib/python3.9/site-packages/airflow/example_dags/example_dag_decorator.py for tasks to queue
[2021-08-11 10:49:25,431] {logging_mixin.py:104} INFO - [2021-08-11 10:49:25,431] {dagbag.py:496} INFO - Filling up the DagBag from /Users/Alex/.local/share/virtualenvs/airflow-1c5-bq0J/lib/python3.9/site-packages/airflow/example_dags/example_dag_decorator.py
[2021-08-11 10:49:25,442] {scheduler_job.py:642} INFO - DAG(s) dict_keys(['example_dag_decorator']) retrieved from /Users/Alex/.local/share/virtualenvs/airflow-1c5-bq0J/lib/python3.9/site-packages/airflow/example_dags/example_dag_decorator.py
[2021-08-11 10:49:25,689] {logging_mixin.py:104} INFO - [2021-08-11 10:49:25,689] {dag.py:1833} INFO - Sync 1 DAGs
[2021-08-11 10:49:25,711] {logging_mixin.py:104} INFO - [2021-08-11 10:49:25,711] {dag.py:2306} INFO - Setting next_dagrun for example_dag_decorator to None
[2021-08-11 10:49:25,754] {scheduler_job.py:189} INFO - Processing /Users/Alex/.local/share/virtualenvs/airflow-1c5-bq0J/lib/python3.9/site-packages/airflow/example_dags/example_dag_decorator.py took 0.325 seconds
[2021-08-11 10:50:24,423] {scheduler_job.py:181} INFO - Started process (PID=69925) to work on /Users/Alex/.local/share/virtualenvs/airflow-1c5-bq0J/lib/python3.9/site-packages/airflow/example_dags/example_dag_decorator.py
[2021-08-11 10:50:24,426] {scheduler_job.py:632} INFO - Processing file /Users/Alex/.local/share/virtualenvs/airflow-1c5-bq0J/lib/python3.9/site-packages/airflow/example_dags/example_dag_decorator.py for tasks to queue
[2021-08-11 10:50:24,427] {logging_mixin.py:104} INFO - [2021-08-11 10:50:24,426] {dagbag.py:496} INFO - Filling up the DagBag from /Users/Alex/.local/share/virtualenvs/airflow-1c5-bq0J/lib/python3.9/site-packages/airflow/example_dags/example_dag_decorator.py
[2021-08-11 10:50:24,442] {scheduler_job.py:642} INFO - DAG(s) dict_keys(['example_dag_decorator']) retrieved from /Users/Alex/.local/share/virtualenvs/airflow-1c5-bq0J/lib/python3.9/site-packages/airflow/example_dags/example_dag_decorator.py
[2021-08-11 10:50:24,748] {logging_mixin.py:104} INFO - [2021-08-11 10:50:24,748] {dag.py:1833} INFO - Sync 1 DAGs
[2021-08-11 10:50:24,756] {logging_mixin.py:104} INFO - [2021-08-11 10:50:24,756] {dag.py:2306} INFO - Setting next_dagrun for example_dag_decorator to None
[2021-08-11 10:50:24,765] {scheduler_job.py:189} INFO - Processing /Users/Alex/.local/share/virtualenvs/airflow-1c5-bq0J/lib/python3.9/site-packages/airflow/example_dags/example_dag_decorator.py took 0.342 seconds
[2021-08-11 10:51:21,736] {scheduler_job.py:181} INFO - Started process (PID=70046) to work on /Users/Alex/.local/share/virtualenvs/airflow-1c5-bq0J/lib/python3.9/site-packages/airflow/example_dags/example_dag_decorator.py
[2021-08-11 10:51:21,736] {scheduler_job.py:632} INFO - Processing file /Users/Alex/.local/share/virtualenvs/airflow-1c5-bq0J/lib/python3.9/site-packages/airflow/example_dags/example_dag_decorator.py for tasks to queue
[2021-08-11 10:51:21,737] {logging_mixin.py:104} INFO - [2021-08-11 10:51:21,737] {dagbag.py:496} INFO - Filling up the DagBag from /Users/Alex/.local/share/virtualenvs/airflow-1c5-bq0J/lib/python3.9/site-packages/airflow/example_dags/example_dag_decorator.py
[2021-08-11 10:51:21,749] {scheduler_job.py:642} INFO - DAG(s) dict_keys(['example_dag_decorator']) retrieved from /Users/Alex/.local/share/virtualenvs/airflow-1c5-bq0J/lib/python3.9/site-packages/airflow/example_dags/example_dag_decorator.py
[2021-08-11 10:51:21,980] {logging_mixin.py:104} INFO - [2021-08-11 10:51:21,980] {dag.py:1833} INFO - Sync 1 DAGs
[2021-08-11 10:51:21,986] {logging_mixin.py:104} INFO - [2021-08-11 10:51:21,986] {dag.py:2306} INFO - Setting next_dagrun for example_dag_decorator to None
[2021-08-11 10:51:21,993] {scheduler_job.py:189} INFO - Processing /Users/Alex/.local/share/virtualenvs/airflow-1c5-bq0J/lib/python3.9/site-packages/airflow/example_dags/example_dag_decorator.py took 0.257 seconds
[2021-08-11 10:52:17,201] {scheduler_job.py:181} INFO - Started process (PID=70152) to work on /Users/Alex/.local/share/virtualenvs/airflow-1c5-bq0J/lib/python3.9/site-packages/airflow/example_dags/example_dag_decorator.py
[2021-08-11 10:52:17,201] {scheduler_job.py:632} INFO - Processing file /Users/Alex/.local/share/virtualenvs/airflow-1c5-bq0J/lib/python3.9/site-packages/airflow/example_dags/example_dag_decorator.py for tasks to queue
[2021-08-11 10:52:17,201] {logging_mixin.py:104} INFO - [2021-08-11 10:52:17,201] {dagbag.py:496} INFO - Filling up the DagBag from /Users/Alex/.local/share/virtualenvs/airflow-1c5-bq0J/lib/python3.9/site-packages/airflow/example_dags/example_dag_decorator.py
[2021-08-11 10:52:17,211] {scheduler_job.py:642} INFO - DAG(s) dict_keys(['example_dag_decorator']) retrieved from /Users/Alex/.local/share/virtualenvs/airflow-1c5-bq0J/lib/python3.9/site-packages/airflow/example_dags/example_dag_decorator.py
[2021-08-11 10:52:17,452] {logging_mixin.py:104} INFO - [2021-08-11 10:52:17,452] {dag.py:1833} INFO - Sync 1 DAGs
[2021-08-11 10:52:17,458] {logging_mixin.py:104} INFO - [2021-08-11 10:52:17,457] {dag.py:2306} INFO - Setting next_dagrun for example_dag_decorator to None
[2021-08-11 10:52:17,467] {scheduler_job.py:189} INFO - Processing /Users/Alex/.local/share/virtualenvs/airflow-1c5-bq0J/lib/python3.9/site-packages/airflow/example_dags/example_dag_decorator.py took 0.266 seconds
[2021-08-11 10:53:15,990] {scheduler_job.py:181} INFO - Started process (PID=70263) to work on /Users/Alex/.local/share/virtualenvs/airflow-1c5-bq0J/lib/python3.9/site-packages/airflow/example_dags/example_dag_decorator.py
[2021-08-11 10:53:16,000] {scheduler_job.py:632} INFO - Processing file /Users/Alex/.local/share/virtualenvs/airflow-1c5-bq0J/lib/python3.9/site-packages/airflow/example_dags/example_dag_decorator.py for tasks to queue
[2021-08-11 10:53:16,004] {logging_mixin.py:104} INFO - [2021-08-11 10:53:16,004] {dagbag.py:496} INFO - Filling up the DagBag from /Users/Alex/.local/share/virtualenvs/airflow-1c5-bq0J/lib/python3.9/site-packages/airflow/example_dags/example_dag_decorator.py
[2021-08-11 10:53:16,023] {scheduler_job.py:642} INFO - DAG(s) dict_keys(['example_dag_decorator']) retrieved from /Users/Alex/.local/share/virtualenvs/airflow-1c5-bq0J/lib/python3.9/site-packages/airflow/example_dags/example_dag_decorator.py
[2021-08-11 10:53:16,307] {logging_mixin.py:104} INFO - [2021-08-11 10:53:16,307] {dag.py:1833} INFO - Sync 1 DAGs
[2021-08-11 10:53:16,312] {logging_mixin.py:104} INFO - [2021-08-11 10:53:16,312] {dag.py:2306} INFO - Setting next_dagrun for example_dag_decorator to None
[2021-08-11 10:53:16,328] {scheduler_job.py:189} INFO - Processing /Users/Alex/.local/share/virtualenvs/airflow-1c5-bq0J/lib/python3.9/site-packages/airflow/example_dags/example_dag_decorator.py took 0.339 seconds
[2021-08-11 10:54:10,202] {scheduler_job.py:181} INFO - Started process (PID=70337) to work on /Users/Alex/.local/share/virtualenvs/airflow-1c5-bq0J/lib/python3.9/site-packages/airflow/example_dags/example_dag_decorator.py
[2021-08-11 10:54:10,204] {scheduler_job.py:632} INFO - Processing file /Users/Alex/.local/share/virtualenvs/airflow-1c5-bq0J/lib/python3.9/site-packages/airflow/example_dags/example_dag_decorator.py for tasks to queue
[2021-08-11 10:54:10,205] {logging_mixin.py:104} INFO - [2021-08-11 10:54:10,204] {dagbag.py:496} INFO - Filling up the DagBag from /Users/Alex/.local/share/virtualenvs/airflow-1c5-bq0J/lib/python3.9/site-packages/airflow/example_dags/example_dag_decorator.py
[2021-08-11 10:54:10,216] {scheduler_job.py:642} INFO - DAG(s) dict_keys(['example_dag_decorator']) retrieved from /Users/Alex/.local/share/virtualenvs/airflow-1c5-bq0J/lib/python3.9/site-packages/airflow/example_dags/example_dag_decorator.py
[2021-08-11 10:54:10,467] {logging_mixin.py:104} INFO - [2021-08-11 10:54:10,467] {dag.py:1833} INFO - Sync 1 DAGs
[2021-08-11 10:54:10,473] {logging_mixin.py:104} INFO - [2021-08-11 10:54:10,472] {dag.py:2306} INFO - Setting next_dagrun for example_dag_decorator to None
[2021-08-11 10:54:10,481] {scheduler_job.py:189} INFO - Processing /Users/Alex/.local/share/virtualenvs/airflow-1c5-bq0J/lib/python3.9/site-packages/airflow/example_dags/example_dag_decorator.py took 0.280 seconds
[2021-08-11 10:55:07,248] {scheduler_job.py:181} INFO - Started process (PID=70443) to work on /Users/Alex/.local/share/virtualenvs/airflow-1c5-bq0J/lib/python3.9/site-packages/airflow/example_dags/example_dag_decorator.py
[2021-08-11 10:55:07,249] {scheduler_job.py:632} INFO - Processing file /Users/Alex/.local/share/virtualenvs/airflow-1c5-bq0J/lib/python3.9/site-packages/airflow/example_dags/example_dag_decorator.py for tasks to queue
[2021-08-11 10:55:07,249] {logging_mixin.py:104} INFO - [2021-08-11 10:55:07,249] {dagbag.py:496} INFO - Filling up the DagBag from /Users/Alex/.local/share/virtualenvs/airflow-1c5-bq0J/lib/python3.9/site-packages/airflow/example_dags/example_dag_decorator.py
[2021-08-11 10:55:07,259] {scheduler_job.py:642} INFO - DAG(s) dict_keys(['example_dag_decorator']) retrieved from /Users/Alex/.local/share/virtualenvs/airflow-1c5-bq0J/lib/python3.9/site-packages/airflow/example_dags/example_dag_decorator.py
[2021-08-11 10:55:07,511] {logging_mixin.py:104} INFO - [2021-08-11 10:55:07,510] {dag.py:1833} INFO - Sync 1 DAGs
[2021-08-11 10:55:07,516] {logging_mixin.py:104} INFO - [2021-08-11 10:55:07,516] {dag.py:2306} INFO - Setting next_dagrun for example_dag_decorator to None
[2021-08-11 10:55:07,525] {scheduler_job.py:189} INFO - Processing /Users/Alex/.local/share/virtualenvs/airflow-1c5-bq0J/lib/python3.9/site-packages/airflow/example_dags/example_dag_decorator.py took 0.278 seconds
[2021-08-11 10:56:07,439] {scheduler_job.py:181} INFO - Started process (PID=70555) to work on /Users/Alex/.local/share/virtualenvs/airflow-1c5-bq0J/lib/python3.9/site-packages/airflow/example_dags/example_dag_decorator.py
[2021-08-11 10:56:07,439] {scheduler_job.py:632} INFO - Processing file /Users/Alex/.local/share/virtualenvs/airflow-1c5-bq0J/lib/python3.9/site-packages/airflow/example_dags/example_dag_decorator.py for tasks to queue
[2021-08-11 10:56:07,440] {logging_mixin.py:104} INFO - [2021-08-11 10:56:07,440] {dagbag.py:496} INFO - Filling up the DagBag from /Users/Alex/.local/share/virtualenvs/airflow-1c5-bq0J/lib/python3.9/site-packages/airflow/example_dags/example_dag_decorator.py
[2021-08-11 10:56:07,450] {scheduler_job.py:642} INFO - DAG(s) dict_keys(['example_dag_decorator']) retrieved from /Users/Alex/.local/share/virtualenvs/airflow-1c5-bq0J/lib/python3.9/site-packages/airflow/example_dags/example_dag_decorator.py
[2021-08-11 10:56:07,714] {logging_mixin.py:104} INFO - [2021-08-11 10:56:07,714] {dag.py:1833} INFO - Sync 1 DAGs
[2021-08-11 10:56:07,720] {logging_mixin.py:104} INFO - [2021-08-11 10:56:07,720] {dag.py:2306} INFO - Setting next_dagrun for example_dag_decorator to None
[2021-08-11 10:56:07,730] {scheduler_job.py:189} INFO - Processing /Users/Alex/.local/share/virtualenvs/airflow-1c5-bq0J/lib/python3.9/site-packages/airflow/example_dags/example_dag_decorator.py took 0.292 seconds
[2021-08-11 10:57:03,777] {scheduler_job.py:181} INFO - Started process (PID=70669) to work on /Users/Alex/.local/share/virtualenvs/airflow-1c5-bq0J/lib/python3.9/site-packages/airflow/example_dags/example_dag_decorator.py
[2021-08-11 10:57:03,779] {scheduler_job.py:632} INFO - Processing file /Users/Alex/.local/share/virtualenvs/airflow-1c5-bq0J/lib/python3.9/site-packages/airflow/example_dags/example_dag_decorator.py for tasks to queue
[2021-08-11 10:57:03,780] {logging_mixin.py:104} INFO - [2021-08-11 10:57:03,780] {dagbag.py:496} INFO - Filling up the DagBag from /Users/Alex/.local/share/virtualenvs/airflow-1c5-bq0J/lib/python3.9/site-packages/airflow/example_dags/example_dag_decorator.py
[2021-08-11 10:57:03,791] {scheduler_job.py:642} INFO - DAG(s) dict_keys(['example_dag_decorator']) retrieved from /Users/Alex/.local/share/virtualenvs/airflow-1c5-bq0J/lib/python3.9/site-packages/airflow/example_dags/example_dag_decorator.py
[2021-08-11 10:57:04,034] {logging_mixin.py:104} INFO - [2021-08-11 10:57:04,034] {dag.py:1833} INFO - Sync 1 DAGs
[2021-08-11 10:57:04,041] {logging_mixin.py:104} INFO - [2021-08-11 10:57:04,041] {dag.py:2306} INFO - Setting next_dagrun for example_dag_decorator to None
[2021-08-11 10:57:04,051] {scheduler_job.py:189} INFO - Processing /Users/Alex/.local/share/virtualenvs/airflow-1c5-bq0J/lib/python3.9/site-packages/airflow/example_dags/example_dag_decorator.py took 0.275 seconds
[2021-08-11 10:58:00,273] {scheduler_job.py:181} INFO - Started process (PID=70772) to work on /Users/Alex/.local/share/virtualenvs/airflow-1c5-bq0J/lib/python3.9/site-packages/airflow/example_dags/example_dag_decorator.py
[2021-08-11 10:58:00,273] {scheduler_job.py:632} INFO - Processing file /Users/Alex/.local/share/virtualenvs/airflow-1c5-bq0J/lib/python3.9/site-packages/airflow/example_dags/example_dag_decorator.py for tasks to queue
[2021-08-11 10:58:00,273] {logging_mixin.py:104} INFO - [2021-08-11 10:58:00,273] {dagbag.py:496} INFO - Filling up the DagBag from /Users/Alex/.local/share/virtualenvs/airflow-1c5-bq0J/lib/python3.9/site-packages/airflow/example_dags/example_dag_decorator.py
[2021-08-11 10:58:00,286] {scheduler_job.py:642} INFO - DAG(s) dict_keys(['example_dag_decorator']) retrieved from /Users/Alex/.local/share/virtualenvs/airflow-1c5-bq0J/lib/python3.9/site-packages/airflow/example_dags/example_dag_decorator.py
[2021-08-11 10:58:00,524] {logging_mixin.py:104} INFO - [2021-08-11 10:58:00,524] {dag.py:1833} INFO - Sync 1 DAGs
[2021-08-11 10:58:00,530] {logging_mixin.py:104} INFO - [2021-08-11 10:58:00,529] {dag.py:2306} INFO - Setting next_dagrun for example_dag_decorator to None
[2021-08-11 10:58:00,539] {scheduler_job.py:189} INFO - Processing /Users/Alex/.local/share/virtualenvs/airflow-1c5-bq0J/lib/python3.9/site-packages/airflow/example_dags/example_dag_decorator.py took 0.267 seconds
[2021-08-11 10:59:02,830] {scheduler_job.py:181} INFO - Started process (PID=70885) to work on /Users/Alex/.local/share/virtualenvs/airflow-1c5-bq0J/lib/python3.9/site-packages/airflow/example_dags/example_dag_decorator.py
[2021-08-11 10:59:02,830] {scheduler_job.py:632} INFO - Processing file /Users/Alex/.local/share/virtualenvs/airflow-1c5-bq0J/lib/python3.9/site-packages/airflow/example_dags/example_dag_decorator.py for tasks to queue
[2021-08-11 10:59:02,830] {logging_mixin.py:104} INFO - [2021-08-11 10:59:02,830] {dagbag.py:496} INFO - Filling up the DagBag from /Users/Alex/.local/share/virtualenvs/airflow-1c5-bq0J/lib/python3.9/site-packages/airflow/example_dags/example_dag_decorator.py
[2021-08-11 10:59:02,840] {scheduler_job.py:642} INFO - DAG(s) dict_keys(['example_dag_decorator']) retrieved from /Users/Alex/.local/share/virtualenvs/airflow-1c5-bq0J/lib/python3.9/site-packages/airflow/example_dags/example_dag_decorator.py
[2021-08-11 10:59:03,069] {logging_mixin.py:104} INFO - [2021-08-11 10:59:03,069] {dag.py:1833} INFO - Sync 1 DAGs
[2021-08-11 10:59:03,075] {logging_mixin.py:104} INFO - [2021-08-11 10:59:03,075] {dag.py:2306} INFO - Setting next_dagrun for example_dag_decorator to None
[2021-08-11 10:59:03,084] {scheduler_job.py:189} INFO - Processing /Users/Alex/.local/share/virtualenvs/airflow-1c5-bq0J/lib/python3.9/site-packages/airflow/example_dags/example_dag_decorator.py took 0.254 seconds
[2021-08-11 11:00:00,645] {scheduler_job.py:181} INFO - Started process (PID=70997) to work on /Users/Alex/.local/share/virtualenvs/airflow-1c5-bq0J/lib/python3.9/site-packages/airflow/example_dags/example_dag_decorator.py
[2021-08-11 11:00:00,646] {scheduler_job.py:632} INFO - Processing file /Users/Alex/.local/share/virtualenvs/airflow-1c5-bq0J/lib/python3.9/site-packages/airflow/example_dags/example_dag_decorator.py for tasks to queue
[2021-08-11 11:00:00,646] {logging_mixin.py:104} INFO - [2021-08-11 11:00:00,646] {dagbag.py:496} INFO - Filling up the DagBag from /Users/Alex/.local/share/virtualenvs/airflow-1c5-bq0J/lib/python3.9/site-packages/airflow/example_dags/example_dag_decorator.py
[2021-08-11 11:00:00,656] {scheduler_job.py:642} INFO - DAG(s) dict_keys(['example_dag_decorator']) retrieved from /Users/Alex/.local/share/virtualenvs/airflow-1c5-bq0J/lib/python3.9/site-packages/airflow/example_dags/example_dag_decorator.py
[2021-08-11 11:00:01,199] {logging_mixin.py:104} INFO - [2021-08-11 11:00:01,198] {dag.py:1833} INFO - Sync 1 DAGs
[2021-08-11 11:00:01,222] {logging_mixin.py:104} INFO - [2021-08-11 11:00:01,221] {dag.py:2306} INFO - Setting next_dagrun for example_dag_decorator to None
[2021-08-11 11:00:01,244] {scheduler_job.py:189} INFO - Processing /Users/Alex/.local/share/virtualenvs/airflow-1c5-bq0J/lib/python3.9/site-packages/airflow/example_dags/example_dag_decorator.py took 0.599 seconds
[2021-08-11 11:00:59,682] {scheduler_job.py:181} INFO - Started process (PID=71114) to work on /Users/Alex/.local/share/virtualenvs/airflow-1c5-bq0J/lib/python3.9/site-packages/airflow/example_dags/example_dag_decorator.py
[2021-08-11 11:00:59,683] {scheduler_job.py:632} INFO - Processing file /Users/Alex/.local/share/virtualenvs/airflow-1c5-bq0J/lib/python3.9/site-packages/airflow/example_dags/example_dag_decorator.py for tasks to queue
[2021-08-11 11:00:59,683] {logging_mixin.py:104} INFO - [2021-08-11 11:00:59,683] {dagbag.py:496} INFO - Filling up the DagBag from /Users/Alex/.local/share/virtualenvs/airflow-1c5-bq0J/lib/python3.9/site-packages/airflow/example_dags/example_dag_decorator.py
[2021-08-11 11:00:59,694] {scheduler_job.py:642} INFO - DAG(s) dict_keys(['example_dag_decorator']) retrieved from /Users/Alex/.local/share/virtualenvs/airflow-1c5-bq0J/lib/python3.9/site-packages/airflow/example_dags/example_dag_decorator.py
[2021-08-11 11:00:59,936] {logging_mixin.py:104} INFO - [2021-08-11 11:00:59,935] {dag.py:1833} INFO - Sync 1 DAGs
[2021-08-11 11:00:59,942] {logging_mixin.py:104} INFO - [2021-08-11 11:00:59,942] {dag.py:2306} INFO - Setting next_dagrun for example_dag_decorator to None
[2021-08-11 11:00:59,951] {scheduler_job.py:189} INFO - Processing /Users/Alex/.local/share/virtualenvs/airflow-1c5-bq0J/lib/python3.9/site-packages/airflow/example_dags/example_dag_decorator.py took 0.270 seconds
[2021-08-11 11:01:58,647] {scheduler_job.py:181} INFO - Started process (PID=71213) to work on /Users/Alex/.local/share/virtualenvs/airflow-1c5-bq0J/lib/python3.9/site-packages/airflow/example_dags/example_dag_decorator.py
[2021-08-11 11:01:58,648] {scheduler_job.py:632} INFO - Processing file /Users/Alex/.local/share/virtualenvs/airflow-1c5-bq0J/lib/python3.9/site-packages/airflow/example_dags/example_dag_decorator.py for tasks to queue
[2021-08-11 11:01:58,648] {logging_mixin.py:104} INFO - [2021-08-11 11:01:58,648] {dagbag.py:496} INFO - Filling up the DagBag from /Users/Alex/.local/share/virtualenvs/airflow-1c5-bq0J/lib/python3.9/site-packages/airflow/example_dags/example_dag_decorator.py
[2021-08-11 11:01:58,661] {scheduler_job.py:642} INFO - DAG(s) dict_keys(['example_dag_decorator']) retrieved from /Users/Alex/.local/share/virtualenvs/airflow-1c5-bq0J/lib/python3.9/site-packages/airflow/example_dags/example_dag_decorator.py
[2021-08-11 11:01:58,897] {logging_mixin.py:104} INFO - [2021-08-11 11:01:58,897] {dag.py:1833} INFO - Sync 1 DAGs
[2021-08-11 11:01:58,902] {logging_mixin.py:104} INFO - [2021-08-11 11:01:58,902] {dag.py:2306} INFO - Setting next_dagrun for example_dag_decorator to None
[2021-08-11 11:01:58,912] {scheduler_job.py:189} INFO - Processing /Users/Alex/.local/share/virtualenvs/airflow-1c5-bq0J/lib/python3.9/site-packages/airflow/example_dags/example_dag_decorator.py took 0.265 seconds
