[2021-08-11 10:44:55,812] {scheduler_job.py:181} INFO - Started process (PID=69465) to work on /Users/Alex/.local/share/virtualenvs/airflow-1c5-bq0J/lib/python3.9/site-packages/airflow/example_dags/example_branch_day_of_week_operator.py
[2021-08-11 10:44:55,815] {scheduler_job.py:632} INFO - Processing file /Users/Alex/.local/share/virtualenvs/airflow-1c5-bq0J/lib/python3.9/site-packages/airflow/example_dags/example_branch_day_of_week_operator.py for tasks to queue
[2021-08-11 10:44:55,815] {logging_mixin.py:104} INFO - [2021-08-11 10:44:55,815] {dagbag.py:496} INFO - Filling up the DagBag from /Users/Alex/.local/share/virtualenvs/airflow-1c5-bq0J/lib/python3.9/site-packages/airflow/example_dags/example_branch_day_of_week_operator.py
[2021-08-11 10:44:55,822] {scheduler_job.py:642} INFO - DAG(s) dict_keys(['example_weekday_branch_operator']) retrieved from /Users/Alex/.local/share/virtualenvs/airflow-1c5-bq0J/lib/python3.9/site-packages/airflow/example_dags/example_branch_day_of_week_operator.py
[2021-08-11 10:44:55,847] {logging_mixin.py:104} INFO - [2021-08-11 10:44:55,847] {dag.py:1833} INFO - Sync 1 DAGs
[2021-08-11 10:44:55,856] {logging_mixin.py:104} INFO - [2021-08-11 10:44:55,856] {dag.py:2306} INFO - Setting next_dagrun for example_weekday_branch_operator to 2021-08-09 00:00:00+00:00
[2021-08-11 10:44:55,865] {scheduler_job.py:189} INFO - Processing /Users/Alex/.local/share/virtualenvs/airflow-1c5-bq0J/lib/python3.9/site-packages/airflow/example_dags/example_branch_day_of_week_operator.py took 0.053 seconds
[2021-08-11 10:45:49,975] {scheduler_job.py:181} INFO - Started process (PID=69556) to work on /Users/Alex/.local/share/virtualenvs/airflow-1c5-bq0J/lib/python3.9/site-packages/airflow/example_dags/example_branch_day_of_week_operator.py
[2021-08-11 10:45:49,975] {scheduler_job.py:632} INFO - Processing file /Users/Alex/.local/share/virtualenvs/airflow-1c5-bq0J/lib/python3.9/site-packages/airflow/example_dags/example_branch_day_of_week_operator.py for tasks to queue
[2021-08-11 10:45:49,975] {logging_mixin.py:104} INFO - [2021-08-11 10:45:49,975] {dagbag.py:496} INFO - Filling up the DagBag from /Users/Alex/.local/share/virtualenvs/airflow-1c5-bq0J/lib/python3.9/site-packages/airflow/example_dags/example_branch_day_of_week_operator.py
[2021-08-11 10:45:49,982] {scheduler_job.py:642} INFO - DAG(s) dict_keys(['example_weekday_branch_operator']) retrieved from /Users/Alex/.local/share/virtualenvs/airflow-1c5-bq0J/lib/python3.9/site-packages/airflow/example_dags/example_branch_day_of_week_operator.py
[2021-08-11 10:45:50,008] {logging_mixin.py:104} INFO - [2021-08-11 10:45:50,008] {dag.py:1833} INFO - Sync 1 DAGs
[2021-08-11 10:45:50,016] {logging_mixin.py:104} INFO - [2021-08-11 10:45:50,016] {dag.py:2306} INFO - Setting next_dagrun for example_weekday_branch_operator to 2021-08-09 00:00:00+00:00
[2021-08-11 10:45:50,026] {scheduler_job.py:189} INFO - Processing /Users/Alex/.local/share/virtualenvs/airflow-1c5-bq0J/lib/python3.9/site-packages/airflow/example_dags/example_branch_day_of_week_operator.py took 0.052 seconds
[2021-08-11 10:47:09,558] {scheduler_job.py:181} INFO - Started process (PID=69624) to work on /Users/Alex/.local/share/virtualenvs/airflow-1c5-bq0J/lib/python3.9/site-packages/airflow/example_dags/example_branch_day_of_week_operator.py
[2021-08-11 10:47:09,558] {scheduler_job.py:632} INFO - Processing file /Users/Alex/.local/share/virtualenvs/airflow-1c5-bq0J/lib/python3.9/site-packages/airflow/example_dags/example_branch_day_of_week_operator.py for tasks to queue
[2021-08-11 10:47:09,558] {logging_mixin.py:104} INFO - [2021-08-11 10:47:09,558] {dagbag.py:496} INFO - Filling up the DagBag from /Users/Alex/.local/share/virtualenvs/airflow-1c5-bq0J/lib/python3.9/site-packages/airflow/example_dags/example_branch_day_of_week_operator.py
[2021-08-11 10:47:09,565] {scheduler_job.py:642} INFO - DAG(s) dict_keys(['example_weekday_branch_operator']) retrieved from /Users/Alex/.local/share/virtualenvs/airflow-1c5-bq0J/lib/python3.9/site-packages/airflow/example_dags/example_branch_day_of_week_operator.py
[2021-08-11 10:47:09,590] {logging_mixin.py:104} INFO - [2021-08-11 10:47:09,590] {dag.py:1833} INFO - Sync 1 DAGs
[2021-08-11 10:47:09,598] {logging_mixin.py:104} INFO - [2021-08-11 10:47:09,598] {dag.py:2306} INFO - Setting next_dagrun for example_weekday_branch_operator to 2021-08-09 00:00:00+00:00
[2021-08-11 10:47:09,608] {scheduler_job.py:189} INFO - Processing /Users/Alex/.local/share/virtualenvs/airflow-1c5-bq0J/lib/python3.9/site-packages/airflow/example_dags/example_branch_day_of_week_operator.py took 0.051 seconds
[2021-08-11 10:48:32,820] {scheduler_job.py:181} INFO - Started process (PID=69770) to work on /Users/Alex/.local/share/virtualenvs/airflow-1c5-bq0J/lib/python3.9/site-packages/airflow/example_dags/example_branch_day_of_week_operator.py
[2021-08-11 10:48:32,821] {scheduler_job.py:632} INFO - Processing file /Users/Alex/.local/share/virtualenvs/airflow-1c5-bq0J/lib/python3.9/site-packages/airflow/example_dags/example_branch_day_of_week_operator.py for tasks to queue
[2021-08-11 10:48:32,821] {logging_mixin.py:104} INFO - [2021-08-11 10:48:32,821] {dagbag.py:496} INFO - Filling up the DagBag from /Users/Alex/.local/share/virtualenvs/airflow-1c5-bq0J/lib/python3.9/site-packages/airflow/example_dags/example_branch_day_of_week_operator.py
[2021-08-11 10:48:32,828] {scheduler_job.py:642} INFO - DAG(s) dict_keys(['example_weekday_branch_operator']) retrieved from /Users/Alex/.local/share/virtualenvs/airflow-1c5-bq0J/lib/python3.9/site-packages/airflow/example_dags/example_branch_day_of_week_operator.py
[2021-08-11 10:48:32,855] {logging_mixin.py:104} INFO - [2021-08-11 10:48:32,855] {dag.py:1833} INFO - Sync 1 DAGs
[2021-08-11 10:48:32,863] {logging_mixin.py:104} INFO - [2021-08-11 10:48:32,863] {dag.py:2306} INFO - Setting next_dagrun for example_weekday_branch_operator to 2021-08-09 00:00:00+00:00
[2021-08-11 10:48:32,871] {scheduler_job.py:189} INFO - Processing /Users/Alex/.local/share/virtualenvs/airflow-1c5-bq0J/lib/python3.9/site-packages/airflow/example_dags/example_branch_day_of_week_operator.py took 0.051 seconds
[2021-08-11 10:49:32,509] {scheduler_job.py:181} INFO - Started process (PID=69846) to work on /Users/Alex/.local/share/virtualenvs/airflow-1c5-bq0J/lib/python3.9/site-packages/airflow/example_dags/example_branch_day_of_week_operator.py
[2021-08-11 10:49:32,510] {scheduler_job.py:632} INFO - Processing file /Users/Alex/.local/share/virtualenvs/airflow-1c5-bq0J/lib/python3.9/site-packages/airflow/example_dags/example_branch_day_of_week_operator.py for tasks to queue
[2021-08-11 10:49:32,510] {logging_mixin.py:104} INFO - [2021-08-11 10:49:32,510] {dagbag.py:496} INFO - Filling up the DagBag from /Users/Alex/.local/share/virtualenvs/airflow-1c5-bq0J/lib/python3.9/site-packages/airflow/example_dags/example_branch_day_of_week_operator.py
[2021-08-11 10:49:32,517] {scheduler_job.py:642} INFO - DAG(s) dict_keys(['example_weekday_branch_operator']) retrieved from /Users/Alex/.local/share/virtualenvs/airflow-1c5-bq0J/lib/python3.9/site-packages/airflow/example_dags/example_branch_day_of_week_operator.py
[2021-08-11 10:49:32,542] {logging_mixin.py:104} INFO - [2021-08-11 10:49:32,542] {dag.py:1833} INFO - Sync 1 DAGs
[2021-08-11 10:49:32,550] {logging_mixin.py:104} INFO - [2021-08-11 10:49:32,550] {dag.py:2306} INFO - Setting next_dagrun for example_weekday_branch_operator to 2021-08-09 00:00:00+00:00
[2021-08-11 10:49:32,557] {scheduler_job.py:189} INFO - Processing /Users/Alex/.local/share/virtualenvs/airflow-1c5-bq0J/lib/python3.9/site-packages/airflow/example_dags/example_branch_day_of_week_operator.py took 0.048 seconds
[2021-08-11 10:50:32,190] {scheduler_job.py:181} INFO - Started process (PID=69943) to work on /Users/Alex/.local/share/virtualenvs/airflow-1c5-bq0J/lib/python3.9/site-packages/airflow/example_dags/example_branch_day_of_week_operator.py
[2021-08-11 10:50:32,192] {scheduler_job.py:632} INFO - Processing file /Users/Alex/.local/share/virtualenvs/airflow-1c5-bq0J/lib/python3.9/site-packages/airflow/example_dags/example_branch_day_of_week_operator.py for tasks to queue
[2021-08-11 10:50:32,193] {logging_mixin.py:104} INFO - [2021-08-11 10:50:32,193] {dagbag.py:496} INFO - Filling up the DagBag from /Users/Alex/.local/share/virtualenvs/airflow-1c5-bq0J/lib/python3.9/site-packages/airflow/example_dags/example_branch_day_of_week_operator.py
[2021-08-11 10:50:32,200] {scheduler_job.py:642} INFO - DAG(s) dict_keys(['example_weekday_branch_operator']) retrieved from /Users/Alex/.local/share/virtualenvs/airflow-1c5-bq0J/lib/python3.9/site-packages/airflow/example_dags/example_branch_day_of_week_operator.py
[2021-08-11 10:50:32,230] {logging_mixin.py:104} INFO - [2021-08-11 10:50:32,230] {dag.py:1833} INFO - Sync 1 DAGs
[2021-08-11 10:50:32,239] {logging_mixin.py:104} INFO - [2021-08-11 10:50:32,239] {dag.py:2306} INFO - Setting next_dagrun for example_weekday_branch_operator to 2021-08-09 00:00:00+00:00
[2021-08-11 10:50:32,248] {scheduler_job.py:189} INFO - Processing /Users/Alex/.local/share/virtualenvs/airflow-1c5-bq0J/lib/python3.9/site-packages/airflow/example_dags/example_branch_day_of_week_operator.py took 0.058 seconds
[2021-08-11 10:51:55,770] {scheduler_job.py:181} INFO - Started process (PID=70104) to work on /Users/Alex/.local/share/virtualenvs/airflow-1c5-bq0J/lib/python3.9/site-packages/airflow/example_dags/example_branch_day_of_week_operator.py
[2021-08-11 10:51:55,770] {scheduler_job.py:632} INFO - Processing file /Users/Alex/.local/share/virtualenvs/airflow-1c5-bq0J/lib/python3.9/site-packages/airflow/example_dags/example_branch_day_of_week_operator.py for tasks to queue
[2021-08-11 10:51:55,772] {logging_mixin.py:104} INFO - [2021-08-11 10:51:55,772] {dagbag.py:496} INFO - Filling up the DagBag from /Users/Alex/.local/share/virtualenvs/airflow-1c5-bq0J/lib/python3.9/site-packages/airflow/example_dags/example_branch_day_of_week_operator.py
[2021-08-11 10:51:55,779] {scheduler_job.py:642} INFO - DAG(s) dict_keys(['example_weekday_branch_operator']) retrieved from /Users/Alex/.local/share/virtualenvs/airflow-1c5-bq0J/lib/python3.9/site-packages/airflow/example_dags/example_branch_day_of_week_operator.py
[2021-08-11 10:51:55,805] {logging_mixin.py:104} INFO - [2021-08-11 10:51:55,805] {dag.py:1833} INFO - Sync 1 DAGs
[2021-08-11 10:51:55,813] {logging_mixin.py:104} INFO - [2021-08-11 10:51:55,813] {dag.py:2306} INFO - Setting next_dagrun for example_weekday_branch_operator to 2021-08-09 00:00:00+00:00
[2021-08-11 10:51:55,822] {scheduler_job.py:189} INFO - Processing /Users/Alex/.local/share/virtualenvs/airflow-1c5-bq0J/lib/python3.9/site-packages/airflow/example_dags/example_branch_day_of_week_operator.py took 0.053 seconds
[2021-08-11 10:53:20,153] {scheduler_job.py:181} INFO - Started process (PID=70273) to work on /Users/Alex/.local/share/virtualenvs/airflow-1c5-bq0J/lib/python3.9/site-packages/airflow/example_dags/example_branch_day_of_week_operator.py
[2021-08-11 10:53:20,155] {scheduler_job.py:632} INFO - Processing file /Users/Alex/.local/share/virtualenvs/airflow-1c5-bq0J/lib/python3.9/site-packages/airflow/example_dags/example_branch_day_of_week_operator.py for tasks to queue
[2021-08-11 10:53:20,156] {logging_mixin.py:104} INFO - [2021-08-11 10:53:20,156] {dagbag.py:496} INFO - Filling up the DagBag from /Users/Alex/.local/share/virtualenvs/airflow-1c5-bq0J/lib/python3.9/site-packages/airflow/example_dags/example_branch_day_of_week_operator.py
[2021-08-11 10:53:20,163] {scheduler_job.py:642} INFO - DAG(s) dict_keys(['example_weekday_branch_operator']) retrieved from /Users/Alex/.local/share/virtualenvs/airflow-1c5-bq0J/lib/python3.9/site-packages/airflow/example_dags/example_branch_day_of_week_operator.py
[2021-08-11 10:53:20,192] {logging_mixin.py:104} INFO - [2021-08-11 10:53:20,192] {dag.py:1833} INFO - Sync 1 DAGs
[2021-08-11 10:53:20,200] {logging_mixin.py:104} INFO - [2021-08-11 10:53:20,200] {dag.py:2306} INFO - Setting next_dagrun for example_weekday_branch_operator to 2021-08-09 00:00:00+00:00
[2021-08-11 10:53:20,208] {scheduler_job.py:189} INFO - Processing /Users/Alex/.local/share/virtualenvs/airflow-1c5-bq0J/lib/python3.9/site-packages/airflow/example_dags/example_branch_day_of_week_operator.py took 0.056 seconds
[2021-08-11 10:54:40,823] {scheduler_job.py:181} INFO - Started process (PID=70394) to work on /Users/Alex/.local/share/virtualenvs/airflow-1c5-bq0J/lib/python3.9/site-packages/airflow/example_dags/example_branch_day_of_week_operator.py
[2021-08-11 10:54:40,825] {scheduler_job.py:632} INFO - Processing file /Users/Alex/.local/share/virtualenvs/airflow-1c5-bq0J/lib/python3.9/site-packages/airflow/example_dags/example_branch_day_of_week_operator.py for tasks to queue
[2021-08-11 10:54:40,826] {logging_mixin.py:104} INFO - [2021-08-11 10:54:40,826] {dagbag.py:496} INFO - Filling up the DagBag from /Users/Alex/.local/share/virtualenvs/airflow-1c5-bq0J/lib/python3.9/site-packages/airflow/example_dags/example_branch_day_of_week_operator.py
[2021-08-11 10:54:40,835] {scheduler_job.py:642} INFO - DAG(s) dict_keys(['example_weekday_branch_operator']) retrieved from /Users/Alex/.local/share/virtualenvs/airflow-1c5-bq0J/lib/python3.9/site-packages/airflow/example_dags/example_branch_day_of_week_operator.py
[2021-08-11 10:54:40,858] {logging_mixin.py:104} INFO - [2021-08-11 10:54:40,858] {dag.py:1833} INFO - Sync 1 DAGs
[2021-08-11 10:54:40,866] {logging_mixin.py:104} INFO - [2021-08-11 10:54:40,866] {dag.py:2306} INFO - Setting next_dagrun for example_weekday_branch_operator to 2021-08-09 00:00:00+00:00
[2021-08-11 10:54:40,876] {scheduler_job.py:189} INFO - Processing /Users/Alex/.local/share/virtualenvs/airflow-1c5-bq0J/lib/python3.9/site-packages/airflow/example_dags/example_branch_day_of_week_operator.py took 0.054 seconds
[2021-08-11 10:55:40,489] {scheduler_job.py:181} INFO - Started process (PID=70505) to work on /Users/Alex/.local/share/virtualenvs/airflow-1c5-bq0J/lib/python3.9/site-packages/airflow/example_dags/example_branch_day_of_week_operator.py
[2021-08-11 10:55:40,490] {scheduler_job.py:632} INFO - Processing file /Users/Alex/.local/share/virtualenvs/airflow-1c5-bq0J/lib/python3.9/site-packages/airflow/example_dags/example_branch_day_of_week_operator.py for tasks to queue
[2021-08-11 10:55:40,490] {logging_mixin.py:104} INFO - [2021-08-11 10:55:40,490] {dagbag.py:496} INFO - Filling up the DagBag from /Users/Alex/.local/share/virtualenvs/airflow-1c5-bq0J/lib/python3.9/site-packages/airflow/example_dags/example_branch_day_of_week_operator.py
[2021-08-11 10:55:40,500] {scheduler_job.py:642} INFO - DAG(s) dict_keys(['example_weekday_branch_operator']) retrieved from /Users/Alex/.local/share/virtualenvs/airflow-1c5-bq0J/lib/python3.9/site-packages/airflow/example_dags/example_branch_day_of_week_operator.py
[2021-08-11 10:55:40,533] {logging_mixin.py:104} INFO - [2021-08-11 10:55:40,533] {dag.py:1833} INFO - Sync 1 DAGs
[2021-08-11 10:55:40,542] {logging_mixin.py:104} INFO - [2021-08-11 10:55:40,542] {dag.py:2306} INFO - Setting next_dagrun for example_weekday_branch_operator to 2021-08-09 00:00:00+00:00
[2021-08-11 10:55:40,551] {scheduler_job.py:189} INFO - Processing /Users/Alex/.local/share/virtualenvs/airflow-1c5-bq0J/lib/python3.9/site-packages/airflow/example_dags/example_branch_day_of_week_operator.py took 0.063 seconds
[2021-08-11 10:56:39,408] {scheduler_job.py:181} INFO - Started process (PID=70608) to work on /Users/Alex/.local/share/virtualenvs/airflow-1c5-bq0J/lib/python3.9/site-packages/airflow/example_dags/example_branch_day_of_week_operator.py
[2021-08-11 10:56:39,411] {scheduler_job.py:632} INFO - Processing file /Users/Alex/.local/share/virtualenvs/airflow-1c5-bq0J/lib/python3.9/site-packages/airflow/example_dags/example_branch_day_of_week_operator.py for tasks to queue
[2021-08-11 10:56:39,411] {logging_mixin.py:104} INFO - [2021-08-11 10:56:39,411] {dagbag.py:496} INFO - Filling up the DagBag from /Users/Alex/.local/share/virtualenvs/airflow-1c5-bq0J/lib/python3.9/site-packages/airflow/example_dags/example_branch_day_of_week_operator.py
[2021-08-11 10:56:39,421] {scheduler_job.py:642} INFO - DAG(s) dict_keys(['example_weekday_branch_operator']) retrieved from /Users/Alex/.local/share/virtualenvs/airflow-1c5-bq0J/lib/python3.9/site-packages/airflow/example_dags/example_branch_day_of_week_operator.py
[2021-08-11 10:56:39,453] {logging_mixin.py:104} INFO - [2021-08-11 10:56:39,453] {dag.py:1833} INFO - Sync 1 DAGs
[2021-08-11 10:56:39,462] {logging_mixin.py:104} INFO - [2021-08-11 10:56:39,462] {dag.py:2306} INFO - Setting next_dagrun for example_weekday_branch_operator to 2021-08-09 00:00:00+00:00
[2021-08-11 10:56:39,470] {scheduler_job.py:189} INFO - Processing /Users/Alex/.local/share/virtualenvs/airflow-1c5-bq0J/lib/python3.9/site-packages/airflow/example_dags/example_branch_day_of_week_operator.py took 0.063 seconds
[2021-08-11 10:57:36,532] {scheduler_job.py:181} INFO - Started process (PID=70726) to work on /Users/Alex/.local/share/virtualenvs/airflow-1c5-bq0J/lib/python3.9/site-packages/airflow/example_dags/example_branch_day_of_week_operator.py
[2021-08-11 10:57:36,532] {scheduler_job.py:632} INFO - Processing file /Users/Alex/.local/share/virtualenvs/airflow-1c5-bq0J/lib/python3.9/site-packages/airflow/example_dags/example_branch_day_of_week_operator.py for tasks to queue
[2021-08-11 10:57:36,533] {logging_mixin.py:104} INFO - [2021-08-11 10:57:36,533] {dagbag.py:496} INFO - Filling up the DagBag from /Users/Alex/.local/share/virtualenvs/airflow-1c5-bq0J/lib/python3.9/site-packages/airflow/example_dags/example_branch_day_of_week_operator.py
[2021-08-11 10:57:36,539] {scheduler_job.py:642} INFO - DAG(s) dict_keys(['example_weekday_branch_operator']) retrieved from /Users/Alex/.local/share/virtualenvs/airflow-1c5-bq0J/lib/python3.9/site-packages/airflow/example_dags/example_branch_day_of_week_operator.py
[2021-08-11 10:57:36,562] {logging_mixin.py:104} INFO - [2021-08-11 10:57:36,562] {dag.py:1833} INFO - Sync 1 DAGs
[2021-08-11 10:57:36,571] {logging_mixin.py:104} INFO - [2021-08-11 10:57:36,570] {dag.py:2306} INFO - Setting next_dagrun for example_weekday_branch_operator to 2021-08-09 00:00:00+00:00
[2021-08-11 10:57:36,578] {scheduler_job.py:189} INFO - Processing /Users/Alex/.local/share/virtualenvs/airflow-1c5-bq0J/lib/python3.9/site-packages/airflow/example_dags/example_branch_day_of_week_operator.py took 0.047 seconds
[2021-08-11 10:58:37,895] {scheduler_job.py:181} INFO - Started process (PID=70839) to work on /Users/Alex/.local/share/virtualenvs/airflow-1c5-bq0J/lib/python3.9/site-packages/airflow/example_dags/example_branch_day_of_week_operator.py
[2021-08-11 10:58:37,896] {scheduler_job.py:632} INFO - Processing file /Users/Alex/.local/share/virtualenvs/airflow-1c5-bq0J/lib/python3.9/site-packages/airflow/example_dags/example_branch_day_of_week_operator.py for tasks to queue
[2021-08-11 10:58:37,896] {logging_mixin.py:104} INFO - [2021-08-11 10:58:37,896] {dagbag.py:496} INFO - Filling up the DagBag from /Users/Alex/.local/share/virtualenvs/airflow-1c5-bq0J/lib/python3.9/site-packages/airflow/example_dags/example_branch_day_of_week_operator.py
[2021-08-11 10:58:37,903] {scheduler_job.py:642} INFO - DAG(s) dict_keys(['example_weekday_branch_operator']) retrieved from /Users/Alex/.local/share/virtualenvs/airflow-1c5-bq0J/lib/python3.9/site-packages/airflow/example_dags/example_branch_day_of_week_operator.py
[2021-08-11 10:58:37,928] {logging_mixin.py:104} INFO - [2021-08-11 10:58:37,928] {dag.py:1833} INFO - Sync 1 DAGs
[2021-08-11 10:58:37,936] {logging_mixin.py:104} INFO - [2021-08-11 10:58:37,935] {dag.py:2306} INFO - Setting next_dagrun for example_weekday_branch_operator to 2021-08-09 00:00:00+00:00
[2021-08-11 10:58:37,944] {scheduler_job.py:189} INFO - Processing /Users/Alex/.local/share/virtualenvs/airflow-1c5-bq0J/lib/python3.9/site-packages/airflow/example_dags/example_branch_day_of_week_operator.py took 0.049 seconds
[2021-08-11 10:59:36,945] {scheduler_job.py:181} INFO - Started process (PID=70950) to work on /Users/Alex/.local/share/virtualenvs/airflow-1c5-bq0J/lib/python3.9/site-packages/airflow/example_dags/example_branch_day_of_week_operator.py
[2021-08-11 10:59:36,946] {scheduler_job.py:632} INFO - Processing file /Users/Alex/.local/share/virtualenvs/airflow-1c5-bq0J/lib/python3.9/site-packages/airflow/example_dags/example_branch_day_of_week_operator.py for tasks to queue
[2021-08-11 10:59:36,946] {logging_mixin.py:104} INFO - [2021-08-11 10:59:36,946] {dagbag.py:496} INFO - Filling up the DagBag from /Users/Alex/.local/share/virtualenvs/airflow-1c5-bq0J/lib/python3.9/site-packages/airflow/example_dags/example_branch_day_of_week_operator.py
[2021-08-11 10:59:36,953] {scheduler_job.py:642} INFO - DAG(s) dict_keys(['example_weekday_branch_operator']) retrieved from /Users/Alex/.local/share/virtualenvs/airflow-1c5-bq0J/lib/python3.9/site-packages/airflow/example_dags/example_branch_day_of_week_operator.py
[2021-08-11 10:59:36,980] {logging_mixin.py:104} INFO - [2021-08-11 10:59:36,980] {dag.py:1833} INFO - Sync 1 DAGs
[2021-08-11 10:59:36,989] {logging_mixin.py:104} INFO - [2021-08-11 10:59:36,988] {dag.py:2306} INFO - Setting next_dagrun for example_weekday_branch_operator to 2021-08-09 00:00:00+00:00
[2021-08-11 10:59:36,997] {scheduler_job.py:189} INFO - Processing /Users/Alex/.local/share/virtualenvs/airflow-1c5-bq0J/lib/python3.9/site-packages/airflow/example_dags/example_branch_day_of_week_operator.py took 0.052 seconds
[2021-08-11 11:01:03,461] {scheduler_job.py:181} INFO - Started process (PID=71122) to work on /Users/Alex/.local/share/virtualenvs/airflow-1c5-bq0J/lib/python3.9/site-packages/airflow/example_dags/example_branch_day_of_week_operator.py
[2021-08-11 11:01:03,461] {scheduler_job.py:632} INFO - Processing file /Users/Alex/.local/share/virtualenvs/airflow-1c5-bq0J/lib/python3.9/site-packages/airflow/example_dags/example_branch_day_of_week_operator.py for tasks to queue
[2021-08-11 11:01:03,461] {logging_mixin.py:104} INFO - [2021-08-11 11:01:03,461] {dagbag.py:496} INFO - Filling up the DagBag from /Users/Alex/.local/share/virtualenvs/airflow-1c5-bq0J/lib/python3.9/site-packages/airflow/example_dags/example_branch_day_of_week_operator.py
[2021-08-11 11:01:03,468] {scheduler_job.py:642} INFO - DAG(s) dict_keys(['example_weekday_branch_operator']) retrieved from /Users/Alex/.local/share/virtualenvs/airflow-1c5-bq0J/lib/python3.9/site-packages/airflow/example_dags/example_branch_day_of_week_operator.py
[2021-08-11 11:01:03,492] {logging_mixin.py:104} INFO - [2021-08-11 11:01:03,492] {dag.py:1833} INFO - Sync 1 DAGs
[2021-08-11 11:01:03,500] {logging_mixin.py:104} INFO - [2021-08-11 11:01:03,500] {dag.py:2306} INFO - Setting next_dagrun for example_weekday_branch_operator to 2021-08-09 00:00:00+00:00
[2021-08-11 11:01:03,508] {scheduler_job.py:189} INFO - Processing /Users/Alex/.local/share/virtualenvs/airflow-1c5-bq0J/lib/python3.9/site-packages/airflow/example_dags/example_branch_day_of_week_operator.py took 0.048 seconds
