[2021-08-11 10:44:44,522] {scheduler_job.py:181} INFO - Started process (PID=69457) to work on /Users/Alex/.local/share/virtualenvs/airflow-1c5-bq0J/lib/python3.9/site-packages/airflow/example_dags/example_external_task_marker_dag.py
[2021-08-11 10:44:44,523] {scheduler_job.py:632} INFO - Processing file /Users/Alex/.local/share/virtualenvs/airflow-1c5-bq0J/lib/python3.9/site-packages/airflow/example_dags/example_external_task_marker_dag.py for tasks to queue
[2021-08-11 10:44:44,523] {logging_mixin.py:104} INFO - [2021-08-11 10:44:44,523] {dagbag.py:496} INFO - Filling up the DagBag from /Users/Alex/.local/share/virtualenvs/airflow-1c5-bq0J/lib/python3.9/site-packages/airflow/example_dags/example_external_task_marker_dag.py
[2021-08-11 10:44:44,529] {scheduler_job.py:642} INFO - DAG(s) dict_keys(['example_external_task_marker_parent', 'example_external_task_marker_child']) retrieved from /Users/Alex/.local/share/virtualenvs/airflow-1c5-bq0J/lib/python3.9/site-packages/airflow/example_dags/example_external_task_marker_dag.py
[2021-08-11 10:44:44,805] {logging_mixin.py:104} INFO - [2021-08-11 10:44:44,805] {dag.py:1833} INFO - Sync 2 DAGs
[2021-08-11 10:44:44,811] {logging_mixin.py:104} INFO - [2021-08-11 10:44:44,811] {dag.py:2306} INFO - Setting next_dagrun for example_external_task_marker_child to None
[2021-08-11 10:44:44,812] {logging_mixin.py:104} INFO - [2021-08-11 10:44:44,812] {dag.py:2306} INFO - Setting next_dagrun for example_external_task_marker_parent to None
[2021-08-11 10:44:44,821] {scheduler_job.py:189} INFO - Processing /Users/Alex/.local/share/virtualenvs/airflow-1c5-bq0J/lib/python3.9/site-packages/airflow/example_dags/example_external_task_marker_dag.py took 0.299 seconds
[2021-08-11 10:45:38,801] {scheduler_job.py:181} INFO - Started process (PID=69535) to work on /Users/Alex/.local/share/virtualenvs/airflow-1c5-bq0J/lib/python3.9/site-packages/airflow/example_dags/example_external_task_marker_dag.py
[2021-08-11 10:45:38,801] {scheduler_job.py:632} INFO - Processing file /Users/Alex/.local/share/virtualenvs/airflow-1c5-bq0J/lib/python3.9/site-packages/airflow/example_dags/example_external_task_marker_dag.py for tasks to queue
[2021-08-11 10:45:38,802] {logging_mixin.py:104} INFO - [2021-08-11 10:45:38,802] {dagbag.py:496} INFO - Filling up the DagBag from /Users/Alex/.local/share/virtualenvs/airflow-1c5-bq0J/lib/python3.9/site-packages/airflow/example_dags/example_external_task_marker_dag.py
[2021-08-11 10:45:38,808] {scheduler_job.py:642} INFO - DAG(s) dict_keys(['example_external_task_marker_parent', 'example_external_task_marker_child']) retrieved from /Users/Alex/.local/share/virtualenvs/airflow-1c5-bq0J/lib/python3.9/site-packages/airflow/example_dags/example_external_task_marker_dag.py
[2021-08-11 10:45:39,062] {logging_mixin.py:104} INFO - [2021-08-11 10:45:39,062] {dag.py:1833} INFO - Sync 2 DAGs
[2021-08-11 10:45:39,068] {logging_mixin.py:104} INFO - [2021-08-11 10:45:39,068] {dag.py:2306} INFO - Setting next_dagrun for example_external_task_marker_child to None
[2021-08-11 10:45:39,068] {logging_mixin.py:104} INFO - [2021-08-11 10:45:39,068] {dag.py:2306} INFO - Setting next_dagrun for example_external_task_marker_parent to None
[2021-08-11 10:45:39,077] {scheduler_job.py:189} INFO - Processing /Users/Alex/.local/share/virtualenvs/airflow-1c5-bq0J/lib/python3.9/site-packages/airflow/example_dags/example_external_task_marker_dag.py took 0.276 seconds
[2021-08-11 10:46:34,677] {scheduler_job.py:181} INFO - Started process (PID=69601) to work on /Users/Alex/.local/share/virtualenvs/airflow-1c5-bq0J/lib/python3.9/site-packages/airflow/example_dags/example_external_task_marker_dag.py
[2021-08-11 10:46:34,677] {scheduler_job.py:632} INFO - Processing file /Users/Alex/.local/share/virtualenvs/airflow-1c5-bq0J/lib/python3.9/site-packages/airflow/example_dags/example_external_task_marker_dag.py for tasks to queue
[2021-08-11 10:46:34,677] {logging_mixin.py:104} INFO - [2021-08-11 10:46:34,677] {dagbag.py:496} INFO - Filling up the DagBag from /Users/Alex/.local/share/virtualenvs/airflow-1c5-bq0J/lib/python3.9/site-packages/airflow/example_dags/example_external_task_marker_dag.py
[2021-08-11 10:46:34,684] {scheduler_job.py:642} INFO - DAG(s) dict_keys(['example_external_task_marker_parent', 'example_external_task_marker_child']) retrieved from /Users/Alex/.local/share/virtualenvs/airflow-1c5-bq0J/lib/python3.9/site-packages/airflow/example_dags/example_external_task_marker_dag.py
[2021-08-11 10:46:34,919] {logging_mixin.py:104} INFO - [2021-08-11 10:46:34,919] {dag.py:1833} INFO - Sync 2 DAGs
[2021-08-11 10:46:34,925] {logging_mixin.py:104} INFO - [2021-08-11 10:46:34,925] {dag.py:2306} INFO - Setting next_dagrun for example_external_task_marker_child to None
[2021-08-11 10:46:34,926] {logging_mixin.py:104} INFO - [2021-08-11 10:46:34,926] {dag.py:2306} INFO - Setting next_dagrun for example_external_task_marker_parent to None
[2021-08-11 10:46:34,934] {scheduler_job.py:189} INFO - Processing /Users/Alex/.local/share/virtualenvs/airflow-1c5-bq0J/lib/python3.9/site-packages/airflow/example_dags/example_external_task_marker_dag.py took 0.258 seconds
[2021-08-11 10:47:28,462] {scheduler_job.py:181} INFO - Started process (PID=69653) to work on /Users/Alex/.local/share/virtualenvs/airflow-1c5-bq0J/lib/python3.9/site-packages/airflow/example_dags/example_external_task_marker_dag.py
[2021-08-11 10:47:28,462] {scheduler_job.py:632} INFO - Processing file /Users/Alex/.local/share/virtualenvs/airflow-1c5-bq0J/lib/python3.9/site-packages/airflow/example_dags/example_external_task_marker_dag.py for tasks to queue
[2021-08-11 10:47:28,463] {logging_mixin.py:104} INFO - [2021-08-11 10:47:28,463] {dagbag.py:496} INFO - Filling up the DagBag from /Users/Alex/.local/share/virtualenvs/airflow-1c5-bq0J/lib/python3.9/site-packages/airflow/example_dags/example_external_task_marker_dag.py
[2021-08-11 10:47:28,468] {scheduler_job.py:642} INFO - DAG(s) dict_keys(['example_external_task_marker_parent', 'example_external_task_marker_child']) retrieved from /Users/Alex/.local/share/virtualenvs/airflow-1c5-bq0J/lib/python3.9/site-packages/airflow/example_dags/example_external_task_marker_dag.py
[2021-08-11 10:47:28,718] {logging_mixin.py:104} INFO - [2021-08-11 10:47:28,718] {dag.py:1833} INFO - Sync 2 DAGs
[2021-08-11 10:47:28,724] {logging_mixin.py:104} INFO - [2021-08-11 10:47:28,724] {dag.py:2306} INFO - Setting next_dagrun for example_external_task_marker_child to None
[2021-08-11 10:47:28,724] {logging_mixin.py:104} INFO - [2021-08-11 10:47:28,724] {dag.py:2306} INFO - Setting next_dagrun for example_external_task_marker_parent to None
[2021-08-11 10:47:28,734] {scheduler_job.py:189} INFO - Processing /Users/Alex/.local/share/virtualenvs/airflow-1c5-bq0J/lib/python3.9/site-packages/airflow/example_dags/example_external_task_marker_dag.py took 0.273 seconds
[2021-08-11 10:48:24,113] {scheduler_job.py:181} INFO - Started process (PID=69752) to work on /Users/Alex/.local/share/virtualenvs/airflow-1c5-bq0J/lib/python3.9/site-packages/airflow/example_dags/example_external_task_marker_dag.py
[2021-08-11 10:48:24,113] {scheduler_job.py:632} INFO - Processing file /Users/Alex/.local/share/virtualenvs/airflow-1c5-bq0J/lib/python3.9/site-packages/airflow/example_dags/example_external_task_marker_dag.py for tasks to queue
[2021-08-11 10:48:24,113] {logging_mixin.py:104} INFO - [2021-08-11 10:48:24,113] {dagbag.py:496} INFO - Filling up the DagBag from /Users/Alex/.local/share/virtualenvs/airflow-1c5-bq0J/lib/python3.9/site-packages/airflow/example_dags/example_external_task_marker_dag.py
[2021-08-11 10:48:24,121] {scheduler_job.py:642} INFO - DAG(s) dict_keys(['example_external_task_marker_parent', 'example_external_task_marker_child']) retrieved from /Users/Alex/.local/share/virtualenvs/airflow-1c5-bq0J/lib/python3.9/site-packages/airflow/example_dags/example_external_task_marker_dag.py
[2021-08-11 10:48:24,385] {logging_mixin.py:104} INFO - [2021-08-11 10:48:24,385] {dag.py:1833} INFO - Sync 2 DAGs
[2021-08-11 10:48:24,391] {logging_mixin.py:104} INFO - [2021-08-11 10:48:24,390] {dag.py:2306} INFO - Setting next_dagrun for example_external_task_marker_child to None
[2021-08-11 10:48:24,391] {logging_mixin.py:104} INFO - [2021-08-11 10:48:24,391] {dag.py:2306} INFO - Setting next_dagrun for example_external_task_marker_parent to None
[2021-08-11 10:48:24,402] {scheduler_job.py:189} INFO - Processing /Users/Alex/.local/share/virtualenvs/airflow-1c5-bq0J/lib/python3.9/site-packages/airflow/example_dags/example_external_task_marker_dag.py took 0.290 seconds
[2021-08-11 10:49:23,228] {scheduler_job.py:181} INFO - Started process (PID=69838) to work on /Users/Alex/.local/share/virtualenvs/airflow-1c5-bq0J/lib/python3.9/site-packages/airflow/example_dags/example_external_task_marker_dag.py
[2021-08-11 10:49:23,228] {scheduler_job.py:632} INFO - Processing file /Users/Alex/.local/share/virtualenvs/airflow-1c5-bq0J/lib/python3.9/site-packages/airflow/example_dags/example_external_task_marker_dag.py for tasks to queue
[2021-08-11 10:49:23,228] {logging_mixin.py:104} INFO - [2021-08-11 10:49:23,228] {dagbag.py:496} INFO - Filling up the DagBag from /Users/Alex/.local/share/virtualenvs/airflow-1c5-bq0J/lib/python3.9/site-packages/airflow/example_dags/example_external_task_marker_dag.py
[2021-08-11 10:49:23,234] {scheduler_job.py:642} INFO - DAG(s) dict_keys(['example_external_task_marker_parent', 'example_external_task_marker_child']) retrieved from /Users/Alex/.local/share/virtualenvs/airflow-1c5-bq0J/lib/python3.9/site-packages/airflow/example_dags/example_external_task_marker_dag.py
[2021-08-11 10:49:23,496] {logging_mixin.py:104} INFO - [2021-08-11 10:49:23,496] {dag.py:1833} INFO - Sync 2 DAGs
[2021-08-11 10:49:23,616] {logging_mixin.py:104} INFO - [2021-08-11 10:49:23,616] {dag.py:2306} INFO - Setting next_dagrun for example_external_task_marker_child to None
[2021-08-11 10:49:23,617] {logging_mixin.py:104} INFO - [2021-08-11 10:49:23,617] {dag.py:2306} INFO - Setting next_dagrun for example_external_task_marker_parent to None
[2021-08-11 10:49:23,650] {scheduler_job.py:189} INFO - Processing /Users/Alex/.local/share/virtualenvs/airflow-1c5-bq0J/lib/python3.9/site-packages/airflow/example_dags/example_external_task_marker_dag.py took 0.423 seconds
[2021-08-11 10:50:22,322] {scheduler_job.py:181} INFO - Started process (PID=69924) to work on /Users/Alex/.local/share/virtualenvs/airflow-1c5-bq0J/lib/python3.9/site-packages/airflow/example_dags/example_external_task_marker_dag.py
[2021-08-11 10:50:22,324] {scheduler_job.py:632} INFO - Processing file /Users/Alex/.local/share/virtualenvs/airflow-1c5-bq0J/lib/python3.9/site-packages/airflow/example_dags/example_external_task_marker_dag.py for tasks to queue
[2021-08-11 10:50:22,325] {logging_mixin.py:104} INFO - [2021-08-11 10:50:22,325] {dagbag.py:496} INFO - Filling up the DagBag from /Users/Alex/.local/share/virtualenvs/airflow-1c5-bq0J/lib/python3.9/site-packages/airflow/example_dags/example_external_task_marker_dag.py
[2021-08-11 10:50:22,334] {scheduler_job.py:642} INFO - DAG(s) dict_keys(['example_external_task_marker_parent', 'example_external_task_marker_child']) retrieved from /Users/Alex/.local/share/virtualenvs/airflow-1c5-bq0J/lib/python3.9/site-packages/airflow/example_dags/example_external_task_marker_dag.py
[2021-08-11 10:50:22,620] {logging_mixin.py:104} INFO - [2021-08-11 10:50:22,620] {dag.py:1833} INFO - Sync 2 DAGs
[2021-08-11 10:50:22,626] {logging_mixin.py:104} INFO - [2021-08-11 10:50:22,626] {dag.py:2306} INFO - Setting next_dagrun for example_external_task_marker_child to None
[2021-08-11 10:50:22,626] {logging_mixin.py:104} INFO - [2021-08-11 10:50:22,626] {dag.py:2306} INFO - Setting next_dagrun for example_external_task_marker_parent to None
[2021-08-11 10:50:22,633] {scheduler_job.py:189} INFO - Processing /Users/Alex/.local/share/virtualenvs/airflow-1c5-bq0J/lib/python3.9/site-packages/airflow/example_dags/example_external_task_marker_dag.py took 0.312 seconds
[2021-08-11 10:51:19,585] {scheduler_job.py:181} INFO - Started process (PID=70039) to work on /Users/Alex/.local/share/virtualenvs/airflow-1c5-bq0J/lib/python3.9/site-packages/airflow/example_dags/example_external_task_marker_dag.py
[2021-08-11 10:51:19,585] {scheduler_job.py:632} INFO - Processing file /Users/Alex/.local/share/virtualenvs/airflow-1c5-bq0J/lib/python3.9/site-packages/airflow/example_dags/example_external_task_marker_dag.py for tasks to queue
[2021-08-11 10:51:19,586] {logging_mixin.py:104} INFO - [2021-08-11 10:51:19,585] {dagbag.py:496} INFO - Filling up the DagBag from /Users/Alex/.local/share/virtualenvs/airflow-1c5-bq0J/lib/python3.9/site-packages/airflow/example_dags/example_external_task_marker_dag.py
[2021-08-11 10:51:19,594] {scheduler_job.py:642} INFO - DAG(s) dict_keys(['example_external_task_marker_parent', 'example_external_task_marker_child']) retrieved from /Users/Alex/.local/share/virtualenvs/airflow-1c5-bq0J/lib/python3.9/site-packages/airflow/example_dags/example_external_task_marker_dag.py
[2021-08-11 10:51:19,830] {logging_mixin.py:104} INFO - [2021-08-11 10:51:19,830] {dag.py:1833} INFO - Sync 2 DAGs
[2021-08-11 10:51:19,835] {logging_mixin.py:104} INFO - [2021-08-11 10:51:19,835] {dag.py:2306} INFO - Setting next_dagrun for example_external_task_marker_child to None
[2021-08-11 10:51:19,836] {logging_mixin.py:104} INFO - [2021-08-11 10:51:19,836] {dag.py:2306} INFO - Setting next_dagrun for example_external_task_marker_parent to None
[2021-08-11 10:51:19,845] {scheduler_job.py:189} INFO - Processing /Users/Alex/.local/share/virtualenvs/airflow-1c5-bq0J/lib/python3.9/site-packages/airflow/example_dags/example_external_task_marker_dag.py took 0.261 seconds
[2021-08-11 10:52:15,941] {scheduler_job.py:181} INFO - Started process (PID=70145) to work on /Users/Alex/.local/share/virtualenvs/airflow-1c5-bq0J/lib/python3.9/site-packages/airflow/example_dags/example_external_task_marker_dag.py
[2021-08-11 10:52:15,941] {scheduler_job.py:632} INFO - Processing file /Users/Alex/.local/share/virtualenvs/airflow-1c5-bq0J/lib/python3.9/site-packages/airflow/example_dags/example_external_task_marker_dag.py for tasks to queue
[2021-08-11 10:52:15,942] {logging_mixin.py:104} INFO - [2021-08-11 10:52:15,942] {dagbag.py:496} INFO - Filling up the DagBag from /Users/Alex/.local/share/virtualenvs/airflow-1c5-bq0J/lib/python3.9/site-packages/airflow/example_dags/example_external_task_marker_dag.py
[2021-08-11 10:52:15,947] {scheduler_job.py:642} INFO - DAG(s) dict_keys(['example_external_task_marker_parent', 'example_external_task_marker_child']) retrieved from /Users/Alex/.local/share/virtualenvs/airflow-1c5-bq0J/lib/python3.9/site-packages/airflow/example_dags/example_external_task_marker_dag.py
[2021-08-11 10:52:15,972] {logging_mixin.py:104} INFO - [2021-08-11 10:52:15,972] {dag.py:1833} INFO - Sync 2 DAGs
[2021-08-11 10:52:15,977] {logging_mixin.py:104} INFO - [2021-08-11 10:52:15,977] {dag.py:2306} INFO - Setting next_dagrun for example_external_task_marker_child to None
[2021-08-11 10:52:15,978] {logging_mixin.py:104} INFO - [2021-08-11 10:52:15,978] {dag.py:2306} INFO - Setting next_dagrun for example_external_task_marker_parent to None
[2021-08-11 10:52:15,986] {scheduler_job.py:189} INFO - Processing /Users/Alex/.local/share/virtualenvs/airflow-1c5-bq0J/lib/python3.9/site-packages/airflow/example_dags/example_external_task_marker_dag.py took 0.045 seconds
[2021-08-11 10:53:13,470] {scheduler_job.py:181} INFO - Started process (PID=70261) to work on /Users/Alex/.local/share/virtualenvs/airflow-1c5-bq0J/lib/python3.9/site-packages/airflow/example_dags/example_external_task_marker_dag.py
[2021-08-11 10:53:13,472] {scheduler_job.py:632} INFO - Processing file /Users/Alex/.local/share/virtualenvs/airflow-1c5-bq0J/lib/python3.9/site-packages/airflow/example_dags/example_external_task_marker_dag.py for tasks to queue
[2021-08-11 10:53:13,473] {logging_mixin.py:104} INFO - [2021-08-11 10:53:13,473] {dagbag.py:496} INFO - Filling up the DagBag from /Users/Alex/.local/share/virtualenvs/airflow-1c5-bq0J/lib/python3.9/site-packages/airflow/example_dags/example_external_task_marker_dag.py
[2021-08-11 10:53:13,480] {scheduler_job.py:642} INFO - DAG(s) dict_keys(['example_external_task_marker_parent', 'example_external_task_marker_child']) retrieved from /Users/Alex/.local/share/virtualenvs/airflow-1c5-bq0J/lib/python3.9/site-packages/airflow/example_dags/example_external_task_marker_dag.py
[2021-08-11 10:53:14,002] {logging_mixin.py:104} INFO - [2021-08-11 10:53:14,002] {dag.py:1833} INFO - Sync 2 DAGs
[2021-08-11 10:53:14,016] {logging_mixin.py:104} INFO - [2021-08-11 10:53:14,015] {dag.py:2306} INFO - Setting next_dagrun for example_external_task_marker_child to None
[2021-08-11 10:53:14,017] {logging_mixin.py:104} INFO - [2021-08-11 10:53:14,016] {dag.py:2306} INFO - Setting next_dagrun for example_external_task_marker_parent to None
[2021-08-11 10:53:14,027] {scheduler_job.py:189} INFO - Processing /Users/Alex/.local/share/virtualenvs/airflow-1c5-bq0J/lib/python3.9/site-packages/airflow/example_dags/example_external_task_marker_dag.py took 0.558 seconds
[2021-08-11 10:54:07,940] {scheduler_job.py:181} INFO - Started process (PID=70330) to work on /Users/Alex/.local/share/virtualenvs/airflow-1c5-bq0J/lib/python3.9/site-packages/airflow/example_dags/example_external_task_marker_dag.py
[2021-08-11 10:54:07,941] {scheduler_job.py:632} INFO - Processing file /Users/Alex/.local/share/virtualenvs/airflow-1c5-bq0J/lib/python3.9/site-packages/airflow/example_dags/example_external_task_marker_dag.py for tasks to queue
[2021-08-11 10:54:07,941] {logging_mixin.py:104} INFO - [2021-08-11 10:54:07,941] {dagbag.py:496} INFO - Filling up the DagBag from /Users/Alex/.local/share/virtualenvs/airflow-1c5-bq0J/lib/python3.9/site-packages/airflow/example_dags/example_external_task_marker_dag.py
[2021-08-11 10:54:07,948] {scheduler_job.py:642} INFO - DAG(s) dict_keys(['example_external_task_marker_parent', 'example_external_task_marker_child']) retrieved from /Users/Alex/.local/share/virtualenvs/airflow-1c5-bq0J/lib/python3.9/site-packages/airflow/example_dags/example_external_task_marker_dag.py
[2021-08-11 10:54:08,401] {logging_mixin.py:104} INFO - [2021-08-11 10:54:08,401] {dag.py:1833} INFO - Sync 2 DAGs
[2021-08-11 10:54:08,408] {logging_mixin.py:104} INFO - [2021-08-11 10:54:08,408] {dag.py:2306} INFO - Setting next_dagrun for example_external_task_marker_child to None
[2021-08-11 10:54:08,409] {logging_mixin.py:104} INFO - [2021-08-11 10:54:08,409] {dag.py:2306} INFO - Setting next_dagrun for example_external_task_marker_parent to None
[2021-08-11 10:54:08,421] {scheduler_job.py:189} INFO - Processing /Users/Alex/.local/share/virtualenvs/airflow-1c5-bq0J/lib/python3.9/site-packages/airflow/example_dags/example_external_task_marker_dag.py took 0.482 seconds
[2021-08-11 10:55:05,033] {scheduler_job.py:181} INFO - Started process (PID=70441) to work on /Users/Alex/.local/share/virtualenvs/airflow-1c5-bq0J/lib/python3.9/site-packages/airflow/example_dags/example_external_task_marker_dag.py
[2021-08-11 10:55:05,034] {scheduler_job.py:632} INFO - Processing file /Users/Alex/.local/share/virtualenvs/airflow-1c5-bq0J/lib/python3.9/site-packages/airflow/example_dags/example_external_task_marker_dag.py for tasks to queue
[2021-08-11 10:55:05,034] {logging_mixin.py:104} INFO - [2021-08-11 10:55:05,034] {dagbag.py:496} INFO - Filling up the DagBag from /Users/Alex/.local/share/virtualenvs/airflow-1c5-bq0J/lib/python3.9/site-packages/airflow/example_dags/example_external_task_marker_dag.py
[2021-08-11 10:55:05,040] {scheduler_job.py:642} INFO - DAG(s) dict_keys(['example_external_task_marker_parent', 'example_external_task_marker_child']) retrieved from /Users/Alex/.local/share/virtualenvs/airflow-1c5-bq0J/lib/python3.9/site-packages/airflow/example_dags/example_external_task_marker_dag.py
[2021-08-11 10:55:05,339] {logging_mixin.py:104} INFO - [2021-08-11 10:55:05,339] {dag.py:1833} INFO - Sync 2 DAGs
[2021-08-11 10:55:05,344] {logging_mixin.py:104} INFO - [2021-08-11 10:55:05,344] {dag.py:2306} INFO - Setting next_dagrun for example_external_task_marker_child to None
[2021-08-11 10:55:05,345] {logging_mixin.py:104} INFO - [2021-08-11 10:55:05,345] {dag.py:2306} INFO - Setting next_dagrun for example_external_task_marker_parent to None
[2021-08-11 10:55:05,354] {scheduler_job.py:189} INFO - Processing /Users/Alex/.local/share/virtualenvs/airflow-1c5-bq0J/lib/python3.9/site-packages/airflow/example_dags/example_external_task_marker_dag.py took 0.321 seconds
[2021-08-11 10:56:05,346] {scheduler_job.py:181} INFO - Started process (PID=70553) to work on /Users/Alex/.local/share/virtualenvs/airflow-1c5-bq0J/lib/python3.9/site-packages/airflow/example_dags/example_external_task_marker_dag.py
[2021-08-11 10:56:05,347] {scheduler_job.py:632} INFO - Processing file /Users/Alex/.local/share/virtualenvs/airflow-1c5-bq0J/lib/python3.9/site-packages/airflow/example_dags/example_external_task_marker_dag.py for tasks to queue
[2021-08-11 10:56:05,347] {logging_mixin.py:104} INFO - [2021-08-11 10:56:05,347] {dagbag.py:496} INFO - Filling up the DagBag from /Users/Alex/.local/share/virtualenvs/airflow-1c5-bq0J/lib/python3.9/site-packages/airflow/example_dags/example_external_task_marker_dag.py
[2021-08-11 10:56:05,354] {scheduler_job.py:642} INFO - DAG(s) dict_keys(['example_external_task_marker_parent', 'example_external_task_marker_child']) retrieved from /Users/Alex/.local/share/virtualenvs/airflow-1c5-bq0J/lib/python3.9/site-packages/airflow/example_dags/example_external_task_marker_dag.py
[2021-08-11 10:56:05,590] {logging_mixin.py:104} INFO - [2021-08-11 10:56:05,590] {dag.py:1833} INFO - Sync 2 DAGs
[2021-08-11 10:56:05,596] {logging_mixin.py:104} INFO - [2021-08-11 10:56:05,596] {dag.py:2306} INFO - Setting next_dagrun for example_external_task_marker_child to None
[2021-08-11 10:56:05,596] {logging_mixin.py:104} INFO - [2021-08-11 10:56:05,596] {dag.py:2306} INFO - Setting next_dagrun for example_external_task_marker_parent to None
[2021-08-11 10:56:05,603] {scheduler_job.py:189} INFO - Processing /Users/Alex/.local/share/virtualenvs/airflow-1c5-bq0J/lib/python3.9/site-packages/airflow/example_dags/example_external_task_marker_dag.py took 0.257 seconds
[2021-08-11 10:57:01,743] {scheduler_job.py:181} INFO - Started process (PID=70662) to work on /Users/Alex/.local/share/virtualenvs/airflow-1c5-bq0J/lib/python3.9/site-packages/airflow/example_dags/example_external_task_marker_dag.py
[2021-08-11 10:57:01,745] {scheduler_job.py:632} INFO - Processing file /Users/Alex/.local/share/virtualenvs/airflow-1c5-bq0J/lib/python3.9/site-packages/airflow/example_dags/example_external_task_marker_dag.py for tasks to queue
[2021-08-11 10:57:01,746] {logging_mixin.py:104} INFO - [2021-08-11 10:57:01,746] {dagbag.py:496} INFO - Filling up the DagBag from /Users/Alex/.local/share/virtualenvs/airflow-1c5-bq0J/lib/python3.9/site-packages/airflow/example_dags/example_external_task_marker_dag.py
[2021-08-11 10:57:01,756] {scheduler_job.py:642} INFO - DAG(s) dict_keys(['example_external_task_marker_parent', 'example_external_task_marker_child']) retrieved from /Users/Alex/.local/share/virtualenvs/airflow-1c5-bq0J/lib/python3.9/site-packages/airflow/example_dags/example_external_task_marker_dag.py
[2021-08-11 10:57:02,002] {logging_mixin.py:104} INFO - [2021-08-11 10:57:02,002] {dag.py:1833} INFO - Sync 2 DAGs
[2021-08-11 10:57:02,008] {logging_mixin.py:104} INFO - [2021-08-11 10:57:02,008] {dag.py:2306} INFO - Setting next_dagrun for example_external_task_marker_child to None
[2021-08-11 10:57:02,008] {logging_mixin.py:104} INFO - [2021-08-11 10:57:02,008] {dag.py:2306} INFO - Setting next_dagrun for example_external_task_marker_parent to None
[2021-08-11 10:57:02,015] {scheduler_job.py:189} INFO - Processing /Users/Alex/.local/share/virtualenvs/airflow-1c5-bq0J/lib/python3.9/site-packages/airflow/example_dags/example_external_task_marker_dag.py took 0.273 seconds
[2021-08-11 10:57:58,152] {scheduler_job.py:181} INFO - Started process (PID=70771) to work on /Users/Alex/.local/share/virtualenvs/airflow-1c5-bq0J/lib/python3.9/site-packages/airflow/example_dags/example_external_task_marker_dag.py
[2021-08-11 10:57:58,152] {scheduler_job.py:632} INFO - Processing file /Users/Alex/.local/share/virtualenvs/airflow-1c5-bq0J/lib/python3.9/site-packages/airflow/example_dags/example_external_task_marker_dag.py for tasks to queue
[2021-08-11 10:57:58,153] {logging_mixin.py:104} INFO - [2021-08-11 10:57:58,152] {dagbag.py:496} INFO - Filling up the DagBag from /Users/Alex/.local/share/virtualenvs/airflow-1c5-bq0J/lib/python3.9/site-packages/airflow/example_dags/example_external_task_marker_dag.py
[2021-08-11 10:57:58,160] {scheduler_job.py:642} INFO - DAG(s) dict_keys(['example_external_task_marker_parent', 'example_external_task_marker_child']) retrieved from /Users/Alex/.local/share/virtualenvs/airflow-1c5-bq0J/lib/python3.9/site-packages/airflow/example_dags/example_external_task_marker_dag.py
[2021-08-11 10:57:58,453] {logging_mixin.py:104} INFO - [2021-08-11 10:57:58,452] {dag.py:1833} INFO - Sync 2 DAGs
[2021-08-11 10:57:58,459] {logging_mixin.py:104} INFO - [2021-08-11 10:57:58,459] {dag.py:2306} INFO - Setting next_dagrun for example_external_task_marker_child to None
[2021-08-11 10:57:58,459] {logging_mixin.py:104} INFO - [2021-08-11 10:57:58,459] {dag.py:2306} INFO - Setting next_dagrun for example_external_task_marker_parent to None
[2021-08-11 10:57:58,469] {scheduler_job.py:189} INFO - Processing /Users/Alex/.local/share/virtualenvs/airflow-1c5-bq0J/lib/python3.9/site-packages/airflow/example_dags/example_external_task_marker_dag.py took 0.318 seconds
[2021-08-11 10:59:00,724] {scheduler_job.py:181} INFO - Started process (PID=70884) to work on /Users/Alex/.local/share/virtualenvs/airflow-1c5-bq0J/lib/python3.9/site-packages/airflow/example_dags/example_external_task_marker_dag.py
[2021-08-11 10:59:00,725] {scheduler_job.py:632} INFO - Processing file /Users/Alex/.local/share/virtualenvs/airflow-1c5-bq0J/lib/python3.9/site-packages/airflow/example_dags/example_external_task_marker_dag.py for tasks to queue
[2021-08-11 10:59:00,725] {logging_mixin.py:104} INFO - [2021-08-11 10:59:00,725] {dagbag.py:496} INFO - Filling up the DagBag from /Users/Alex/.local/share/virtualenvs/airflow-1c5-bq0J/lib/python3.9/site-packages/airflow/example_dags/example_external_task_marker_dag.py
[2021-08-11 10:59:00,730] {scheduler_job.py:642} INFO - DAG(s) dict_keys(['example_external_task_marker_parent', 'example_external_task_marker_child']) retrieved from /Users/Alex/.local/share/virtualenvs/airflow-1c5-bq0J/lib/python3.9/site-packages/airflow/example_dags/example_external_task_marker_dag.py
[2021-08-11 10:59:00,976] {logging_mixin.py:104} INFO - [2021-08-11 10:59:00,976] {dag.py:1833} INFO - Sync 2 DAGs
[2021-08-11 10:59:00,982] {logging_mixin.py:104} INFO - [2021-08-11 10:59:00,982] {dag.py:2306} INFO - Setting next_dagrun for example_external_task_marker_child to None
[2021-08-11 10:59:00,982] {logging_mixin.py:104} INFO - [2021-08-11 10:59:00,982] {dag.py:2306} INFO - Setting next_dagrun for example_external_task_marker_parent to None
[2021-08-11 10:59:00,991] {scheduler_job.py:189} INFO - Processing /Users/Alex/.local/share/virtualenvs/airflow-1c5-bq0J/lib/python3.9/site-packages/airflow/example_dags/example_external_task_marker_dag.py took 0.268 seconds
[2021-08-11 10:59:58,574] {scheduler_job.py:181} INFO - Started process (PID=70990) to work on /Users/Alex/.local/share/virtualenvs/airflow-1c5-bq0J/lib/python3.9/site-packages/airflow/example_dags/example_external_task_marker_dag.py
[2021-08-11 10:59:58,575] {scheduler_job.py:632} INFO - Processing file /Users/Alex/.local/share/virtualenvs/airflow-1c5-bq0J/lib/python3.9/site-packages/airflow/example_dags/example_external_task_marker_dag.py for tasks to queue
[2021-08-11 10:59:58,575] {logging_mixin.py:104} INFO - [2021-08-11 10:59:58,575] {dagbag.py:496} INFO - Filling up the DagBag from /Users/Alex/.local/share/virtualenvs/airflow-1c5-bq0J/lib/python3.9/site-packages/airflow/example_dags/example_external_task_marker_dag.py
[2021-08-11 10:59:58,581] {scheduler_job.py:642} INFO - DAG(s) dict_keys(['example_external_task_marker_parent', 'example_external_task_marker_child']) retrieved from /Users/Alex/.local/share/virtualenvs/airflow-1c5-bq0J/lib/python3.9/site-packages/airflow/example_dags/example_external_task_marker_dag.py
[2021-08-11 10:59:58,839] {logging_mixin.py:104} INFO - [2021-08-11 10:59:58,839] {dag.py:1833} INFO - Sync 2 DAGs
[2021-08-11 10:59:58,845] {logging_mixin.py:104} INFO - [2021-08-11 10:59:58,845] {dag.py:2306} INFO - Setting next_dagrun for example_external_task_marker_child to None
[2021-08-11 10:59:58,845] {logging_mixin.py:104} INFO - [2021-08-11 10:59:58,845] {dag.py:2306} INFO - Setting next_dagrun for example_external_task_marker_parent to None
[2021-08-11 10:59:58,855] {scheduler_job.py:189} INFO - Processing /Users/Alex/.local/share/virtualenvs/airflow-1c5-bq0J/lib/python3.9/site-packages/airflow/example_dags/example_external_task_marker_dag.py took 0.281 seconds
[2021-08-11 11:00:58,019] {scheduler_job.py:181} INFO - Started process (PID=71113) to work on /Users/Alex/.local/share/virtualenvs/airflow-1c5-bq0J/lib/python3.9/site-packages/airflow/example_dags/example_external_task_marker_dag.py
[2021-08-11 11:00:58,019] {scheduler_job.py:632} INFO - Processing file /Users/Alex/.local/share/virtualenvs/airflow-1c5-bq0J/lib/python3.9/site-packages/airflow/example_dags/example_external_task_marker_dag.py for tasks to queue
[2021-08-11 11:00:58,019] {logging_mixin.py:104} INFO - [2021-08-11 11:00:58,019] {dagbag.py:496} INFO - Filling up the DagBag from /Users/Alex/.local/share/virtualenvs/airflow-1c5-bq0J/lib/python3.9/site-packages/airflow/example_dags/example_external_task_marker_dag.py
[2021-08-11 11:00:58,028] {scheduler_job.py:642} INFO - DAG(s) dict_keys(['example_external_task_marker_parent', 'example_external_task_marker_child']) retrieved from /Users/Alex/.local/share/virtualenvs/airflow-1c5-bq0J/lib/python3.9/site-packages/airflow/example_dags/example_external_task_marker_dag.py
[2021-08-11 11:00:58,396] {logging_mixin.py:104} INFO - [2021-08-11 11:00:58,396] {dag.py:1833} INFO - Sync 2 DAGs
[2021-08-11 11:00:58,402] {logging_mixin.py:104} INFO - [2021-08-11 11:00:58,402] {dag.py:2306} INFO - Setting next_dagrun for example_external_task_marker_child to None
[2021-08-11 11:00:58,402] {logging_mixin.py:104} INFO - [2021-08-11 11:00:58,402] {dag.py:2306} INFO - Setting next_dagrun for example_external_task_marker_parent to None
[2021-08-11 11:00:58,411] {scheduler_job.py:189} INFO - Processing /Users/Alex/.local/share/virtualenvs/airflow-1c5-bq0J/lib/python3.9/site-packages/airflow/example_dags/example_external_task_marker_dag.py took 0.393 seconds
[2021-08-11 11:01:56,456] {scheduler_job.py:181} INFO - Started process (PID=71212) to work on /Users/Alex/.local/share/virtualenvs/airflow-1c5-bq0J/lib/python3.9/site-packages/airflow/example_dags/example_external_task_marker_dag.py
[2021-08-11 11:01:56,457] {scheduler_job.py:632} INFO - Processing file /Users/Alex/.local/share/virtualenvs/airflow-1c5-bq0J/lib/python3.9/site-packages/airflow/example_dags/example_external_task_marker_dag.py for tasks to queue
[2021-08-11 11:01:56,457] {logging_mixin.py:104} INFO - [2021-08-11 11:01:56,457] {dagbag.py:496} INFO - Filling up the DagBag from /Users/Alex/.local/share/virtualenvs/airflow-1c5-bq0J/lib/python3.9/site-packages/airflow/example_dags/example_external_task_marker_dag.py
[2021-08-11 11:01:56,467] {scheduler_job.py:642} INFO - DAG(s) dict_keys(['example_external_task_marker_parent', 'example_external_task_marker_child']) retrieved from /Users/Alex/.local/share/virtualenvs/airflow-1c5-bq0J/lib/python3.9/site-packages/airflow/example_dags/example_external_task_marker_dag.py
[2021-08-11 11:01:56,825] {logging_mixin.py:104} INFO - [2021-08-11 11:01:56,825] {dag.py:1833} INFO - Sync 2 DAGs
[2021-08-11 11:01:56,830] {logging_mixin.py:104} INFO - [2021-08-11 11:01:56,830] {dag.py:2306} INFO - Setting next_dagrun for example_external_task_marker_child to None
[2021-08-11 11:01:56,830] {logging_mixin.py:104} INFO - [2021-08-11 11:01:56,830] {dag.py:2306} INFO - Setting next_dagrun for example_external_task_marker_parent to None
[2021-08-11 11:01:56,840] {scheduler_job.py:189} INFO - Processing /Users/Alex/.local/share/virtualenvs/airflow-1c5-bq0J/lib/python3.9/site-packages/airflow/example_dags/example_external_task_marker_dag.py took 0.384 seconds
