[2021-08-11 10:43:51,058] {scheduler_job.py:181} INFO - Started process (PID=69364) to work on /Users/Alex/.local/share/virtualenvs/airflow-1c5-bq0J/lib/python3.9/site-packages/airflow/example_dags/example_xcomargs.py
[2021-08-11 10:43:51,059] {scheduler_job.py:632} INFO - Processing file /Users/Alex/.local/share/virtualenvs/airflow-1c5-bq0J/lib/python3.9/site-packages/airflow/example_dags/example_xcomargs.py for tasks to queue
[2021-08-11 10:43:51,059] {logging_mixin.py:104} INFO - [2021-08-11 10:43:51,059] {dagbag.py:496} INFO - Filling up the DagBag from /Users/Alex/.local/share/virtualenvs/airflow-1c5-bq0J/lib/python3.9/site-packages/airflow/example_dags/example_xcomargs.py
[2021-08-11 10:43:51,076] {scheduler_job.py:642} INFO - DAG(s) dict_keys(['example_xcom_args', 'example_xcom_args_with_operators']) retrieved from /Users/Alex/.local/share/virtualenvs/airflow-1c5-bq0J/lib/python3.9/site-packages/airflow/example_dags/example_xcomargs.py
[2021-08-11 10:43:51,395] {logging_mixin.py:104} INFO - [2021-08-11 10:43:51,394] {dag.py:1833} INFO - Sync 2 DAGs
[2021-08-11 10:43:51,402] {logging_mixin.py:104} INFO - [2021-08-11 10:43:51,402] {dag.py:2306} INFO - Setting next_dagrun for example_xcom_args to None
[2021-08-11 10:43:51,402] {logging_mixin.py:104} INFO - [2021-08-11 10:43:51,402] {dag.py:2306} INFO - Setting next_dagrun for example_xcom_args_with_operators to None
[2021-08-11 10:43:51,411] {scheduler_job.py:189} INFO - Processing /Users/Alex/.local/share/virtualenvs/airflow-1c5-bq0J/lib/python3.9/site-packages/airflow/example_dags/example_xcomargs.py took 0.353 seconds
[2021-08-11 10:45:11,229] {scheduler_job.py:181} INFO - Started process (PID=69475) to work on /Users/Alex/.local/share/virtualenvs/airflow-1c5-bq0J/lib/python3.9/site-packages/airflow/example_dags/example_xcomargs.py
[2021-08-11 10:45:11,230] {scheduler_job.py:632} INFO - Processing file /Users/Alex/.local/share/virtualenvs/airflow-1c5-bq0J/lib/python3.9/site-packages/airflow/example_dags/example_xcomargs.py for tasks to queue
[2021-08-11 10:45:11,230] {logging_mixin.py:104} INFO - [2021-08-11 10:45:11,230] {dagbag.py:496} INFO - Filling up the DagBag from /Users/Alex/.local/share/virtualenvs/airflow-1c5-bq0J/lib/python3.9/site-packages/airflow/example_dags/example_xcomargs.py
[2021-08-11 10:45:11,240] {scheduler_job.py:642} INFO - DAG(s) dict_keys(['example_xcom_args', 'example_xcom_args_with_operators']) retrieved from /Users/Alex/.local/share/virtualenvs/airflow-1c5-bq0J/lib/python3.9/site-packages/airflow/example_dags/example_xcomargs.py
[2021-08-11 10:45:11,655] {logging_mixin.py:104} INFO - [2021-08-11 10:45:11,655] {dag.py:1833} INFO - Sync 2 DAGs
[2021-08-11 10:45:11,661] {logging_mixin.py:104} INFO - [2021-08-11 10:45:11,661] {dag.py:2306} INFO - Setting next_dagrun for example_xcom_args to None
[2021-08-11 10:45:11,662] {logging_mixin.py:104} INFO - [2021-08-11 10:45:11,662] {dag.py:2306} INFO - Setting next_dagrun for example_xcom_args_with_operators to None
[2021-08-11 10:45:11,671] {scheduler_job.py:189} INFO - Processing /Users/Alex/.local/share/virtualenvs/airflow-1c5-bq0J/lib/python3.9/site-packages/airflow/example_dags/example_xcomargs.py took 0.442 seconds
[2021-08-11 10:46:02,797] {scheduler_job.py:181} INFO - Started process (PID=69568) to work on /Users/Alex/.local/share/virtualenvs/airflow-1c5-bq0J/lib/python3.9/site-packages/airflow/example_dags/example_xcomargs.py
[2021-08-11 10:46:02,798] {scheduler_job.py:632} INFO - Processing file /Users/Alex/.local/share/virtualenvs/airflow-1c5-bq0J/lib/python3.9/site-packages/airflow/example_dags/example_xcomargs.py for tasks to queue
[2021-08-11 10:46:02,798] {logging_mixin.py:104} INFO - [2021-08-11 10:46:02,798] {dagbag.py:496} INFO - Filling up the DagBag from /Users/Alex/.local/share/virtualenvs/airflow-1c5-bq0J/lib/python3.9/site-packages/airflow/example_dags/example_xcomargs.py
[2021-08-11 10:46:02,809] {scheduler_job.py:642} INFO - DAG(s) dict_keys(['example_xcom_args', 'example_xcom_args_with_operators']) retrieved from /Users/Alex/.local/share/virtualenvs/airflow-1c5-bq0J/lib/python3.9/site-packages/airflow/example_dags/example_xcomargs.py
[2021-08-11 10:46:03,055] {logging_mixin.py:104} INFO - [2021-08-11 10:46:03,055] {dag.py:1833} INFO - Sync 2 DAGs
[2021-08-11 10:46:03,060] {logging_mixin.py:104} INFO - [2021-08-11 10:46:03,060] {dag.py:2306} INFO - Setting next_dagrun for example_xcom_args to None
[2021-08-11 10:46:03,061] {logging_mixin.py:104} INFO - [2021-08-11 10:46:03,061] {dag.py:2306} INFO - Setting next_dagrun for example_xcom_args_with_operators to None
[2021-08-11 10:46:03,070] {scheduler_job.py:189} INFO - Processing /Users/Alex/.local/share/virtualenvs/airflow-1c5-bq0J/lib/python3.9/site-packages/airflow/example_dags/example_xcomargs.py took 0.274 seconds
[2021-08-11 10:46:53,928] {scheduler_job.py:181} INFO - Started process (PID=69614) to work on /Users/Alex/.local/share/virtualenvs/airflow-1c5-bq0J/lib/python3.9/site-packages/airflow/example_dags/example_xcomargs.py
[2021-08-11 10:46:53,928] {scheduler_job.py:632} INFO - Processing file /Users/Alex/.local/share/virtualenvs/airflow-1c5-bq0J/lib/python3.9/site-packages/airflow/example_dags/example_xcomargs.py for tasks to queue
[2021-08-11 10:46:53,928] {logging_mixin.py:104} INFO - [2021-08-11 10:46:53,928] {dagbag.py:496} INFO - Filling up the DagBag from /Users/Alex/.local/share/virtualenvs/airflow-1c5-bq0J/lib/python3.9/site-packages/airflow/example_dags/example_xcomargs.py
[2021-08-11 10:46:53,939] {scheduler_job.py:642} INFO - DAG(s) dict_keys(['example_xcom_args', 'example_xcom_args_with_operators']) retrieved from /Users/Alex/.local/share/virtualenvs/airflow-1c5-bq0J/lib/python3.9/site-packages/airflow/example_dags/example_xcomargs.py
[2021-08-11 10:46:54,212] {logging_mixin.py:104} INFO - [2021-08-11 10:46:54,212] {dag.py:1833} INFO - Sync 2 DAGs
[2021-08-11 10:46:54,221] {logging_mixin.py:104} INFO - [2021-08-11 10:46:54,221] {dag.py:2306} INFO - Setting next_dagrun for example_xcom_args to None
[2021-08-11 10:46:54,221] {logging_mixin.py:104} INFO - [2021-08-11 10:46:54,221] {dag.py:2306} INFO - Setting next_dagrun for example_xcom_args_with_operators to None
[2021-08-11 10:46:54,230] {scheduler_job.py:189} INFO - Processing /Users/Alex/.local/share/virtualenvs/airflow-1c5-bq0J/lib/python3.9/site-packages/airflow/example_dags/example_xcomargs.py took 0.303 seconds
[2021-08-11 10:47:50,565] {scheduler_job.py:181} INFO - Started process (PID=69687) to work on /Users/Alex/.local/share/virtualenvs/airflow-1c5-bq0J/lib/python3.9/site-packages/airflow/example_dags/example_xcomargs.py
[2021-08-11 10:47:50,565] {scheduler_job.py:632} INFO - Processing file /Users/Alex/.local/share/virtualenvs/airflow-1c5-bq0J/lib/python3.9/site-packages/airflow/example_dags/example_xcomargs.py for tasks to queue
[2021-08-11 10:47:50,566] {logging_mixin.py:104} INFO - [2021-08-11 10:47:50,566] {dagbag.py:496} INFO - Filling up the DagBag from /Users/Alex/.local/share/virtualenvs/airflow-1c5-bq0J/lib/python3.9/site-packages/airflow/example_dags/example_xcomargs.py
[2021-08-11 10:47:50,576] {scheduler_job.py:642} INFO - DAG(s) dict_keys(['example_xcom_args', 'example_xcom_args_with_operators']) retrieved from /Users/Alex/.local/share/virtualenvs/airflow-1c5-bq0J/lib/python3.9/site-packages/airflow/example_dags/example_xcomargs.py
[2021-08-11 10:47:50,877] {logging_mixin.py:104} INFO - [2021-08-11 10:47:50,876] {dag.py:1833} INFO - Sync 2 DAGs
[2021-08-11 10:47:50,884] {logging_mixin.py:104} INFO - [2021-08-11 10:47:50,883] {dag.py:2306} INFO - Setting next_dagrun for example_xcom_args to None
[2021-08-11 10:47:50,884] {logging_mixin.py:104} INFO - [2021-08-11 10:47:50,884] {dag.py:2306} INFO - Setting next_dagrun for example_xcom_args_with_operators to None
[2021-08-11 10:47:50,894] {scheduler_job.py:189} INFO - Processing /Users/Alex/.local/share/virtualenvs/airflow-1c5-bq0J/lib/python3.9/site-packages/airflow/example_dags/example_xcomargs.py took 0.330 seconds
[2021-08-11 10:48:45,985] {scheduler_job.py:181} INFO - Started process (PID=69790) to work on /Users/Alex/.local/share/virtualenvs/airflow-1c5-bq0J/lib/python3.9/site-packages/airflow/example_dags/example_xcomargs.py
[2021-08-11 10:48:45,985] {scheduler_job.py:632} INFO - Processing file /Users/Alex/.local/share/virtualenvs/airflow-1c5-bq0J/lib/python3.9/site-packages/airflow/example_dags/example_xcomargs.py for tasks to queue
[2021-08-11 10:48:45,986] {logging_mixin.py:104} INFO - [2021-08-11 10:48:45,986] {dagbag.py:496} INFO - Filling up the DagBag from /Users/Alex/.local/share/virtualenvs/airflow-1c5-bq0J/lib/python3.9/site-packages/airflow/example_dags/example_xcomargs.py
[2021-08-11 10:48:45,998] {scheduler_job.py:642} INFO - DAG(s) dict_keys(['example_xcom_args', 'example_xcom_args_with_operators']) retrieved from /Users/Alex/.local/share/virtualenvs/airflow-1c5-bq0J/lib/python3.9/site-packages/airflow/example_dags/example_xcomargs.py
[2021-08-11 10:48:46,274] {logging_mixin.py:104} INFO - [2021-08-11 10:48:46,274] {dag.py:1833} INFO - Sync 2 DAGs
[2021-08-11 10:48:46,280] {logging_mixin.py:104} INFO - [2021-08-11 10:48:46,280] {dag.py:2306} INFO - Setting next_dagrun for example_xcom_args to None
[2021-08-11 10:48:46,280] {logging_mixin.py:104} INFO - [2021-08-11 10:48:46,280] {dag.py:2306} INFO - Setting next_dagrun for example_xcom_args_with_operators to None
[2021-08-11 10:48:46,288] {scheduler_job.py:189} INFO - Processing /Users/Alex/.local/share/virtualenvs/airflow-1c5-bq0J/lib/python3.9/site-packages/airflow/example_dags/example_xcomargs.py took 0.304 seconds
[2021-08-11 10:49:46,087] {scheduler_job.py:181} INFO - Started process (PID=69857) to work on /Users/Alex/.local/share/virtualenvs/airflow-1c5-bq0J/lib/python3.9/site-packages/airflow/example_dags/example_xcomargs.py
[2021-08-11 10:49:46,087] {scheduler_job.py:632} INFO - Processing file /Users/Alex/.local/share/virtualenvs/airflow-1c5-bq0J/lib/python3.9/site-packages/airflow/example_dags/example_xcomargs.py for tasks to queue
[2021-08-11 10:49:46,088] {logging_mixin.py:104} INFO - [2021-08-11 10:49:46,088] {dagbag.py:496} INFO - Filling up the DagBag from /Users/Alex/.local/share/virtualenvs/airflow-1c5-bq0J/lib/python3.9/site-packages/airflow/example_dags/example_xcomargs.py
[2021-08-11 10:49:46,103] {scheduler_job.py:642} INFO - DAG(s) dict_keys(['example_xcom_args', 'example_xcom_args_with_operators']) retrieved from /Users/Alex/.local/share/virtualenvs/airflow-1c5-bq0J/lib/python3.9/site-packages/airflow/example_dags/example_xcomargs.py
[2021-08-11 10:49:46,434] {logging_mixin.py:104} INFO - [2021-08-11 10:49:46,434] {dag.py:1833} INFO - Sync 2 DAGs
[2021-08-11 10:49:46,440] {logging_mixin.py:104} INFO - [2021-08-11 10:49:46,440] {dag.py:2306} INFO - Setting next_dagrun for example_xcom_args to None
[2021-08-11 10:49:46,440] {logging_mixin.py:104} INFO - [2021-08-11 10:49:46,440] {dag.py:2306} INFO - Setting next_dagrun for example_xcom_args_with_operators to None
[2021-08-11 10:49:46,447] {scheduler_job.py:189} INFO - Processing /Users/Alex/.local/share/virtualenvs/airflow-1c5-bq0J/lib/python3.9/site-packages/airflow/example_dags/example_xcomargs.py took 0.361 seconds
[2021-08-11 10:50:45,524] {scheduler_job.py:181} INFO - Started process (PID=69973) to work on /Users/Alex/.local/share/virtualenvs/airflow-1c5-bq0J/lib/python3.9/site-packages/airflow/example_dags/example_xcomargs.py
[2021-08-11 10:50:45,528] {scheduler_job.py:632} INFO - Processing file /Users/Alex/.local/share/virtualenvs/airflow-1c5-bq0J/lib/python3.9/site-packages/airflow/example_dags/example_xcomargs.py for tasks to queue
[2021-08-11 10:50:45,529] {logging_mixin.py:104} INFO - [2021-08-11 10:50:45,529] {dagbag.py:496} INFO - Filling up the DagBag from /Users/Alex/.local/share/virtualenvs/airflow-1c5-bq0J/lib/python3.9/site-packages/airflow/example_dags/example_xcomargs.py
[2021-08-11 10:50:45,541] {scheduler_job.py:642} INFO - DAG(s) dict_keys(['example_xcom_args', 'example_xcom_args_with_operators']) retrieved from /Users/Alex/.local/share/virtualenvs/airflow-1c5-bq0J/lib/python3.9/site-packages/airflow/example_dags/example_xcomargs.py
[2021-08-11 10:50:45,785] {logging_mixin.py:104} INFO - [2021-08-11 10:50:45,785] {dag.py:1833} INFO - Sync 2 DAGs
[2021-08-11 10:50:45,790] {logging_mixin.py:104} INFO - [2021-08-11 10:50:45,790] {dag.py:2306} INFO - Setting next_dagrun for example_xcom_args to None
[2021-08-11 10:50:45,791] {logging_mixin.py:104} INFO - [2021-08-11 10:50:45,791] {dag.py:2306} INFO - Setting next_dagrun for example_xcom_args_with_operators to None
[2021-08-11 10:50:45,800] {scheduler_job.py:189} INFO - Processing /Users/Alex/.local/share/virtualenvs/airflow-1c5-bq0J/lib/python3.9/site-packages/airflow/example_dags/example_xcomargs.py took 0.276 seconds
[2021-08-11 10:51:42,601] {scheduler_job.py:181} INFO - Started process (PID=70083) to work on /Users/Alex/.local/share/virtualenvs/airflow-1c5-bq0J/lib/python3.9/site-packages/airflow/example_dags/example_xcomargs.py
[2021-08-11 10:51:42,602] {scheduler_job.py:632} INFO - Processing file /Users/Alex/.local/share/virtualenvs/airflow-1c5-bq0J/lib/python3.9/site-packages/airflow/example_dags/example_xcomargs.py for tasks to queue
[2021-08-11 10:51:42,602] {logging_mixin.py:104} INFO - [2021-08-11 10:51:42,602] {dagbag.py:496} INFO - Filling up the DagBag from /Users/Alex/.local/share/virtualenvs/airflow-1c5-bq0J/lib/python3.9/site-packages/airflow/example_dags/example_xcomargs.py
[2021-08-11 10:51:42,612] {scheduler_job.py:642} INFO - DAG(s) dict_keys(['example_xcom_args', 'example_xcom_args_with_operators']) retrieved from /Users/Alex/.local/share/virtualenvs/airflow-1c5-bq0J/lib/python3.9/site-packages/airflow/example_dags/example_xcomargs.py
[2021-08-11 10:51:42,845] {logging_mixin.py:104} INFO - [2021-08-11 10:51:42,844] {dag.py:1833} INFO - Sync 2 DAGs
[2021-08-11 10:51:42,851] {logging_mixin.py:104} INFO - [2021-08-11 10:51:42,851] {dag.py:2306} INFO - Setting next_dagrun for example_xcom_args to None
[2021-08-11 10:51:42,864] {logging_mixin.py:104} INFO - [2021-08-11 10:51:42,864] {dag.py:2306} INFO - Setting next_dagrun for example_xcom_args_with_operators to None
[2021-08-11 10:51:42,872] {scheduler_job.py:189} INFO - Processing /Users/Alex/.local/share/virtualenvs/airflow-1c5-bq0J/lib/python3.9/site-packages/airflow/example_dags/example_xcomargs.py took 0.271 seconds
[2021-08-11 10:52:37,474] {scheduler_job.py:181} INFO - Started process (PID=70189) to work on /Users/Alex/.local/share/virtualenvs/airflow-1c5-bq0J/lib/python3.9/site-packages/airflow/example_dags/example_xcomargs.py
[2021-08-11 10:52:37,474] {scheduler_job.py:632} INFO - Processing file /Users/Alex/.local/share/virtualenvs/airflow-1c5-bq0J/lib/python3.9/site-packages/airflow/example_dags/example_xcomargs.py for tasks to queue
[2021-08-11 10:52:37,474] {logging_mixin.py:104} INFO - [2021-08-11 10:52:37,474] {dagbag.py:496} INFO - Filling up the DagBag from /Users/Alex/.local/share/virtualenvs/airflow-1c5-bq0J/lib/python3.9/site-packages/airflow/example_dags/example_xcomargs.py
[2021-08-11 10:52:37,484] {scheduler_job.py:642} INFO - DAG(s) dict_keys(['example_xcom_args', 'example_xcom_args_with_operators']) retrieved from /Users/Alex/.local/share/virtualenvs/airflow-1c5-bq0J/lib/python3.9/site-packages/airflow/example_dags/example_xcomargs.py
[2021-08-11 10:52:37,850] {logging_mixin.py:104} INFO - [2021-08-11 10:52:37,850] {dag.py:1833} INFO - Sync 2 DAGs
[2021-08-11 10:52:37,856] {logging_mixin.py:104} INFO - [2021-08-11 10:52:37,856] {dag.py:2306} INFO - Setting next_dagrun for example_xcom_args to None
[2021-08-11 10:52:37,856] {logging_mixin.py:104} INFO - [2021-08-11 10:52:37,856] {dag.py:2306} INFO - Setting next_dagrun for example_xcom_args_with_operators to None
[2021-08-11 10:52:37,866] {scheduler_job.py:189} INFO - Processing /Users/Alex/.local/share/virtualenvs/airflow-1c5-bq0J/lib/python3.9/site-packages/airflow/example_dags/example_xcomargs.py took 0.393 seconds
[2021-08-11 10:53:35,995] {scheduler_job.py:181} INFO - Started process (PID=70296) to work on /Users/Alex/.local/share/virtualenvs/airflow-1c5-bq0J/lib/python3.9/site-packages/airflow/example_dags/example_xcomargs.py
[2021-08-11 10:53:35,998] {scheduler_job.py:632} INFO - Processing file /Users/Alex/.local/share/virtualenvs/airflow-1c5-bq0J/lib/python3.9/site-packages/airflow/example_dags/example_xcomargs.py for tasks to queue
[2021-08-11 10:53:35,999] {logging_mixin.py:104} INFO - [2021-08-11 10:53:35,998] {dagbag.py:496} INFO - Filling up the DagBag from /Users/Alex/.local/share/virtualenvs/airflow-1c5-bq0J/lib/python3.9/site-packages/airflow/example_dags/example_xcomargs.py
[2021-08-11 10:53:36,009] {scheduler_job.py:642} INFO - DAG(s) dict_keys(['example_xcom_args', 'example_xcom_args_with_operators']) retrieved from /Users/Alex/.local/share/virtualenvs/airflow-1c5-bq0J/lib/python3.9/site-packages/airflow/example_dags/example_xcomargs.py
[2021-08-11 10:53:36,383] {logging_mixin.py:104} INFO - [2021-08-11 10:53:36,382] {dag.py:1833} INFO - Sync 2 DAGs
[2021-08-11 10:53:36,392] {logging_mixin.py:104} INFO - [2021-08-11 10:53:36,392] {dag.py:2306} INFO - Setting next_dagrun for example_xcom_args to None
[2021-08-11 10:53:36,392] {logging_mixin.py:104} INFO - [2021-08-11 10:53:36,392] {dag.py:2306} INFO - Setting next_dagrun for example_xcom_args_with_operators to None
[2021-08-11 10:53:36,403] {scheduler_job.py:189} INFO - Processing /Users/Alex/.local/share/virtualenvs/airflow-1c5-bq0J/lib/python3.9/site-packages/airflow/example_dags/example_xcomargs.py took 0.408 seconds
[2021-08-11 10:54:27,040] {scheduler_job.py:181} INFO - Started process (PID=70367) to work on /Users/Alex/.local/share/virtualenvs/airflow-1c5-bq0J/lib/python3.9/site-packages/airflow/example_dags/example_xcomargs.py
[2021-08-11 10:54:27,043] {scheduler_job.py:632} INFO - Processing file /Users/Alex/.local/share/virtualenvs/airflow-1c5-bq0J/lib/python3.9/site-packages/airflow/example_dags/example_xcomargs.py for tasks to queue
[2021-08-11 10:54:27,043] {logging_mixin.py:104} INFO - [2021-08-11 10:54:27,043] {dagbag.py:496} INFO - Filling up the DagBag from /Users/Alex/.local/share/virtualenvs/airflow-1c5-bq0J/lib/python3.9/site-packages/airflow/example_dags/example_xcomargs.py
[2021-08-11 10:54:27,058] {scheduler_job.py:642} INFO - DAG(s) dict_keys(['example_xcom_args', 'example_xcom_args_with_operators']) retrieved from /Users/Alex/.local/share/virtualenvs/airflow-1c5-bq0J/lib/python3.9/site-packages/airflow/example_dags/example_xcomargs.py
[2021-08-11 10:54:27,294] {logging_mixin.py:104} INFO - [2021-08-11 10:54:27,294] {dag.py:1833} INFO - Sync 2 DAGs
[2021-08-11 10:54:27,300] {logging_mixin.py:104} INFO - [2021-08-11 10:54:27,300] {dag.py:2306} INFO - Setting next_dagrun for example_xcom_args to None
[2021-08-11 10:54:27,300] {logging_mixin.py:104} INFO - [2021-08-11 10:54:27,300] {dag.py:2306} INFO - Setting next_dagrun for example_xcom_args_with_operators to None
[2021-08-11 10:54:27,310] {scheduler_job.py:189} INFO - Processing /Users/Alex/.local/share/virtualenvs/airflow-1c5-bq0J/lib/python3.9/site-packages/airflow/example_dags/example_xcomargs.py took 0.270 seconds
[2021-08-11 10:55:28,694] {scheduler_job.py:181} INFO - Started process (PID=70480) to work on /Users/Alex/.local/share/virtualenvs/airflow-1c5-bq0J/lib/python3.9/site-packages/airflow/example_dags/example_xcomargs.py
[2021-08-11 10:55:28,695] {scheduler_job.py:632} INFO - Processing file /Users/Alex/.local/share/virtualenvs/airflow-1c5-bq0J/lib/python3.9/site-packages/airflow/example_dags/example_xcomargs.py for tasks to queue
[2021-08-11 10:55:28,695] {logging_mixin.py:104} INFO - [2021-08-11 10:55:28,695] {dagbag.py:496} INFO - Filling up the DagBag from /Users/Alex/.local/share/virtualenvs/airflow-1c5-bq0J/lib/python3.9/site-packages/airflow/example_dags/example_xcomargs.py
[2021-08-11 10:55:28,710] {scheduler_job.py:642} INFO - DAG(s) dict_keys(['example_xcom_args', 'example_xcom_args_with_operators']) retrieved from /Users/Alex/.local/share/virtualenvs/airflow-1c5-bq0J/lib/python3.9/site-packages/airflow/example_dags/example_xcomargs.py
[2021-08-11 10:55:28,996] {logging_mixin.py:104} INFO - [2021-08-11 10:55:28,996] {dag.py:1833} INFO - Sync 2 DAGs
[2021-08-11 10:55:29,002] {logging_mixin.py:104} INFO - [2021-08-11 10:55:29,002] {dag.py:2306} INFO - Setting next_dagrun for example_xcom_args to None
[2021-08-11 10:55:29,003] {logging_mixin.py:104} INFO - [2021-08-11 10:55:29,003] {dag.py:2306} INFO - Setting next_dagrun for example_xcom_args_with_operators to None
[2021-08-11 10:55:29,013] {scheduler_job.py:189} INFO - Processing /Users/Alex/.local/share/virtualenvs/airflow-1c5-bq0J/lib/python3.9/site-packages/airflow/example_dags/example_xcomargs.py took 0.320 seconds
[2021-08-11 10:56:28,002] {scheduler_job.py:181} INFO - Started process (PID=70587) to work on /Users/Alex/.local/share/virtualenvs/airflow-1c5-bq0J/lib/python3.9/site-packages/airflow/example_dags/example_xcomargs.py
[2021-08-11 10:56:28,002] {scheduler_job.py:632} INFO - Processing file /Users/Alex/.local/share/virtualenvs/airflow-1c5-bq0J/lib/python3.9/site-packages/airflow/example_dags/example_xcomargs.py for tasks to queue
[2021-08-11 10:56:28,002] {logging_mixin.py:104} INFO - [2021-08-11 10:56:28,002] {dagbag.py:496} INFO - Filling up the DagBag from /Users/Alex/.local/share/virtualenvs/airflow-1c5-bq0J/lib/python3.9/site-packages/airflow/example_dags/example_xcomargs.py
[2021-08-11 10:56:28,012] {scheduler_job.py:642} INFO - DAG(s) dict_keys(['example_xcom_args', 'example_xcom_args_with_operators']) retrieved from /Users/Alex/.local/share/virtualenvs/airflow-1c5-bq0J/lib/python3.9/site-packages/airflow/example_dags/example_xcomargs.py
[2021-08-11 10:56:28,255] {logging_mixin.py:104} INFO - [2021-08-11 10:56:28,254] {dag.py:1833} INFO - Sync 2 DAGs
[2021-08-11 10:56:28,261] {logging_mixin.py:104} INFO - [2021-08-11 10:56:28,260] {dag.py:2306} INFO - Setting next_dagrun for example_xcom_args to None
[2021-08-11 10:56:28,261] {logging_mixin.py:104} INFO - [2021-08-11 10:56:28,261] {dag.py:2306} INFO - Setting next_dagrun for example_xcom_args_with_operators to None
[2021-08-11 10:56:28,270] {scheduler_job.py:189} INFO - Processing /Users/Alex/.local/share/virtualenvs/airflow-1c5-bq0J/lib/python3.9/site-packages/airflow/example_dags/example_xcomargs.py took 0.269 seconds
[2021-08-11 10:57:23,388] {scheduler_job.py:181} INFO - Started process (PID=70705) to work on /Users/Alex/.local/share/virtualenvs/airflow-1c5-bq0J/lib/python3.9/site-packages/airflow/example_dags/example_xcomargs.py
[2021-08-11 10:57:23,391] {scheduler_job.py:632} INFO - Processing file /Users/Alex/.local/share/virtualenvs/airflow-1c5-bq0J/lib/python3.9/site-packages/airflow/example_dags/example_xcomargs.py for tasks to queue
[2021-08-11 10:57:23,391] {logging_mixin.py:104} INFO - [2021-08-11 10:57:23,391] {dagbag.py:496} INFO - Filling up the DagBag from /Users/Alex/.local/share/virtualenvs/airflow-1c5-bq0J/lib/python3.9/site-packages/airflow/example_dags/example_xcomargs.py
[2021-08-11 10:57:23,403] {scheduler_job.py:642} INFO - DAG(s) dict_keys(['example_xcom_args', 'example_xcom_args_with_operators']) retrieved from /Users/Alex/.local/share/virtualenvs/airflow-1c5-bq0J/lib/python3.9/site-packages/airflow/example_dags/example_xcomargs.py
[2021-08-11 10:57:23,645] {logging_mixin.py:104} INFO - [2021-08-11 10:57:23,644] {dag.py:1833} INFO - Sync 2 DAGs
[2021-08-11 10:57:23,650] {logging_mixin.py:104} INFO - [2021-08-11 10:57:23,650] {dag.py:2306} INFO - Setting next_dagrun for example_xcom_args to None
[2021-08-11 10:57:23,651] {logging_mixin.py:104} INFO - [2021-08-11 10:57:23,651] {dag.py:2306} INFO - Setting next_dagrun for example_xcom_args_with_operators to None
[2021-08-11 10:57:23,660] {scheduler_job.py:189} INFO - Processing /Users/Alex/.local/share/virtualenvs/airflow-1c5-bq0J/lib/python3.9/site-packages/airflow/example_dags/example_xcomargs.py took 0.272 seconds
[2021-08-11 10:58:19,785] {scheduler_job.py:181} INFO - Started process (PID=70808) to work on /Users/Alex/.local/share/virtualenvs/airflow-1c5-bq0J/lib/python3.9/site-packages/airflow/example_dags/example_xcomargs.py
[2021-08-11 10:58:19,785] {scheduler_job.py:632} INFO - Processing file /Users/Alex/.local/share/virtualenvs/airflow-1c5-bq0J/lib/python3.9/site-packages/airflow/example_dags/example_xcomargs.py for tasks to queue
[2021-08-11 10:58:19,786] {logging_mixin.py:104} INFO - [2021-08-11 10:58:19,785] {dagbag.py:496} INFO - Filling up the DagBag from /Users/Alex/.local/share/virtualenvs/airflow-1c5-bq0J/lib/python3.9/site-packages/airflow/example_dags/example_xcomargs.py
[2021-08-11 10:58:19,795] {scheduler_job.py:642} INFO - DAG(s) dict_keys(['example_xcom_args', 'example_xcom_args_with_operators']) retrieved from /Users/Alex/.local/share/virtualenvs/airflow-1c5-bq0J/lib/python3.9/site-packages/airflow/example_dags/example_xcomargs.py
[2021-08-11 10:58:20,023] {logging_mixin.py:104} INFO - [2021-08-11 10:58:20,022] {dag.py:1833} INFO - Sync 2 DAGs
[2021-08-11 10:58:20,028] {logging_mixin.py:104} INFO - [2021-08-11 10:58:20,028] {dag.py:2306} INFO - Setting next_dagrun for example_xcom_args to None
[2021-08-11 10:58:20,029] {logging_mixin.py:104} INFO - [2021-08-11 10:58:20,028] {dag.py:2306} INFO - Setting next_dagrun for example_xcom_args_with_operators to None
[2021-08-11 10:58:20,038] {scheduler_job.py:189} INFO - Processing /Users/Alex/.local/share/virtualenvs/airflow-1c5-bq0J/lib/python3.9/site-packages/airflow/example_dags/example_xcomargs.py took 0.253 seconds
[2021-08-11 10:59:19,728] {scheduler_job.py:181} INFO - Started process (PID=70920) to work on /Users/Alex/.local/share/virtualenvs/airflow-1c5-bq0J/lib/python3.9/site-packages/airflow/example_dags/example_xcomargs.py
[2021-08-11 10:59:19,728] {scheduler_job.py:632} INFO - Processing file /Users/Alex/.local/share/virtualenvs/airflow-1c5-bq0J/lib/python3.9/site-packages/airflow/example_dags/example_xcomargs.py for tasks to queue
[2021-08-11 10:59:19,728] {logging_mixin.py:104} INFO - [2021-08-11 10:59:19,728] {dagbag.py:496} INFO - Filling up the DagBag from /Users/Alex/.local/share/virtualenvs/airflow-1c5-bq0J/lib/python3.9/site-packages/airflow/example_dags/example_xcomargs.py
[2021-08-11 10:59:19,738] {scheduler_job.py:642} INFO - DAG(s) dict_keys(['example_xcom_args', 'example_xcom_args_with_operators']) retrieved from /Users/Alex/.local/share/virtualenvs/airflow-1c5-bq0J/lib/python3.9/site-packages/airflow/example_dags/example_xcomargs.py
[2021-08-11 10:59:19,983] {logging_mixin.py:104} INFO - [2021-08-11 10:59:19,983] {dag.py:1833} INFO - Sync 2 DAGs
[2021-08-11 10:59:19,989] {logging_mixin.py:104} INFO - [2021-08-11 10:59:19,989] {dag.py:2306} INFO - Setting next_dagrun for example_xcom_args to None
[2021-08-11 10:59:19,989] {logging_mixin.py:104} INFO - [2021-08-11 10:59:19,989] {dag.py:2306} INFO - Setting next_dagrun for example_xcom_args_with_operators to None
[2021-08-11 10:59:19,999] {scheduler_job.py:189} INFO - Processing /Users/Alex/.local/share/virtualenvs/airflow-1c5-bq0J/lib/python3.9/site-packages/airflow/example_dags/example_xcomargs.py took 0.272 seconds
[2021-08-11 11:00:16,701] {scheduler_job.py:181} INFO - Started process (PID=71039) to work on /Users/Alex/.local/share/virtualenvs/airflow-1c5-bq0J/lib/python3.9/site-packages/airflow/example_dags/example_xcomargs.py
[2021-08-11 11:00:16,702] {scheduler_job.py:632} INFO - Processing file /Users/Alex/.local/share/virtualenvs/airflow-1c5-bq0J/lib/python3.9/site-packages/airflow/example_dags/example_xcomargs.py for tasks to queue
[2021-08-11 11:00:16,702] {logging_mixin.py:104} INFO - [2021-08-11 11:00:16,702] {dagbag.py:496} INFO - Filling up the DagBag from /Users/Alex/.local/share/virtualenvs/airflow-1c5-bq0J/lib/python3.9/site-packages/airflow/example_dags/example_xcomargs.py
[2021-08-11 11:00:16,712] {scheduler_job.py:642} INFO - DAG(s) dict_keys(['example_xcom_args', 'example_xcom_args_with_operators']) retrieved from /Users/Alex/.local/share/virtualenvs/airflow-1c5-bq0J/lib/python3.9/site-packages/airflow/example_dags/example_xcomargs.py
[2021-08-11 11:00:17,114] {logging_mixin.py:104} INFO - [2021-08-11 11:00:17,114] {dag.py:1833} INFO - Sync 2 DAGs
[2021-08-11 11:00:17,120] {logging_mixin.py:104} INFO - [2021-08-11 11:00:17,120] {dag.py:2306} INFO - Setting next_dagrun for example_xcom_args to None
[2021-08-11 11:00:17,121] {logging_mixin.py:104} INFO - [2021-08-11 11:00:17,121] {dag.py:2306} INFO - Setting next_dagrun for example_xcom_args_with_operators to None
[2021-08-11 11:00:17,130] {scheduler_job.py:189} INFO - Processing /Users/Alex/.local/share/virtualenvs/airflow-1c5-bq0J/lib/python3.9/site-packages/airflow/example_dags/example_xcomargs.py took 0.429 seconds
[2021-08-11 11:01:17,149] {scheduler_job.py:181} INFO - Started process (PID=71143) to work on /Users/Alex/.local/share/virtualenvs/airflow-1c5-bq0J/lib/python3.9/site-packages/airflow/example_dags/example_xcomargs.py
[2021-08-11 11:01:17,150] {scheduler_job.py:632} INFO - Processing file /Users/Alex/.local/share/virtualenvs/airflow-1c5-bq0J/lib/python3.9/site-packages/airflow/example_dags/example_xcomargs.py for tasks to queue
[2021-08-11 11:01:17,151] {logging_mixin.py:104} INFO - [2021-08-11 11:01:17,151] {dagbag.py:496} INFO - Filling up the DagBag from /Users/Alex/.local/share/virtualenvs/airflow-1c5-bq0J/lib/python3.9/site-packages/airflow/example_dags/example_xcomargs.py
[2021-08-11 11:01:17,178] {scheduler_job.py:642} INFO - DAG(s) dict_keys(['example_xcom_args', 'example_xcom_args_with_operators']) retrieved from /Users/Alex/.local/share/virtualenvs/airflow-1c5-bq0J/lib/python3.9/site-packages/airflow/example_dags/example_xcomargs.py
[2021-08-11 11:01:17,653] {logging_mixin.py:104} INFO - [2021-08-11 11:01:17,653] {dag.py:1833} INFO - Sync 2 DAGs
[2021-08-11 11:01:17,661] {logging_mixin.py:104} INFO - [2021-08-11 11:01:17,661] {dag.py:2306} INFO - Setting next_dagrun for example_xcom_args to None
[2021-08-11 11:01:17,662] {logging_mixin.py:104} INFO - [2021-08-11 11:01:17,662] {dag.py:2306} INFO - Setting next_dagrun for example_xcom_args_with_operators to None
[2021-08-11 11:01:17,691] {scheduler_job.py:189} INFO - Processing /Users/Alex/.local/share/virtualenvs/airflow-1c5-bq0J/lib/python3.9/site-packages/airflow/example_dags/example_xcomargs.py took 0.544 seconds
