[2021-08-11 10:44:42,763] {scheduler_job.py:181} INFO - Started process (PID=69456) to work on /Users/Alex/.local/share/virtualenvs/airflow-1c5-bq0J/lib/python3.9/site-packages/airflow/example_dags/example_kubernetes_executor.py
[2021-08-11 10:44:42,763] {scheduler_job.py:632} INFO - Processing file /Users/Alex/.local/share/virtualenvs/airflow-1c5-bq0J/lib/python3.9/site-packages/airflow/example_dags/example_kubernetes_executor.py for tasks to queue
[2021-08-11 10:44:42,763] {logging_mixin.py:104} INFO - [2021-08-11 10:44:42,763] {dagbag.py:496} INFO - Filling up the DagBag from /Users/Alex/.local/share/virtualenvs/airflow-1c5-bq0J/lib/python3.9/site-packages/airflow/example_dags/example_kubernetes_executor.py
[2021-08-11 10:44:42,770] {scheduler_job.py:642} INFO - DAG(s) dict_keys(['example_kubernetes_executor']) retrieved from /Users/Alex/.local/share/virtualenvs/airflow-1c5-bq0J/lib/python3.9/site-packages/airflow/example_dags/example_kubernetes_executor.py
[2021-08-11 10:44:42,794] {logging_mixin.py:104} INFO - [2021-08-11 10:44:42,794] {dag.py:1833} INFO - Sync 1 DAGs
[2021-08-11 10:44:42,800] {logging_mixin.py:104} INFO - [2021-08-11 10:44:42,800] {dag.py:2306} INFO - Setting next_dagrun for example_kubernetes_executor to None
[2021-08-11 10:44:42,809] {scheduler_job.py:189} INFO - Processing /Users/Alex/.local/share/virtualenvs/airflow-1c5-bq0J/lib/python3.9/site-packages/airflow/example_dags/example_kubernetes_executor.py took 0.046 seconds
[2021-08-11 10:45:37,027] {scheduler_job.py:181} INFO - Started process (PID=69533) to work on /Users/Alex/.local/share/virtualenvs/airflow-1c5-bq0J/lib/python3.9/site-packages/airflow/example_dags/example_kubernetes_executor.py
[2021-08-11 10:45:37,028] {scheduler_job.py:632} INFO - Processing file /Users/Alex/.local/share/virtualenvs/airflow-1c5-bq0J/lib/python3.9/site-packages/airflow/example_dags/example_kubernetes_executor.py for tasks to queue
[2021-08-11 10:45:37,028] {logging_mixin.py:104} INFO - [2021-08-11 10:45:37,028] {dagbag.py:496} INFO - Filling up the DagBag from /Users/Alex/.local/share/virtualenvs/airflow-1c5-bq0J/lib/python3.9/site-packages/airflow/example_dags/example_kubernetes_executor.py
[2021-08-11 10:45:37,034] {scheduler_job.py:642} INFO - DAG(s) dict_keys(['example_kubernetes_executor']) retrieved from /Users/Alex/.local/share/virtualenvs/airflow-1c5-bq0J/lib/python3.9/site-packages/airflow/example_dags/example_kubernetes_executor.py
[2021-08-11 10:45:37,059] {logging_mixin.py:104} INFO - [2021-08-11 10:45:37,058] {dag.py:1833} INFO - Sync 1 DAGs
[2021-08-11 10:45:37,064] {logging_mixin.py:104} INFO - [2021-08-11 10:45:37,064] {dag.py:2306} INFO - Setting next_dagrun for example_kubernetes_executor to None
[2021-08-11 10:45:37,073] {scheduler_job.py:189} INFO - Processing /Users/Alex/.local/share/virtualenvs/airflow-1c5-bq0J/lib/python3.9/site-packages/airflow/example_dags/example_kubernetes_executor.py took 0.046 seconds
[2021-08-11 10:46:32,739] {scheduler_job.py:181} INFO - Started process (PID=69600) to work on /Users/Alex/.local/share/virtualenvs/airflow-1c5-bq0J/lib/python3.9/site-packages/airflow/example_dags/example_kubernetes_executor.py
[2021-08-11 10:46:32,739] {scheduler_job.py:632} INFO - Processing file /Users/Alex/.local/share/virtualenvs/airflow-1c5-bq0J/lib/python3.9/site-packages/airflow/example_dags/example_kubernetes_executor.py for tasks to queue
[2021-08-11 10:46:32,740] {logging_mixin.py:104} INFO - [2021-08-11 10:46:32,740] {dagbag.py:496} INFO - Filling up the DagBag from /Users/Alex/.local/share/virtualenvs/airflow-1c5-bq0J/lib/python3.9/site-packages/airflow/example_dags/example_kubernetes_executor.py
[2021-08-11 10:46:32,747] {scheduler_job.py:642} INFO - DAG(s) dict_keys(['example_kubernetes_executor']) retrieved from /Users/Alex/.local/share/virtualenvs/airflow-1c5-bq0J/lib/python3.9/site-packages/airflow/example_dags/example_kubernetes_executor.py
[2021-08-11 10:46:32,778] {logging_mixin.py:104} INFO - [2021-08-11 10:46:32,778] {dag.py:1833} INFO - Sync 1 DAGs
[2021-08-11 10:46:32,785] {logging_mixin.py:104} INFO - [2021-08-11 10:46:32,785] {dag.py:2306} INFO - Setting next_dagrun for example_kubernetes_executor to None
[2021-08-11 10:46:32,794] {scheduler_job.py:189} INFO - Processing /Users/Alex/.local/share/virtualenvs/airflow-1c5-bq0J/lib/python3.9/site-packages/airflow/example_dags/example_kubernetes_executor.py took 0.055 seconds
[2021-08-11 10:47:26,651] {scheduler_job.py:181} INFO - Started process (PID=69646) to work on /Users/Alex/.local/share/virtualenvs/airflow-1c5-bq0J/lib/python3.9/site-packages/airflow/example_dags/example_kubernetes_executor.py
[2021-08-11 10:47:26,652] {scheduler_job.py:632} INFO - Processing file /Users/Alex/.local/share/virtualenvs/airflow-1c5-bq0J/lib/python3.9/site-packages/airflow/example_dags/example_kubernetes_executor.py for tasks to queue
[2021-08-11 10:47:26,652] {logging_mixin.py:104} INFO - [2021-08-11 10:47:26,652] {dagbag.py:496} INFO - Filling up the DagBag from /Users/Alex/.local/share/virtualenvs/airflow-1c5-bq0J/lib/python3.9/site-packages/airflow/example_dags/example_kubernetes_executor.py
[2021-08-11 10:47:26,658] {scheduler_job.py:642} INFO - DAG(s) dict_keys(['example_kubernetes_executor']) retrieved from /Users/Alex/.local/share/virtualenvs/airflow-1c5-bq0J/lib/python3.9/site-packages/airflow/example_dags/example_kubernetes_executor.py
[2021-08-11 10:47:26,682] {logging_mixin.py:104} INFO - [2021-08-11 10:47:26,682] {dag.py:1833} INFO - Sync 1 DAGs
[2021-08-11 10:47:26,688] {logging_mixin.py:104} INFO - [2021-08-11 10:47:26,688] {dag.py:2306} INFO - Setting next_dagrun for example_kubernetes_executor to None
[2021-08-11 10:47:26,695] {scheduler_job.py:189} INFO - Processing /Users/Alex/.local/share/virtualenvs/airflow-1c5-bq0J/lib/python3.9/site-packages/airflow/example_dags/example_kubernetes_executor.py took 0.044 seconds
[2021-08-11 10:48:22,823] {scheduler_job.py:181} INFO - Started process (PID=69751) to work on /Users/Alex/.local/share/virtualenvs/airflow-1c5-bq0J/lib/python3.9/site-packages/airflow/example_dags/example_kubernetes_executor.py
[2021-08-11 10:48:22,823] {scheduler_job.py:632} INFO - Processing file /Users/Alex/.local/share/virtualenvs/airflow-1c5-bq0J/lib/python3.9/site-packages/airflow/example_dags/example_kubernetes_executor.py for tasks to queue
[2021-08-11 10:48:22,823] {logging_mixin.py:104} INFO - [2021-08-11 10:48:22,823] {dagbag.py:496} INFO - Filling up the DagBag from /Users/Alex/.local/share/virtualenvs/airflow-1c5-bq0J/lib/python3.9/site-packages/airflow/example_dags/example_kubernetes_executor.py
[2021-08-11 10:48:22,831] {scheduler_job.py:642} INFO - DAG(s) dict_keys(['example_kubernetes_executor']) retrieved from /Users/Alex/.local/share/virtualenvs/airflow-1c5-bq0J/lib/python3.9/site-packages/airflow/example_dags/example_kubernetes_executor.py
[2021-08-11 10:48:22,859] {logging_mixin.py:104} INFO - [2021-08-11 10:48:22,859] {dag.py:1833} INFO - Sync 1 DAGs
[2021-08-11 10:48:22,864] {logging_mixin.py:104} INFO - [2021-08-11 10:48:22,864] {dag.py:2306} INFO - Setting next_dagrun for example_kubernetes_executor to None
[2021-08-11 10:48:22,870] {scheduler_job.py:189} INFO - Processing /Users/Alex/.local/share/virtualenvs/airflow-1c5-bq0J/lib/python3.9/site-packages/airflow/example_dags/example_kubernetes_executor.py took 0.048 seconds
[2021-08-11 10:49:21,380] {scheduler_job.py:181} INFO - Started process (PID=69837) to work on /Users/Alex/.local/share/virtualenvs/airflow-1c5-bq0J/lib/python3.9/site-packages/airflow/example_dags/example_kubernetes_executor.py
[2021-08-11 10:49:21,380] {scheduler_job.py:632} INFO - Processing file /Users/Alex/.local/share/virtualenvs/airflow-1c5-bq0J/lib/python3.9/site-packages/airflow/example_dags/example_kubernetes_executor.py for tasks to queue
[2021-08-11 10:49:21,381] {logging_mixin.py:104} INFO - [2021-08-11 10:49:21,381] {dagbag.py:496} INFO - Filling up the DagBag from /Users/Alex/.local/share/virtualenvs/airflow-1c5-bq0J/lib/python3.9/site-packages/airflow/example_dags/example_kubernetes_executor.py
[2021-08-11 10:49:21,390] {scheduler_job.py:642} INFO - DAG(s) dict_keys(['example_kubernetes_executor']) retrieved from /Users/Alex/.local/share/virtualenvs/airflow-1c5-bq0J/lib/python3.9/site-packages/airflow/example_dags/example_kubernetes_executor.py
[2021-08-11 10:49:21,421] {logging_mixin.py:104} INFO - [2021-08-11 10:49:21,421] {dag.py:1833} INFO - Sync 1 DAGs
[2021-08-11 10:49:21,429] {logging_mixin.py:104} INFO - [2021-08-11 10:49:21,429] {dag.py:2306} INFO - Setting next_dagrun for example_kubernetes_executor to None
[2021-08-11 10:49:21,439] {scheduler_job.py:189} INFO - Processing /Users/Alex/.local/share/virtualenvs/airflow-1c5-bq0J/lib/python3.9/site-packages/airflow/example_dags/example_kubernetes_executor.py took 0.060 seconds
[2021-08-11 10:50:20,521] {scheduler_job.py:181} INFO - Started process (PID=69923) to work on /Users/Alex/.local/share/virtualenvs/airflow-1c5-bq0J/lib/python3.9/site-packages/airflow/example_dags/example_kubernetes_executor.py
[2021-08-11 10:50:20,524] {scheduler_job.py:632} INFO - Processing file /Users/Alex/.local/share/virtualenvs/airflow-1c5-bq0J/lib/python3.9/site-packages/airflow/example_dags/example_kubernetes_executor.py for tasks to queue
[2021-08-11 10:50:20,525] {logging_mixin.py:104} INFO - [2021-08-11 10:50:20,524] {dagbag.py:496} INFO - Filling up the DagBag from /Users/Alex/.local/share/virtualenvs/airflow-1c5-bq0J/lib/python3.9/site-packages/airflow/example_dags/example_kubernetes_executor.py
[2021-08-11 10:50:20,533] {scheduler_job.py:642} INFO - DAG(s) dict_keys(['example_kubernetes_executor']) retrieved from /Users/Alex/.local/share/virtualenvs/airflow-1c5-bq0J/lib/python3.9/site-packages/airflow/example_dags/example_kubernetes_executor.py
[2021-08-11 10:50:20,558] {logging_mixin.py:104} INFO - [2021-08-11 10:50:20,558] {dag.py:1833} INFO - Sync 1 DAGs
[2021-08-11 10:50:20,563] {logging_mixin.py:104} INFO - [2021-08-11 10:50:20,563] {dag.py:2306} INFO - Setting next_dagrun for example_kubernetes_executor to None
[2021-08-11 10:50:20,572] {scheduler_job.py:189} INFO - Processing /Users/Alex/.local/share/virtualenvs/airflow-1c5-bq0J/lib/python3.9/site-packages/airflow/example_dags/example_kubernetes_executor.py took 0.052 seconds
[2021-08-11 10:51:17,778] {scheduler_job.py:181} INFO - Started process (PID=70036) to work on /Users/Alex/.local/share/virtualenvs/airflow-1c5-bq0J/lib/python3.9/site-packages/airflow/example_dags/example_kubernetes_executor.py
[2021-08-11 10:51:17,778] {scheduler_job.py:632} INFO - Processing file /Users/Alex/.local/share/virtualenvs/airflow-1c5-bq0J/lib/python3.9/site-packages/airflow/example_dags/example_kubernetes_executor.py for tasks to queue
[2021-08-11 10:51:17,779] {logging_mixin.py:104} INFO - [2021-08-11 10:51:17,779] {dagbag.py:496} INFO - Filling up the DagBag from /Users/Alex/.local/share/virtualenvs/airflow-1c5-bq0J/lib/python3.9/site-packages/airflow/example_dags/example_kubernetes_executor.py
[2021-08-11 10:51:17,790] {scheduler_job.py:642} INFO - DAG(s) dict_keys(['example_kubernetes_executor']) retrieved from /Users/Alex/.local/share/virtualenvs/airflow-1c5-bq0J/lib/python3.9/site-packages/airflow/example_dags/example_kubernetes_executor.py
[2021-08-11 10:51:17,815] {logging_mixin.py:104} INFO - [2021-08-11 10:51:17,815] {dag.py:1833} INFO - Sync 1 DAGs
[2021-08-11 10:51:17,821] {logging_mixin.py:104} INFO - [2021-08-11 10:51:17,820] {dag.py:2306} INFO - Setting next_dagrun for example_kubernetes_executor to None
[2021-08-11 10:51:17,829] {scheduler_job.py:189} INFO - Processing /Users/Alex/.local/share/virtualenvs/airflow-1c5-bq0J/lib/python3.9/site-packages/airflow/example_dags/example_kubernetes_executor.py took 0.051 seconds
[2021-08-11 10:52:14,205] {scheduler_job.py:181} INFO - Started process (PID=70143) to work on /Users/Alex/.local/share/virtualenvs/airflow-1c5-bq0J/lib/python3.9/site-packages/airflow/example_dags/example_kubernetes_executor.py
[2021-08-11 10:52:14,206] {scheduler_job.py:632} INFO - Processing file /Users/Alex/.local/share/virtualenvs/airflow-1c5-bq0J/lib/python3.9/site-packages/airflow/example_dags/example_kubernetes_executor.py for tasks to queue
[2021-08-11 10:52:14,206] {logging_mixin.py:104} INFO - [2021-08-11 10:52:14,206] {dagbag.py:496} INFO - Filling up the DagBag from /Users/Alex/.local/share/virtualenvs/airflow-1c5-bq0J/lib/python3.9/site-packages/airflow/example_dags/example_kubernetes_executor.py
[2021-08-11 10:52:14,213] {scheduler_job.py:642} INFO - DAG(s) dict_keys(['example_kubernetes_executor']) retrieved from /Users/Alex/.local/share/virtualenvs/airflow-1c5-bq0J/lib/python3.9/site-packages/airflow/example_dags/example_kubernetes_executor.py
[2021-08-11 10:52:14,243] {logging_mixin.py:104} INFO - [2021-08-11 10:52:14,243] {dag.py:1833} INFO - Sync 1 DAGs
[2021-08-11 10:52:14,250] {logging_mixin.py:104} INFO - [2021-08-11 10:52:14,250] {dag.py:2306} INFO - Setting next_dagrun for example_kubernetes_executor to None
[2021-08-11 10:52:14,257] {scheduler_job.py:189} INFO - Processing /Users/Alex/.local/share/virtualenvs/airflow-1c5-bq0J/lib/python3.9/site-packages/airflow/example_dags/example_kubernetes_executor.py took 0.052 seconds
[2021-08-11 10:53:11,533] {scheduler_job.py:181} INFO - Started process (PID=70253) to work on /Users/Alex/.local/share/virtualenvs/airflow-1c5-bq0J/lib/python3.9/site-packages/airflow/example_dags/example_kubernetes_executor.py
[2021-08-11 10:53:11,536] {scheduler_job.py:632} INFO - Processing file /Users/Alex/.local/share/virtualenvs/airflow-1c5-bq0J/lib/python3.9/site-packages/airflow/example_dags/example_kubernetes_executor.py for tasks to queue
[2021-08-11 10:53:11,537] {logging_mixin.py:104} INFO - [2021-08-11 10:53:11,537] {dagbag.py:496} INFO - Filling up the DagBag from /Users/Alex/.local/share/virtualenvs/airflow-1c5-bq0J/lib/python3.9/site-packages/airflow/example_dags/example_kubernetes_executor.py
[2021-08-11 10:53:11,547] {scheduler_job.py:642} INFO - DAG(s) dict_keys(['example_kubernetes_executor']) retrieved from /Users/Alex/.local/share/virtualenvs/airflow-1c5-bq0J/lib/python3.9/site-packages/airflow/example_dags/example_kubernetes_executor.py
[2021-08-11 10:53:11,573] {logging_mixin.py:104} INFO - [2021-08-11 10:53:11,573] {dag.py:1833} INFO - Sync 1 DAGs
[2021-08-11 10:53:11,578] {logging_mixin.py:104} INFO - [2021-08-11 10:53:11,578] {dag.py:2306} INFO - Setting next_dagrun for example_kubernetes_executor to None
[2021-08-11 10:53:11,586] {scheduler_job.py:189} INFO - Processing /Users/Alex/.local/share/virtualenvs/airflow-1c5-bq0J/lib/python3.9/site-packages/airflow/example_dags/example_kubernetes_executor.py took 0.054 seconds
[2021-08-11 10:54:07,001] {scheduler_job.py:181} INFO - Started process (PID=70328) to work on /Users/Alex/.local/share/virtualenvs/airflow-1c5-bq0J/lib/python3.9/site-packages/airflow/example_dags/example_kubernetes_executor.py
[2021-08-11 10:54:07,004] {scheduler_job.py:632} INFO - Processing file /Users/Alex/.local/share/virtualenvs/airflow-1c5-bq0J/lib/python3.9/site-packages/airflow/example_dags/example_kubernetes_executor.py for tasks to queue
[2021-08-11 10:54:07,004] {logging_mixin.py:104} INFO - [2021-08-11 10:54:07,004] {dagbag.py:496} INFO - Filling up the DagBag from /Users/Alex/.local/share/virtualenvs/airflow-1c5-bq0J/lib/python3.9/site-packages/airflow/example_dags/example_kubernetes_executor.py
[2021-08-11 10:54:07,013] {scheduler_job.py:642} INFO - DAG(s) dict_keys(['example_kubernetes_executor']) retrieved from /Users/Alex/.local/share/virtualenvs/airflow-1c5-bq0J/lib/python3.9/site-packages/airflow/example_dags/example_kubernetes_executor.py
[2021-08-11 10:54:07,042] {logging_mixin.py:104} INFO - [2021-08-11 10:54:07,042] {dag.py:1833} INFO - Sync 1 DAGs
[2021-08-11 10:54:07,048] {logging_mixin.py:104} INFO - [2021-08-11 10:54:07,047] {dag.py:2306} INFO - Setting next_dagrun for example_kubernetes_executor to None
[2021-08-11 10:54:07,056] {scheduler_job.py:189} INFO - Processing /Users/Alex/.local/share/virtualenvs/airflow-1c5-bq0J/lib/python3.9/site-packages/airflow/example_dags/example_kubernetes_executor.py took 0.055 seconds
[2021-08-11 10:55:03,235] {scheduler_job.py:181} INFO - Started process (PID=70434) to work on /Users/Alex/.local/share/virtualenvs/airflow-1c5-bq0J/lib/python3.9/site-packages/airflow/example_dags/example_kubernetes_executor.py
[2021-08-11 10:55:03,235] {scheduler_job.py:632} INFO - Processing file /Users/Alex/.local/share/virtualenvs/airflow-1c5-bq0J/lib/python3.9/site-packages/airflow/example_dags/example_kubernetes_executor.py for tasks to queue
[2021-08-11 10:55:03,235] {logging_mixin.py:104} INFO - [2021-08-11 10:55:03,235] {dagbag.py:496} INFO - Filling up the DagBag from /Users/Alex/.local/share/virtualenvs/airflow-1c5-bq0J/lib/python3.9/site-packages/airflow/example_dags/example_kubernetes_executor.py
[2021-08-11 10:55:03,244] {scheduler_job.py:642} INFO - DAG(s) dict_keys(['example_kubernetes_executor']) retrieved from /Users/Alex/.local/share/virtualenvs/airflow-1c5-bq0J/lib/python3.9/site-packages/airflow/example_dags/example_kubernetes_executor.py
[2021-08-11 10:55:03,274] {logging_mixin.py:104} INFO - [2021-08-11 10:55:03,273] {dag.py:1833} INFO - Sync 1 DAGs
[2021-08-11 10:55:03,280] {logging_mixin.py:104} INFO - [2021-08-11 10:55:03,280] {dag.py:2306} INFO - Setting next_dagrun for example_kubernetes_executor to None
[2021-08-11 10:55:03,288] {scheduler_job.py:189} INFO - Processing /Users/Alex/.local/share/virtualenvs/airflow-1c5-bq0J/lib/python3.9/site-packages/airflow/example_dags/example_kubernetes_executor.py took 0.054 seconds
[2021-08-11 10:56:03,551] {scheduler_job.py:181} INFO - Started process (PID=70546) to work on /Users/Alex/.local/share/virtualenvs/airflow-1c5-bq0J/lib/python3.9/site-packages/airflow/example_dags/example_kubernetes_executor.py
[2021-08-11 10:56:03,551] {scheduler_job.py:632} INFO - Processing file /Users/Alex/.local/share/virtualenvs/airflow-1c5-bq0J/lib/python3.9/site-packages/airflow/example_dags/example_kubernetes_executor.py for tasks to queue
[2021-08-11 10:56:03,551] {logging_mixin.py:104} INFO - [2021-08-11 10:56:03,551] {dagbag.py:496} INFO - Filling up the DagBag from /Users/Alex/.local/share/virtualenvs/airflow-1c5-bq0J/lib/python3.9/site-packages/airflow/example_dags/example_kubernetes_executor.py
[2021-08-11 10:56:03,558] {scheduler_job.py:642} INFO - DAG(s) dict_keys(['example_kubernetes_executor']) retrieved from /Users/Alex/.local/share/virtualenvs/airflow-1c5-bq0J/lib/python3.9/site-packages/airflow/example_dags/example_kubernetes_executor.py
[2021-08-11 10:56:03,583] {logging_mixin.py:104} INFO - [2021-08-11 10:56:03,583] {dag.py:1833} INFO - Sync 1 DAGs
[2021-08-11 10:56:03,589] {logging_mixin.py:104} INFO - [2021-08-11 10:56:03,589] {dag.py:2306} INFO - Setting next_dagrun for example_kubernetes_executor to None
[2021-08-11 10:56:03,597] {scheduler_job.py:189} INFO - Processing /Users/Alex/.local/share/virtualenvs/airflow-1c5-bq0J/lib/python3.9/site-packages/airflow/example_dags/example_kubernetes_executor.py took 0.047 seconds
[2021-08-11 10:56:59,966] {scheduler_job.py:181} INFO - Started process (PID=70661) to work on /Users/Alex/.local/share/virtualenvs/airflow-1c5-bq0J/lib/python3.9/site-packages/airflow/example_dags/example_kubernetes_executor.py
[2021-08-11 10:56:59,968] {scheduler_job.py:632} INFO - Processing file /Users/Alex/.local/share/virtualenvs/airflow-1c5-bq0J/lib/python3.9/site-packages/airflow/example_dags/example_kubernetes_executor.py for tasks to queue
[2021-08-11 10:56:59,969] {logging_mixin.py:104} INFO - [2021-08-11 10:56:59,969] {dagbag.py:496} INFO - Filling up the DagBag from /Users/Alex/.local/share/virtualenvs/airflow-1c5-bq0J/lib/python3.9/site-packages/airflow/example_dags/example_kubernetes_executor.py
[2021-08-11 10:56:59,979] {scheduler_job.py:642} INFO - DAG(s) dict_keys(['example_kubernetes_executor']) retrieved from /Users/Alex/.local/share/virtualenvs/airflow-1c5-bq0J/lib/python3.9/site-packages/airflow/example_dags/example_kubernetes_executor.py
[2021-08-11 10:57:00,004] {logging_mixin.py:104} INFO - [2021-08-11 10:57:00,004] {dag.py:1833} INFO - Sync 1 DAGs
[2021-08-11 10:57:00,011] {logging_mixin.py:104} INFO - [2021-08-11 10:57:00,011] {dag.py:2306} INFO - Setting next_dagrun for example_kubernetes_executor to None
[2021-08-11 10:57:00,020] {scheduler_job.py:189} INFO - Processing /Users/Alex/.local/share/virtualenvs/airflow-1c5-bq0J/lib/python3.9/site-packages/airflow/example_dags/example_kubernetes_executor.py took 0.054 seconds
[2021-08-11 10:57:56,346] {scheduler_job.py:181} INFO - Started process (PID=70764) to work on /Users/Alex/.local/share/virtualenvs/airflow-1c5-bq0J/lib/python3.9/site-packages/airflow/example_dags/example_kubernetes_executor.py
[2021-08-11 10:57:56,346] {scheduler_job.py:632} INFO - Processing file /Users/Alex/.local/share/virtualenvs/airflow-1c5-bq0J/lib/python3.9/site-packages/airflow/example_dags/example_kubernetes_executor.py for tasks to queue
[2021-08-11 10:57:56,346] {logging_mixin.py:104} INFO - [2021-08-11 10:57:56,346] {dagbag.py:496} INFO - Filling up the DagBag from /Users/Alex/.local/share/virtualenvs/airflow-1c5-bq0J/lib/python3.9/site-packages/airflow/example_dags/example_kubernetes_executor.py
[2021-08-11 10:57:56,356] {scheduler_job.py:642} INFO - DAG(s) dict_keys(['example_kubernetes_executor']) retrieved from /Users/Alex/.local/share/virtualenvs/airflow-1c5-bq0J/lib/python3.9/site-packages/airflow/example_dags/example_kubernetes_executor.py
[2021-08-11 10:57:56,383] {logging_mixin.py:104} INFO - [2021-08-11 10:57:56,383] {dag.py:1833} INFO - Sync 1 DAGs
[2021-08-11 10:57:56,388] {logging_mixin.py:104} INFO - [2021-08-11 10:57:56,388] {dag.py:2306} INFO - Setting next_dagrun for example_kubernetes_executor to None
[2021-08-11 10:57:56,394] {scheduler_job.py:189} INFO - Processing /Users/Alex/.local/share/virtualenvs/airflow-1c5-bq0J/lib/python3.9/site-packages/airflow/example_dags/example_kubernetes_executor.py took 0.049 seconds
[2021-08-11 10:58:58,738] {scheduler_job.py:181} INFO - Started process (PID=70882) to work on /Users/Alex/.local/share/virtualenvs/airflow-1c5-bq0J/lib/python3.9/site-packages/airflow/example_dags/example_kubernetes_executor.py
[2021-08-11 10:58:58,738] {scheduler_job.py:632} INFO - Processing file /Users/Alex/.local/share/virtualenvs/airflow-1c5-bq0J/lib/python3.9/site-packages/airflow/example_dags/example_kubernetes_executor.py for tasks to queue
[2021-08-11 10:58:58,738] {logging_mixin.py:104} INFO - [2021-08-11 10:58:58,738] {dagbag.py:496} INFO - Filling up the DagBag from /Users/Alex/.local/share/virtualenvs/airflow-1c5-bq0J/lib/python3.9/site-packages/airflow/example_dags/example_kubernetes_executor.py
[2021-08-11 10:58:58,745] {scheduler_job.py:642} INFO - DAG(s) dict_keys(['example_kubernetes_executor']) retrieved from /Users/Alex/.local/share/virtualenvs/airflow-1c5-bq0J/lib/python3.9/site-packages/airflow/example_dags/example_kubernetes_executor.py
[2021-08-11 10:58:58,770] {logging_mixin.py:104} INFO - [2021-08-11 10:58:58,770] {dag.py:1833} INFO - Sync 1 DAGs
[2021-08-11 10:58:58,776] {logging_mixin.py:104} INFO - [2021-08-11 10:58:58,776] {dag.py:2306} INFO - Setting next_dagrun for example_kubernetes_executor to None
[2021-08-11 10:58:58,784] {scheduler_job.py:189} INFO - Processing /Users/Alex/.local/share/virtualenvs/airflow-1c5-bq0J/lib/python3.9/site-packages/airflow/example_dags/example_kubernetes_executor.py took 0.047 seconds
[2021-08-11 10:59:56,754] {scheduler_job.py:181} INFO - Started process (PID=70989) to work on /Users/Alex/.local/share/virtualenvs/airflow-1c5-bq0J/lib/python3.9/site-packages/airflow/example_dags/example_kubernetes_executor.py
[2021-08-11 10:59:56,754] {scheduler_job.py:632} INFO - Processing file /Users/Alex/.local/share/virtualenvs/airflow-1c5-bq0J/lib/python3.9/site-packages/airflow/example_dags/example_kubernetes_executor.py for tasks to queue
[2021-08-11 10:59:56,754] {logging_mixin.py:104} INFO - [2021-08-11 10:59:56,754] {dagbag.py:496} INFO - Filling up the DagBag from /Users/Alex/.local/share/virtualenvs/airflow-1c5-bq0J/lib/python3.9/site-packages/airflow/example_dags/example_kubernetes_executor.py
[2021-08-11 10:59:56,762] {scheduler_job.py:642} INFO - DAG(s) dict_keys(['example_kubernetes_executor']) retrieved from /Users/Alex/.local/share/virtualenvs/airflow-1c5-bq0J/lib/python3.9/site-packages/airflow/example_dags/example_kubernetes_executor.py
[2021-08-11 10:59:56,787] {logging_mixin.py:104} INFO - [2021-08-11 10:59:56,787] {dag.py:1833} INFO - Sync 1 DAGs
[2021-08-11 10:59:56,793] {logging_mixin.py:104} INFO - [2021-08-11 10:59:56,793] {dag.py:2306} INFO - Setting next_dagrun for example_kubernetes_executor to None
[2021-08-11 10:59:56,802] {scheduler_job.py:189} INFO - Processing /Users/Alex/.local/share/virtualenvs/airflow-1c5-bq0J/lib/python3.9/site-packages/airflow/example_dags/example_kubernetes_executor.py took 0.048 seconds
[2021-08-11 11:00:55,874] {scheduler_job.py:181} INFO - Started process (PID=71110) to work on /Users/Alex/.local/share/virtualenvs/airflow-1c5-bq0J/lib/python3.9/site-packages/airflow/example_dags/example_kubernetes_executor.py
[2021-08-11 11:00:55,874] {scheduler_job.py:632} INFO - Processing file /Users/Alex/.local/share/virtualenvs/airflow-1c5-bq0J/lib/python3.9/site-packages/airflow/example_dags/example_kubernetes_executor.py for tasks to queue
[2021-08-11 11:00:55,875] {logging_mixin.py:104} INFO - [2021-08-11 11:00:55,875] {dagbag.py:496} INFO - Filling up the DagBag from /Users/Alex/.local/share/virtualenvs/airflow-1c5-bq0J/lib/python3.9/site-packages/airflow/example_dags/example_kubernetes_executor.py
[2021-08-11 11:00:55,883] {scheduler_job.py:642} INFO - DAG(s) dict_keys(['example_kubernetes_executor']) retrieved from /Users/Alex/.local/share/virtualenvs/airflow-1c5-bq0J/lib/python3.9/site-packages/airflow/example_dags/example_kubernetes_executor.py
[2021-08-11 11:00:55,915] {logging_mixin.py:104} INFO - [2021-08-11 11:00:55,915] {dag.py:1833} INFO - Sync 1 DAGs
[2021-08-11 11:00:55,921] {logging_mixin.py:104} INFO - [2021-08-11 11:00:55,921] {dag.py:2306} INFO - Setting next_dagrun for example_kubernetes_executor to None
[2021-08-11 11:00:55,932] {scheduler_job.py:189} INFO - Processing /Users/Alex/.local/share/virtualenvs/airflow-1c5-bq0J/lib/python3.9/site-packages/airflow/example_dags/example_kubernetes_executor.py took 0.058 seconds
[2021-08-11 11:01:54,660] {scheduler_job.py:181} INFO - Started process (PID=71210) to work on /Users/Alex/.local/share/virtualenvs/airflow-1c5-bq0J/lib/python3.9/site-packages/airflow/example_dags/example_kubernetes_executor.py
[2021-08-11 11:01:54,661] {scheduler_job.py:632} INFO - Processing file /Users/Alex/.local/share/virtualenvs/airflow-1c5-bq0J/lib/python3.9/site-packages/airflow/example_dags/example_kubernetes_executor.py for tasks to queue
[2021-08-11 11:01:54,661] {logging_mixin.py:104} INFO - [2021-08-11 11:01:54,661] {dagbag.py:496} INFO - Filling up the DagBag from /Users/Alex/.local/share/virtualenvs/airflow-1c5-bq0J/lib/python3.9/site-packages/airflow/example_dags/example_kubernetes_executor.py
[2021-08-11 11:01:54,669] {scheduler_job.py:642} INFO - DAG(s) dict_keys(['example_kubernetes_executor']) retrieved from /Users/Alex/.local/share/virtualenvs/airflow-1c5-bq0J/lib/python3.9/site-packages/airflow/example_dags/example_kubernetes_executor.py
[2021-08-11 11:01:54,694] {logging_mixin.py:104} INFO - [2021-08-11 11:01:54,694] {dag.py:1833} INFO - Sync 1 DAGs
[2021-08-11 11:01:54,700] {logging_mixin.py:104} INFO - [2021-08-11 11:01:54,700] {dag.py:2306} INFO - Setting next_dagrun for example_kubernetes_executor to None
[2021-08-11 11:01:54,706] {scheduler_job.py:189} INFO - Processing /Users/Alex/.local/share/virtualenvs/airflow-1c5-bq0J/lib/python3.9/site-packages/airflow/example_dags/example_kubernetes_executor.py took 0.046 seconds
