[2021-08-11 10:43:43,125] {scheduler_job.py:181} INFO - Started process (PID=69359) to work on /Users/Alex/.local/share/virtualenvs/airflow-1c5-bq0J/lib/python3.9/site-packages/airflow/example_dags/tutorial_taskflow_api_etl.py
[2021-08-11 10:43:43,125] {scheduler_job.py:632} INFO - Processing file /Users/Alex/.local/share/virtualenvs/airflow-1c5-bq0J/lib/python3.9/site-packages/airflow/example_dags/tutorial_taskflow_api_etl.py for tasks to queue
[2021-08-11 10:43:43,126] {logging_mixin.py:104} INFO - [2021-08-11 10:43:43,126] {dagbag.py:496} INFO - Filling up the DagBag from /Users/Alex/.local/share/virtualenvs/airflow-1c5-bq0J/lib/python3.9/site-packages/airflow/example_dags/tutorial_taskflow_api_etl.py
[2021-08-11 10:43:43,137] {scheduler_job.py:642} INFO - DAG(s) dict_keys(['tutorial_taskflow_api_etl']) retrieved from /Users/Alex/.local/share/virtualenvs/airflow-1c5-bq0J/lib/python3.9/site-packages/airflow/example_dags/tutorial_taskflow_api_etl.py
[2021-08-11 10:43:43,434] {logging_mixin.py:104} INFO - [2021-08-11 10:43:43,433] {dag.py:1833} INFO - Sync 1 DAGs
[2021-08-11 10:43:43,440] {logging_mixin.py:104} INFO - [2021-08-11 10:43:43,440] {dag.py:2306} INFO - Setting next_dagrun for tutorial_taskflow_api_etl to None
[2021-08-11 10:43:43,448] {scheduler_job.py:189} INFO - Processing /Users/Alex/.local/share/virtualenvs/airflow-1c5-bq0J/lib/python3.9/site-packages/airflow/example_dags/tutorial_taskflow_api_etl.py took 0.323 seconds
[2021-08-11 10:45:03,610] {scheduler_job.py:181} INFO - Started process (PID=69470) to work on /Users/Alex/.local/share/virtualenvs/airflow-1c5-bq0J/lib/python3.9/site-packages/airflow/example_dags/tutorial_taskflow_api_etl.py
[2021-08-11 10:45:03,611] {scheduler_job.py:632} INFO - Processing file /Users/Alex/.local/share/virtualenvs/airflow-1c5-bq0J/lib/python3.9/site-packages/airflow/example_dags/tutorial_taskflow_api_etl.py for tasks to queue
[2021-08-11 10:45:03,611] {logging_mixin.py:104} INFO - [2021-08-11 10:45:03,611] {dagbag.py:496} INFO - Filling up the DagBag from /Users/Alex/.local/share/virtualenvs/airflow-1c5-bq0J/lib/python3.9/site-packages/airflow/example_dags/tutorial_taskflow_api_etl.py
[2021-08-11 10:45:03,619] {scheduler_job.py:642} INFO - DAG(s) dict_keys(['tutorial_taskflow_api_etl']) retrieved from /Users/Alex/.local/share/virtualenvs/airflow-1c5-bq0J/lib/python3.9/site-packages/airflow/example_dags/tutorial_taskflow_api_etl.py
[2021-08-11 10:45:03,849] {logging_mixin.py:104} INFO - [2021-08-11 10:45:03,849] {dag.py:1833} INFO - Sync 1 DAGs
[2021-08-11 10:45:03,856] {logging_mixin.py:104} INFO - [2021-08-11 10:45:03,855] {dag.py:2306} INFO - Setting next_dagrun for tutorial_taskflow_api_etl to None
[2021-08-11 10:45:03,865] {scheduler_job.py:189} INFO - Processing /Users/Alex/.local/share/virtualenvs/airflow-1c5-bq0J/lib/python3.9/site-packages/airflow/example_dags/tutorial_taskflow_api_etl.py took 0.255 seconds
[2021-08-11 10:45:55,502] {scheduler_job.py:181} INFO - Started process (PID=69564) to work on /Users/Alex/.local/share/virtualenvs/airflow-1c5-bq0J/lib/python3.9/site-packages/airflow/example_dags/tutorial_taskflow_api_etl.py
[2021-08-11 10:45:55,503] {scheduler_job.py:632} INFO - Processing file /Users/Alex/.local/share/virtualenvs/airflow-1c5-bq0J/lib/python3.9/site-packages/airflow/example_dags/tutorial_taskflow_api_etl.py for tasks to queue
[2021-08-11 10:45:55,503] {logging_mixin.py:104} INFO - [2021-08-11 10:45:55,503] {dagbag.py:496} INFO - Filling up the DagBag from /Users/Alex/.local/share/virtualenvs/airflow-1c5-bq0J/lib/python3.9/site-packages/airflow/example_dags/tutorial_taskflow_api_etl.py
[2021-08-11 10:45:55,512] {scheduler_job.py:642} INFO - DAG(s) dict_keys(['tutorial_taskflow_api_etl']) retrieved from /Users/Alex/.local/share/virtualenvs/airflow-1c5-bq0J/lib/python3.9/site-packages/airflow/example_dags/tutorial_taskflow_api_etl.py
[2021-08-11 10:45:55,757] {logging_mixin.py:104} INFO - [2021-08-11 10:45:55,757] {dag.py:1833} INFO - Sync 1 DAGs
[2021-08-11 10:45:55,763] {logging_mixin.py:104} INFO - [2021-08-11 10:45:55,763] {dag.py:2306} INFO - Setting next_dagrun for tutorial_taskflow_api_etl to None
[2021-08-11 10:45:55,772] {scheduler_job.py:189} INFO - Processing /Users/Alex/.local/share/virtualenvs/airflow-1c5-bq0J/lib/python3.9/site-packages/airflow/example_dags/tutorial_taskflow_api_etl.py took 0.270 seconds
[2021-08-11 10:46:46,290] {scheduler_job.py:181} INFO - Started process (PID=69609) to work on /Users/Alex/.local/share/virtualenvs/airflow-1c5-bq0J/lib/python3.9/site-packages/airflow/example_dags/tutorial_taskflow_api_etl.py
[2021-08-11 10:46:46,291] {scheduler_job.py:632} INFO - Processing file /Users/Alex/.local/share/virtualenvs/airflow-1c5-bq0J/lib/python3.9/site-packages/airflow/example_dags/tutorial_taskflow_api_etl.py for tasks to queue
[2021-08-11 10:46:46,291] {logging_mixin.py:104} INFO - [2021-08-11 10:46:46,291] {dagbag.py:496} INFO - Filling up the DagBag from /Users/Alex/.local/share/virtualenvs/airflow-1c5-bq0J/lib/python3.9/site-packages/airflow/example_dags/tutorial_taskflow_api_etl.py
[2021-08-11 10:46:46,300] {scheduler_job.py:642} INFO - DAG(s) dict_keys(['tutorial_taskflow_api_etl']) retrieved from /Users/Alex/.local/share/virtualenvs/airflow-1c5-bq0J/lib/python3.9/site-packages/airflow/example_dags/tutorial_taskflow_api_etl.py
[2021-08-11 10:46:46,534] {logging_mixin.py:104} INFO - [2021-08-11 10:46:46,534] {dag.py:1833} INFO - Sync 1 DAGs
[2021-08-11 10:46:46,539] {logging_mixin.py:104} INFO - [2021-08-11 10:46:46,539] {dag.py:2306} INFO - Setting next_dagrun for tutorial_taskflow_api_etl to None
[2021-08-11 10:46:46,549] {scheduler_job.py:189} INFO - Processing /Users/Alex/.local/share/virtualenvs/airflow-1c5-bq0J/lib/python3.9/site-packages/airflow/example_dags/tutorial_taskflow_api_etl.py took 0.259 seconds
[2021-08-11 10:47:42,713] {scheduler_job.py:181} INFO - Started process (PID=69682) to work on /Users/Alex/.local/share/virtualenvs/airflow-1c5-bq0J/lib/python3.9/site-packages/airflow/example_dags/tutorial_taskflow_api_etl.py
[2021-08-11 10:47:42,714] {scheduler_job.py:632} INFO - Processing file /Users/Alex/.local/share/virtualenvs/airflow-1c5-bq0J/lib/python3.9/site-packages/airflow/example_dags/tutorial_taskflow_api_etl.py for tasks to queue
[2021-08-11 10:47:42,714] {logging_mixin.py:104} INFO - [2021-08-11 10:47:42,714] {dagbag.py:496} INFO - Filling up the DagBag from /Users/Alex/.local/share/virtualenvs/airflow-1c5-bq0J/lib/python3.9/site-packages/airflow/example_dags/tutorial_taskflow_api_etl.py
[2021-08-11 10:47:42,723] {scheduler_job.py:642} INFO - DAG(s) dict_keys(['tutorial_taskflow_api_etl']) retrieved from /Users/Alex/.local/share/virtualenvs/airflow-1c5-bq0J/lib/python3.9/site-packages/airflow/example_dags/tutorial_taskflow_api_etl.py
[2021-08-11 10:47:42,986] {logging_mixin.py:104} INFO - [2021-08-11 10:47:42,986] {dag.py:1833} INFO - Sync 1 DAGs
[2021-08-11 10:47:42,991] {logging_mixin.py:104} INFO - [2021-08-11 10:47:42,991] {dag.py:2306} INFO - Setting next_dagrun for tutorial_taskflow_api_etl to None
[2021-08-11 10:47:42,999] {scheduler_job.py:189} INFO - Processing /Users/Alex/.local/share/virtualenvs/airflow-1c5-bq0J/lib/python3.9/site-packages/airflow/example_dags/tutorial_taskflow_api_etl.py took 0.287 seconds
[2021-08-11 10:48:37,971] {scheduler_job.py:181} INFO - Started process (PID=69779) to work on /Users/Alex/.local/share/virtualenvs/airflow-1c5-bq0J/lib/python3.9/site-packages/airflow/example_dags/tutorial_taskflow_api_etl.py
[2021-08-11 10:48:37,972] {scheduler_job.py:632} INFO - Processing file /Users/Alex/.local/share/virtualenvs/airflow-1c5-bq0J/lib/python3.9/site-packages/airflow/example_dags/tutorial_taskflow_api_etl.py for tasks to queue
[2021-08-11 10:48:37,972] {logging_mixin.py:104} INFO - [2021-08-11 10:48:37,972] {dagbag.py:496} INFO - Filling up the DagBag from /Users/Alex/.local/share/virtualenvs/airflow-1c5-bq0J/lib/python3.9/site-packages/airflow/example_dags/tutorial_taskflow_api_etl.py
[2021-08-11 10:48:37,981] {scheduler_job.py:642} INFO - DAG(s) dict_keys(['tutorial_taskflow_api_etl']) retrieved from /Users/Alex/.local/share/virtualenvs/airflow-1c5-bq0J/lib/python3.9/site-packages/airflow/example_dags/tutorial_taskflow_api_etl.py
[2021-08-11 10:48:38,257] {logging_mixin.py:104} INFO - [2021-08-11 10:48:38,257] {dag.py:1833} INFO - Sync 1 DAGs
[2021-08-11 10:48:38,264] {logging_mixin.py:104} INFO - [2021-08-11 10:48:38,264] {dag.py:2306} INFO - Setting next_dagrun for tutorial_taskflow_api_etl to None
[2021-08-11 10:48:38,274] {scheduler_job.py:189} INFO - Processing /Users/Alex/.local/share/virtualenvs/airflow-1c5-bq0J/lib/python3.9/site-packages/airflow/example_dags/tutorial_taskflow_api_etl.py took 0.303 seconds
[2021-08-11 10:49:38,262] {scheduler_job.py:181} INFO - Started process (PID=69849) to work on /Users/Alex/.local/share/virtualenvs/airflow-1c5-bq0J/lib/python3.9/site-packages/airflow/example_dags/tutorial_taskflow_api_etl.py
[2021-08-11 10:49:38,262] {scheduler_job.py:632} INFO - Processing file /Users/Alex/.local/share/virtualenvs/airflow-1c5-bq0J/lib/python3.9/site-packages/airflow/example_dags/tutorial_taskflow_api_etl.py for tasks to queue
[2021-08-11 10:49:38,262] {logging_mixin.py:104} INFO - [2021-08-11 10:49:38,262] {dagbag.py:496} INFO - Filling up the DagBag from /Users/Alex/.local/share/virtualenvs/airflow-1c5-bq0J/lib/python3.9/site-packages/airflow/example_dags/tutorial_taskflow_api_etl.py
[2021-08-11 10:49:38,274] {scheduler_job.py:642} INFO - DAG(s) dict_keys(['tutorial_taskflow_api_etl']) retrieved from /Users/Alex/.local/share/virtualenvs/airflow-1c5-bq0J/lib/python3.9/site-packages/airflow/example_dags/tutorial_taskflow_api_etl.py
[2021-08-11 10:49:38,557] {logging_mixin.py:104} INFO - [2021-08-11 10:49:38,556] {dag.py:1833} INFO - Sync 1 DAGs
[2021-08-11 10:49:38,562] {logging_mixin.py:104} INFO - [2021-08-11 10:49:38,562] {dag.py:2306} INFO - Setting next_dagrun for tutorial_taskflow_api_etl to None
[2021-08-11 10:49:38,572] {scheduler_job.py:189} INFO - Processing /Users/Alex/.local/share/virtualenvs/airflow-1c5-bq0J/lib/python3.9/site-packages/airflow/example_dags/tutorial_taskflow_api_etl.py took 0.311 seconds
[2021-08-11 10:50:38,043] {scheduler_job.py:181} INFO - Started process (PID=69955) to work on /Users/Alex/.local/share/virtualenvs/airflow-1c5-bq0J/lib/python3.9/site-packages/airflow/example_dags/tutorial_taskflow_api_etl.py
[2021-08-11 10:50:38,046] {scheduler_job.py:632} INFO - Processing file /Users/Alex/.local/share/virtualenvs/airflow-1c5-bq0J/lib/python3.9/site-packages/airflow/example_dags/tutorial_taskflow_api_etl.py for tasks to queue
[2021-08-11 10:50:38,046] {logging_mixin.py:104} INFO - [2021-08-11 10:50:38,046] {dagbag.py:496} INFO - Filling up the DagBag from /Users/Alex/.local/share/virtualenvs/airflow-1c5-bq0J/lib/python3.9/site-packages/airflow/example_dags/tutorial_taskflow_api_etl.py
[2021-08-11 10:50:38,059] {scheduler_job.py:642} INFO - DAG(s) dict_keys(['tutorial_taskflow_api_etl']) retrieved from /Users/Alex/.local/share/virtualenvs/airflow-1c5-bq0J/lib/python3.9/site-packages/airflow/example_dags/tutorial_taskflow_api_etl.py
[2021-08-11 10:50:38,381] {logging_mixin.py:104} INFO - [2021-08-11 10:50:38,381] {dag.py:1833} INFO - Sync 1 DAGs
[2021-08-11 10:50:38,388] {logging_mixin.py:104} INFO - [2021-08-11 10:50:38,388] {dag.py:2306} INFO - Setting next_dagrun for tutorial_taskflow_api_etl to None
[2021-08-11 10:50:38,398] {scheduler_job.py:189} INFO - Processing /Users/Alex/.local/share/virtualenvs/airflow-1c5-bq0J/lib/python3.9/site-packages/airflow/example_dags/tutorial_taskflow_api_etl.py took 0.355 seconds
[2021-08-11 10:51:34,714] {scheduler_job.py:181} INFO - Started process (PID=70066) to work on /Users/Alex/.local/share/virtualenvs/airflow-1c5-bq0J/lib/python3.9/site-packages/airflow/example_dags/tutorial_taskflow_api_etl.py
[2021-08-11 10:51:34,714] {scheduler_job.py:632} INFO - Processing file /Users/Alex/.local/share/virtualenvs/airflow-1c5-bq0J/lib/python3.9/site-packages/airflow/example_dags/tutorial_taskflow_api_etl.py for tasks to queue
[2021-08-11 10:51:34,714] {logging_mixin.py:104} INFO - [2021-08-11 10:51:34,714] {dagbag.py:496} INFO - Filling up the DagBag from /Users/Alex/.local/share/virtualenvs/airflow-1c5-bq0J/lib/python3.9/site-packages/airflow/example_dags/tutorial_taskflow_api_etl.py
[2021-08-11 10:51:34,724] {scheduler_job.py:642} INFO - DAG(s) dict_keys(['tutorial_taskflow_api_etl']) retrieved from /Users/Alex/.local/share/virtualenvs/airflow-1c5-bq0J/lib/python3.9/site-packages/airflow/example_dags/tutorial_taskflow_api_etl.py
[2021-08-11 10:51:34,987] {logging_mixin.py:104} INFO - [2021-08-11 10:51:34,987] {dag.py:1833} INFO - Sync 1 DAGs
[2021-08-11 10:51:34,993] {logging_mixin.py:104} INFO - [2021-08-11 10:51:34,993] {dag.py:2306} INFO - Setting next_dagrun for tutorial_taskflow_api_etl to None
[2021-08-11 10:51:35,002] {scheduler_job.py:189} INFO - Processing /Users/Alex/.local/share/virtualenvs/airflow-1c5-bq0J/lib/python3.9/site-packages/airflow/example_dags/tutorial_taskflow_api_etl.py took 0.289 seconds
[2021-08-11 10:52:29,605] {scheduler_job.py:181} INFO - Started process (PID=70172) to work on /Users/Alex/.local/share/virtualenvs/airflow-1c5-bq0J/lib/python3.9/site-packages/airflow/example_dags/tutorial_taskflow_api_etl.py
[2021-08-11 10:52:29,605] {scheduler_job.py:632} INFO - Processing file /Users/Alex/.local/share/virtualenvs/airflow-1c5-bq0J/lib/python3.9/site-packages/airflow/example_dags/tutorial_taskflow_api_etl.py for tasks to queue
[2021-08-11 10:52:29,605] {logging_mixin.py:104} INFO - [2021-08-11 10:52:29,605] {dagbag.py:496} INFO - Filling up the DagBag from /Users/Alex/.local/share/virtualenvs/airflow-1c5-bq0J/lib/python3.9/site-packages/airflow/example_dags/tutorial_taskflow_api_etl.py
[2021-08-11 10:52:29,613] {scheduler_job.py:642} INFO - DAG(s) dict_keys(['tutorial_taskflow_api_etl']) retrieved from /Users/Alex/.local/share/virtualenvs/airflow-1c5-bq0J/lib/python3.9/site-packages/airflow/example_dags/tutorial_taskflow_api_etl.py
[2021-08-11 10:52:29,866] {logging_mixin.py:104} INFO - [2021-08-11 10:52:29,866] {dag.py:1833} INFO - Sync 1 DAGs
[2021-08-11 10:52:29,872] {logging_mixin.py:104} INFO - [2021-08-11 10:52:29,872] {dag.py:2306} INFO - Setting next_dagrun for tutorial_taskflow_api_etl to None
[2021-08-11 10:52:29,882] {scheduler_job.py:189} INFO - Processing /Users/Alex/.local/share/virtualenvs/airflow-1c5-bq0J/lib/python3.9/site-packages/airflow/example_dags/tutorial_taskflow_api_etl.py took 0.277 seconds
[2021-08-11 10:53:29,021] {scheduler_job.py:181} INFO - Started process (PID=70291) to work on /Users/Alex/.local/share/virtualenvs/airflow-1c5-bq0J/lib/python3.9/site-packages/airflow/example_dags/tutorial_taskflow_api_etl.py
[2021-08-11 10:53:29,024] {scheduler_job.py:632} INFO - Processing file /Users/Alex/.local/share/virtualenvs/airflow-1c5-bq0J/lib/python3.9/site-packages/airflow/example_dags/tutorial_taskflow_api_etl.py for tasks to queue
[2021-08-11 10:53:29,025] {logging_mixin.py:104} INFO - [2021-08-11 10:53:29,024] {dagbag.py:496} INFO - Filling up the DagBag from /Users/Alex/.local/share/virtualenvs/airflow-1c5-bq0J/lib/python3.9/site-packages/airflow/example_dags/tutorial_taskflow_api_etl.py
[2021-08-11 10:53:29,037] {scheduler_job.py:642} INFO - DAG(s) dict_keys(['tutorial_taskflow_api_etl']) retrieved from /Users/Alex/.local/share/virtualenvs/airflow-1c5-bq0J/lib/python3.9/site-packages/airflow/example_dags/tutorial_taskflow_api_etl.py
[2021-08-11 10:53:29,294] {logging_mixin.py:104} INFO - [2021-08-11 10:53:29,293] {dag.py:1833} INFO - Sync 1 DAGs
[2021-08-11 10:53:29,299] {logging_mixin.py:104} INFO - [2021-08-11 10:53:29,299] {dag.py:2306} INFO - Setting next_dagrun for tutorial_taskflow_api_etl to None
[2021-08-11 10:53:29,310] {scheduler_job.py:189} INFO - Processing /Users/Alex/.local/share/virtualenvs/airflow-1c5-bq0J/lib/python3.9/site-packages/airflow/example_dags/tutorial_taskflow_api_etl.py took 0.289 seconds
[2021-08-11 10:54:19,536] {scheduler_job.py:181} INFO - Started process (PID=70355) to work on /Users/Alex/.local/share/virtualenvs/airflow-1c5-bq0J/lib/python3.9/site-packages/airflow/example_dags/tutorial_taskflow_api_etl.py
[2021-08-11 10:54:19,538] {scheduler_job.py:632} INFO - Processing file /Users/Alex/.local/share/virtualenvs/airflow-1c5-bq0J/lib/python3.9/site-packages/airflow/example_dags/tutorial_taskflow_api_etl.py for tasks to queue
[2021-08-11 10:54:19,539] {logging_mixin.py:104} INFO - [2021-08-11 10:54:19,539] {dagbag.py:496} INFO - Filling up the DagBag from /Users/Alex/.local/share/virtualenvs/airflow-1c5-bq0J/lib/python3.9/site-packages/airflow/example_dags/tutorial_taskflow_api_etl.py
[2021-08-11 10:54:19,549] {scheduler_job.py:642} INFO - DAG(s) dict_keys(['tutorial_taskflow_api_etl']) retrieved from /Users/Alex/.local/share/virtualenvs/airflow-1c5-bq0J/lib/python3.9/site-packages/airflow/example_dags/tutorial_taskflow_api_etl.py
[2021-08-11 10:54:19,826] {logging_mixin.py:104} INFO - [2021-08-11 10:54:19,826] {dag.py:1833} INFO - Sync 1 DAGs
[2021-08-11 10:54:19,831] {logging_mixin.py:104} INFO - [2021-08-11 10:54:19,831] {dag.py:2306} INFO - Setting next_dagrun for tutorial_taskflow_api_etl to None
[2021-08-11 10:54:19,841] {scheduler_job.py:189} INFO - Processing /Users/Alex/.local/share/virtualenvs/airflow-1c5-bq0J/lib/python3.9/site-packages/airflow/example_dags/tutorial_taskflow_api_etl.py took 0.305 seconds
[2021-08-11 10:55:20,360] {scheduler_job.py:181} INFO - Started process (PID=70469) to work on /Users/Alex/.local/share/virtualenvs/airflow-1c5-bq0J/lib/python3.9/site-packages/airflow/example_dags/tutorial_taskflow_api_etl.py
[2021-08-11 10:55:20,361] {scheduler_job.py:632} INFO - Processing file /Users/Alex/.local/share/virtualenvs/airflow-1c5-bq0J/lib/python3.9/site-packages/airflow/example_dags/tutorial_taskflow_api_etl.py for tasks to queue
[2021-08-11 10:55:20,361] {logging_mixin.py:104} INFO - [2021-08-11 10:55:20,361] {dagbag.py:496} INFO - Filling up the DagBag from /Users/Alex/.local/share/virtualenvs/airflow-1c5-bq0J/lib/python3.9/site-packages/airflow/example_dags/tutorial_taskflow_api_etl.py
[2021-08-11 10:55:20,369] {scheduler_job.py:642} INFO - DAG(s) dict_keys(['tutorial_taskflow_api_etl']) retrieved from /Users/Alex/.local/share/virtualenvs/airflow-1c5-bq0J/lib/python3.9/site-packages/airflow/example_dags/tutorial_taskflow_api_etl.py
[2021-08-11 10:55:20,602] {logging_mixin.py:104} INFO - [2021-08-11 10:55:20,602] {dag.py:1833} INFO - Sync 1 DAGs
[2021-08-11 10:55:20,607] {logging_mixin.py:104} INFO - [2021-08-11 10:55:20,607] {dag.py:2306} INFO - Setting next_dagrun for tutorial_taskflow_api_etl to None
[2021-08-11 10:55:20,617] {scheduler_job.py:189} INFO - Processing /Users/Alex/.local/share/virtualenvs/airflow-1c5-bq0J/lib/python3.9/site-packages/airflow/example_dags/tutorial_taskflow_api_etl.py took 0.257 seconds
[2021-08-11 10:56:20,747] {scheduler_job.py:181} INFO - Started process (PID=70570) to work on /Users/Alex/.local/share/virtualenvs/airflow-1c5-bq0J/lib/python3.9/site-packages/airflow/example_dags/tutorial_taskflow_api_etl.py
[2021-08-11 10:56:20,748] {scheduler_job.py:632} INFO - Processing file /Users/Alex/.local/share/virtualenvs/airflow-1c5-bq0J/lib/python3.9/site-packages/airflow/example_dags/tutorial_taskflow_api_etl.py for tasks to queue
[2021-08-11 10:56:20,748] {logging_mixin.py:104} INFO - [2021-08-11 10:56:20,748] {dagbag.py:496} INFO - Filling up the DagBag from /Users/Alex/.local/share/virtualenvs/airflow-1c5-bq0J/lib/python3.9/site-packages/airflow/example_dags/tutorial_taskflow_api_etl.py
[2021-08-11 10:56:20,759] {scheduler_job.py:642} INFO - DAG(s) dict_keys(['tutorial_taskflow_api_etl']) retrieved from /Users/Alex/.local/share/virtualenvs/airflow-1c5-bq0J/lib/python3.9/site-packages/airflow/example_dags/tutorial_taskflow_api_etl.py
[2021-08-11 10:56:21,014] {logging_mixin.py:104} INFO - [2021-08-11 10:56:21,014] {dag.py:1833} INFO - Sync 1 DAGs
[2021-08-11 10:56:21,022] {logging_mixin.py:104} INFO - [2021-08-11 10:56:21,022] {dag.py:2306} INFO - Setting next_dagrun for tutorial_taskflow_api_etl to None
[2021-08-11 10:56:21,034] {scheduler_job.py:189} INFO - Processing /Users/Alex/.local/share/virtualenvs/airflow-1c5-bq0J/lib/python3.9/site-packages/airflow/example_dags/tutorial_taskflow_api_etl.py took 0.287 seconds
[2021-08-11 10:57:15,284] {scheduler_job.py:181} INFO - Started process (PID=70689) to work on /Users/Alex/.local/share/virtualenvs/airflow-1c5-bq0J/lib/python3.9/site-packages/airflow/example_dags/tutorial_taskflow_api_etl.py
[2021-08-11 10:57:15,287] {scheduler_job.py:632} INFO - Processing file /Users/Alex/.local/share/virtualenvs/airflow-1c5-bq0J/lib/python3.9/site-packages/airflow/example_dags/tutorial_taskflow_api_etl.py for tasks to queue
[2021-08-11 10:57:15,289] {logging_mixin.py:104} INFO - [2021-08-11 10:57:15,289] {dagbag.py:496} INFO - Filling up the DagBag from /Users/Alex/.local/share/virtualenvs/airflow-1c5-bq0J/lib/python3.9/site-packages/airflow/example_dags/tutorial_taskflow_api_etl.py
[2021-08-11 10:57:15,327] {scheduler_job.py:642} INFO - DAG(s) dict_keys(['tutorial_taskflow_api_etl']) retrieved from /Users/Alex/.local/share/virtualenvs/airflow-1c5-bq0J/lib/python3.9/site-packages/airflow/example_dags/tutorial_taskflow_api_etl.py
[2021-08-11 10:57:15,629] {logging_mixin.py:104} INFO - [2021-08-11 10:57:15,629] {dag.py:1833} INFO - Sync 1 DAGs
[2021-08-11 10:57:15,634] {logging_mixin.py:104} INFO - [2021-08-11 10:57:15,634] {dag.py:2306} INFO - Setting next_dagrun for tutorial_taskflow_api_etl to None
[2021-08-11 10:57:15,643] {scheduler_job.py:189} INFO - Processing /Users/Alex/.local/share/virtualenvs/airflow-1c5-bq0J/lib/python3.9/site-packages/airflow/example_dags/tutorial_taskflow_api_etl.py took 0.360 seconds
[2021-08-11 10:58:11,986] {scheduler_job.py:181} INFO - Started process (PID=70791) to work on /Users/Alex/.local/share/virtualenvs/airflow-1c5-bq0J/lib/python3.9/site-packages/airflow/example_dags/tutorial_taskflow_api_etl.py
[2021-08-11 10:58:11,987] {scheduler_job.py:632} INFO - Processing file /Users/Alex/.local/share/virtualenvs/airflow-1c5-bq0J/lib/python3.9/site-packages/airflow/example_dags/tutorial_taskflow_api_etl.py for tasks to queue
[2021-08-11 10:58:11,987] {logging_mixin.py:104} INFO - [2021-08-11 10:58:11,987] {dagbag.py:496} INFO - Filling up the DagBag from /Users/Alex/.local/share/virtualenvs/airflow-1c5-bq0J/lib/python3.9/site-packages/airflow/example_dags/tutorial_taskflow_api_etl.py
[2021-08-11 10:58:11,998] {scheduler_job.py:642} INFO - DAG(s) dict_keys(['tutorial_taskflow_api_etl']) retrieved from /Users/Alex/.local/share/virtualenvs/airflow-1c5-bq0J/lib/python3.9/site-packages/airflow/example_dags/tutorial_taskflow_api_etl.py
[2021-08-11 10:58:12,251] {logging_mixin.py:104} INFO - [2021-08-11 10:58:12,251] {dag.py:1833} INFO - Sync 1 DAGs
[2021-08-11 10:58:12,257] {logging_mixin.py:104} INFO - [2021-08-11 10:58:12,257] {dag.py:2306} INFO - Setting next_dagrun for tutorial_taskflow_api_etl to None
[2021-08-11 10:58:12,266] {scheduler_job.py:189} INFO - Processing /Users/Alex/.local/share/virtualenvs/airflow-1c5-bq0J/lib/python3.9/site-packages/airflow/example_dags/tutorial_taskflow_api_etl.py took 0.280 seconds
[2021-08-11 10:59:12,409] {scheduler_job.py:181} INFO - Started process (PID=70903) to work on /Users/Alex/.local/share/virtualenvs/airflow-1c5-bq0J/lib/python3.9/site-packages/airflow/example_dags/tutorial_taskflow_api_etl.py
[2021-08-11 10:59:12,410] {scheduler_job.py:632} INFO - Processing file /Users/Alex/.local/share/virtualenvs/airflow-1c5-bq0J/lib/python3.9/site-packages/airflow/example_dags/tutorial_taskflow_api_etl.py for tasks to queue
[2021-08-11 10:59:12,410] {logging_mixin.py:104} INFO - [2021-08-11 10:59:12,410] {dagbag.py:496} INFO - Filling up the DagBag from /Users/Alex/.local/share/virtualenvs/airflow-1c5-bq0J/lib/python3.9/site-packages/airflow/example_dags/tutorial_taskflow_api_etl.py
[2021-08-11 10:59:12,431] {scheduler_job.py:642} INFO - DAG(s) dict_keys(['tutorial_taskflow_api_etl']) retrieved from /Users/Alex/.local/share/virtualenvs/airflow-1c5-bq0J/lib/python3.9/site-packages/airflow/example_dags/tutorial_taskflow_api_etl.py
[2021-08-11 10:59:12,705] {logging_mixin.py:104} INFO - [2021-08-11 10:59:12,705] {dag.py:1833} INFO - Sync 1 DAGs
[2021-08-11 10:59:12,710] {logging_mixin.py:104} INFO - [2021-08-11 10:59:12,710] {dag.py:2306} INFO - Setting next_dagrun for tutorial_taskflow_api_etl to None
[2021-08-11 10:59:12,719] {scheduler_job.py:189} INFO - Processing /Users/Alex/.local/share/virtualenvs/airflow-1c5-bq0J/lib/python3.9/site-packages/airflow/example_dags/tutorial_taskflow_api_etl.py took 0.311 seconds
[2021-08-11 11:00:09,282] {scheduler_job.py:181} INFO - Started process (PID=71021) to work on /Users/Alex/.local/share/virtualenvs/airflow-1c5-bq0J/lib/python3.9/site-packages/airflow/example_dags/tutorial_taskflow_api_etl.py
[2021-08-11 11:00:09,282] {scheduler_job.py:632} INFO - Processing file /Users/Alex/.local/share/virtualenvs/airflow-1c5-bq0J/lib/python3.9/site-packages/airflow/example_dags/tutorial_taskflow_api_etl.py for tasks to queue
[2021-08-11 11:00:09,283] {logging_mixin.py:104} INFO - [2021-08-11 11:00:09,283] {dagbag.py:496} INFO - Filling up the DagBag from /Users/Alex/.local/share/virtualenvs/airflow-1c5-bq0J/lib/python3.9/site-packages/airflow/example_dags/tutorial_taskflow_api_etl.py
[2021-08-11 11:00:09,296] {scheduler_job.py:642} INFO - DAG(s) dict_keys(['tutorial_taskflow_api_etl']) retrieved from /Users/Alex/.local/share/virtualenvs/airflow-1c5-bq0J/lib/python3.9/site-packages/airflow/example_dags/tutorial_taskflow_api_etl.py
[2021-08-11 11:00:09,780] {logging_mixin.py:104} INFO - [2021-08-11 11:00:09,780] {dag.py:1833} INFO - Sync 1 DAGs
[2021-08-11 11:00:09,797] {logging_mixin.py:104} INFO - [2021-08-11 11:00:09,797] {dag.py:2306} INFO - Setting next_dagrun for tutorial_taskflow_api_etl to None
[2021-08-11 11:00:09,817] {scheduler_job.py:189} INFO - Processing /Users/Alex/.local/share/virtualenvs/airflow-1c5-bq0J/lib/python3.9/site-packages/airflow/example_dags/tutorial_taskflow_api_etl.py took 0.536 seconds
[2021-08-11 11:01:09,316] {scheduler_job.py:181} INFO - Started process (PID=71132) to work on /Users/Alex/.local/share/virtualenvs/airflow-1c5-bq0J/lib/python3.9/site-packages/airflow/example_dags/tutorial_taskflow_api_etl.py
[2021-08-11 11:01:09,316] {scheduler_job.py:632} INFO - Processing file /Users/Alex/.local/share/virtualenvs/airflow-1c5-bq0J/lib/python3.9/site-packages/airflow/example_dags/tutorial_taskflow_api_etl.py for tasks to queue
[2021-08-11 11:01:09,317] {logging_mixin.py:104} INFO - [2021-08-11 11:01:09,317] {dagbag.py:496} INFO - Filling up the DagBag from /Users/Alex/.local/share/virtualenvs/airflow-1c5-bq0J/lib/python3.9/site-packages/airflow/example_dags/tutorial_taskflow_api_etl.py
[2021-08-11 11:01:09,325] {scheduler_job.py:642} INFO - DAG(s) dict_keys(['tutorial_taskflow_api_etl']) retrieved from /Users/Alex/.local/share/virtualenvs/airflow-1c5-bq0J/lib/python3.9/site-packages/airflow/example_dags/tutorial_taskflow_api_etl.py
[2021-08-11 11:01:09,587] {logging_mixin.py:104} INFO - [2021-08-11 11:01:09,587] {dag.py:1833} INFO - Sync 1 DAGs
[2021-08-11 11:01:09,592] {logging_mixin.py:104} INFO - [2021-08-11 11:01:09,592] {dag.py:2306} INFO - Setting next_dagrun for tutorial_taskflow_api_etl to None
[2021-08-11 11:01:09,602] {scheduler_job.py:189} INFO - Processing /Users/Alex/.local/share/virtualenvs/airflow-1c5-bq0J/lib/python3.9/site-packages/airflow/example_dags/tutorial_taskflow_api_etl.py took 0.286 seconds
