[2021-08-11 10:43:45,389] {scheduler_job.py:181} INFO - Started process (PID=69360) to work on /Users/Alex/.local/share/virtualenvs/airflow-1c5-bq0J/lib/python3.9/site-packages/airflow/example_dags/tutorial_etl_dag.py
[2021-08-11 10:43:45,389] {scheduler_job.py:632} INFO - Processing file /Users/Alex/.local/share/virtualenvs/airflow-1c5-bq0J/lib/python3.9/site-packages/airflow/example_dags/tutorial_etl_dag.py for tasks to queue
[2021-08-11 10:43:45,389] {logging_mixin.py:104} INFO - [2021-08-11 10:43:45,389] {dagbag.py:496} INFO - Filling up the DagBag from /Users/Alex/.local/share/virtualenvs/airflow-1c5-bq0J/lib/python3.9/site-packages/airflow/example_dags/tutorial_etl_dag.py
[2021-08-11 10:43:45,397] {scheduler_job.py:642} INFO - DAG(s) dict_keys(['tutorial_etl_dag']) retrieved from /Users/Alex/.local/share/virtualenvs/airflow-1c5-bq0J/lib/python3.9/site-packages/airflow/example_dags/tutorial_etl_dag.py
[2021-08-11 10:43:45,429] {logging_mixin.py:104} INFO - [2021-08-11 10:43:45,429] {dag.py:1833} INFO - Sync 1 DAGs
[2021-08-11 10:43:45,437] {logging_mixin.py:104} INFO - [2021-08-11 10:43:45,436] {dag.py:2306} INFO - Setting next_dagrun for tutorial_etl_dag to None
[2021-08-11 10:43:45,444] {scheduler_job.py:189} INFO - Processing /Users/Alex/.local/share/virtualenvs/airflow-1c5-bq0J/lib/python3.9/site-packages/airflow/example_dags/tutorial_etl_dag.py took 0.056 seconds
[2021-08-11 10:45:05,720] {scheduler_job.py:181} INFO - Started process (PID=69472) to work on /Users/Alex/.local/share/virtualenvs/airflow-1c5-bq0J/lib/python3.9/site-packages/airflow/example_dags/tutorial_etl_dag.py
[2021-08-11 10:45:05,720] {scheduler_job.py:632} INFO - Processing file /Users/Alex/.local/share/virtualenvs/airflow-1c5-bq0J/lib/python3.9/site-packages/airflow/example_dags/tutorial_etl_dag.py for tasks to queue
[2021-08-11 10:45:05,720] {logging_mixin.py:104} INFO - [2021-08-11 10:45:05,720] {dagbag.py:496} INFO - Filling up the DagBag from /Users/Alex/.local/share/virtualenvs/airflow-1c5-bq0J/lib/python3.9/site-packages/airflow/example_dags/tutorial_etl_dag.py
[2021-08-11 10:45:05,726] {scheduler_job.py:642} INFO - DAG(s) dict_keys(['tutorial_etl_dag']) retrieved from /Users/Alex/.local/share/virtualenvs/airflow-1c5-bq0J/lib/python3.9/site-packages/airflow/example_dags/tutorial_etl_dag.py
[2021-08-11 10:45:05,750] {logging_mixin.py:104} INFO - [2021-08-11 10:45:05,750] {dag.py:1833} INFO - Sync 1 DAGs
[2021-08-11 10:45:05,755] {logging_mixin.py:104} INFO - [2021-08-11 10:45:05,755] {dag.py:2306} INFO - Setting next_dagrun for tutorial_etl_dag to None
[2021-08-11 10:45:05,763] {scheduler_job.py:189} INFO - Processing /Users/Alex/.local/share/virtualenvs/airflow-1c5-bq0J/lib/python3.9/site-packages/airflow/example_dags/tutorial_etl_dag.py took 0.044 seconds
[2021-08-11 10:45:57,470] {scheduler_job.py:181} INFO - Started process (PID=69565) to work on /Users/Alex/.local/share/virtualenvs/airflow-1c5-bq0J/lib/python3.9/site-packages/airflow/example_dags/tutorial_etl_dag.py
[2021-08-11 10:45:57,470] {scheduler_job.py:632} INFO - Processing file /Users/Alex/.local/share/virtualenvs/airflow-1c5-bq0J/lib/python3.9/site-packages/airflow/example_dags/tutorial_etl_dag.py for tasks to queue
[2021-08-11 10:45:57,471] {logging_mixin.py:104} INFO - [2021-08-11 10:45:57,471] {dagbag.py:496} INFO - Filling up the DagBag from /Users/Alex/.local/share/virtualenvs/airflow-1c5-bq0J/lib/python3.9/site-packages/airflow/example_dags/tutorial_etl_dag.py
[2021-08-11 10:45:57,476] {scheduler_job.py:642} INFO - DAG(s) dict_keys(['tutorial_etl_dag']) retrieved from /Users/Alex/.local/share/virtualenvs/airflow-1c5-bq0J/lib/python3.9/site-packages/airflow/example_dags/tutorial_etl_dag.py
[2021-08-11 10:45:57,501] {logging_mixin.py:104} INFO - [2021-08-11 10:45:57,501] {dag.py:1833} INFO - Sync 1 DAGs
[2021-08-11 10:45:57,506] {logging_mixin.py:104} INFO - [2021-08-11 10:45:57,506] {dag.py:2306} INFO - Setting next_dagrun for tutorial_etl_dag to None
[2021-08-11 10:45:57,514] {scheduler_job.py:189} INFO - Processing /Users/Alex/.local/share/virtualenvs/airflow-1c5-bq0J/lib/python3.9/site-packages/airflow/example_dags/tutorial_etl_dag.py took 0.044 seconds
[2021-08-11 10:46:48,466] {scheduler_job.py:181} INFO - Started process (PID=69611) to work on /Users/Alex/.local/share/virtualenvs/airflow-1c5-bq0J/lib/python3.9/site-packages/airflow/example_dags/tutorial_etl_dag.py
[2021-08-11 10:46:48,467] {scheduler_job.py:632} INFO - Processing file /Users/Alex/.local/share/virtualenvs/airflow-1c5-bq0J/lib/python3.9/site-packages/airflow/example_dags/tutorial_etl_dag.py for tasks to queue
[2021-08-11 10:46:48,467] {logging_mixin.py:104} INFO - [2021-08-11 10:46:48,467] {dagbag.py:496} INFO - Filling up the DagBag from /Users/Alex/.local/share/virtualenvs/airflow-1c5-bq0J/lib/python3.9/site-packages/airflow/example_dags/tutorial_etl_dag.py
[2021-08-11 10:46:48,477] {scheduler_job.py:642} INFO - DAG(s) dict_keys(['tutorial_etl_dag']) retrieved from /Users/Alex/.local/share/virtualenvs/airflow-1c5-bq0J/lib/python3.9/site-packages/airflow/example_dags/tutorial_etl_dag.py
[2021-08-11 10:46:48,514] {logging_mixin.py:104} INFO - [2021-08-11 10:46:48,514] {dag.py:1833} INFO - Sync 1 DAGs
[2021-08-11 10:46:48,522] {logging_mixin.py:104} INFO - [2021-08-11 10:46:48,522] {dag.py:2306} INFO - Setting next_dagrun for tutorial_etl_dag to None
[2021-08-11 10:46:48,531] {scheduler_job.py:189} INFO - Processing /Users/Alex/.local/share/virtualenvs/airflow-1c5-bq0J/lib/python3.9/site-packages/airflow/example_dags/tutorial_etl_dag.py took 0.066 seconds
[2021-08-11 10:47:44,755] {scheduler_job.py:181} INFO - Started process (PID=69683) to work on /Users/Alex/.local/share/virtualenvs/airflow-1c5-bq0J/lib/python3.9/site-packages/airflow/example_dags/tutorial_etl_dag.py
[2021-08-11 10:47:44,756] {scheduler_job.py:632} INFO - Processing file /Users/Alex/.local/share/virtualenvs/airflow-1c5-bq0J/lib/python3.9/site-packages/airflow/example_dags/tutorial_etl_dag.py for tasks to queue
[2021-08-11 10:47:44,756] {logging_mixin.py:104} INFO - [2021-08-11 10:47:44,756] {dagbag.py:496} INFO - Filling up the DagBag from /Users/Alex/.local/share/virtualenvs/airflow-1c5-bq0J/lib/python3.9/site-packages/airflow/example_dags/tutorial_etl_dag.py
[2021-08-11 10:47:44,762] {scheduler_job.py:642} INFO - DAG(s) dict_keys(['tutorial_etl_dag']) retrieved from /Users/Alex/.local/share/virtualenvs/airflow-1c5-bq0J/lib/python3.9/site-packages/airflow/example_dags/tutorial_etl_dag.py
[2021-08-11 10:47:44,786] {logging_mixin.py:104} INFO - [2021-08-11 10:47:44,786] {dag.py:1833} INFO - Sync 1 DAGs
[2021-08-11 10:47:44,791] {logging_mixin.py:104} INFO - [2021-08-11 10:47:44,791] {dag.py:2306} INFO - Setting next_dagrun for tutorial_etl_dag to None
[2021-08-11 10:47:44,799] {scheduler_job.py:189} INFO - Processing /Users/Alex/.local/share/virtualenvs/airflow-1c5-bq0J/lib/python3.9/site-packages/airflow/example_dags/tutorial_etl_dag.py took 0.045 seconds
[2021-08-11 10:48:40,174] {scheduler_job.py:181} INFO - Started process (PID=69780) to work on /Users/Alex/.local/share/virtualenvs/airflow-1c5-bq0J/lib/python3.9/site-packages/airflow/example_dags/tutorial_etl_dag.py
[2021-08-11 10:48:40,174] {scheduler_job.py:632} INFO - Processing file /Users/Alex/.local/share/virtualenvs/airflow-1c5-bq0J/lib/python3.9/site-packages/airflow/example_dags/tutorial_etl_dag.py for tasks to queue
[2021-08-11 10:48:40,175] {logging_mixin.py:104} INFO - [2021-08-11 10:48:40,174] {dagbag.py:496} INFO - Filling up the DagBag from /Users/Alex/.local/share/virtualenvs/airflow-1c5-bq0J/lib/python3.9/site-packages/airflow/example_dags/tutorial_etl_dag.py
[2021-08-11 10:48:40,181] {scheduler_job.py:642} INFO - DAG(s) dict_keys(['tutorial_etl_dag']) retrieved from /Users/Alex/.local/share/virtualenvs/airflow-1c5-bq0J/lib/python3.9/site-packages/airflow/example_dags/tutorial_etl_dag.py
[2021-08-11 10:48:40,211] {logging_mixin.py:104} INFO - [2021-08-11 10:48:40,211] {dag.py:1833} INFO - Sync 1 DAGs
[2021-08-11 10:48:40,219] {logging_mixin.py:104} INFO - [2021-08-11 10:48:40,219] {dag.py:2306} INFO - Setting next_dagrun for tutorial_etl_dag to None
[2021-08-11 10:48:40,227] {scheduler_job.py:189} INFO - Processing /Users/Alex/.local/share/virtualenvs/airflow-1c5-bq0J/lib/python3.9/site-packages/airflow/example_dags/tutorial_etl_dag.py took 0.053 seconds
[2021-08-11 10:49:40,434] {scheduler_job.py:181} INFO - Started process (PID=69851) to work on /Users/Alex/.local/share/virtualenvs/airflow-1c5-bq0J/lib/python3.9/site-packages/airflow/example_dags/tutorial_etl_dag.py
[2021-08-11 10:49:40,435] {scheduler_job.py:632} INFO - Processing file /Users/Alex/.local/share/virtualenvs/airflow-1c5-bq0J/lib/python3.9/site-packages/airflow/example_dags/tutorial_etl_dag.py for tasks to queue
[2021-08-11 10:49:40,435] {logging_mixin.py:104} INFO - [2021-08-11 10:49:40,435] {dagbag.py:496} INFO - Filling up the DagBag from /Users/Alex/.local/share/virtualenvs/airflow-1c5-bq0J/lib/python3.9/site-packages/airflow/example_dags/tutorial_etl_dag.py
[2021-08-11 10:49:40,441] {scheduler_job.py:642} INFO - DAG(s) dict_keys(['tutorial_etl_dag']) retrieved from /Users/Alex/.local/share/virtualenvs/airflow-1c5-bq0J/lib/python3.9/site-packages/airflow/example_dags/tutorial_etl_dag.py
[2021-08-11 10:49:40,466] {logging_mixin.py:104} INFO - [2021-08-11 10:49:40,465] {dag.py:1833} INFO - Sync 1 DAGs
[2021-08-11 10:49:40,471] {logging_mixin.py:104} INFO - [2021-08-11 10:49:40,471] {dag.py:2306} INFO - Setting next_dagrun for tutorial_etl_dag to None
[2021-08-11 10:49:40,479] {scheduler_job.py:189} INFO - Processing /Users/Alex/.local/share/virtualenvs/airflow-1c5-bq0J/lib/python3.9/site-packages/airflow/example_dags/tutorial_etl_dag.py took 0.045 seconds
[2021-08-11 10:50:40,194] {scheduler_job.py:181} INFO - Started process (PID=69957) to work on /Users/Alex/.local/share/virtualenvs/airflow-1c5-bq0J/lib/python3.9/site-packages/airflow/example_dags/tutorial_etl_dag.py
[2021-08-11 10:50:40,196] {scheduler_job.py:632} INFO - Processing file /Users/Alex/.local/share/virtualenvs/airflow-1c5-bq0J/lib/python3.9/site-packages/airflow/example_dags/tutorial_etl_dag.py for tasks to queue
[2021-08-11 10:50:40,196] {logging_mixin.py:104} INFO - [2021-08-11 10:50:40,196] {dagbag.py:496} INFO - Filling up the DagBag from /Users/Alex/.local/share/virtualenvs/airflow-1c5-bq0J/lib/python3.9/site-packages/airflow/example_dags/tutorial_etl_dag.py
[2021-08-11 10:50:40,203] {scheduler_job.py:642} INFO - DAG(s) dict_keys(['tutorial_etl_dag']) retrieved from /Users/Alex/.local/share/virtualenvs/airflow-1c5-bq0J/lib/python3.9/site-packages/airflow/example_dags/tutorial_etl_dag.py
[2021-08-11 10:50:40,269] {logging_mixin.py:104} INFO - [2021-08-11 10:50:40,269] {dag.py:1833} INFO - Sync 1 DAGs
[2021-08-11 10:50:40,292] {logging_mixin.py:104} INFO - [2021-08-11 10:50:40,291] {dag.py:2306} INFO - Setting next_dagrun for tutorial_etl_dag to None
[2021-08-11 10:50:40,310] {scheduler_job.py:189} INFO - Processing /Users/Alex/.local/share/virtualenvs/airflow-1c5-bq0J/lib/python3.9/site-packages/airflow/example_dags/tutorial_etl_dag.py took 0.117 seconds
[2021-08-11 10:51:36,790] {scheduler_job.py:181} INFO - Started process (PID=70073) to work on /Users/Alex/.local/share/virtualenvs/airflow-1c5-bq0J/lib/python3.9/site-packages/airflow/example_dags/tutorial_etl_dag.py
[2021-08-11 10:51:36,790] {scheduler_job.py:632} INFO - Processing file /Users/Alex/.local/share/virtualenvs/airflow-1c5-bq0J/lib/python3.9/site-packages/airflow/example_dags/tutorial_etl_dag.py for tasks to queue
[2021-08-11 10:51:36,791] {logging_mixin.py:104} INFO - [2021-08-11 10:51:36,791] {dagbag.py:496} INFO - Filling up the DagBag from /Users/Alex/.local/share/virtualenvs/airflow-1c5-bq0J/lib/python3.9/site-packages/airflow/example_dags/tutorial_etl_dag.py
[2021-08-11 10:51:36,797] {scheduler_job.py:642} INFO - DAG(s) dict_keys(['tutorial_etl_dag']) retrieved from /Users/Alex/.local/share/virtualenvs/airflow-1c5-bq0J/lib/python3.9/site-packages/airflow/example_dags/tutorial_etl_dag.py
[2021-08-11 10:51:36,834] {logging_mixin.py:104} INFO - [2021-08-11 10:51:36,834] {dag.py:1833} INFO - Sync 1 DAGs
[2021-08-11 10:51:36,840] {logging_mixin.py:104} INFO - [2021-08-11 10:51:36,840] {dag.py:2306} INFO - Setting next_dagrun for tutorial_etl_dag to None
[2021-08-11 10:51:36,846] {scheduler_job.py:189} INFO - Processing /Users/Alex/.local/share/virtualenvs/airflow-1c5-bq0J/lib/python3.9/site-packages/airflow/example_dags/tutorial_etl_dag.py took 0.056 seconds
[2021-08-11 10:52:32,499] {scheduler_job.py:181} INFO - Started process (PID=70174) to work on /Users/Alex/.local/share/virtualenvs/airflow-1c5-bq0J/lib/python3.9/site-packages/airflow/example_dags/tutorial_etl_dag.py
[2021-08-11 10:52:32,499] {scheduler_job.py:632} INFO - Processing file /Users/Alex/.local/share/virtualenvs/airflow-1c5-bq0J/lib/python3.9/site-packages/airflow/example_dags/tutorial_etl_dag.py for tasks to queue
[2021-08-11 10:52:32,500] {logging_mixin.py:104} INFO - [2021-08-11 10:52:32,500] {dagbag.py:496} INFO - Filling up the DagBag from /Users/Alex/.local/share/virtualenvs/airflow-1c5-bq0J/lib/python3.9/site-packages/airflow/example_dags/tutorial_etl_dag.py
[2021-08-11 10:52:32,518] {scheduler_job.py:642} INFO - DAG(s) dict_keys(['tutorial_etl_dag']) retrieved from /Users/Alex/.local/share/virtualenvs/airflow-1c5-bq0J/lib/python3.9/site-packages/airflow/example_dags/tutorial_etl_dag.py
[2021-08-11 10:52:32,601] {logging_mixin.py:104} INFO - [2021-08-11 10:52:32,601] {dag.py:1833} INFO - Sync 1 DAGs
[2021-08-11 10:52:32,620] {logging_mixin.py:104} INFO - [2021-08-11 10:52:32,620] {dag.py:2306} INFO - Setting next_dagrun for tutorial_etl_dag to None
[2021-08-11 10:52:32,636] {scheduler_job.py:189} INFO - Processing /Users/Alex/.local/share/virtualenvs/airflow-1c5-bq0J/lib/python3.9/site-packages/airflow/example_dags/tutorial_etl_dag.py took 0.139 seconds
[2021-08-11 10:53:31,228] {scheduler_job.py:181} INFO - Started process (PID=70292) to work on /Users/Alex/.local/share/virtualenvs/airflow-1c5-bq0J/lib/python3.9/site-packages/airflow/example_dags/tutorial_etl_dag.py
[2021-08-11 10:53:31,230] {scheduler_job.py:632} INFO - Processing file /Users/Alex/.local/share/virtualenvs/airflow-1c5-bq0J/lib/python3.9/site-packages/airflow/example_dags/tutorial_etl_dag.py for tasks to queue
[2021-08-11 10:53:31,231] {logging_mixin.py:104} INFO - [2021-08-11 10:53:31,231] {dagbag.py:496} INFO - Filling up the DagBag from /Users/Alex/.local/share/virtualenvs/airflow-1c5-bq0J/lib/python3.9/site-packages/airflow/example_dags/tutorial_etl_dag.py
[2021-08-11 10:53:31,238] {scheduler_job.py:642} INFO - DAG(s) dict_keys(['tutorial_etl_dag']) retrieved from /Users/Alex/.local/share/virtualenvs/airflow-1c5-bq0J/lib/python3.9/site-packages/airflow/example_dags/tutorial_etl_dag.py
[2021-08-11 10:53:31,262] {logging_mixin.py:104} INFO - [2021-08-11 10:53:31,262] {dag.py:1833} INFO - Sync 1 DAGs
[2021-08-11 10:53:31,268] {logging_mixin.py:104} INFO - [2021-08-11 10:53:31,268] {dag.py:2306} INFO - Setting next_dagrun for tutorial_etl_dag to None
[2021-08-11 10:53:31,274] {scheduler_job.py:189} INFO - Processing /Users/Alex/.local/share/virtualenvs/airflow-1c5-bq0J/lib/python3.9/site-packages/airflow/example_dags/tutorial_etl_dag.py took 0.046 seconds
[2021-08-11 10:54:21,676] {scheduler_job.py:181} INFO - Started process (PID=70356) to work on /Users/Alex/.local/share/virtualenvs/airflow-1c5-bq0J/lib/python3.9/site-packages/airflow/example_dags/tutorial_etl_dag.py
[2021-08-11 10:54:21,679] {scheduler_job.py:632} INFO - Processing file /Users/Alex/.local/share/virtualenvs/airflow-1c5-bq0J/lib/python3.9/site-packages/airflow/example_dags/tutorial_etl_dag.py for tasks to queue
[2021-08-11 10:54:21,679] {logging_mixin.py:104} INFO - [2021-08-11 10:54:21,679] {dagbag.py:496} INFO - Filling up the DagBag from /Users/Alex/.local/share/virtualenvs/airflow-1c5-bq0J/lib/python3.9/site-packages/airflow/example_dags/tutorial_etl_dag.py
[2021-08-11 10:54:21,688] {scheduler_job.py:642} INFO - DAG(s) dict_keys(['tutorial_etl_dag']) retrieved from /Users/Alex/.local/share/virtualenvs/airflow-1c5-bq0J/lib/python3.9/site-packages/airflow/example_dags/tutorial_etl_dag.py
[2021-08-11 10:54:21,713] {logging_mixin.py:104} INFO - [2021-08-11 10:54:21,713] {dag.py:1833} INFO - Sync 1 DAGs
[2021-08-11 10:54:21,719] {logging_mixin.py:104} INFO - [2021-08-11 10:54:21,719] {dag.py:2306} INFO - Setting next_dagrun for tutorial_etl_dag to None
[2021-08-11 10:54:21,729] {scheduler_job.py:189} INFO - Processing /Users/Alex/.local/share/virtualenvs/airflow-1c5-bq0J/lib/python3.9/site-packages/airflow/example_dags/tutorial_etl_dag.py took 0.053 seconds
[2021-08-11 10:55:23,172] {scheduler_job.py:181} INFO - Started process (PID=70470) to work on /Users/Alex/.local/share/virtualenvs/airflow-1c5-bq0J/lib/python3.9/site-packages/airflow/example_dags/tutorial_etl_dag.py
[2021-08-11 10:55:23,172] {scheduler_job.py:632} INFO - Processing file /Users/Alex/.local/share/virtualenvs/airflow-1c5-bq0J/lib/python3.9/site-packages/airflow/example_dags/tutorial_etl_dag.py for tasks to queue
[2021-08-11 10:55:23,173] {logging_mixin.py:104} INFO - [2021-08-11 10:55:23,173] {dagbag.py:496} INFO - Filling up the DagBag from /Users/Alex/.local/share/virtualenvs/airflow-1c5-bq0J/lib/python3.9/site-packages/airflow/example_dags/tutorial_etl_dag.py
[2021-08-11 10:55:23,180] {scheduler_job.py:642} INFO - DAG(s) dict_keys(['tutorial_etl_dag']) retrieved from /Users/Alex/.local/share/virtualenvs/airflow-1c5-bq0J/lib/python3.9/site-packages/airflow/example_dags/tutorial_etl_dag.py
[2021-08-11 10:55:23,212] {logging_mixin.py:104} INFO - [2021-08-11 10:55:23,211] {dag.py:1833} INFO - Sync 1 DAGs
[2021-08-11 10:55:23,219] {logging_mixin.py:104} INFO - [2021-08-11 10:55:23,219] {dag.py:2306} INFO - Setting next_dagrun for tutorial_etl_dag to None
[2021-08-11 10:55:23,229] {scheduler_job.py:189} INFO - Processing /Users/Alex/.local/share/virtualenvs/airflow-1c5-bq0J/lib/python3.9/site-packages/airflow/example_dags/tutorial_etl_dag.py took 0.058 seconds
[2021-08-11 10:56:22,606] {scheduler_job.py:181} INFO - Started process (PID=70577) to work on /Users/Alex/.local/share/virtualenvs/airflow-1c5-bq0J/lib/python3.9/site-packages/airflow/example_dags/tutorial_etl_dag.py
[2021-08-11 10:56:22,606] {scheduler_job.py:632} INFO - Processing file /Users/Alex/.local/share/virtualenvs/airflow-1c5-bq0J/lib/python3.9/site-packages/airflow/example_dags/tutorial_etl_dag.py for tasks to queue
[2021-08-11 10:56:22,607] {logging_mixin.py:104} INFO - [2021-08-11 10:56:22,607] {dagbag.py:496} INFO - Filling up the DagBag from /Users/Alex/.local/share/virtualenvs/airflow-1c5-bq0J/lib/python3.9/site-packages/airflow/example_dags/tutorial_etl_dag.py
[2021-08-11 10:56:22,612] {scheduler_job.py:642} INFO - DAG(s) dict_keys(['tutorial_etl_dag']) retrieved from /Users/Alex/.local/share/virtualenvs/airflow-1c5-bq0J/lib/python3.9/site-packages/airflow/example_dags/tutorial_etl_dag.py
[2021-08-11 10:56:22,638] {logging_mixin.py:104} INFO - [2021-08-11 10:56:22,638] {dag.py:1833} INFO - Sync 1 DAGs
[2021-08-11 10:56:22,645] {logging_mixin.py:104} INFO - [2021-08-11 10:56:22,645] {dag.py:2306} INFO - Setting next_dagrun for tutorial_etl_dag to None
[2021-08-11 10:56:22,652] {scheduler_job.py:189} INFO - Processing /Users/Alex/.local/share/virtualenvs/airflow-1c5-bq0J/lib/python3.9/site-packages/airflow/example_dags/tutorial_etl_dag.py took 0.047 seconds
[2021-08-11 10:57:17,444] {scheduler_job.py:181} INFO - Started process (PID=70690) to work on /Users/Alex/.local/share/virtualenvs/airflow-1c5-bq0J/lib/python3.9/site-packages/airflow/example_dags/tutorial_etl_dag.py
[2021-08-11 10:57:17,447] {scheduler_job.py:632} INFO - Processing file /Users/Alex/.local/share/virtualenvs/airflow-1c5-bq0J/lib/python3.9/site-packages/airflow/example_dags/tutorial_etl_dag.py for tasks to queue
[2021-08-11 10:57:17,447] {logging_mixin.py:104} INFO - [2021-08-11 10:57:17,447] {dagbag.py:496} INFO - Filling up the DagBag from /Users/Alex/.local/share/virtualenvs/airflow-1c5-bq0J/lib/python3.9/site-packages/airflow/example_dags/tutorial_etl_dag.py
[2021-08-11 10:57:17,456] {scheduler_job.py:642} INFO - DAG(s) dict_keys(['tutorial_etl_dag']) retrieved from /Users/Alex/.local/share/virtualenvs/airflow-1c5-bq0J/lib/python3.9/site-packages/airflow/example_dags/tutorial_etl_dag.py
[2021-08-11 10:57:17,481] {logging_mixin.py:104} INFO - [2021-08-11 10:57:17,481] {dag.py:1833} INFO - Sync 1 DAGs
[2021-08-11 10:57:17,487] {logging_mixin.py:104} INFO - [2021-08-11 10:57:17,487] {dag.py:2306} INFO - Setting next_dagrun for tutorial_etl_dag to None
[2021-08-11 10:57:17,496] {scheduler_job.py:189} INFO - Processing /Users/Alex/.local/share/virtualenvs/airflow-1c5-bq0J/lib/python3.9/site-packages/airflow/example_dags/tutorial_etl_dag.py took 0.052 seconds
[2021-08-11 10:58:14,149] {scheduler_job.py:181} INFO - Started process (PID=70798) to work on /Users/Alex/.local/share/virtualenvs/airflow-1c5-bq0J/lib/python3.9/site-packages/airflow/example_dags/tutorial_etl_dag.py
[2021-08-11 10:58:14,149] {scheduler_job.py:632} INFO - Processing file /Users/Alex/.local/share/virtualenvs/airflow-1c5-bq0J/lib/python3.9/site-packages/airflow/example_dags/tutorial_etl_dag.py for tasks to queue
[2021-08-11 10:58:14,149] {logging_mixin.py:104} INFO - [2021-08-11 10:58:14,149] {dagbag.py:496} INFO - Filling up the DagBag from /Users/Alex/.local/share/virtualenvs/airflow-1c5-bq0J/lib/python3.9/site-packages/airflow/example_dags/tutorial_etl_dag.py
[2021-08-11 10:58:14,156] {scheduler_job.py:642} INFO - DAG(s) dict_keys(['tutorial_etl_dag']) retrieved from /Users/Alex/.local/share/virtualenvs/airflow-1c5-bq0J/lib/python3.9/site-packages/airflow/example_dags/tutorial_etl_dag.py
[2021-08-11 10:58:14,184] {logging_mixin.py:104} INFO - [2021-08-11 10:58:14,184] {dag.py:1833} INFO - Sync 1 DAGs
[2021-08-11 10:58:14,192] {logging_mixin.py:104} INFO - [2021-08-11 10:58:14,192] {dag.py:2306} INFO - Setting next_dagrun for tutorial_etl_dag to None
[2021-08-11 10:58:14,200] {scheduler_job.py:189} INFO - Processing /Users/Alex/.local/share/virtualenvs/airflow-1c5-bq0J/lib/python3.9/site-packages/airflow/example_dags/tutorial_etl_dag.py took 0.052 seconds
[2021-08-11 10:59:14,500] {scheduler_job.py:181} INFO - Started process (PID=70910) to work on /Users/Alex/.local/share/virtualenvs/airflow-1c5-bq0J/lib/python3.9/site-packages/airflow/example_dags/tutorial_etl_dag.py
[2021-08-11 10:59:14,500] {scheduler_job.py:632} INFO - Processing file /Users/Alex/.local/share/virtualenvs/airflow-1c5-bq0J/lib/python3.9/site-packages/airflow/example_dags/tutorial_etl_dag.py for tasks to queue
[2021-08-11 10:59:14,500] {logging_mixin.py:104} INFO - [2021-08-11 10:59:14,500] {dagbag.py:496} INFO - Filling up the DagBag from /Users/Alex/.local/share/virtualenvs/airflow-1c5-bq0J/lib/python3.9/site-packages/airflow/example_dags/tutorial_etl_dag.py
[2021-08-11 10:59:14,506] {scheduler_job.py:642} INFO - DAG(s) dict_keys(['tutorial_etl_dag']) retrieved from /Users/Alex/.local/share/virtualenvs/airflow-1c5-bq0J/lib/python3.9/site-packages/airflow/example_dags/tutorial_etl_dag.py
[2021-08-11 10:59:14,530] {logging_mixin.py:104} INFO - [2021-08-11 10:59:14,530] {dag.py:1833} INFO - Sync 1 DAGs
[2021-08-11 10:59:14,535] {logging_mixin.py:104} INFO - [2021-08-11 10:59:14,535] {dag.py:2306} INFO - Setting next_dagrun for tutorial_etl_dag to None
[2021-08-11 10:59:14,543] {scheduler_job.py:189} INFO - Processing /Users/Alex/.local/share/virtualenvs/airflow-1c5-bq0J/lib/python3.9/site-packages/airflow/example_dags/tutorial_etl_dag.py took 0.044 seconds
[2021-08-11 11:00:11,648] {scheduler_job.py:181} INFO - Started process (PID=71029) to work on /Users/Alex/.local/share/virtualenvs/airflow-1c5-bq0J/lib/python3.9/site-packages/airflow/example_dags/tutorial_etl_dag.py
[2021-08-11 11:00:11,648] {scheduler_job.py:632} INFO - Processing file /Users/Alex/.local/share/virtualenvs/airflow-1c5-bq0J/lib/python3.9/site-packages/airflow/example_dags/tutorial_etl_dag.py for tasks to queue
[2021-08-11 11:00:11,648] {logging_mixin.py:104} INFO - [2021-08-11 11:00:11,648] {dagbag.py:496} INFO - Filling up the DagBag from /Users/Alex/.local/share/virtualenvs/airflow-1c5-bq0J/lib/python3.9/site-packages/airflow/example_dags/tutorial_etl_dag.py
[2021-08-11 11:00:11,655] {scheduler_job.py:642} INFO - DAG(s) dict_keys(['tutorial_etl_dag']) retrieved from /Users/Alex/.local/share/virtualenvs/airflow-1c5-bq0J/lib/python3.9/site-packages/airflow/example_dags/tutorial_etl_dag.py
[2021-08-11 11:00:11,684] {logging_mixin.py:104} INFO - [2021-08-11 11:00:11,684] {dag.py:1833} INFO - Sync 1 DAGs
[2021-08-11 11:00:11,691] {logging_mixin.py:104} INFO - [2021-08-11 11:00:11,691] {dag.py:2306} INFO - Setting next_dagrun for tutorial_etl_dag to None
[2021-08-11 11:00:11,700] {scheduler_job.py:189} INFO - Processing /Users/Alex/.local/share/virtualenvs/airflow-1c5-bq0J/lib/python3.9/site-packages/airflow/example_dags/tutorial_etl_dag.py took 0.053 seconds
[2021-08-11 11:01:11,162] {scheduler_job.py:181} INFO - Started process (PID=71133) to work on /Users/Alex/.local/share/virtualenvs/airflow-1c5-bq0J/lib/python3.9/site-packages/airflow/example_dags/tutorial_etl_dag.py
[2021-08-11 11:01:11,162] {scheduler_job.py:632} INFO - Processing file /Users/Alex/.local/share/virtualenvs/airflow-1c5-bq0J/lib/python3.9/site-packages/airflow/example_dags/tutorial_etl_dag.py for tasks to queue
[2021-08-11 11:01:11,163] {logging_mixin.py:104} INFO - [2021-08-11 11:01:11,163] {dagbag.py:496} INFO - Filling up the DagBag from /Users/Alex/.local/share/virtualenvs/airflow-1c5-bq0J/lib/python3.9/site-packages/airflow/example_dags/tutorial_etl_dag.py
[2021-08-11 11:01:11,170] {scheduler_job.py:642} INFO - DAG(s) dict_keys(['tutorial_etl_dag']) retrieved from /Users/Alex/.local/share/virtualenvs/airflow-1c5-bq0J/lib/python3.9/site-packages/airflow/example_dags/tutorial_etl_dag.py
[2021-08-11 11:01:11,198] {logging_mixin.py:104} INFO - [2021-08-11 11:01:11,198] {dag.py:1833} INFO - Sync 1 DAGs
[2021-08-11 11:01:11,205] {logging_mixin.py:104} INFO - [2021-08-11 11:01:11,205] {dag.py:2306} INFO - Setting next_dagrun for tutorial_etl_dag to None
[2021-08-11 11:01:11,215] {scheduler_job.py:189} INFO - Processing /Users/Alex/.local/share/virtualenvs/airflow-1c5-bq0J/lib/python3.9/site-packages/airflow/example_dags/tutorial_etl_dag.py took 0.053 seconds
