[2021-08-11 10:44:29,427] {taskinstance.py:896} INFO - Dependencies all met for <TaskInstance: example_bash_operator.run_after_loop 2021-08-10T00:00:00+00:00 [queued]>
[2021-08-11 10:44:29,432] {taskinstance.py:896} INFO - Dependencies all met for <TaskInstance: example_bash_operator.run_after_loop 2021-08-10T00:00:00+00:00 [queued]>
[2021-08-11 10:44:29,433] {taskinstance.py:1087} INFO - 
--------------------------------------------------------------------------------
[2021-08-11 10:44:29,433] {taskinstance.py:1088} INFO - Starting attempt 1 of 1
[2021-08-11 10:44:29,433] {taskinstance.py:1089} INFO - 
--------------------------------------------------------------------------------
[2021-08-11 10:44:29,437] {taskinstance.py:1107} INFO - Executing <Task(BashOperator): run_after_loop> on 2021-08-10T00:00:00+00:00
[2021-08-11 10:44:29,439] {standard_task_runner.py:52} INFO - Started process 69443 to run task
[2021-08-11 10:44:29,445] {standard_task_runner.py:76} INFO - Running: ['airflow', 'tasks', 'run', 'example_bash_operator', 'run_after_loop', '2021-08-10T00:00:00+00:00', '--job-id', '13', '--pool', 'default_pool', '--raw', '--subdir', '/Users/Alex/.local/share/virtualenvs/airflow-1c5-bq0J/lib/python3.9/site-packages/airflow/example_dags/example_bash_operator.py', '--cfg-path', '/var/folders/t_/pcbjm7w572gbxhwznsq7tq8r0000gn/T/tmpm_ixr7nx', '--error-file', '/var/folders/t_/pcbjm7w572gbxhwznsq7tq8r0000gn/T/tmpddolp9rc']
[2021-08-11 10:44:29,447] {standard_task_runner.py:77} INFO - Job 13: Subtask run_after_loop
[2021-08-11 10:44:29,478] {logging_mixin.py:104} INFO - Running <TaskInstance: example_bash_operator.run_after_loop 2021-08-10T00:00:00+00:00 [running]> on host 1.0.0.127.in-addr.arpa
[2021-08-11 10:44:29,504] {taskinstance.py:1300} INFO - Exporting the following env vars:
AIRFLOW_CTX_DAG_OWNER=airflow
AIRFLOW_CTX_DAG_ID=example_bash_operator
AIRFLOW_CTX_TASK_ID=run_after_loop
AIRFLOW_CTX_EXECUTION_DATE=2021-08-10T00:00:00+00:00
AIRFLOW_CTX_DAG_RUN_ID=scheduled__2021-08-10T00:00:00+00:00
[2021-08-11 10:44:29,505] {subprocess.py:52} INFO - Tmp dir root location: 
 /var/folders/t_/pcbjm7w572gbxhwznsq7tq8r0000gn/T
[2021-08-11 10:44:29,506] {subprocess.py:63} INFO - Running command: ['bash', '-c', 'echo 1']
[2021-08-11 10:44:29,511] {subprocess.py:74} INFO - Output:
[2021-08-11 10:44:29,515] {subprocess.py:78} INFO - 1
[2021-08-11 10:44:29,515] {subprocess.py:82} INFO - Command exited with return code 0
[2021-08-11 10:44:29,528] {taskinstance.py:1204} INFO - Marking task as SUCCESS. dag_id=example_bash_operator, task_id=run_after_loop, execution_date=20210810T000000, start_date=20210811T144429, end_date=20210811T144429
[2021-08-11 10:44:29,540] {taskinstance.py:1265} INFO - 0 downstream tasks scheduled from follow-on schedule check
[2021-08-11 10:44:29,580] {local_task_job.py:149} INFO - Task exited with return code 0
