[2021-08-11 10:44:05,000] {taskinstance.py:896} INFO - Dependencies all met for <TaskInstance: example_bash_operator.runme_0 2021-08-09T00:00:00+00:00 [queued]>
[2021-08-11 10:44:05,004] {taskinstance.py:896} INFO - Dependencies all met for <TaskInstance: example_bash_operator.runme_0 2021-08-09T00:00:00+00:00 [queued]>
[2021-08-11 10:44:05,004] {taskinstance.py:1087} INFO - 
--------------------------------------------------------------------------------
[2021-08-11 10:44:05,004] {taskinstance.py:1088} INFO - Starting attempt 1 of 1
[2021-08-11 10:44:05,004] {taskinstance.py:1089} INFO - 
--------------------------------------------------------------------------------
[2021-08-11 10:44:05,009] {taskinstance.py:1107} INFO - Executing <Task(BashOperator): runme_0> on 2021-08-09T00:00:00+00:00
[2021-08-11 10:44:05,011] {standard_task_runner.py:52} INFO - Started process 69376 to run task
[2021-08-11 10:44:05,016] {standard_task_runner.py:76} INFO - Running: ['airflow', 'tasks', 'run', 'example_bash_operator', 'runme_0', '2021-08-09T00:00:00+00:00', '--job-id', '2', '--pool', 'default_pool', '--raw', '--subdir', '/Users/Alex/.local/share/virtualenvs/airflow-1c5-bq0J/lib/python3.9/site-packages/airflow/example_dags/example_bash_operator.py', '--cfg-path', '/var/folders/t_/pcbjm7w572gbxhwznsq7tq8r0000gn/T/tmp2gf62z34', '--error-file', '/var/folders/t_/pcbjm7w572gbxhwznsq7tq8r0000gn/T/tmps74zey45']
[2021-08-11 10:44:05,018] {standard_task_runner.py:77} INFO - Job 2: Subtask runme_0
[2021-08-11 10:44:05,046] {logging_mixin.py:104} INFO - Running <TaskInstance: example_bash_operator.runme_0 2021-08-09T00:00:00+00:00 [running]> on host 1.0.0.127.in-addr.arpa
[2021-08-11 10:44:05,072] {taskinstance.py:1300} INFO - Exporting the following env vars:
AIRFLOW_CTX_DAG_OWNER=airflow
AIRFLOW_CTX_DAG_ID=example_bash_operator
AIRFLOW_CTX_TASK_ID=runme_0
AIRFLOW_CTX_EXECUTION_DATE=2021-08-09T00:00:00+00:00
AIRFLOW_CTX_DAG_RUN_ID=scheduled__2021-08-09T00:00:00+00:00
[2021-08-11 10:44:05,073] {subprocess.py:52} INFO - Tmp dir root location: 
 /var/folders/t_/pcbjm7w572gbxhwznsq7tq8r0000gn/T
[2021-08-11 10:44:05,074] {subprocess.py:63} INFO - Running command: ['bash', '-c', 'echo "example_bash_operator__runme_0__20210809" && sleep 1']
[2021-08-11 10:44:05,078] {subprocess.py:74} INFO - Output:
[2021-08-11 10:44:05,083] {subprocess.py:78} INFO - example_bash_operator__runme_0__20210809
[2021-08-11 10:44:06,091] {subprocess.py:82} INFO - Command exited with return code 0
[2021-08-11 10:44:06,106] {taskinstance.py:1204} INFO - Marking task as SUCCESS. dag_id=example_bash_operator, task_id=runme_0, execution_date=20210809T000000, start_date=20210811T144405, end_date=20210811T144406
[2021-08-11 10:44:06,119] {taskinstance.py:1265} INFO - 0 downstream tasks scheduled from follow-on schedule check
[2021-08-11 10:44:06,136] {local_task_job.py:149} INFO - Task exited with return code 0
