[2021-08-11 10:43:38,223] {dag_processing.py:604} INFO - Processing files using up to 1 processes at a time 
[2021-08-11 10:43:38,223] {dag_processing.py:605} INFO - Process each file at most once every 30 seconds
[2021-08-11 10:43:38,224] {dag_processing.py:606} INFO - Checking for new files in /Users/Alex/Desktop/Coding/airflow/dags every 300 seconds
[2021-08-11 10:43:38,224] {dag_processing.py:754} INFO - Searching for files in /Users/Alex/Desktop/Coding/airflow/dags
[2021-08-11 10:43:38,245] {dag_processing.py:757} INFO - There are 31 files in /Users/Alex/Desktop/Coding/airflow/dags
[2021-08-11 10:43:38,287] {dag_processing.py:1128} INFO - Finding 'running' jobs without a recent heartbeat
[2021-08-11 10:43:38,287] {dag_processing.py:1132} INFO - Failing jobs without heartbeat after 2021-08-11 14:38:38.287727+00:00
[2021-08-11 10:43:48,369] {dag_processing.py:1128} INFO - Finding 'running' jobs without a recent heartbeat
[2021-08-11 10:43:48,370] {dag_processing.py:1132} INFO - Failing jobs without heartbeat after 2021-08-11 14:38:48.370325+00:00
[2021-08-11 10:44:00,048] {dag_processing.py:1128} INFO - Finding 'running' jobs without a recent heartbeat
[2021-08-11 10:44:00,049] {dag_processing.py:1132} INFO - Failing jobs without heartbeat after 2021-08-11 14:39:00.049419+00:00
[2021-08-11 10:44:13,766] {dag_processing.py:1128} INFO - Finding 'running' jobs without a recent heartbeat
[2021-08-11 10:44:13,767] {dag_processing.py:1132} INFO - Failing jobs without heartbeat after 2021-08-11 14:39:13.767366+00:00
[2021-08-11 10:44:14,797] {dag_processing.py:861} INFO - 
================================================================================
DAG File Processing Stats

File Path                                                                                                                                          PID    Runtime      # DAGs    # Errors  Last Runtime    Last Run
-------------------------------------------------------------------------------------------------------------------------------------------------  -----  ---------  --------  ----------  --------------  -------------------
/Users/Alex/.local/share/virtualenvs/airflow-1c5-bq0J/lib/python3.9/site-packages/airflow/example_dags/example_latest_only.py                                               0           0
/Users/Alex/.local/share/virtualenvs/airflow-1c5-bq0J/lib/python3.9/site-packages/airflow/example_dags/example_complex.py                                                   0           0
/Users/Alex/.local/share/virtualenvs/airflow-1c5-bq0J/lib/python3.9/site-packages/airflow/example_dags/example_python_operator.py                                           0           0
/Users/Alex/.local/share/virtualenvs/airflow-1c5-bq0J/lib/python3.9/site-packages/airflow/example_dags/example_external_task_marker_dag.py                                  0           0
/Users/Alex/.local/share/virtualenvs/airflow-1c5-bq0J/lib/python3.9/site-packages/airflow/example_dags/example_bash_operator.py                                             0           0
/Users/Alex/.local/share/virtualenvs/airflow-1c5-bq0J/lib/python3.9/site-packages/airflow/example_dags/example_short_circuit_operator.py                                    0           0
/Users/Alex/.local/share/virtualenvs/airflow-1c5-bq0J/lib/python3.9/site-packages/airflow/example_dags/example_branch_operator.py                                           0           0
/Users/Alex/.local/share/virtualenvs/airflow-1c5-bq0J/lib/python3.9/site-packages/airflow/example_dags/example_branch_labels.py                                             0           0
/Users/Alex/.local/share/virtualenvs/airflow-1c5-bq0J/lib/python3.9/site-packages/airflow/example_dags/example_kubernetes_executor_config.py                                0           0
/Users/Alex/.local/share/virtualenvs/airflow-1c5-bq0J/lib/python3.9/site-packages/airflow/example_dags/example_passing_params_via_test_command.py                           0           0
/Users/Alex/.local/share/virtualenvs/airflow-1c5-bq0J/lib/python3.9/site-packages/airflow/example_dags/example_latest_only_with_trigger.py                                  0           0
/Users/Alex/.local/share/virtualenvs/airflow-1c5-bq0J/lib/python3.9/site-packages/airflow/example_dags/example_dag_decorator.py                                             0           0
/Users/Alex/.local/share/virtualenvs/airflow-1c5-bq0J/lib/python3.9/site-packages/airflow/example_dags/example_branch_day_of_week_operator.py                               0           0
/Users/Alex/.local/share/virtualenvs/airflow-1c5-bq0J/lib/python3.9/site-packages/airflow/example_dags/example_kubernetes_executor.py                                       0           0
/Users/Alex/.local/share/virtualenvs/airflow-1c5-bq0J/lib/python3.9/site-packages/airflow/example_dags/example_branch_python_dop_operator_3.py                              0           0
/Users/Alex/.local/share/virtualenvs/airflow-1c5-bq0J/lib/python3.9/site-packages/airflow/example_dags/example_branch_datetime_operator.py                                  0           0
/Users/Alex/.local/share/virtualenvs/airflow-1c5-bq0J/lib/python3.9/site-packages/airflow/example_dags/example_nested_branch_dag.py                                         0           0
/Users/Alex/.local/share/virtualenvs/airflow-1c5-bq0J/lib/python3.9/site-packages/airflow/example_dags/subdags/subdag.py                                                    0           0  0.84s           2021-08-11T14:43:39
/Users/Alex/.local/share/virtualenvs/airflow-1c5-bq0J/lib/python3.9/site-packages/airflow/example_dags/example_task_group_decorator.py                                      1           0  1.12s           2021-08-11T14:43:59
/Users/Alex/.local/share/virtualenvs/airflow-1c5-bq0J/lib/python3.9/site-packages/airflow/example_dags/tutorial_taskflow_api_etl.py                                         1           0  1.29s           2021-08-11T14:43:43
/Users/Alex/.local/share/virtualenvs/airflow-1c5-bq0J/lib/python3.9/site-packages/airflow/example_dags/test_utils.py                                                        1           0  0.77s           2021-08-11T14:43:49
/Users/Alex/.local/share/virtualenvs/airflow-1c5-bq0J/lib/python3.9/site-packages/airflow/example_dags/tutorial_etl_dag.py                                                  1           0  0.94s           2021-08-11T14:43:45
/Users/Alex/.local/share/virtualenvs/airflow-1c5-bq0J/lib/python3.9/site-packages/airflow/example_dags/example_task_group.py                                                1           0  1.31s           2021-08-11T14:44:01
/Users/Alex/.local/share/virtualenvs/airflow-1c5-bq0J/lib/python3.9/site-packages/airflow/example_dags/tutorial_taskflow_api_etl_virtualenv.py                              1           0  1.06s           2021-08-11T14:43:41
/Users/Alex/.local/share/virtualenvs/airflow-1c5-bq0J/lib/python3.9/site-packages/airflow/example_dags/tutorial.py                                                          1           0  0.78s           2021-08-11T14:43:47
/Users/Alex/.local/share/virtualenvs/airflow-1c5-bq0J/lib/python3.9/site-packages/airflow/example_dags/example_xcom.py                                                      1           0  1.13s           2021-08-11T14:43:53
/Users/Alex/.local/share/virtualenvs/airflow-1c5-bq0J/lib/python3.9/site-packages/airflow/example_dags/example_skip_dag.py                                                  1           0  1.02s           2021-08-11T14:44:14
/Users/Alex/.local/share/virtualenvs/airflow-1c5-bq0J/lib/python3.9/site-packages/airflow/example_dags/example_trigger_target_dag.py                                        1           0  0.82s           2021-08-11T14:43:55
/Users/Alex/.local/share/virtualenvs/airflow-1c5-bq0J/lib/python3.9/site-packages/airflow/example_dags/example_trigger_controller_dag.py                                    1           0  1.11s           2021-08-11T14:43:57
/Users/Alex/.local/share/virtualenvs/airflow-1c5-bq0J/lib/python3.9/site-packages/airflow/example_dags/example_xcomargs.py                                                  2           0  1.32s           2021-08-11T14:43:51
/Users/Alex/.local/share/virtualenvs/airflow-1c5-bq0J/lib/python3.9/site-packages/airflow/example_dags/example_subdag_operator.py                                           3           0  1.13s           2021-08-11T14:44:03
================================================================================
[2021-08-11 10:44:26,935] {dag_processing.py:1128} INFO - Finding 'running' jobs without a recent heartbeat
[2021-08-11 10:44:26,935] {dag_processing.py:1132} INFO - Failing jobs without heartbeat after 2021-08-11 14:39:26.935966+00:00
[2021-08-11 10:44:37,794] {dag_processing.py:1128} INFO - Finding 'running' jobs without a recent heartbeat
[2021-08-11 10:44:37,795] {dag_processing.py:1132} INFO - Failing jobs without heartbeat after 2021-08-11 14:39:37.795141+00:00
[2021-08-11 10:44:44,926] {dag_processing.py:861} INFO - 
================================================================================
DAG File Processing Stats

File Path                                                                                                                                          PID    Runtime      # DAGs    # Errors  Last Runtime    Last Run
-------------------------------------------------------------------------------------------------------------------------------------------------  -----  ---------  --------  ----------  --------------  -------------------
/Users/Alex/.local/share/virtualenvs/airflow-1c5-bq0J/lib/python3.9/site-packages/airflow/example_dags/example_complex.py                                                   0           0
/Users/Alex/.local/share/virtualenvs/airflow-1c5-bq0J/lib/python3.9/site-packages/airflow/example_dags/example_bash_operator.py                                             0           0
/Users/Alex/.local/share/virtualenvs/airflow-1c5-bq0J/lib/python3.9/site-packages/airflow/example_dags/example_branch_operator.py                                           0           0
/Users/Alex/.local/share/virtualenvs/airflow-1c5-bq0J/lib/python3.9/site-packages/airflow/example_dags/example_branch_labels.py                                             0           0
/Users/Alex/.local/share/virtualenvs/airflow-1c5-bq0J/lib/python3.9/site-packages/airflow/example_dags/example_kubernetes_executor_config.py                                0           0  1.04s           2021-08-11T14:44:40
/Users/Alex/.local/share/virtualenvs/airflow-1c5-bq0J/lib/python3.9/site-packages/airflow/example_dags/example_dag_decorator.py                                             0           0
/Users/Alex/.local/share/virtualenvs/airflow-1c5-bq0J/lib/python3.9/site-packages/airflow/example_dags/example_branch_day_of_week_operator.py                               0           0
/Users/Alex/.local/share/virtualenvs/airflow-1c5-bq0J/lib/python3.9/site-packages/airflow/example_dags/example_branch_python_dop_operator_3.py                              0           0
/Users/Alex/.local/share/virtualenvs/airflow-1c5-bq0J/lib/python3.9/site-packages/airflow/example_dags/example_branch_datetime_operator.py                                  0           0
/Users/Alex/.local/share/virtualenvs/airflow-1c5-bq0J/lib/python3.9/site-packages/airflow/example_dags/subdags/subdag.py                                                    0           0  0.84s           2021-08-11T14:43:39
/Users/Alex/.local/share/virtualenvs/airflow-1c5-bq0J/lib/python3.9/site-packages/airflow/example_dags/example_latest_only.py                                               1           0  0.97s           2021-08-11T14:44:38
/Users/Alex/.local/share/virtualenvs/airflow-1c5-bq0J/lib/python3.9/site-packages/airflow/example_dags/example_task_group_decorator.py                                      1           0  1.12s           2021-08-11T14:43:59
/Users/Alex/.local/share/virtualenvs/airflow-1c5-bq0J/lib/python3.9/site-packages/airflow/example_dags/example_python_operator.py                                           1           0  0.88s           2021-08-11T14:44:30
/Users/Alex/.local/share/virtualenvs/airflow-1c5-bq0J/lib/python3.9/site-packages/airflow/example_dags/tutorial_taskflow_api_etl.py                                         1           0  1.29s           2021-08-11T14:43:43
/Users/Alex/.local/share/virtualenvs/airflow-1c5-bq0J/lib/python3.9/site-packages/airflow/example_dags/test_utils.py                                                        1           0  0.77s           2021-08-11T14:43:49
/Users/Alex/.local/share/virtualenvs/airflow-1c5-bq0J/lib/python3.9/site-packages/airflow/example_dags/example_short_circuit_operator.py                                    1           0  1.10s           2021-08-11T14:44:28
/Users/Alex/.local/share/virtualenvs/airflow-1c5-bq0J/lib/python3.9/site-packages/airflow/example_dags/tutorial_etl_dag.py                                                  1           0  0.94s           2021-08-11T14:43:45
/Users/Alex/.local/share/virtualenvs/airflow-1c5-bq0J/lib/python3.9/site-packages/airflow/example_dags/example_task_group.py                                                1           0  1.31s           2021-08-11T14:44:01
/Users/Alex/.local/share/virtualenvs/airflow-1c5-bq0J/lib/python3.9/site-packages/airflow/example_dags/tutorial_taskflow_api_etl_virtualenv.py                              1           0  1.06s           2021-08-11T14:43:41
/Users/Alex/.local/share/virtualenvs/airflow-1c5-bq0J/lib/python3.9/site-packages/airflow/example_dags/tutorial.py                                                          1           0  0.78s           2021-08-11T14:43:47
/Users/Alex/.local/share/virtualenvs/airflow-1c5-bq0J/lib/python3.9/site-packages/airflow/example_dags/example_passing_params_via_test_command.py                           1           0  1.14s           2021-08-11T14:44:32
/Users/Alex/.local/share/virtualenvs/airflow-1c5-bq0J/lib/python3.9/site-packages/airflow/example_dags/example_latest_only_with_trigger.py                                  1           0  1.08s           2021-08-11T14:44:36
/Users/Alex/.local/share/virtualenvs/airflow-1c5-bq0J/lib/python3.9/site-packages/airflow/example_dags/example_xcom.py                                                      1           0  1.13s           2021-08-11T14:43:53
/Users/Alex/.local/share/virtualenvs/airflow-1c5-bq0J/lib/python3.9/site-packages/airflow/example_dags/example_skip_dag.py                                                  1           0  1.02s           2021-08-11T14:44:14
/Users/Alex/.local/share/virtualenvs/airflow-1c5-bq0J/lib/python3.9/site-packages/airflow/example_dags/example_trigger_target_dag.py                                        1           0  0.82s           2021-08-11T14:43:55
/Users/Alex/.local/share/virtualenvs/airflow-1c5-bq0J/lib/python3.9/site-packages/airflow/example_dags/example_kubernetes_executor.py                                       1           0  0.93s           2021-08-11T14:44:42
/Users/Alex/.local/share/virtualenvs/airflow-1c5-bq0J/lib/python3.9/site-packages/airflow/example_dags/example_nested_branch_dag.py                                         1           0  0.83s           2021-08-11T14:44:34
/Users/Alex/.local/share/virtualenvs/airflow-1c5-bq0J/lib/python3.9/site-packages/airflow/example_dags/example_trigger_controller_dag.py                                    1           0  1.11s           2021-08-11T14:43:57
/Users/Alex/.local/share/virtualenvs/airflow-1c5-bq0J/lib/python3.9/site-packages/airflow/example_dags/example_external_task_marker_dag.py                                  2           0  1.11s           2021-08-11T14:44:44
/Users/Alex/.local/share/virtualenvs/airflow-1c5-bq0J/lib/python3.9/site-packages/airflow/example_dags/example_xcomargs.py                                                  2           0  1.32s           2021-08-11T14:43:51
/Users/Alex/.local/share/virtualenvs/airflow-1c5-bq0J/lib/python3.9/site-packages/airflow/example_dags/example_subdag_operator.py                                           3           0  1.13s           2021-08-11T14:44:03
================================================================================
[2021-08-11 10:44:48,006] {dag_processing.py:1128} INFO - Finding 'running' jobs without a recent heartbeat
[2021-08-11 10:44:48,006] {dag_processing.py:1132} INFO - Failing jobs without heartbeat after 2021-08-11 14:39:48.006846+00:00
[2021-08-11 10:44:58,894] {dag_processing.py:1128} INFO - Finding 'running' jobs without a recent heartbeat
[2021-08-11 10:44:58,895] {dag_processing.py:1132} INFO - Failing jobs without heartbeat after 2021-08-11 14:39:58.895406+00:00
[2021-08-11 10:45:10,590] {dag_processing.py:1128} INFO - Finding 'running' jobs without a recent heartbeat
[2021-08-11 10:45:10,591] {dag_processing.py:1132} INFO - Failing jobs without heartbeat after 2021-08-11 14:40:10.591234+00:00
[2021-08-11 10:45:15,340] {dag_processing.py:861} INFO - 
================================================================================
DAG File Processing Stats

File Path                                                                                                                                          PID    Runtime      # DAGs    # Errors  Last Runtime    Last Run
-------------------------------------------------------------------------------------------------------------------------------------------------  -----  ---------  --------  ----------  --------------  -------------------
/Users/Alex/.local/share/virtualenvs/airflow-1c5-bq0J/lib/python3.9/site-packages/airflow/example_dags/example_kubernetes_executor_config.py                                0           0  1.04s           2021-08-11T14:44:40
/Users/Alex/.local/share/virtualenvs/airflow-1c5-bq0J/lib/python3.9/site-packages/airflow/example_dags/subdags/subdag.py                                                    0           0  0.72s           2021-08-11T14:45:00
/Users/Alex/.local/share/virtualenvs/airflow-1c5-bq0J/lib/python3.9/site-packages/airflow/example_dags/example_latest_only.py                                               1           0  0.97s           2021-08-11T14:44:38
/Users/Alex/.local/share/virtualenvs/airflow-1c5-bq0J/lib/python3.9/site-packages/airflow/example_dags/example_task_group_decorator.py                                      1           0  1.12s           2021-08-11T14:43:59
/Users/Alex/.local/share/virtualenvs/airflow-1c5-bq0J/lib/python3.9/site-packages/airflow/example_dags/example_complex.py                                                   1           0  0.77s           2021-08-11T14:44:48
/Users/Alex/.local/share/virtualenvs/airflow-1c5-bq0J/lib/python3.9/site-packages/airflow/example_dags/example_python_operator.py                                           1           0  0.88s           2021-08-11T14:44:30
/Users/Alex/.local/share/virtualenvs/airflow-1c5-bq0J/lib/python3.9/site-packages/airflow/example_dags/tutorial_taskflow_api_etl.py                                         1           0  0.93s           2021-08-11T14:45:03
/Users/Alex/.local/share/virtualenvs/airflow-1c5-bq0J/lib/python3.9/site-packages/airflow/example_dags/test_utils.py                                                        1           0  0.92s           2021-08-11T14:45:09
/Users/Alex/.local/share/virtualenvs/airflow-1c5-bq0J/lib/python3.9/site-packages/airflow/example_dags/example_bash_operator.py                                             1           0  0.72s           2021-08-11T14:44:59
/Users/Alex/.local/share/virtualenvs/airflow-1c5-bq0J/lib/python3.9/site-packages/airflow/example_dags/example_short_circuit_operator.py                                    1           0  1.10s           2021-08-11T14:44:28
/Users/Alex/.local/share/virtualenvs/airflow-1c5-bq0J/lib/python3.9/site-packages/airflow/example_dags/example_branch_operator.py                                           1           0  0.74s           2021-08-11T14:44:52
/Users/Alex/.local/share/virtualenvs/airflow-1c5-bq0J/lib/python3.9/site-packages/airflow/example_dags/tutorial_etl_dag.py                                                  1           0  0.85s           2021-08-11T14:45:05
/Users/Alex/.local/share/virtualenvs/airflow-1c5-bq0J/lib/python3.9/site-packages/airflow/example_dags/example_branch_labels.py                                             1           0  0.71s           2021-08-11T14:44:54
/Users/Alex/.local/share/virtualenvs/airflow-1c5-bq0J/lib/python3.9/site-packages/airflow/example_dags/example_task_group.py                                                1           0  1.31s           2021-08-11T14:44:01
/Users/Alex/.local/share/virtualenvs/airflow-1c5-bq0J/lib/python3.9/site-packages/airflow/example_dags/tutorial_taskflow_api_etl_virtualenv.py                              1           0  1.00s           2021-08-11T14:45:01
/Users/Alex/.local/share/virtualenvs/airflow-1c5-bq0J/lib/python3.9/site-packages/airflow/example_dags/tutorial.py                                                          1           0  0.73s           2021-08-11T14:45:07
/Users/Alex/.local/share/virtualenvs/airflow-1c5-bq0J/lib/python3.9/site-packages/airflow/example_dags/example_passing_params_via_test_command.py                           1           0  1.14s           2021-08-11T14:44:32
/Users/Alex/.local/share/virtualenvs/airflow-1c5-bq0J/lib/python3.9/site-packages/airflow/example_dags/example_latest_only_with_trigger.py                                  1           0  1.08s           2021-08-11T14:44:36
/Users/Alex/.local/share/virtualenvs/airflow-1c5-bq0J/lib/python3.9/site-packages/airflow/example_dags/example_dag_decorator.py                                             1           0  1.00s           2021-08-11T14:44:46
/Users/Alex/.local/share/virtualenvs/airflow-1c5-bq0J/lib/python3.9/site-packages/airflow/example_dags/example_xcom.py                                                      1           0  0.93s           2021-08-11T14:45:13
/Users/Alex/.local/share/virtualenvs/airflow-1c5-bq0J/lib/python3.9/site-packages/airflow/example_dags/example_branch_day_of_week_operator.py                               1           0  0.83s           2021-08-11T14:44:55
/Users/Alex/.local/share/virtualenvs/airflow-1c5-bq0J/lib/python3.9/site-packages/airflow/example_dags/example_skip_dag.py                                                  1           0  1.02s           2021-08-11T14:44:14
/Users/Alex/.local/share/virtualenvs/airflow-1c5-bq0J/lib/python3.9/site-packages/airflow/example_dags/example_trigger_target_dag.py                                        1           0  0.74s           2021-08-11T14:45:15
/Users/Alex/.local/share/virtualenvs/airflow-1c5-bq0J/lib/python3.9/site-packages/airflow/example_dags/example_kubernetes_executor.py                                       1           0  0.93s           2021-08-11T14:44:42
/Users/Alex/.local/share/virtualenvs/airflow-1c5-bq0J/lib/python3.9/site-packages/airflow/example_dags/example_branch_python_dop_operator_3.py                              1           0  0.75s           2021-08-11T14:44:50
/Users/Alex/.local/share/virtualenvs/airflow-1c5-bq0J/lib/python3.9/site-packages/airflow/example_dags/example_branch_datetime_operator.py                                  1           0  0.88s           2021-08-11T14:44:57
/Users/Alex/.local/share/virtualenvs/airflow-1c5-bq0J/lib/python3.9/site-packages/airflow/example_dags/example_nested_branch_dag.py                                         1           0  0.83s           2021-08-11T14:44:34
/Users/Alex/.local/share/virtualenvs/airflow-1c5-bq0J/lib/python3.9/site-packages/airflow/example_dags/example_trigger_controller_dag.py                                    1           0  1.11s           2021-08-11T14:43:57
/Users/Alex/.local/share/virtualenvs/airflow-1c5-bq0J/lib/python3.9/site-packages/airflow/example_dags/example_external_task_marker_dag.py                                  2           0  1.11s           2021-08-11T14:44:44
/Users/Alex/.local/share/virtualenvs/airflow-1c5-bq0J/lib/python3.9/site-packages/airflow/example_dags/example_xcomargs.py                                                  2           0  1.18s           2021-08-11T14:45:11
/Users/Alex/.local/share/virtualenvs/airflow-1c5-bq0J/lib/python3.9/site-packages/airflow/example_dags/example_subdag_operator.py                                           3           0  1.13s           2021-08-11T14:44:03
================================================================================
[2021-08-11 10:45:21,666] {dag_processing.py:1128} INFO - Finding 'running' jobs without a recent heartbeat
[2021-08-11 10:45:21,666] {dag_processing.py:1132} INFO - Failing jobs without heartbeat after 2021-08-11 14:40:21.666867+00:00
[2021-08-11 10:45:31,682] {dag_processing.py:1128} INFO - Finding 'running' jobs without a recent heartbeat
[2021-08-11 10:45:31,682] {dag_processing.py:1132} INFO - Failing jobs without heartbeat after 2021-08-11 14:40:31.682688+00:00
