[2021-08-11 10:44:13,459] {taskinstance.py:896} INFO - Dependencies all met for <TaskInstance: example_bash_operator.this_will_skip 2021-08-09T00:00:00+00:00 [queued]>
[2021-08-11 10:44:13,464] {taskinstance.py:896} INFO - Dependencies all met for <TaskInstance: example_bash_operator.this_will_skip 2021-08-09T00:00:00+00:00 [queued]>
[2021-08-11 10:44:13,464] {taskinstance.py:1087} INFO - 
--------------------------------------------------------------------------------
[2021-08-11 10:44:13,464] {taskinstance.py:1088} INFO - Starting attempt 1 of 1
[2021-08-11 10:44:13,464] {taskinstance.py:1089} INFO - 
--------------------------------------------------------------------------------
[2021-08-11 10:44:13,469] {taskinstance.py:1107} INFO - Executing <Task(BashOperator): this_will_skip> on 2021-08-09T00:00:00+00:00
[2021-08-11 10:44:13,471] {standard_task_runner.py:52} INFO - Started process 69400 to run task
[2021-08-11 10:44:13,477] {standard_task_runner.py:76} INFO - Running: ['airflow', 'tasks', 'run', 'example_bash_operator', 'this_will_skip', '2021-08-09T00:00:00+00:00', '--job-id', '6', '--pool', 'default_pool', '--raw', '--subdir', '/Users/Alex/.local/share/virtualenvs/airflow-1c5-bq0J/lib/python3.9/site-packages/airflow/example_dags/example_bash_operator.py', '--cfg-path', '/var/folders/t_/pcbjm7w572gbxhwznsq7tq8r0000gn/T/tmppflq85d2', '--error-file', '/var/folders/t_/pcbjm7w572gbxhwznsq7tq8r0000gn/T/tmp_vzmoaun']
[2021-08-11 10:44:13,478] {standard_task_runner.py:77} INFO - Job 6: Subtask this_will_skip
[2021-08-11 10:44:13,509] {logging_mixin.py:104} INFO - Running <TaskInstance: example_bash_operator.this_will_skip 2021-08-09T00:00:00+00:00 [running]> on host 1.0.0.127.in-addr.arpa
[2021-08-11 10:44:13,546] {taskinstance.py:1300} INFO - Exporting the following env vars:
AIRFLOW_CTX_DAG_OWNER=airflow
AIRFLOW_CTX_DAG_ID=example_bash_operator
AIRFLOW_CTX_TASK_ID=this_will_skip
AIRFLOW_CTX_EXECUTION_DATE=2021-08-09T00:00:00+00:00
AIRFLOW_CTX_DAG_RUN_ID=scheduled__2021-08-09T00:00:00+00:00
[2021-08-11 10:44:13,547] {subprocess.py:52} INFO - Tmp dir root location: 
 /var/folders/t_/pcbjm7w572gbxhwznsq7tq8r0000gn/T
[2021-08-11 10:44:13,548] {subprocess.py:63} INFO - Running command: ['bash', '-c', 'echo "hello world"; exit 99;']
[2021-08-11 10:44:13,553] {subprocess.py:74} INFO - Output:
[2021-08-11 10:44:13,556] {subprocess.py:78} INFO - hello world
[2021-08-11 10:44:13,557] {subprocess.py:82} INFO - Command exited with return code 99
[2021-08-11 10:44:13,558] {taskinstance.py:1167} INFO - Bash command returned exit code 99. Skipping.
[2021-08-11 10:44:13,563] {taskinstance.py:1170} INFO - Marking task as SKIPPED. dag_id=example_bash_operator, task_id=this_will_skip, execution_date=20210809T000000, start_date=20210811T144413, end_date=
[2021-08-11 10:44:13,564] {taskinstance.py:1204} INFO - Marking task as SUCCESS. dag_id=example_bash_operator, task_id=this_will_skip, execution_date=20210809T000000, start_date=20210811T144413, end_date=20210811T144413
[2021-08-11 10:44:13,581] {taskinstance.py:1265} INFO - 0 downstream tasks scheduled from follow-on schedule check
[2021-08-11 10:44:13,616] {local_task_job.py:149} INFO - Task exited with return code 0
