[2021-08-11 10:44:20,968] {taskinstance.py:896} INFO - Dependencies all met for <TaskInstance: example_bash_operator.runme_2 2021-08-10T00:00:00+00:00 [queued]>
[2021-08-11 10:44:20,973] {taskinstance.py:896} INFO - Dependencies all met for <TaskInstance: example_bash_operator.runme_2 2021-08-10T00:00:00+00:00 [queued]>
[2021-08-11 10:44:20,973] {taskinstance.py:1087} INFO - 
--------------------------------------------------------------------------------
[2021-08-11 10:44:20,973] {taskinstance.py:1088} INFO - Starting attempt 1 of 1
[2021-08-11 10:44:20,973] {taskinstance.py:1089} INFO - 
--------------------------------------------------------------------------------
[2021-08-11 10:44:20,979] {taskinstance.py:1107} INFO - Executing <Task(BashOperator): runme_2> on 2021-08-10T00:00:00+00:00
[2021-08-11 10:44:20,980] {standard_task_runner.py:52} INFO - Started process 69420 to run task
[2021-08-11 10:44:21,022] {standard_task_runner.py:76} INFO - Running: ['airflow', 'tasks', 'run', 'example_bash_operator', 'runme_2', '2021-08-10T00:00:00+00:00', '--job-id', '9', '--pool', 'default_pool', '--raw', '--subdir', '/Users/Alex/.local/share/virtualenvs/airflow-1c5-bq0J/lib/python3.9/site-packages/airflow/example_dags/example_bash_operator.py', '--cfg-path', '/var/folders/t_/pcbjm7w572gbxhwznsq7tq8r0000gn/T/tmp00efdpvx', '--error-file', '/var/folders/t_/pcbjm7w572gbxhwznsq7tq8r0000gn/T/tmpx1iw89zb']
[2021-08-11 10:44:21,033] {standard_task_runner.py:77} INFO - Job 9: Subtask runme_2
[2021-08-11 10:44:21,123] {logging_mixin.py:104} INFO - Running <TaskInstance: example_bash_operator.runme_2 2021-08-10T00:00:00+00:00 [running]> on host 1.0.0.127.in-addr.arpa
[2021-08-11 10:44:21,169] {taskinstance.py:1300} INFO - Exporting the following env vars:
AIRFLOW_CTX_DAG_OWNER=airflow
AIRFLOW_CTX_DAG_ID=example_bash_operator
AIRFLOW_CTX_TASK_ID=runme_2
AIRFLOW_CTX_EXECUTION_DATE=2021-08-10T00:00:00+00:00
AIRFLOW_CTX_DAG_RUN_ID=scheduled__2021-08-10T00:00:00+00:00
[2021-08-11 10:44:21,170] {subprocess.py:52} INFO - Tmp dir root location: 
 /var/folders/t_/pcbjm7w572gbxhwznsq7tq8r0000gn/T
[2021-08-11 10:44:21,171] {subprocess.py:63} INFO - Running command: ['bash', '-c', 'echo "example_bash_operator__runme_2__20210810" && sleep 1']
[2021-08-11 10:44:21,182] {subprocess.py:74} INFO - Output:
[2021-08-11 10:44:21,188] {subprocess.py:78} INFO - example_bash_operator__runme_2__20210810
[2021-08-11 10:44:22,197] {subprocess.py:82} INFO - Command exited with return code 0
[2021-08-11 10:44:22,212] {taskinstance.py:1204} INFO - Marking task as SUCCESS. dag_id=example_bash_operator, task_id=runme_2, execution_date=20210810T000000, start_date=20210811T144420, end_date=20210811T144422
[2021-08-11 10:44:22,230] {taskinstance.py:1265} INFO - 1 downstream tasks scheduled from follow-on schedule check
[2021-08-11 10:44:22,275] {local_task_job.py:149} INFO - Task exited with return code 0
